Mono path[0] = '/home/luther/.local/share/Steam/steamapps/common/RimWorld/RimWorldLinux_Data/Managed'
Mono config path = '/home/luther/.local/share/Steam/steamapps/common/RimWorld/RimWorldLinux_Data/MonoBleedingEdge/etc'
Preloaded 'lib_burst_generated.so'
Preloaded 'libsteam_api.so'
Display 0 'DP-3 32"': 2560x1440 (primary device).
[PhysX] Initialized MultithreadedTaskDispatcher with 8 workers.
Desktop is 2560 x 1440 @ 144 Hz
Initialize engine version: 2022.3.35f1 (011206c7a712)
[Subsystems] Discovering subsystems at path /home/luther/.local/share/Steam/steamapps/common/RimWorld/RimWorldLinux_Data/UnitySubsystems
GfxDevice: creating device client; threaded=1; jobified=0
Renderer: NVIDIA GeForce GTX 970/PCIe/SSE2
Vendor:   NVIDIA Corporation
Version:  4.5.0 NVIDIA 580.126.18
GLES:     0
 GL_AMD_multi_draw_indirect GL_AMD_seamless_cubemap_per_texture GL_AMD_vertex_shader_viewport_index GL_AMD_vertex_shader_layer GL_ARB_arrays_of_arrays GL_ARB_base_instance GL_ARB_bindless_texture GL_ARB_blend_func_extended GL_ARB_buffer_storage GL_ARB_clear_buffer_object GL_ARB_clear_texture GL_ARB_clip_control GL_ARB_color_buffer_float GL_ARB_compressed_texture_pixel_storage GL_ARB_conservative_depth GL_ARB_compute_shader GL_ARB_compute_variable_group_size GL_ARB_conditional_render_inverted GL_ARB_copy_buffer GL_ARB_copy_image GL_ARB_cull_distance GL_ARB_debug_output GL_ARB_depth_buffer_float GL_ARB_depth_clamp GL_ARB_depth_texture GL_ARB_derivative_control GL_ARB_direct_state_access GL_ARB_draw_buffers GL_ARB_draw_buffers_blend GL_ARB_draw_indirect GL_ARB_draw_elements_base_vertex GL_ARB_draw_instanced GL_ARB_enhanced_layouts GL_ARB_ES2_compatibility GL_ARB_ES3_compatibility GL_ARB_ES3_1_compatibility GL_ARB_ES3_2_compatibility GL_ARB_explicit_attrib_location GL_ARB_explicit_uniform_location GL_ARB_fragmen
t_coord_conventions GL_ARB_fragment_layer_viewport GL_ARB_fragment_program GL_ARB_fragment_program_shadow GL_ARB_fragment_shader GL_ARB_fragment_shader_interlock GL_ARB_framebuffer_no_attachments GL_ARB_framebuffer_object GL_ARB_framebuffer_sRGB GL_ARB_geometry_shader4 GL_ARB_get_program_binary GL_ARB_get_texture_sub_image GL_ARB_gl_spirv GL_ARB_gpu_shader5 GL_ARB_gpu_shader_fp64 GL_ARB_gpu_shader_int64 GL_ARB_half_float_pixel GL_ARB_half_float_vertex GL_ARB_imaging GL_ARB_indirect_parameters GL_ARB_instanced_arrays GL_ARB_internalformat_query GL_ARB_internalformat_query2 GL_ARB_invalidate_subdata GL_ARB_map_buffer_alignment GL_ARB_map_buffer_range GL_ARB_multi_bind GL_ARB_multi_draw_indirect GL_ARB_multisample GL_ARB_multitexture GL_ARB_occlusion_query GL_ARB_occlusion_query2 GL_ARB_parallel_shader_compile GL_ARB_pipeline_statistics_query GL_ARB_pixel_buffer_object GL_ARB_point_parameters GL_ARB_point_sprite GL_ARB_polygon_offset_clamp GL_ARB_post_depth_coverage GL_ARB_program_interface_query GL_ARB_provoki
ng_vertex GL_ARB_query_buffer_object GL_ARB_robust_buffer_access_behavior GL_ARB_robustness GL_ARB_sample_locations GL_ARB_sample_shading GL_ARB_sampler_objects GL_ARB_seamless_cube_map GL_ARB_seamless_cubemap_per_texture GL_ARB_separate_shader_objects GL_ARB_shader_atomic_counter_ops GL_ARB_shader_atomic_counters GL_ARB_shader_ballot GL_ARB_shader_bit_encoding GL_ARB_shader_clock GL_ARB_shader_draw_parameters GL_ARB_shader_group_vote GL_ARB_shader_image_load_store GL_ARB_shader_image_size GL_ARB_shader_objects GL_ARB_shader_precision GL_ARB_shader_storage_buffer_object GL_ARB_shader_subroutine GL_ARB_shader_texture_image_samples GL_ARB_shader_texture_lod GL_ARB_shading_language_100 GL_ARB_shader_viewport_layer_array GL_ARB_shading_language_420pack GL_ARB_shading_language_include GL_ARB_shading_language_packing GL_ARB_shadow GL_ARB_sparse_buffer GL_ARB_sparse_texture GL_ARB_sparse_texture2 GL_ARB_sparse_texture_clamp GL_ARB_spirv_extensions GL_ARB_stencil_texturing GL_ARB_sync GL_ARB_tessellation_shader GL_A
RB_texture_barrier GL_ARB_texture_border_clamp GL_ARB_texture_buffer_object GL_ARB_texture_buffer_object_rgb32 GL_ARB_texture_buffer_range GL_ARB_texture_compression GL_ARB_texture_compression_bptc GL_ARB_texture_compression_rgtc GL_ARB_texture_cube_map GL_ARB_texture_cube_map_array GL_ARB_texture_env_add GL_ARB_texture_env_combine GL_ARB_texture_env_crossbar GL_ARB_texture_env_dot3 GL_ARB_texture_filter_anisotropic GL_ARB_texture_filter_minmax GL_ARB_texture_float GL_ARB_texture_gather GL_ARB_texture_mirror_clamp_to_edge GL_ARB_texture_mirrored_repeat GL_ARB_texture_multisample GL_ARB_texture_non_power_of_two GL_ARB_texture_query_levels GL_ARB_texture_query_lod GL_ARB_texture_rectangle GL_ARB_texture_rg GL_ARB_texture_rgb10_a2ui GL_ARB_texture_stencil8 GL_ARB_texture_storage GL_ARB_texture_storage_multisample GL_ARB_texture_swizzle GL_ARB_texture_view GL_ARB_timer_query GL_ARB_transform_feedback2 GL_ARB_transform_feedback3 GL_ARB_transform_feedback_instanced GL_ARB_transform_feedback_overflow_query GL_ARB_t
ranspose_matrix GL_ARB_uniform_buffer_object GL_ARB_vertex_array_bgra GL_ARB_vertex_array_object GL_ARB_vertex_attrib_64bit GL_ARB_vertex_attrib_binding GL_ARB_vertex_buffer_object GL_ARB_vertex_program GL_ARB_vertex_shader GL_ARB_vertex_type_10f_11f_11f_rev GL_ARB_vertex_type_2_10_10_10_rev GL_ARB_viewport_array GL_ARB_window_pos GL_ATI_draw_buffers GL_ATI_texture_float GL_ATI_texture_mirror_once GL_S3_s3tc GL_EXT_texture_env_add GL_EXT_abgr GL_EXT_bgra GL_EXT_bindable_uniform GL_EXT_blend_color GL_EXT_blend_equation_separate GL_EXT_blend_func_separate GL_EXT_blend_minmax GL_EXT_blend_subtract GL_EXT_compiled_vertex_array GL_EXT_Cg_shader GL_EXT_depth_bounds_test GL_EXT_direct_state_access GL_EXT_draw_buffers2 GL_EXT_draw_instanced GL_EXT_draw_range_elements GL_EXT_fog_coord GL_EXT_framebuffer_blit GL_EXT_framebuffer_multisample GL_EXTX_framebuffer_mixed_formats GL_EXT_framebuffer_multisample_blit_scaled GL_EXT_framebuffer_object GL_EXT_framebuffer_sRGB GL_EXT_geometry_shader4 GL_EXT_gpu_program_parameters 
GL_EXT_gpu_shader4 GL_EXT_multi_draw_arrays GL_EXT_multiview_texture_multisample GL_EXT_multiview_timer_query GL_EXT_packed_depth_stencil GL_EXT_packed_float GL_EXT_packed_pixels GL_EXT_pixel_buffer_object GL_EXT_point_parameters GL_EXT_polygon_offset_clamp GL_EXT_post_depth_coverage GL_EXT_provoking_vertex GL_EXT_raster_multisample GL_EXT_rescale_normal GL_EXT_secondary_color GL_EXT_separate_shader_objects GL_EXT_separate_specular_color GL_EXT_shader_image_load_formatted GL_EXT_shader_image_load_store GL_EXT_shader_integer_mix GL_EXT_shadow_funcs GL_EXT_sparse_texture2 GL_EXT_stencil_two_side GL_EXT_stencil_wrap GL_EXT_texture3D GL_EXT_texture_array GL_EXT_texture_buffer_object GL_EXT_texture_compression_dxt1 GL_EXT_texture_compression_latc GL_EXT_texture_compression_rgtc GL_EXT_texture_compression_s3tc GL_EXT_texture_cube_map GL_EXT_texture_edge_clamp GL_EXT_texture_env_combine GL_EXT_texture_env_dot3 GL_EXT_texture_filter_anisotropic GL_EXT_texture_filter_minmax GL_EXT_texture_integer GL_EXT_texture_lod G
L_EXT_texture_lod_bias GL_EXT_texture_mirror_clamp GL_EXT_texture_object GL_EXT_texture_shadow_lod GL_EXT_texture_shared_exponent GL_EXT_texture_sRGB GL_EXT_texture_sRGB_R8 GL_EXT_texture_sRGB_decode GL_EXT_texture_storage GL_EXT_texture_swizzle GL_EXT_timer_query GL_EXT_transform_feedback2 GL_EXT_vertex_array GL_EXT_vertex_array_bgra GL_EXT_vertex_attrib_64bit GL_EXT_window_rectangles GL_EXT_import_sync_object GL_NV_robustness_video_memory_purge GL_IBM_rasterpos_clip GL_IBM_texture_mirrored_repeat GL_KHR_context_flush_control GL_KHR_debug GL_EXT_memory_object GL_EXT_memory_object_fd GL_NV_memory_object_sparse GL_KHR_parallel_shader_compile GL_KHR_no_error GL_KHR_robust_buffer_access_behavior GL_KHR_robustness GL_EXT_semaphore GL_EXT_semaphore_fd GL_NV_timeline_semaphore GL_KHR_shader_subgroup GL_KTX_buffer_region GL_NV_alpha_to_coverage_dither_control GL_NV_bindless_multi_draw_indirect GL_NV_bindless_multi_draw_indirect_count GL_NV_bindless_texture GL_NV_blend_equation_advanced GL_NV_blend_equation_advanced
_coherent GL_NV_blend_minmax_factor GL_NV_blend_square GL_NV_command_list GL_NV_compute_program5 GL_NV_conditional_render GL_NV_conservative_raster GL_NV_conservative_raster_dilate GL_NV_copy_depth_to_color GL_NV_copy_image GL_NV_depth_buffer_float GL_NV_depth_clamp GL_NV_draw_texture GL_NV_draw_vulkan_image GL_NV_ES1_1_compatibility GL_NV_ES3_1_compatibility GL_NV_explicit_multisample GL_NV_feature_query GL_NV_fence GL_NV_fill_rectangle GL_NV_float_buffer GL_NV_fog_distance GL_NV_fragment_coverage_to_color GL_NV_fragment_program GL_NV_fragment_program_option GL_NV_fragment_program2 GL_NV_fragment_shader_interlock GL_NV_framebuffer_mixed_samples GL_NV_framebuffer_multisample_coverage GL_NV_geometry_shader4 GL_NV_geometry_shader_passthrough GL_NV_gpu_program4 GL_NV_internalformat_sample_query GL_NV_gpu_program4_1 GL_NV_gpu_program5 GL_NV_gpu_program5_mem_extended GL_NV_gpu_program_fp64 GL_NV_gpu_program_multiview GL_NV_gpu_shader5 GL_NV_half_float GL_NV_light_max_exponent GL_NV_memory_attachment GL_NV_multisa
mple_coverage GL_NV_multisample_filter_hint GL_NV_occlusion_query GL_NV_packed_depth_stencil GL_NV_parameter_buffer_object GL_NV_parameter_buffer_object2 GL_NV_path_rendering GL_NV_path_rendering_shared_edge GL_NV_pixel_data_range GL_NV_point_sprite GL_NV_primitive_restart GL_NV_query_resource GL_NV_query_resource_tag GL_NV_register_combiners GL_NV_register_combiners2 GL_NV_sample_locations GL_NV_sample_mask_override_coverage GL_NV_shader_atomic_counters GL_NV_shader_atomic_float GL_NV_shader_atomic_fp16_vector GL_NV_shader_atomic_int64 GL_NV_shader_buffer_load GL_NV_shader_storage_buffer_object GL_NV_shader_subgroup_partitioned GL_NV_texgen_reflection GL_NV_texture_barrier GL_NV_texture_compression_vtc GL_NV_texture_env_combine4 GL_NV_texture_multisample GL_NV_texture_rectangle GL_NV_texture_rectangle_compressed GL_NV_texture_shader GL_NV_texture_shader2 GL_NV_texture_shader3 GL_NV_transform_feedback GL_NV_transform_feedback2 GL_NV_uniform_buffer_unified_memory GL_NV_uniform_buffer_std430_layout GL_NV_vdpau
_interop GL_NV_vdpau_interop2 GL_NV_vertex_array_range GL_NV_vertex_array_range2 GL_NV_vertex_attrib_integer_64bit GL_NV_vertex_buffer_unified_memory GL_NV_vertex_program GL_NV_vertex_program1_1 GL_NV_vertex_program2 GL_NV_vertex_program2_option GL_NV_vertex_program3 GL_NV_viewport_array2 GL_NV_viewport_swizzle GL_NVX_conditional_render GL_NV_gpu_multicast GL_NVX_progress_fence GL_NVX_gpu_memory_info GL_NVX_nvenc_interop GL_NV_shader_thread_group GL_NV_shader_thread_shuffle GL_KHR_blend_equation_advanced GL_KHR_blend_equation_advanced_coherent GL_OVR_multiview GL_OVR_multiview2 GL_SGIS_generate_mipmap GL_SGIS_texture_lod GL_SGIX_depth_texture GL_SGIX_shadow GL_SUN_slice_accum
OPENGL LOG: Creating OpenGL 4.5 graphics device ; Context level  <OpenGL 4.5> ; Context handle 601474360
Begin MonoManager ReloadAssembly
- Loaded All Assemblies, in  0.164 seconds
- Finished resetting the current domain, in  0.001 seconds
Default vsync count 1
requesting resize 1241 x 1416
requesting fullscreen 1241 x 1416 at 0/1 Hz
Setting up downscaled viewport at 1241 x 1416
Desktop is 2560 x 1440 @ 144 Hz
[PhysX] Initialized MultithreadedTaskDispatcher with 8 workers.
UnloadTime: 0.578869 ms
Command line arguments: -disable-compute-shaders
[S_API] SteamAPI_Init(): Loaded '/home/luther/.local/share/Steam/linux64/steamclient.so' OK.
Setting breakpad minidump AppID = 294100
SteamInternal_SetMinidumpSteamID:  Caching Steam ID:  76561198027039543 [API loaded no]
RimWorld 1.6.4633 rev1273
requesting resize 2560 x 1440
Using native desktop resolution 2560 x 1440
requesting fullscreen 2560 x 1440 at 0/1 Hz
Desktop is 2560 x 1440 @ 144 Hz
Fallback handler could not load library /home/luther/.local/share/Steam/steamapps/common/RimWorld/RimWorldLinux_Data/MonoBleedingEdge/x86_64/data-0x7feeeccba190.so
Fallback handler could not load library /home/luther/.local/share/Steam/steamapps/common/RimWorld/RimWorldLinux_Data/MonoBleedingEdge/x86_64/data-0x7feeecdebb60.so
[Loading Progress] Loading Progress initialized! Enjoy the rest of your loading experience!
[HugsLib] version 12.0.0
Fallback handler could not load library /home/luther/.local/share/Steam/steamapps/common/RimWorld/RimWorldLinux_Data/MonoBleedingEdge/x86_64/data-0x7feeee4d0730.so
[VanillaAchievementsExpanded] version 1.4.9334
[RimHUD v1.17.5] Initialized
Fantasy Biotech v 1.6.2
<color=#00FFFFFF>The almighty power of Harmony has been initialized by the humble mod creator BlueEagle421</color>
Ugh You Got Me: Trying to patch MentalState_SocialFighting.ShouldStop.get.
Ugh You Got Me: Patched MentalState_SocialFighting.ShouldStop.get.
Ugh You Got Me: Trying to patch JobGiver_SocialFighting.TryGiveJob
Ugh You Got Me: Patched JobGiver_SocialFighting.TryGiveJob.
[Smart Medicine] Apply Nice Health Tab patch
[Smart Medicine] Apply Nice Health Tab patch
[CM_Semi_Random_Research] - patching to conditionally hide normal start research button.
[CM_Semi_Random_Research] - patching to conditionally hide stop research button at instruction.
<color=#b7ff1c>[RimForge-PP]</color> Hello, world!
<color=#b7ff1c>[RimForge-PP]</color> Patched 3 methods:
System.Collections.Generic.IEnumerable`1[Verse.IntVec3] CellsAdjacentCardinal(Verse.Thing),
UnityEngine.Texture2D LoadTexture(RimWorld.IO.VirtualFile),
Void RenderBrokenDownOverlay(Verse.Thing)
Initializing LightsOut [2025.8.10.12]
[Interaction Bubbles v4.2] Initialized
[1.6]Graphics Setter - Loaded
Failed to patch EdB.PrepareCarefully.PanelAppearance: System.Exception: Parameter "customPawn" not found in method System.Single EdB.PrepareCarefully.PanelAppearance::DrawColorSelectorForPawnLayer(EdB.PrepareCarefully.CustomizedPawn customizedPawn, System.Single cursorY, System.Collections.Generic.List`1<UnityEngine.Color> swatches, System.Boolean allowAnyColor)
[Ref 2F706108]
  at HarmonyLib.MethodCreatorTools.EmitCallParameter (HarmonyLib.MethodCreator creator, System.Reflection.MethodInfo patch, System.Boolean allowFirsParamPassthrough, System.Reflection.Emit.LocalBuilder& tmpInstanceBoxingVar, System.Reflection.Emit.LocalBuilder& tmpObjectVar, System.Boolean& refResultUsed, System.Collections.Generic.List`1[T] tmpBoxVars) [0x00a37] in <e53399289d9b419d83f9f5b02c5cf609>:0 
  at HarmonyLib.MethodCreator.AddPostfixes (System.Boolean passthroughPatches) [0x00079] in <e53399289d9b419d83f9f5b02c5cf609>:0 
  at HarmonyLib.MethodCreator.CreateReplacement () [0x00500] in <e53399289d9b419d83f9f5b02c5cf609>:0 
  at HarmonyLib.PatchFunctions.UpdateWrapper (System.Reflection.MethodBase original, HarmonyLib.PatchInfo patchInfo) [0x0007c] in <e53399289d9b419d83f9f5b02c5cf609>:0 
  at HarmonyLib.PatchProcessor.Patch () [0x0013c] in <e53399289d9b419d83f9f5b02c5cf609>:0 
  at HarmonyLib.Harmony.Patch (System.Reflection.MethodBase original, HarmonyLib.HarmonyMethod prefix, HarmonyLib.HarmonyMethod postfix, HarmonyLib.HarmonyMethod transpiler, HarmonyLib.HarmonyMethod finalizer) [0x0002a] in <e53399289d9b419d83f9f5b02c5cf609>:0 
GradientHair.GradientHair..ctor(ModContentPack pack)
DubsMintMenus v1.3.1086
Combat Readiness Check: Patched Caravan.PlayerWealthForStoryteller.
[Rimpsyche] Personality Core running with version 1.0.37
RimSaves NX rev27
Fluffy Breakdowns :: Initialized
ReBuild: Doors and Corners 1.5-Miller-rev1
Parsed 1.5 as int.
Parsed 0.5 as int.
Could not resolve cross-reference: No Verse.SoundDef named CombatCommand_Warmup found to give to RimWorld.AbilityDef GR_PackTactics (using undefined sound instead)
Could not resolve cross-reference: No Verse.SoundDef named CombatCommand_Warmup found to give to RimWorld.AbilityDef GR_ResearchDrive (using undefined sound instead)
Could not resolve cross-reference to RimWorld.MemeDef named AnimalPersonhood (wanter=memes)
Could not resolve cross-reference to RimWorld.MemeDef named NaturePrimacy (wanter=memes)
Could not resolve cross-reference to RimWorld.MemeDef named Rancher (wanter=memes)
Could not resolve cross-reference to RimWorld.MemeDef named AnimalPersonhood (wanter=memes)
Could not resolve cross-reference to RimWorld.MemeDef named NaturePrimacy (wanter=memes)
Could not resolve cross-reference to RimWorld.MemeDef named Rancher (wanter=memes)
Could not resolve cross-reference to RimWorld.MemeDef named AnimalPersonhood (wanter=memes)
Could not resolve cross-reference to RimWorld.MemeDef named NaturePrimacy (wanter=memes)
Could not resolve cross-reference to RimWorld.MemeDef named Rancher (wanter=memes)
Could not resolve cross-reference to RimWorld.MemeDef named AnimalPersonhood (wanter=memes)
Could not resolve cross-reference to RimWorld.MemeDef named NaturePrimacy (wanter=memes)
Could not resolve cross-reference to RimWorld.MemeDef named Rancher (wanter=memes)
Could not resolve cross-reference to RimWorld.MemeDef named AnimalPersonhood (wanter=memes)
Could not resolve cross-reference to RimWorld.MemeDef named NaturePrimacy (wanter=memes)
Could not resolve cross-reference to RimWorld.MemeDef named Rancher (wanter=memes)
Could not resolve cross-reference to RimWorld.MemeDef named AnimalPersonhood (wanter=memes)
Could not resolve cross-reference to RimWorld.MemeDef named NaturePrimacy (wanter=memes)
Could not resolve cross-reference to RimWorld.MemeDef named Rancher (wanter=memes)
Could not resolve cross-reference to RimWorld.MemeDef named AnimalPersonhood (wanter=memes)
Could not resolve cross-reference to RimWorld.MemeDef named NaturePrimacy (wanter=memes)
Could not resolve cross-reference to RimWorld.MemeDef named Rancher (wanter=memes)
Could not resolve cross-reference to RimWorld.MemeDef named AnimalPersonhood (wanter=memes)
Could not resolve cross-reference to RimWorld.MemeDef named NaturePrimacy (wanter=memes)
Could not resolve cross-reference to RimWorld.MemeDef named Rancher (wanter=memes)
Could not resolve cross-reference to RimWorld.MemeDef named AnimalPersonhood (wanter=memes)
Could not resolve cross-reference to RimWorld.MemeDef named NaturePrimacy (wanter=memes)
Could not resolve cross-reference to RimWorld.MemeDef named Rancher (wanter=memes)
Could not resolve cross-reference to RimWorld.MemeDef named AnimalPersonhood (wanter=memes)
Could not resolve cross-reference to RimWorld.MemeDef named NaturePrimacy (wanter=memes)
Could not resolve cross-reference to RimWorld.MemeDef named Rancher (wanter=memes)
Could not resolve cross-reference to RimWorld.MemeDef named Structure_TheistEmbodied (wanter=memes)
Could not resolve cross-reference to RimWorld.MemeDef named Structure_TheistAbstract (wanter=memes)
Could not resolve cross-reference to RimWorld.MemeDef named Structure_Ideological (wanter=memes)
Could not resolve cross-reference to RimWorld.MemeDef named Structure_Archist (wanter=memes)
Could not resolve cross-reference to RimWorld.MemeDef named Structure_TheistEmbodied (wanter=memes)
Could not resolve cross-reference to RimWorld.MemeDef named Structure_TheistAbstract (wanter=memes)
Could not resolve cross-reference to RimWorld.MemeDef named Structure_Ideological (wanter=memes)
Could not resolve cross-reference to RimWorld.MemeDef named Structure_Archist (wanter=memes)
Could not resolve cross-reference to RimWorld.MemeDef named Structure_TheistEmbodied (wanter=memes)
Could not resolve cross-reference to RimWorld.MemeDef named Structure_TheistAbstract (wanter=memes)
Could not resolve cross-reference to RimWorld.MemeDef named Structure_Ideological (wanter=memes)
Could not resolve cross-reference to RimWorld.MemeDef named Structure_Archist (wanter=memes)
Could not resolve cross-reference to RimWorld.MemeDef named Structure_TheistEmbodied (wanter=memes)
Could not resolve cross-reference to RimWorld.MemeDef named Structure_TheistAbstract (wanter=memes)
Could not resolve cross-reference to RimWorld.MemeDef named Structure_Ideological (wanter=memes)
Could not resolve cross-reference to RimWorld.MemeDef named Structure_Archist (wanter=memes)
Could not resolve cross-reference to RimWorld.MemeDef named Structure_TheistEmbodied (wanter=memes)
Could not resolve cross-reference to RimWorld.MemeDef named Structure_TheistAbstract (wanter=memes)
Could not resolve cross-reference to RimWorld.MemeDef named Structure_Ideological (wanter=memes)
Could not resolve cross-reference to RimWorld.MemeDef named Structure_Archist (wanter=memes)
Could not resolve cross-reference to RimWorld.MemeDef named Structure_TheistEmbodied (wanter=memes)
Could not resolve cross-reference to RimWorld.MemeDef named Structure_TheistAbstract (wanter=memes)
Could not resolve cross-reference to RimWorld.MemeDef named Structure_Ideological (wanter=memes)
Could not resolve cross-reference to RimWorld.MemeDef named Structure_Archist (wanter=memes)
Could not resolve cross-reference to RimWorld.MemeDef named Structure_TheistEmbodied (wanter=memes)
Could not resolve cross-reference to RimWorld.MemeDef named Structure_TheistAbstract (wanter=memes)
Could not resolve cross-reference to RimWorld.MemeDef named Structure_Ideological (wanter=memes)
Could not resolve cross-reference to RimWorld.MemeDef named Structure_Archist (wanter=memes)
Could not resolve cross-reference to RimWorld.MemeDef named Nudism (wanter=memes)
Could not resolve cross-reference to RimWorld.MemeDef named Structure_TheistEmbodied (wanter=memes)
Could not resolve cross-reference to RimWorld.MemeDef named Structure_TheistAbstract (wanter=memes)
Could not resolve cross-reference to RimWorld.MemeDef named Structure_Ideological (wanter=memes)
Could not resolve cross-reference to RimWorld.MemeDef named Structure_Archist (wanter=memes)
Could not resolve cross-reference to RimWorld.MemeDef named Structure_Archist (wanter=memes)
Could not resolve cross-reference to RimWorld.MemeDef named Structure_Ideological (wanter=memes)
Could not resolve cross-reference to RimWorld.MemeDef named Structure_Ideological (wanter=memes)
Could not resolve cross-reference to RimWorld.MemeDef named Structure_Ideological (wanter=memes)
Could not resolve cross-reference to RimWorld.MemeDef named Structure_Ideological (wanter=memes)
Could not resolve cross-reference to RimWorld.MemeDef named Structure_Ideological (wanter=memes)
Could not resolve cross-reference to RimWorld.MemeDef named Structure_Ideological (wanter=memes)
Could not resolve cross-reference to RimWorld.MemeDef named Structure_Ideological (wanter=memes)
Could not resolve cross-reference to RimWorld.MemeDef named Structure_Ideological (wanter=memes)
Could not resolve cross-reference to RimWorld.MemeDef named Structure_Ideological (wanter=memes)
Could not resolve cross-reference to RimWorld.MemeDef named Structure_Ideological (wanter=memes)
Could not resolve cross-reference to RimWorld.MemeDef named Structure_Archist (wanter=memes)
Could not resolve cross-reference to RimWorld.MemeDef named Structure_Archist (wanter=memes)
Could not resolve cross-reference to RimWorld.MemeDef named Structure_Archist (wanter=memes)
Could not resolve cross-reference to RimWorld.MemeDef named Structure_Archist (wanter=memes)
Could not resolve cross-reference to RimWorld.MemeDef named Structure_Archist (wanter=memes)
Could not resolve cross-reference to RimWorld.MemeDef named Structure_Archist (wanter=memes)
Could not resolve cross-reference to RimWorld.MemeDef named Structure_TheistAbstract (wanter=memes)
Could not resolve cross-reference to RimWorld.MemeDef named Structure_TheistEmbodied (wanter=memes)
Could not resolve cross-reference to RimWorld.MemeDef named Structure_Archist (wanter=memes)
Could not resolve cross-reference to RimWorld.MemeDef named Structure_Archist (wanter=memes)
Could not resolve cross-reference to RimWorld.MemeDef named Structure_Archist (wanter=memes)
Could not resolve cross-reference to RimWorld.MemeDef named Structure_Archist (wanter=memes)
Could not resolve cross-reference to RimWorld.MemeDef named Supremacist (wanter=memes)
Could not resolve cross-reference to RimWorld.MemeDef named Transhumanist (wanter=memes)
Could not resolve cross-reference to RimWorld.MemeDef named Structure_TheistAbstract (wanter=memes)
Could not resolve cross-reference to RimWorld.MemeDef named Structure_TheistEmbodied (wanter=memes)
Could not resolve cross-reference to RimWorld.MemeDef named PainIsVirtue (wanter=memes)
Could not resolve cross-reference to RimWorld.MemeDef named Cannibal (wanter=memes)
Could not resolve cross-reference to RimWorld.MemeDef named NaturePrimacy (wanter=memes)
Could not resolve cross-reference to RimWorld.MemeDef named TreeConnection (wanter=memes)
Could not resolve cross-reference to RimWorld.MemeDef named NaturePrimacy (wanter=memes)
Could not resolve cross-reference to RimWorld.MemeDef named TreeConnection (wanter=memes)
Could not resolve cross-reference to RimWorld.MemeDef named NaturePrimacy (wanter=memes)
Could not resolve cross-reference to RimWorld.MemeDef named TreeConnection (wanter=memes)
Could not resolve cross-reference to RimWorld.MemeDef named NaturePrimacy (wanter=memes)
Could not resolve cross-reference to RimWorld.MemeDef named TreeConnection (wanter=memes)
Could not resolve cross-reference to RimWorld.MemeDef named NaturePrimacy (wanter=memes)
Could not resolve cross-reference to RimWorld.MemeDef named TreeConnection (wanter=memes)
Could not resolve cross-reference to RimWorld.MemeDef named NaturePrimacy (wanter=memes)
Could not resolve cross-reference to RimWorld.MemeDef named TreeConnection (wanter=memes)
Could not resolve cross-reference to RimWorld.MemeDef named NaturePrimacy (wanter=memes)
Could not resolve cross-reference to RimWorld.MemeDef named TreeConnection (wanter=memes)
Could not resolve cross-reference to RimWorld.MemeDef named Supremacist (wanter=memes)
Could not resolve cross-reference to RimWorld.MemeDef named FleshPurity (wanter=memes)
Could not resolve cross-reference to RimWorld.MemeDef named HumanPrimacy (wanter=memes)
Could not resolve cross-reference to RimWorld.MemeDef named FleshPurity (wanter=memes)
Could not resolve cross-reference to RimWorld.MemeDef named HumanPrimacy (wanter=memes)
Could not resolve cross-reference to RimWorld.MemeDef named Tunneler (wanter=memes)
Could not resolve cross-reference to RimWorld.MemeDef named NaturePrimacy (wanter=memes)
Could not resolve cross-reference to RimWorld.MemeDef named TreeConnection (wanter=memes)
Could not resolve cross-reference to RimWorld.MemeDef named Nudism (wanter=memes)
Could not resolve cross-reference to RimWorld.MemeDef named PainIsVirtue (wanter=memes)
Could not resolve cross-reference to RimWorld.MemeDef named Guilty (wanter=memes)
Could not resolve cross-reference to RimWorld.MemeDef named Cannibal (wanter=memes)
Could not resolve cross-reference to RimWorld.MemeDef named HighLife (wanter=memes)
Could not resolve cross-reference to RimWorld.MemeDef named Raider (wanter=memes)
Could not resolve cross-reference to RimWorld.MemeDef named Transhumanist (wanter=memes)
Could not resolve cross-reference to RimWorld.MemeDef named PainIsVirtue (wanter=memes)
Could not resolve cross-reference to RimWorld.MemeDef named Guilty (wanter=memes)
Could not resolve cross-reference to RimWorld.MemeDef named Cannibal (wanter=memes)
Could not resolve cross-reference to RimWorld.MemeDef named Raider (wanter=memes)
Could not resolve cross-reference to RimWorld.MemeDef named PainIsVirtue (wanter=memes)
Could not resolve cross-reference to RimWorld.MemeDef named Guilty (wanter=memes)
Could not resolve cross-reference to RimWorld.MemeDef named Cannibal (wanter=memes)
Could not resolve cross-reference to RimWorld.MemeDef named Raider (wanter=memes)
Could not resolve cross-reference to RimWorld.MemeDef named PainIsVirtue (wanter=memes)
Could not resolve cross-reference to RimWorld.MemeDef named Guilty (wanter=memes)
Could not resolve cross-reference to RimWorld.MemeDef named Cannibal (wanter=memes)
Could not resolve cross-reference to RimWorld.MemeDef named Raider (wanter=memes)
Could not resolve cross-reference to RimWorld.MemeDef named PainIsVirtue (wanter=memes)
Could not resolve cross-reference to RimWorld.MemeDef named Guilty (wanter=memes)
Could not resolve cross-reference to RimWorld.MemeDef named Cannibal (wanter=memes)
Could not resolve cross-reference to RimWorld.MemeDef named Raider (wanter=memes)
Could not resolve cross-reference to RimWorld.MemeDef named Supremacist (wanter=memes)
Could not resolve cross-reference to RimWorld.MemeDef named PainIsVirtue (wanter=memes)
Could not resolve cross-reference to RimWorld.MemeDef named Guilty (wanter=memes)
Could not resolve cross-reference to RimWorld.MemeDef named Cannibal (wanter=memes)
Could not resolve cross-reference to RimWorld.MemeDef named HighLife (wanter=memes)
Could not resolve cross-reference to RimWorld.MemeDef named Raider (wanter=memes)
Could not resolve cross-reference to RimWorld.MemeDef named Structure_TheistAbstract (wanter=memes)
Could not resolve cross-reference to RimWorld.MemeDef named Structure_TheistEmbodied (wanter=memes)
Could not resolve cross-reference to RimWorld.MemeDef named Supremacist (wanter=memes)
Could not resolve cross-reference to RimWorld.MemeDef named Structure_TheistAbstract (wanter=memes)
Could not resolve cross-reference to RimWorld.MemeDef named Structure_TheistEmbodied (wanter=memes)
Could not resolve cross-reference to RimWorld.MemeDef named Raider (wanter=memes)
Could not resolve cross-reference to RimWorld.MemeDef named Cannibal (wanter=memes)
Could not resolve cross-reference to RimWorld.MemeDef named Raider (wanter=memes)
Could not resolve cross-reference to RimWorld.MemeDef named Cannibal (wanter=memes)
Could not resolve cross-reference to RimWorld.MemeDef named Raider (wanter=memes)
Could not resolve cross-reference to RimWorld.MemeDef named Cannibal (wanter=memes)
Could not resolve cross-reference to RimWorld.MemeDef named Raider (wanter=memes)
Could not resolve cross-reference to RimWorld.MemeDef named Cannibal (wanter=memes)
Could not resolve cross-reference to RimWorld.MemeDef named Raider (wanter=memes)
Could not resolve cross-reference to RimWorld.MemeDef named Cannibal (wanter=memes)
Could not resolve cross-reference to RimWorld.MemeDef named Raider (wanter=memes)
Could not resolve cross-reference to RimWorld.MemeDef named Cannibal (wanter=memes)
Could not resolve cross-reference to RimWorld.MemeDef named Structure_TheistEmbodied (wanter=memes)
Could not resolve cross-reference to RimWorld.MemeDef named Structure_TheistAbstract (wanter=memes)
Could not resolve cross-reference to RimWorld.MemeDef named Structure_OriginChristian (wanter=memes)
Could not resolve cross-reference to RimWorld.MemeDef named Structure_OriginIslamic (wanter=memes)
Could not resolve cross-reference to RimWorld.MemeDef named Structure_OriginBuddhist (wanter=memes)
Could not resolve cross-reference to RimWorld.MemeDef named Structure_OriginHindu (wanter=memes)
Could not resolve cross-reference to RimWorld.MemeDef named Structure_Archist (wanter=memes)
Could not resolve cross-reference to RimWorld.MemeDef named Structure_TheistEmbodied (wanter=memes)
Could not resolve cross-reference to RimWorld.MemeDef named Structure_TheistAbstract (wanter=memes)
Could not resolve cross-reference to RimWorld.MemeDef named Structure_OriginChristian (wanter=memes)
Could not resolve cross-reference to RimWorld.MemeDef named Structure_OriginIslamic (wanter=memes)
Could not resolve cross-reference to RimWorld.MemeDef named Structure_OriginBuddhist (wanter=memes)
Could not resolve cross-reference to RimWorld.MemeDef named Structure_OriginHindu (wanter=memes)
Could not resolve cross-reference to RimWorld.MemeDef named Structure_Archist (wanter=memes)
Could not resolve cross-reference to RimWorld.MemeDef named Structure_TheistEmbodied (wanter=memes)
Could not resolve cross-reference to RimWorld.MemeDef named Structure_TheistAbstract (wanter=memes)
Could not resolve cross-reference to RimWorld.MemeDef named Structure_OriginChristian (wanter=memes)
Could not resolve cross-reference to RimWorld.MemeDef named Structure_OriginIslamic (wanter=memes)
Could not resolve cross-reference to RimWorld.MemeDef named Structure_OriginBuddhist (wanter=memes)
Could not resolve cross-reference to RimWorld.MemeDef named Structure_OriginHindu (wanter=memes)
Could not resolve cross-reference to RimWorld.MemeDef named Structure_Archist (wanter=memes)
Could not resolve cross-reference to RimWorld.MemeDef named Structure_TheistEmbodied (wanter=memes)
Could not resolve cross-reference to RimWorld.MemeDef named Structure_TheistAbstract (wanter=memes)
Could not resolve cross-reference to RimWorld.MemeDef named Structure_OriginChristian (wanter=memes)
Could not resolve cross-reference to RimWorld.MemeDef named Structure_OriginIslamic (wanter=memes)
Could not resolve cross-reference to RimWorld.MemeDef named Structure_OriginBuddhist (wanter=memes)
Could not resolve cross-reference to RimWorld.MemeDef named Structure_OriginHindu (wanter=memes)
Could not resolve cross-reference to RimWorld.MemeDef named Structure_Archist (wanter=memes)
Could not resolve cross-reference to RimWorld.MemeDef named Structure_TheistEmbodied (wanter=memes)
Could not resolve cross-reference to RimWorld.MemeDef named Structure_TheistAbstract (wanter=memes)
Could not resolve cross-reference to RimWorld.MemeDef named Structure_OriginChristian (wanter=memes)
Could not resolve cross-reference to RimWorld.MemeDef named Structure_OriginIslamic (wanter=memes)
Could not resolve cross-reference to RimWorld.MemeDef named Structure_OriginBuddhist (wanter=memes)
Could not resolve cross-reference to RimWorld.MemeDef named Structure_OriginHindu (wanter=memes)
Could not resolve cross-reference to RimWorld.MemeDef named Structure_Archist (wanter=memes)
Could not resolve cross-reference to RimWorld.MemeDef named Structure_TheistEmbodied (wanter=memes)
Could not resolve cross-reference to RimWorld.MemeDef named Structure_TheistAbstract (wanter=memes)
Could not resolve cross-reference to RimWorld.MemeDef named Structure_OriginChristian (wanter=memes)
Could not resolve cross-reference to RimWorld.MemeDef named Structure_OriginIslamic (wanter=memes)
Could not resolve cross-reference to RimWorld.MemeDef named Structure_OriginBuddhist (wanter=memes)
Could not resolve cross-reference to RimWorld.MemeDef named Structure_OriginHindu (wanter=memes)
Could not resolve cross-reference to RimWorld.MemeDef named Structure_Archist (wanter=memes)
Could not resolve cross-reference to RimWorld.MemeDef named Structure_TheistEmbodied (wanter=memes)
Could not resolve cross-reference to RimWorld.MemeDef named Structure_TheistAbstract (wanter=memes)
Could not resolve cross-reference to RimWorld.MemeDef named Structure_OriginChristian (wanter=memes)
Could not resolve cross-reference to RimWorld.MemeDef named Structure_OriginIslamic (wanter=memes)
Could not resolve cross-reference to RimWorld.MemeDef named Structure_OriginBuddhist (wanter=memes)
Could not resolve cross-reference to RimWorld.MemeDef named Structure_OriginHindu (wanter=memes)
Could not resolve cross-reference to RimWorld.MemeDef named Structure_Archist (wanter=memes)
Could not resolve cross-reference to RimWorld.MemeDef named Structure_TheistEmbodied (wanter=memes)
Could not resolve cross-reference to RimWorld.MemeDef named Structure_TheistAbstract (wanter=memes)
Could not resolve cross-reference to RimWorld.MemeDef named Structure_OriginChristian (wanter=memes)
Could not resolve cross-reference to RimWorld.MemeDef named Structure_OriginIslamic (wanter=memes)
Could not resolve cross-reference to RimWorld.MemeDef named Structure_OriginBuddhist (wanter=memes)
Could not resolve cross-reference to RimWorld.MemeDef named Structure_OriginHindu (wanter=memes)
Could not resolve cross-reference to RimWorld.MemeDef named Structure_Archist (wanter=memes)
Could not resolve cross-reference to RimWorld.MemeDef named Structure_TheistEmbodied (wanter=memes)
Could not resolve cross-reference to RimWorld.MemeDef named Structure_TheistAbstract (wanter=memes)
Could not resolve cross-reference to RimWorld.MemeDef named Structure_OriginChristian (wanter=memes)
Could not resolve cross-reference to RimWorld.MemeDef named Structure_OriginIslamic (wanter=memes)
Could not resolve cross-reference to RimWorld.MemeDef named Structure_OriginBuddhist (wanter=memes)
Could not resolve cross-reference to RimWorld.MemeDef named Structure_OriginHindu (wanter=memes)
Could not resolve cross-reference to RimWorld.MemeDef named Structure_Archist (wanter=memes)
Could not resolve cross-reference to RimWorld.MemeDef named Structure_TheistEmbodied (wanter=memes)
Could not resolve cross-reference to RimWorld.MemeDef named Structure_TheistAbstract (wanter=memes)
Could not resolve cross-reference to RimWorld.MemeDef named Structure_OriginChristian (wanter=memes)
Could not resolve cross-reference to RimWorld.MemeDef named Structure_OriginIslamic (wanter=memes)
Could not resolve cross-reference to RimWorld.MemeDef named Structure_OriginBuddhist (wanter=memes)
Could not resolve cross-reference to RimWorld.MemeDef named Structure_OriginHindu (wanter=memes)
Could not resolve cross-reference to RimWorld.MemeDef named Structure_Archist (wanter=memes)
Could not resolve cross-reference to RimWorld.MemeDef named Transhumanist (wanter=memes)
Could not resolve cross-reference to RimWorld.MemeDef named Transhumanist (wanter=memes)
Could not resolve cross-reference to RimWorld.MemeDef named Transhumanist (wanter=memes)
Could not resolve cross-reference to RimWorld.MemeDef named Transhumanist (wanter=memes)
Could not resolve cross-reference to RimWorld.MemeDef named Transhumanist (wanter=memes)
Could not resolve cross-reference to RimWorld.MemeDef named Transhumanist (wanter=memes)
Could not resolve cross-reference to RimWorld.MemeDef named Transhumanist (wanter=memes)
Could not resolve cross-reference to RimWorld.MemeDef named Transhumanist (wanter=memes)
Could not resolve cross-reference to RimWorld.MemeDef named Transhumanist (wanter=memes)
Could not resolve cross-reference to RimWorld.MemeDef named Transhumanist (wanter=memes)
Could not resolve cross-reference to RimWorld.MemeDef named Structure_Archist (wanter=memes)
Could not resolve cross-reference to RimWorld.MemeDef named Transhumanist (wanter=memes)
Could not resolve cross-reference to RimWorld.MemeDef named Transhumanist (wanter=memes)
Could not resolve cross-reference to RimWorld.MemeDef named Transhumanist (wanter=memes)
Could not resolve cross-reference to RimWorld.MemeDef named Transhumanist (wanter=memes)
Could not resolve cross-reference to RimWorld.MemeDef named Transhumanist (wanter=memes)
Could not resolve cross-reference to RimWorld.MemeDef named Transhumanist (wanter=memes)
Could not resolve cross-reference to RimWorld.MemeDef named Transhumanist (wanter=memes)
Could not resolve cross-reference to RimWorld.MemeDef named Transhumanist (wanter=memes)
Could not resolve cross-reference to RimWorld.MemeDef named Transhumanist (wanter=memes)
Could not resolve cross-reference to RimWorld.MemeDef named Transhumanist (wanter=memes)
Could not resolve cross-reference to RimWorld.MemeDef named PainIsVirtue (wanter=memes)
Could not resolve cross-reference to RimWorld.MemeDef named Cannibal (wanter=memes)
Could not resolve cross-reference to RimWorld.MemeDef named Supremacist (wanter=memes)
Could not resolve cross-reference to RimWorld.MemeDef named Collectivist (wanter=memes)
Could not resolve cross-reference to RimWorld.MemeDef named FleshPurity (wanter=memes)
Could not resolve cross-reference to RimWorld.MemeDef named Supremacist (wanter=memes)
Could not resolve cross-reference to RimWorld.MemeDef named Raider (wanter=memes)
Could not resolve cross-reference to RimWorld.MemeDef named Supremacist (wanter=memes)
Could not resolve cross-reference to RimWorld.MemeDef named Raider (wanter=memes)
Could not resolve cross-reference to RimWorld.MemeDef named Supremacist (wanter=memes)
Could not resolve cross-reference to RimWorld.MemeDef named Raider (wanter=memes)
[Hacking Expansion] Turrets patching report: 
  - Mortar: mannable
  - Foam turret: interactable
  - Rocketswarm launcher: interactable
  - Ancient defender turret: already hackable
  - Armored shuttle: no power and not stunnable by emp
  - Striker turret: no power and not stunnable by emp
  - Gatling gun turret: mannable
  - Orbital targeter: interactable
Turrets not valid for patching total: 8
Texture '' has dimensions (200 x 111) which are not multiples of 4. Compress will not work.
Texture '' has dimensions (200 x 111) which are not multiples of 4. Compress will not work.
Texture '' has dimensions (32 x 21) which are not multiples of 4. Compress will not work.
Texture '' has dimensions (32 x 21) which are not multiples of 4. Compress will not work.
Texture '' has dimensions (32 x 21) which are not multiples of 4. Compress will not work.
Texture '' has dimensions (120 x 54) which are not multiples of 4. Compress will not work.
Texture '' has dimensions (240 x 54) which are not multiples of 4. Compress will not work.
Texture '' has dimensions (14 x 14) which are not multiples of 4. Compress will not work.
Texture '' has dimensions (14 x 14) which are not multiples of 4. Compress will not work.
Texture '' has dimensions (377 x 96) which are not multiples of 4. Compress will not work.
Texture '' has dimensions (377 x 96) which are not multiples of 4. Compress will not work.
Texture '' has dimensions (377 x 96) which are not multiples of 4. Compress will not work.
Texture '' has dimensions (377 x 96) which are not multiples of 4. Compress will not work.
Texture '' has dimensions (122 x 122) which are not multiples of 4. Compress will not work.
Texture '' has dimensions (225 x 225) which are not multiples of 4. Compress will not work.
Texture '' has dimensions (950 x 1515) which are not multiples of 4. Compress will not work.
Texture '' has dimensions (950 x 1515) which are not multiples of 4. Compress will not work.
Texture '' has dimensions (950 x 1515) which are not multiples of 4. Compress will not work.
Texture '' has dimensions (950 x 1515) which are not multiples of 4. Compress will not work.
Texture '' has dimensions (950 x 1515) which are not multiples of 4. Compress will not work.
Texture '' has dimensions (950 x 1515) which are not multiples of 4. Compress will not work.
Texture '' has dimensions (950 x 1515) which are not multiples of 4. Compress will not work.
Texture '' has dimensions (950 x 1515) which are not multiples of 4. Compress will not work.
Texture '' has dimensions (950 x 1515) which are not multiples of 4. Compress will not work.
Texture '' has dimensions (950 x 1515) which are not multiples of 4. Compress will not work.
Texture '' has dimensions (950 x 1515) which are not multiples of 4. Compress will not work.
Texture '' has dimensions (950 x 1515) which are not multiples of 4. Compress will not work.
Texture '' has dimensions (950 x 1515) which are not multiples of 4. Compress will not work.
Texture '' has dimensions (950 x 1515) which are not multiples of 4. Compress will not work.
Texture '' has dimensions (950 x 1515) which are not multiples of 4. Compress will not work.
Texture '' has dimensions (950 x 1515) which are not multiples of 4. Compress will not work.
Texture '' has dimensions (950 x 1515) which are not multiples of 4. Compress will not work.
Texture '' has dimensions (950 x 1515) which are not multiples of 4. Compress will not work.
Texture '' has dimensions (950 x 1515) which are not multiples of 4. Compress will not work.
Texture '' has dimensions (950 x 1515) which are not multiples of 4. Compress will not work.
Texture '' has dimensions (950 x 1515) which are not multiples of 4. Compress will not work.
Texture '' has dimensions (950 x 1515) which are not multiples of 4. Compress will not work.
Texture '' has dimensions (950 x 1515) which are not multiples of 4. Compress will not work.
Texture '' has dimensions (950 x 1515) which are not multiples of 4. Compress will not work.
Texture '' has dimensions (950 x 1515) which are not multiples of 4. Compress will not work.
Texture '' has dimensions (950 x 1515) which are not multiples of 4. Compress will not work.
Texture '' has dimensions (950 x 1515) which are not multiples of 4. Compress will not work.
Texture '' has dimensions (950 x 1515) which are not multiples of 4. Compress will not work.
Texture '' has dimensions (950 x 1515) which are not multiples of 4. Compress will not work.
Texture '' has dimensions (950 x 1515) which are not multiples of 4. Compress will not work.
Texture '' has dimensions (950 x 1515) which are not multiples of 4. Compress will not work.
Texture '' has dimensions (950 x 1515) which are not multiples of 4. Compress will not work.
Texture '' has dimensions (950 x 1515) which are not multiples of 4. Compress will not work.
Texture '' has dimensions (950 x 1515) which are not multiples of 4. Compress will not work.
Texture '' has dimensions (950 x 1515) which are not multiples of 4. Compress will not work.
Texture '' has dimensions (950 x 1515) which are not multiples of 4. Compress will not work.
Texture '' has dimensions (1289 x 2569) which are not multiples of 4. Compress will not work.
Texture '' has dimensions (128 x 193) which are not multiples of 4. Compress will not work.
Texture '' has dimensions (128 x 193) which are not multiples of 4. Compress will not work.
Texture '' has dimensions (950 x 1515) which are not multiples of 4. Compress will not work.
Texture '' has dimensions (1 x 1) which are not multiples of 4. Compress will not work.
Texture '' has dimensions (192 x 202) which are not multiples of 4. Compress will not work.
Texture '' has dimensions (192 x 202) which are not multiples of 4. Compress will not work.
Texture '' has dimensions (192 x 202) which are not multiples of 4. Compress will not work.
Texture '' has dimensions (152 x 145) which are not multiples of 4. Compress will not work.
Texture '' has dimensions (385 x 257) which are not multiples of 4. Compress will not work.
Texture '' has dimensions (257 x 385) which are not multiples of 4. Compress will not work.
Texture '' has dimensions (160 x 449) which are not multiples of 4. Compress will not work.
Texture '' has dimensions (160 x 449) which are not multiples of 4. Compress will not work.
Texture '' has dimensions (160 x 449) which are not multiples of 4. Compress will not work.
Texture '' has dimensions (160 x 449) which are not multiples of 4. Compress will not work.
Texture '' has dimensions (160 x 449) which are not multiples of 4. Compress will not work.
Texture '' has dimensions (160 x 449) which are not multiples of 4. Compress will not work.
Texture '' has dimensions (75 x 75) which are not multiples of 4. Compress will not work.
Texture '' has dimensions (425 x 85) which are not multiples of 4. Compress will not work.
Texture '' has dimensions (950 x 1515) which are not multiples of 4. Compress will not work.
Texture '' has dimensions (950 x 1515) which are not multiples of 4. Compress will not work.
Texture '' has dimensions (410 x 410) which are not multiples of 4. Compress will not work.
Texture '' has dimensions (410 x 410) which are not multiples of 4. Compress will not work.
Texture '' has dimensions (266 x 111) which are not multiples of 4. Compress will not work.
Texture '' has dimensions (981 x 178) which are not multiples of 4. Compress will not work.
Texture '' has dimensions (410 x 356) which are not multiples of 4. Compress will not work.
Texture '' has dimensions (1281 x 1281) which are not multiples of 4. Compress will not work.
Texture '' has dimensions (1281 x 1281) which are not multiples of 4. Compress will not work.
Texture '' has dimensions (1281 x 1281) which are not multiples of 4. Compress will not work.
Texture '' has dimensions (1281 x 1281) which are not multiples of 4. Compress will not work.
Texture '' has dimensions (1281 x 1281) which are not multiples of 4. Compress will not work.
Texture '' has dimensions (1281 x 1281) which are not multiples of 4. Compress will not work.
Texture '' has dimensions (190 x 190) which are not multiples of 4. Compress will not work.
Texture '' has dimensions (190 x 190) which are not multiples of 4. Compress will not work.
Texture '' has dimensions (190 x 190) which are not multiples of 4. Compress will not work.
Texture '' has dimensions (190 x 190) which are not multiples of 4. Compress will not work.
Texture '' has dimensions (190 x 190) which are not multiples of 4. Compress will not work.
Texture '' has dimensions (190 x 190) which are not multiples of 4. Compress will not work.
Texture '' has dimensions (500 x 150) which are not multiples of 4. Compress will not work.
Texture '' has dimensions (216 x 202) which are not multiples of 4. Compress will not work.
Texture '' has dimensions (58 x 58) which are not multiples of 4. Compress will not work.
Texture '' has dimensions (42 x 42) which are not multiples of 4. Compress will not work.
Texture '' has dimensions (42 x 42) which are not multiples of 4. Compress will not work.
Texture '' has dimensions (129 x 128) which are not multiples of 4. Compress will not work.
Texture '' has dimensions (129 x 128) which are not multiples of 4. Compress will not work.
Texture '' has dimensions (129 x 128) which are not multiples of 4. Compress will not work.
<color=#b7ff1c>[RimForge-PP]</color> Texture /home/luther/.local/share/Steam/steamapps/workshop/content/294100/2507086460/Textures/RF/Buildings/PowerPoleCable.png was loaded with no mipmaps, bilinear.
Texture '' has dimensions (128 x 129) which are not multiples of 4. Compress will not work.
Texture '' has dimensions (543 x 89) which are not multiples of 4. Compress will not work.
Texture '' has dimensions (125 x 89) which are not multiples of 4. Compress will not work.
Texture '' has dimensions (70 x 70) which are not multiples of 4. Compress will not work.
Texture '' has dimensions (554 x 530) which are not multiples of 4. Compress will not work.
Texture '' has dimensions (60 x 45) which are not multiples of 4. Compress will not work.
Texture '' has dimensions (25 x 25) which are not multiples of 4. Compress will not work.
Texture '' has dimensions (60 x 45) which are not multiples of 4. Compress will not work.
Texture '' has dimensions (500 x 125) which are not multiples of 4. Compress will not work.
Texture '' has dimensions (50 x 16) which are not multiples of 4. Compress will not work.
Texture '' has dimensions (50 x 16) which are not multiples of 4. Compress will not work.
Texture '' has dimensions (70 x 16) which are not multiples of 4. Compress will not work.
Texture '' has dimensions (51 x 16) which are not multiples of 4. Compress will not work.
Texture '' has dimensions (50 x 16) which are not multiples of 4. Compress will not work.
Texture '' has dimensions (22 x 22) which are not multiples of 4. Compress will not work.
Texture '' has dimensions (22 x 22) which are not multiples of 4. Compress will not work.
Texture '' has dimensions (96 x 149) which are not multiples of 4. Compress will not work.
Texture '' has dimensions (96 x 149) which are not multiples of 4. Compress will not work.
Texture '' has dimensions (149 x 96) which are not multiples of 4. Compress will not work.
Texture '' has dimensions (149 x 96) which are not multiples of 4. Compress will not work.
Texture '' has dimensions (149 x 96) which are not multiples of 4. Compress will not work.
Texture '' has dimensions (149 x 96) which are not multiples of 4. Compress will not work.
Texture '' has dimensions (18 x 18) which are not multiples of 4. Compress will not work.
Texture '' has dimensions (18 x 18) which are not multiples of 4. Compress will not work.
Texture '' has dimensions (200 x 50) which are not multiples of 4. Compress will not work.
Texture '' has dimensions (200 x 50) which are not multiples of 4. Compress will not work.
Texture '' has dimensions (1 x 4) which are not multiples of 4. Compress will not work.
Texture '' has dimensions (4 x 1) which are not multiples of 4. Compress will not work.
Texture '' has dimensions (50 x 50) which are not multiples of 4. Compress will not work.
Texture '' has dimensions (1 x 4) which are not multiples of 4. Compress will not work.
Texture '' has dimensions (4 x 1) which are not multiples of 4. Compress will not work.
Texture '' has dimensions (58 x 58) which are not multiples of 4. Compress will not work.
Texture '' has dimensions (539 x 267) which are not multiples of 4. Compress will not work.
Texture '' has dimensions (267 x 535) which are not multiples of 4. Compress will not work.
Texture '' has dimensions (539 x 267) which are not multiples of 4. Compress will not work.
Texture '' has dimensions (267 x 535) which are not multiples of 4. Compress will not work.
Texture '' has dimensions (128 x 511) which are not multiples of 4. Compress will not work.
Texture '' has dimensions (511 x 128) which are not multiples of 4. Compress will not work.
Texture '' has dimensions (75 x 75) which are not multiples of 4. Compress will not work.
Texture '' has dimensions (75 x 75) which are not multiples of 4. Compress will not work.
Texture '' has dimensions (24 x 27) which are not multiples of 4. Compress will not work.
Texture '' has dimensions (24 x 27) which are not multiples of 4. Compress will not work.
Texture '' has dimensions (24 x 27) which are not multiples of 4. Compress will not work.
Texture '' has dimensions (24 x 27) which are not multiples of 4. Compress will not work.
Texture '' has dimensions (1047 x 595) which are not multiples of 4. Compress will not work.
Texture '' has dimensions (167 x 40) which are not multiples of 4. Compress will not work.
Texture '' has dimensions (750 x 128) which are not multiples of 4. Compress will not work.
Texture '' has dimensions (237 x 104) which are not multiples of 4. Compress will not work.
Texture '' has dimensions (523 x 224) which are not multiples of 4. Compress will not work.
Texture '' has dimensions (523 x 224) which are not multiples of 4. Compress will not work.
Texture '' has dimensions (523 x 224) which are not multiples of 4. Compress will not work.
Texture '' has dimensions (523 x 224) which are not multiples of 4. Compress will not work.
Texture '' has dimensions (65 x 65) which are not multiples of 4. Compress will not work.
Texture '' has dimensions (257 x 257) which are not multiples of 4. Compress will not work.
Texture '' has dimensions (257 x 257) which are not multiples of 4. Compress will not work.
Texture '' has dimensions (257 x 257) which are not multiples of 4. Compress will not work.
Texture '' has dimensions (257 x 257) which are not multiples of 4. Compress will not work.
Texture '' has dimensions (257 x 257) which are not multiples of 4. Compress will not work.
Texture '' has dimensions (257 x 257) which are not multiples of 4. Compress will not work.
Texture '' has dimensions (257 x 257) which are not multiples of 4. Compress will not work.
Texture '' has dimensions (257 x 257) which are not multiples of 4. Compress will not work.
Texture '' has dimensions (257 x 257) which are not multiples of 4. Compress will not work.
Texture '' has dimensions (257 x 257) which are not multiples of 4. Compress will not work.
Texture '' has dimensions (257 x 257) which are not multiples of 4. Compress will not work.
Texture '' has dimensions (257 x 257) which are not multiples of 4. Compress will not work.
Texture '' has dimensions (257 x 257) which are not multiples of 4. Compress will not work.
Texture '' has dimensions (257 x 257) which are not multiples of 4. Compress will not work.
Texture '' has dimensions (257 x 257) which are not multiples of 4. Compress will not work.
Texture '' has dimensions (257 x 257) which are not multiples of 4. Compress will not work.
Texture '' has dimensions (257 x 257) which are not multiples of 4. Compress will not work.
Texture '' has dimensions (257 x 257) which are not multiples of 4. Compress will not work.
Texture '' has dimensions (20 x 10) which are not multiples of 4. Compress will not work.
Texture '' has dimensions (9 x 9) which are not multiples of 4. Compress will not work.
Texture '' has dimensions (18 x 18) which are not multiples of 4. Compress will not work.
Texture '' has dimensions (18 x 24) which are not multiples of 4. Compress will not work.
Texture '' has dimensions (22 x 22) which are not multiples of 4. Compress will not work.
Texture '' has dimensions (33 x 28) which are not multiples of 4. Compress will not work.
Texture '' has dimensions (23 x 21) which are not multiples of 4. Compress will not work.
Texture '' has dimensions (22 x 22) which are not multiples of 4. Compress will not work.
Texture '' has dimensions (22 x 22) which are not multiples of 4. Compress will not work.
Texture '' has dimensions (22 x 22) which are not multiples of 4. Compress will not work.
Texture '' has dimensions (22 x 22) which are not multiples of 4. Compress will not work.
Texture '' has dimensions (22 x 22) which are not multiples of 4. Compress will not work.
Texture '' has dimensions (18 x 18) which are not multiples of 4. Compress will not work.
Texture '' has dimensions (342 x 2) which are not multiples of 4. Compress will not work.
Texture '' has dimensions (11 x 8) which are not multiples of 4. Compress will not work.
Texture '' has dimensions (18 x 18) which are not multiples of 4. Compress will not work.
Texture '' has dimensions (18 x 18) which are not multiples of 4. Compress will not work.
[YayosCombatAddon] SimpleSidearms active, compatibility will be applied
[YayoCombat] Applying Def patches.
Quarry:: Total 6 quarryable terrain found, processed: Sandstone, Granite, Limestone, Slate, Marble, Vacstone
startIndex: 63
endIndex: 75
Start: newobj System.Void System.Text.StringBuilder::.ctor()
End:callvirt virtual System.String System.Object::ToString() [Label14]
Start: call static System.String System.String::Concat(System.String str0, System.String str1) [Label15]
End:ldloc.0 NULL
[XML Extensions] Initialized 2 SettingsMenuDef(s) and found 0 unused key(s) from 0 mod(s)
[XML Extensions] 2966 total patch operations run in 9504ms, 0 failed
[XML Extensions] Emitted 2 mod class(es)
KCSG has Created 5776 symbolDefs for vanilla and DLCs
[UseThisInstead]: Found 0 replacements
[Semi Random Research] Successfully patched research completion dialog
checking Pawn.TickRare for other harmony patches
TKS_PriorityTreatment: found other postfixes for method TickRare: vanillafactionsexpanded.settlers
checking Pawn_JobTracker.TryFindAndStartJob for other harmony patches
could not find original method through ReflectedType or TypeByName(Pawn_JobTracker), continuing
checking WorkGiver_DoBill.StartOrResumeBillJob for other harmony patches
could not find original method through ReflectedType or TypeByName(WorkGiver_DoBill), continuing
TKS_PriorityTreatment: harmony conflicts detected, please report mods if things are acting up
TKS_PriorityTreatment: Patching finished
[NoMissingGeneIcons]: Fixed missing gene-graphics for 0 ChemicalDefs. 
[TrueTerrainColors v1.12.24] Loaded cached true colors for 458 terrain defs from file.
[RelevantStatsInDescription]: Skipping dps-calculation of Mortar as it has no default projectile defined
[RelevantStatsInDescription]: Skipping dps-calculation of Foam turret as its projectile does not cause damage to health
[RelevantStatsInDescription]: Skipping dps-calculation of Mechhive disruptor as it has no default projectile defined
[RelevantStatsInDescription]: Skipping dps-calculation of ADP chain pylon as its projectile does not cause damage to health
[RelevantStatsInDescription]: Skipping dps-calculation of Orbital targeter as it has no default projectile defined
QualityBuilder: JobDefOf.Deconstruct driverClass = JobDriver_Deconstruct
[Quality Of Building] patching
[DragSelect] Applying patch for Trade UI Revised.
[Davai's Sorted Categories] [SortNastyMeat] starting
[Davai's Sorted Categories] [SortNastyMeat] Moved 3 meat to the Nasty meat category
[Davai's Sorted Categories] [ChangeDefaultSocialDrugs] starting
[Davai's Sorted Categories] [ChangeDefaultSocialDrugs] Added 2 drugs to Social drugs by default
[Davai's Sorted Categories] [SortDrugs] starting
[Davai's Sorted Categories] [SortDrugs] Moved 41 drugs to the Social drugs category
[Davai's Sorted Categories] [SortDrugs] Moved 7 drugs to the Medical drugs category
[Davai's Sorted Categories] [SortDrugs] Moved 4 drugs to the Hard drugs category
[Davai's Sorted Categories] [SortDrugs] Moved 4 sera to the Sera category
Damage Indicators initialized.
[Rimpsyche] VTE gate data added
[Rimpsyche] VRE Android gate data added
No Skill Loss mod loaded v.1.0.0.4.
Initializing RPG_Style_Level_Up_Mod_patches...
Fallback handler could not load library /home/luther/.local/share/Steam/steamapps/common/RimWorld/RimWorldLinux_Data/MonoBleedingEdge/x86_64/data-0x280df760.so
[WorldTechLevel v1.1.6] Filters initialized.
Unloading 5 Unused Serialized files (Serialized files now loaded: 7)
Unloading 114 unused Assets to reduce memory usage. Loaded Objects now: 42666.
Total: 379.021939 ms (FindLiveObjects: 1.856169 ms CreateObjectMapping: 1.680644 ms MarkObjects: 374.902975 ms  DeleteObjects: 0.581445 ms)

MVCF successfully applied 46 patches
OnLevelWasLoaded was found on ModInitializerComponent
This message has been deprecated and will be removed in a later version of Unity.
Add a delegate to SceneManager.sceneLoaded instead to get notifications after scene loading has completed
[HugsLib] initializing StackXXL
[StackXXL] Loaded
Memory Statistics:
[ALLOC_TEMP_TLS] TLS Allocator
  StackAllocators : 
    [ALLOC_TEMP_MAIN]
      Peak usage frame count: [0-1.0 KB]: 7077 frames, [1.0 KB-2.0 KB]: 26 frames, [2.0 KB-4.0 KB]: 85 frames, [4.0 KB-8.0 KB]: 492 frames, [8.0 KB-16.0 KB]: 272 frames, [16.0 KB-32.0 KB]: 4 frames, [32.0 KB-64.0 KB]: 3 frames, [64.0 KB-128.0 KB]: 5 frames, [128.0 KB-256.0 KB]: 5 frames, [256.0 KB-0.5 MB]: 13 frames, [0.5 MB-1.0 MB]: 5 frames, [1.0 MB-2.0 MB]: 12 frames, [2.0 MB-4.0 MB]: 9 frames, [4.0 MB-8.0 MB]: 16 frames
      Initial Block Size 4.0 MB
      Current Block Size 5.3 MB
      Peak Allocated Bytes 5.3 MB
      Overflow Count 28
    [ALLOC_TEMP_Loading.AsyncRead]
      Initial Block Size 64.0 KB
      Current Block Size 120.0 KB
      Peak Allocated Bytes 117.3 KB
      Overflow Count 0
    [ALLOC_TEMP_Loading.PreloadManager]
      Initial Block Size 256.0 KB
      Current Block Size 256.0 KB
      Peak Allocated Bytes 3.7 KB
      Overflow Count 4
    [ALLOC_TEMP_Background Job.Worker 8]
      Initial Block Size 32.0 KB
      Current Block Size 32.0 KB
      Peak Allocated Bytes 0 B
      Overflow Count 0
    [ALLOC_TEMP_Job.Worker 6]
      Initial Block Size 256.0 KB
      Current Block Size 256.0 KB
      Peak Allocated Bytes 0 B
      Overflow Count 0
    [ALLOC_TEMP_Job.Worker 0]
      Initial Block Size 256.0 KB
      Current Block Size 256.0 KB
      Peak Allocated Bytes 0 B
      Overflow Count 0
    [ALLOC_TEMP_Background Job.Worker 10]
      Initial Block Size 32.0 KB
      Current Block Size 32.0 KB
      Peak Allocated Bytes 0 B
      Overflow Count 0
    [ALLOC_TEMP_Background Job.Worker 9]
      Initial Block Size 32.0 KB
      Current Block Size 32.0 KB
      Peak Allocated Bytes 0 B
      Overflow Count 0
    [ALLOC_TEMP_Job.Worker 5]
      Initial Block Size 256.0 KB
      Current Block Size 256.0 KB
      Peak Allocated Bytes 0 B
      Overflow Count 0
    [ALLOC_TEMP_Background Job.Worker 14]
      Initial Block Size 32.0 KB
      Current Block Size 32.0 KB
      Peak Allocated Bytes 0 B
      Overflow Count 0
    [ALLOC_TEMP_Background Job.Worker 6]
      Initial Block Size 32.0 KB
      Current Block Size 32.0 KB
      Peak Allocated Bytes 0 B
      Overflow Count 0
    [ALLOC_TEMP_Job.Worker 4]
      Initial Block Size 256.0 KB
      Current Block Size 256.0 KB
      Peak Allocated Bytes 0 B
      Overflow Count 0
    [ALLOC_TEMP_ReadCacheIndex]
      Initial Block Size 64.0 KB
      Current Block Size 64.0 KB
      Peak Allocated Bytes 77 B
      Overflow Count 0
    [ALLOC_TEMP_Job.Worker 3]
      Initial Block Size 256.0 KB
      Current Block Size 256.0 KB
      Peak Allocated Bytes 0 B
      Overflow Count 0
    [ALLOC_TEMP_Background Job.Worker 12]
      Initial Block Size 32.0 KB
      Current Block Size 32.0 KB
      Peak Allocated Bytes 0 B
      Overflow Count 0
    [ALLOC_TEMP_EnlightenWorker] x 4
      Initial Block Size 64.0 KB
      Current Block Size 64.0 KB
      Peak Allocated Bytes 0 B
      Overflow Count 0
    [ALLOC_TEMP_Background Job.Worker 15]
      Initial Block Size 32.0 KB
      Current Block Size 32.0 KB
      Peak Allocated Bytes 0 B
      Overflow Count 0
    [ALLOC_TEMP_Background Job.Worker 1]
      Initial Block Size 32.0 KB
      Current Block Size 32.0 KB
      Peak Allocated Bytes 150 B
      Overflow Count 0
    [ALLOC_TEMP_Background Job.Worker 2]
      Initial Block Size 32.0 KB
      Current Block Size 32.0 KB
      Peak Allocated Bytes 65 B
      Overflow Count 1
    [ALLOC_TEMP_Background Job.Worker 7]
      Initial Block Size 32.0 KB
      Current Block Size 32.0 KB
      Peak Allocated Bytes 0 B
      Overflow Count 0
    [ALLOC_TEMP_UnityGfxDeviceWorker]
      Initial Block Size 256.0 KB
      Current Block Size 484.0 KB
      Peak Allocated Bytes 480.0 KB
      Overflow Count 1590
    [ALLOC_TEMP_AssetGarbageCollectorHelper] x 7
      Initial Block Size 64.0 KB
      Current Block Size 64.0 KB
      Peak Allocated Bytes 0 B
      Overflow Count 0
    [ALLOC_TEMP_Background Job.Worker 5]
      Initial Block Size 32.0 KB
      Current Block Size 32.0 KB
      Peak Allocated Bytes 0 B
      Overflow Count 0
    [ALLOC_TEMP_Background Job.Worker 13]
      Initial Block Size 32.0 KB
      Current Block Size 32.0 KB
      Peak Allocated Bytes 0 B
      Overflow Count 0
    [ALLOC_TEMP_Job.Worker 1]
      Initial Block Size 256.0 KB
      Current Block Size 256.0 KB
      Peak Allocated Bytes 0.6 KB
      Overflow Count 0
    [ALLOC_TEMP_Job.Worker 2]
      Initial Block Size 256.0 KB
      Current Block Size 256.0 KB
      Peak Allocated Bytes 328 B
      Overflow Count 0
    [ALLOC_TEMP_Background Job.Worker 3]
      Initial Block Size 32.0 KB
      Current Block Size 32.0 KB
      Peak Allocated Bytes 0 B
      Overflow Count 0
    [ALLOC_TEMP_Background Job.Worker 11]
      Initial Block Size 32.0 KB
      Current Block Size 32.0 KB
      Peak Allocated Bytes 0 B
      Overflow Count 0
    [ALLOC_TEMP_Background Job.Worker 0]
      Initial Block Size 32.0 KB
      Current Block Size 32.0 KB
      Peak Allocated Bytes 0 B
      Overflow Count 0
    [ALLOC_TEMP_Background Job.Worker 4]
      Initial Block Size 32.0 KB
      Current Block Size 32.0 KB
      Peak Allocated Bytes 0 B
      Overflow Count 0
    [ALLOC_TEMP_BatchDeleteObjects]
      Initial Block Size 64.0 KB
      Current Block Size 64.0 KB
      Peak Allocated Bytes 0 B
      Overflow Count 0
[ALLOC_DEFAULT] Dual Thread Allocator
  Peak main deferred allocation count 13647
    [ALLOC_BUCKET]
      Large Block size 4.0 MB
      Used Block count 1
      Peak Allocated bytes 4.0 MB
      Failed Allocations. Bucket layout:
        16B: 4 Subsections = 4096 buckets. Failed count: 113580
        32B: 30 Subsections = 15360 buckets. Failed count: 64640
        48B: 34 Subsections = 11605 buckets. Failed count: 110626
        64B: 89 Subsections = 22784 buckets. Failed count: 109019
        80B: 82 Subsections = 16793 buckets. Failed count: 70482
        96B: 6 Subsections = 1024 buckets. Failed count: 33491
        112B: 7 Subsections = 1024 buckets. Failed count: 13038
        128B: 4 Subsections = 512 buckets. Failed count: 7898
    [ALLOC_DEFAULT_MAIN]
      Peak usage frame count: [16.0 MB-32.0 MB]: 4075 frames, [64.0 MB-128.0 MB]: 17 frames, [128.0 MB-256.0 MB]: 137 frames, [256.0 MB-0.50 GB]: 3795 frames
      Requested Block Size 16.0 MB
      Peak Block count 19
      Peak Allocated memory 343.0 MB
      Peak Large allocation bytes 72.0 MB
    [ALLOC_DEFAULT_THREAD]
      Peak usage frame count: [4.0 MB-8.0 MB]: 4075 frames, [8.0 MB-16.0 MB]: 28 frames, [16.0 MB-32.0 MB]: 3920 frames, [64.0 MB-128.0 MB]: 1 frames
      Requested Block Size 16.0 MB
      Peak Block count 2
      Peak Allocated memory 88.1 MB
      Peak Large allocation bytes 64.0 MB
[ALLOC_TEMP_JOB_1_FRAME]
  Initial Block Size 2.0 MB
  Used Block Count 0
  Overflow Count (too large) 0
  Overflow Count (full) 0
[ALLOC_TEMP_JOB_2_FRAMES]
  Initial Block Size 2.0 MB
  Used Block Count 0
  Overflow Count (too large) 0
  Overflow Count (full) 0
[ALLOC_TEMP_JOB_4_FRAMES (JobTemp)]
  Initial Block Size 2.0 MB
  Used Block Count 1
  Overflow Count (too large) 6
  Overflow Count (full) 0
[ALLOC_TEMP_JOB_ASYNC (Background)]
  Initial Block Size 1.0 MB
  Used Block Count 1
  Overflow Count (too large) 13
  Overflow Count (full) 0
[ALLOC_GFX] Dual Thread Allocator
  Peak main deferred allocation count 2464
    [ALLOC_BUCKET]
      Large Block size 4.0 MB
      Used Block count 1
      Peak Allocated bytes 4.0 MB
      Failed Allocations. Bucket layout:
        16B: 4 Subsections = 4096 buckets. Failed count: 113580
        32B: 30 Subsections = 15360 buckets. Failed count: 64640
        48B: 34 Subsections = 11605 buckets. Failed count: 110626
        64B: 89 Subsections = 22784 buckets. Failed count: 109019
        80B: 82 Subsections = 16793 buckets. Failed count: 70482
        96B: 6 Subsections = 1024 buckets. Failed count: 33491
        112B: 7 Subsections = 1024 buckets. Failed count: 13038
        128B: 4 Subsections = 512 buckets. Failed count: 7898
    [ALLOC_GFX_MAIN]
      Peak usage frame count: [64.0 KB-128.0 KB]: 1 frames, [2.0 MB-4.0 MB]: 4176 frames, [4.0 MB-8.0 MB]: 3792 frames, [8.0 MB-16.0 MB]: 13 frames, [16.0 MB-32.0 MB]: 14 frames, [32.0 MB-64.0 MB]: 9 frames, [64.0 MB-128.0 MB]: 4 frames, [128.0 MB-256.0 MB]: 14 frames, [0.50 GB-1.00 GB]: 1 frames
      Requested Block Size 16.0 MB
      Peak Block count 15
      Peak Allocated memory 0.75 GB
      Peak Large allocation bytes 0.75 GB
    [ALLOC_GFX_THREAD]
      Peak usage frame count: [0-1.0 KB]: 4292 frames, [2.0 KB-4.0 KB]: 1 frames, [8.0 KB-16.0 KB]: 3731 frames
      Requested Block Size 16.0 MB
      Peak Block count 1
      Peak Allocated memory 9.5 KB
      Peak Large allocation bytes 0 B
[ALLOC_CACHEOBJECTS] Dual Thread Allocator
  Peak main deferred allocation count 110
    [ALLOC_BUCKET]
      Large Block size 4.0 MB
      Used Block count 1
      Peak Allocated bytes 4.0 MB
      Failed Allocations. Bucket layout:
        16B: 4 Subsections = 4096 buckets. Failed count: 113580
        32B: 30 Subsections = 15360 buckets. Failed count: 64640
        48B: 34 Subsections = 11605 buckets. Failed count: 110626
        64B: 89 Subsections = 22784 buckets. Failed count: 109019
        80B: 82 Subsections = 16793 buckets. Failed count: 70482
        96B: 6 Subsections = 1024 buckets. Failed count: 33491
        112B: 7 Subsections = 1024 buckets. Failed count: 13038
        128B: 4 Subsections = 512 buckets. Failed count: 7898
    [ALLOC_CACHEOBJECTS_MAIN]
      Peak usage frame count: [4.0 MB-8.0 MB]: 1 frames, [8.0 MB-16.0 MB]: 4122 frames, [32.0 MB-64.0 MB]: 3901 frames
      Requested Block Size 4.0 MB
      Peak Block count 10
      Peak Allocated memory 38.7 MB
      Peak Large allocation bytes 0 B
    [ALLOC_CACHEOBJECTS_THREAD]
      Peak usage frame count: [4.0 KB-8.0 KB]: 4137 frames, [32.0 KB-64.0 KB]: 1 frames, [64.0 KB-128.0 KB]: 3812 frames, [128.0 KB-256.0 KB]: 13 frames, [256.0 KB-0.5 MB]: 60 frames, [0.5 MB-1.0 MB]: 1 frames
      Requested Block Size 4.0 MB
      Peak Block count 1
      Peak Allocated memory 0.5 MB
      Peak Large allocation bytes 0 B
[ALLOC_TYPETREE] Dual Thread Allocator
  Peak main deferred allocation count 0
    [ALLOC_BUCKET]
      Large Block size 4.0 MB
      Used Block count 1
      Peak Allocated bytes 4.0 MB
      Failed Allocations. Bucket layout:
        16B: 4 Subsections = 4096 buckets. Failed count: 113580
        32B: 30 Subsections = 15360 buckets. Failed count: 64640
        48B: 34 Subsections = 11605 buckets. Failed count: 110626
        64B: 89 Subsections = 22784 buckets. Failed count: 109019
        80B: 82 Subsections = 16793 buckets. Failed count: 70482
        96B: 6 Subsections = 1024 buckets. Failed count: 33491
        112B: 7 Subsections = 1024 buckets. Failed count: 13038
        128B: 4 Subsections = 512 buckets. Failed count: 7898
    [ALLOC_TYPETREE_MAIN]
      Peak usage frame count: [0-1.0 KB]: 1 frames, [4.0 KB-8.0 KB]: 4071 frames, [16.0 KB-32.0 KB]: 1 frames, [32.0 KB-64.0 KB]: 64 frames, [256.0 KB-0.5 MB]: 3887 frames
      Requested Block Size 2.0 MB
      Peak Block count 1
      Peak Allocated memory 314.2 KB
      Peak Large allocation bytes 0 B
    [ALLOC_TYPETREE_THREAD]
      Peak usage frame count: [0-1.0 KB]: 8024 frames
      Requested Block Size 2.0 MB
      Peak Block count 0
      Peak Allocated memory 0 B
      Peak Large allocation bytes 0 B
src/steamnetworkingsockets/clientlib/steamnetworkingsockets_lowlevel.cpp (4126) : Trying to close low level socket support, but we still have sockets open!
03/11 09:07:33 minidumps folder is set to /tmp/dumps
03/11 09:07:33 Init: Installing breakpad exception handler for appid(rimworldlinux)/version(1.0)/tid(26240)
assert_20260311090733_3.dmp[28175]: Uploading dump (out-of-process)
/tmp/dumps/assert_20260311090733_3.dmp
src/steamnetworkingsockets/clientlib/steamnetworkingsockets_lowlevel.cpp (4126) : Trying to close low level socket support, but we still have sockets open!
assert_20260311090733_3.dmp[28175]: Finished uploading minidump (out-of-process): success = yes
assert_20260311090733_3.dmp[28175]: response: Discarded=1
assert_20260311090733_3.dmp[28175]: file ''/tmp/dumps/assert_20260311090733_3.dmp'', upload yes: ''Discarded=1''
pid 28175 != 28174, skipping destruction (fork without exec?)
