2026-03-17T00:39:01 [i] Pegasus alpha16-93-g7d08fdc5 (2026-03-02)
2026-03-17T00:39:01 [i] Running on CachyOS (x86_64, wayland)
2026-03-17T00:39:01 [i] Qt version 5.15.18
2026-03-17T00:39:01 [i] Program settings loaded (`/home/luther/.config/pegasus-frontend/settings.txt`)
2026-03-17T00:39:01 [i] Found locale `ar`
2026-03-17T00:39:01 [i] Found locale `bs`
2026-03-17T00:39:01 [i] Found locale `ca`
2026-03-17T00:39:01 [i] Found locale `de`
2026-03-17T00:39:01 [i] Found locale `en-GB`
2026-03-17T00:39:01 [i] Found locale `en`
2026-03-17T00:39:01 [i] Found locale `es`
2026-03-17T00:39:01 [i] Found locale `fr`
2026-03-17T00:39:01 [i] Found locale `hu`
2026-03-17T00:39:01 [i] Found locale `it`
2026-03-17T00:39:01 [i] Found locale `ja`
2026-03-17T00:39:01 [i] Found locale `ko`
2026-03-17T00:39:01 [i] Found locale `lt`
2026-03-17T00:39:01 [i] Found locale `nl`
2026-03-17T00:39:01 [i] Found locale `pt-BR`
2026-03-17T00:39:01 [i] Found locale `ru`
2026-03-17T00:39:01 [i] Found locale `sv`
2026-03-17T00:39:01 [i] Found locale `zh-TW`
2026-03-17T00:39:01 [i] Found locale `zh`
2026-03-17T00:39:01 [i] Locale set to `en`
2026-03-17T00:39:01 [i] Found theme `Pegasus Grid` at `:/themes/pegasus-theme-grid/`
2026-03-17T00:39:01 [i] SDL version 2.32.64
2026-03-17T00:39:01 [i] Theme set to `Pegasus Grid` (`:/themes/pegasus-theme-grid/`)
2026-03-17T00:39:01 [w] qt.qpa.wayland: Wayland does not support QWindow::requestActivate()
2026-03-17T00:39:01 [i] Pegasus Metafiles: No metadata files found
2026-03-17T00:39:01 [i] Pegasus Metafiles: Finished searching in 0ms
2026-03-17T00:39:01 [i] Pegasus Media: Finished searching in 0ms
2026-03-17T00:39:01 [i] Steam: Found installation at `/home/luther/.local/share/Steam/`
2026-03-17T00:39:01 [i] Steam: Found `/home/luther/.local/share/Steam/config/config.vdf`
2026-03-17T00:39:01 [i] Steam: Found `/home/luther/.local/share/Steam/steamapps/libraryfolders.vdf`
2026-03-17T00:39:01 [i] Steam: 19 games found
2026-03-17T00:39:01 [i] Steam: Finished searching in 27ms
2026-03-17T00:39:01 [i] GOG: 0 games found
2026-03-17T00:39:01 [i] GOG: Finished searching in 0ms
2026-03-17T00:39:01 [i] EmulationStation: No installation found
2026-03-17T00:39:01 [i] EmulationStation: Finished searching in 0ms
2026-03-17T00:39:01 [i] Logiqx: Finished searching in 0ms
2026-03-17T00:39:01 [i] Lutris: No installation found
2026-03-17T00:39:01 [i] Lutris: Finished searching in 0ms
2026-03-17T00:39:01 [i] Skraper Assets: 0 assets found
2026-03-17T00:39:01 [i] Skraper Assets: Finished searching in 0ms
2026-03-17T00:39:01 [i] Pegasus Favorites: Finished searching in 0ms
2026-03-17T00:39:01 [i] Pegasus Playtime: Finished searching in 0ms
2026-03-17T00:39:01 [i] Waiting for online sources...
2026-03-17T00:39:01 [i] SDL2: using default layout for gamepad #0
2026-03-17T00:39:01 [i] Gamepad: Connected device 0x0 (Keebio Iris Rev. 4 System Control)
2026-03-17T00:39:03 [i] Waiting for online sources took 2418ms
2026-03-17T00:39:03 [w] The collection 'GOG' has no valid games, ignored
2026-03-17T00:39:03 [i] Game list post-processing took 0ms
2026-03-17T00:39:03 [i] 19 games found
2026-03-17T00:39:22 [i] Program settings saved
2026-03-17T00:39:24 [i] Program settings saved
2026-03-17T00:39:24 [w] qt.qpa.wayland: Wayland does not support QWindow::requestActivate()
2026-03-17T00:39:24 [w] qrc:/frontend/menu/settings/common/SimpleButton.qml:32: TypeError: Cannot read property 'width' of null
2026-03-17T00:39:24 [w] qrc:/frontend/menu/settings/common/SimpleButton.qml:32: TypeError: Cannot read property 'width' of null
2026-03-17T00:39:24 [w] qrc:/frontend/menu/settings/common/ToggleOption.qml:31: TypeError: Cannot read property 'width' of null
2026-03-17T00:39:28 [w] qrc:/frontend/menu/settings/common/MultivalueOption.qml:33: TypeError: Cannot read property 'width' of null
2026-03-17T00:39:57 [i] Program settings saved
2026-03-17T00:39:58 [i] Program settings saved
2026-03-17T00:39:59 [i] Program settings saved
2026-03-17T00:40:04 [i] Reloading...
2026-03-17T00:40:04 [i] Pegasus Metafiles: No metadata files found
2026-03-17T00:40:04 [i] Pegasus Metafiles: Finished searching in 0ms
2026-03-17T00:40:04 [i] Pegasus Media: Finished searching in 0ms
2026-03-17T00:40:04 [i] Steam: Found installation at `/home/luther/.local/share/Steam/`
2026-03-17T00:40:04 [i] Steam: Found `/home/luther/.local/share/Steam/config/config.vdf`
2026-03-17T00:40:04 [i] Steam: Found `/home/luther/.local/share/Steam/steamapps/libraryfolders.vdf`
2026-03-17T00:40:04 [i] Steam: 19 games found
2026-03-17T00:40:04 [i] Steam: Finished searching in 3ms
2026-03-17T00:40:04 [i] GOG: 0 games found
2026-03-17T00:40:04 [i] GOG: Finished searching in 0ms
2026-03-17T00:40:04 [i] EmulationStation: No installation found
2026-03-17T00:40:04 [i] EmulationStation: Finished searching in 0ms
2026-03-17T00:40:04 [i] Pegasus Favorites: Finished searching in 0ms
2026-03-17T00:40:04 [i] Pegasus Playtime: Finished searching in 0ms
2026-03-17T00:40:04 [i] Waiting for online sources...
2026-03-17T00:40:04 [i] Waiting for online sources took 0ms
2026-03-17T00:40:04 [w] The collection 'GOG' has no valid games, ignored
2026-03-17T00:40:04 [i] Game list post-processing took 0ms
2026-03-17T00:40:04 [e] QQmlEngine: Illegal attempt to connect to QQmlDMAbstractItemModelData(0x7ff0d0054af0) that is in a different thread than the QML engine QQmlApplicationEngine(0x560e40db15a0.
