[7/8/2024, 4:30:21 PM] LEGENDARY_CONFIG_PATH=/home/luther/.config/heroic/legendaryConfig/legendary /opt/Heroic/resources/app.asar.unpacked/build/bin/linux/legendary --version
legendary version "0.20.34", codename "Direct Intervention"
[7/8/2024, 4:30:22 PM] LEGENDARY_CONFIG_PATH=/home/luther/.config/heroic/legendaryConfig/legendary /opt/Heroic/resources/app.asar.unpacked/build/bin/linux/legendary list --third-party
[cli] INFO: Logging in...
[Core] INFO: Logging in...
[cli] INFO: Getting game list... (this may take a while)
[Core] INFO: Fetching metadata for 1 app(s).

Available games:
 * 20XX (App name: Quail | Version: 1.42.13rc1)
 * 3 out of 10, EP 1: "Welcome To Shovelworks" (App name: Flounder | Version: R01_S01_E05_V007_CL16693)
 * 3 out of 10, EP 2: "Foundation 101" (App name: 1317e4e3b3ed40c289dde85b194347d3 | Version: R02_S01_E02_V007_CL16693)
 * 3 out of 10, EP 3: "Pivot Like A Champion" (App name: d86f9cb568014746a15f66025dcc5733 | Version: R03_S01_E01_V007_CL16693)
 * 3 out of 10, EP 4: "Thank You For Being An Asset" (App name: b2f57e24edcb4537bd76dff8b056a03e | Version: R04_S01_E04_V007_CL16693)
 * 3 out of 10, EP 5: "The Rig Is Up!" (App name: 69c5351eacc540fd8850e12e90726e59 | Version: R05_S01_E06_V007_CL16693)
 * >observer_ (App name: Tumeric | Version: 1.0.0d)
 * A Plague Tale: Innocence (App name: e0fa47ae79514345823bff209ae29451 | Version: EGS_1.08.4)
 * Absolute Drift (App name: 19927295d6e3467887d4e830d8c85963 | Version: Win_202306231055)
 * ABZU (App name: Curry | Version: 1.0)
 * Adios (App name: 73c56a1f38a548b2852ce8608c5e436e | Version: 1.0.0.11)
 * Alan Wake (App name: Heron | Version: 01.07)
 * Alan Wake's American Nightmare (App name: Condor | Version: 01.03)
 * Alien: Isolation (App name: 8935bb3e1420443a9789fe01758039a5 | Version: 1.0RC5.284847.51533)
 * Amnesia: Rebirth (App name: f59de18db4dc445f88ffeff24d081234 | Version: 1.42)
 * Among the Sleep - Enhanced Edition (App name: aa78f7be2ee64193b6b6444c5fc50157 | Version: Windows.3.1.0.41_Win64_DLL_Fix)
 * Ancient Enemy (App name: a96de508ac71471fa05e7c1c695e3b5d | Version: 1.03fix)
 * ARK: Survival Evolved (App name: aafc587fbf654758802c8e41e4fb3255 | Version: 358.26.win)
 * art of rally (App name: 01805192c8074820b1257fcfd97f2648 | Version: Windows_1.5.5_202405201943)
 * Assassins Creed Syndicate (App name: Albacore | Version: 1.54)
  - This game can be activated directly on your Ubisoft account and does not require legendary to install/run. Use "legendary activate --uplay" and follow the instructions.
 * Auto Chess (App name: Chicken | Version: 2.27.2)
 * Automachef (App name: 069a60f6b0514a5fbe81b38957c1ddfd | Version: 15)
 * Axiom Verge (App name: Puffin | Version: 1.53)
 * Axiom Verge Randomizer Beta (App name: 3017c57256b640519e6b84b44a4ac940 | Version: 1.58)
 * Bad North Jotunn Edition (App name: Chives | Version: 2.00.5)
 * Barony (App name: c98c4cd6d83a4524b4b22f13af95a104 | Version: v4.2.1-emh-070324-hf1-1)
 * Barony (Beta) (App name: 24349b736ad74d9db72e6cab21933877 | Version: v4.2.1-emh-070324-hf1-1)
 * Batman™ Arkham Asylum Game of the Year Edition (App name: Godwit | Version: 1.93)
 * Batman™ Arkham City - Game of the Year Edition (App name: Egret | Version: 1.7)
 * Batman™ Arkham Knight (App name: Cowbird | Version: 1.999)
 * Battle Breakers (App name: WorldExplorersLive | Version: 1.88.244-r17036752-Windows)
 * Beyond Blue (App name: 3a0cae9455844390ad00505a704d641e | Version: 1.7.17766)
 * Beyond Typicals 3 (App name: 0978612958344561909cb52caa66a977 | Version: 3.0.3.33)
 * BioShock 2 Remastered (App name: b22ce34b4ce0408c97a888554447479b | Version: 1.0.0_BN-138_CL-17677)
 * BioShock Infinite: Complete Edition (App name: f9d6f0530ea140909f8e8a997a7532d7 | Version: 1.0.0_BN-314_CL-17899)
 * BioShock Remastered (App name: bc2c95c6ff564a16b26644f1d3ac3c55 | Version: 1.0.0_BN-187_CL-17677)
 * Black Book (App name: 1d74dcbca79540efb52cab2ff026215f | Version: 1.0.51win64)
 * Blazing Sails (App name: ed5f5b7f2e1f43c89ea8bafd15591bda | Version: 3.0.6.9)
 * Bloons TD 6 (App name: 7786b355a13b47a6b3915335117cd0b2 | Version: 43.3.8118)
 * Borderlands 2 (App name: Dodo | Version: 2.0.2_BN347_CL2863302)
 * Borderlands 3 (App name: Catnip | Version: 1.0.24_CL_3240126_Borderlands_3)
 * Borderlands: The Pre-Sequel (App name: Turkey | Version: 2.0.2_BN160_CL2863302)
 * Bridge Constructor: The Walking Dead (App name: 998af0ab527c493baefb8049250c9a0e | Version: 1.0r31Win)
 * Call of the Sea (App name: 6278dd278d714aeb88239a423fa0f8be | Version: 1.5.4.10)
 * Call of the Wild: The Angler™ (App name: fe4168b810314c2fb93f1803e2fe431e | Version: tortoise_delivery_2788322_2788322)
 * Carcassonne (App name: Thrush | Version: 1.10.2967-win)
 * Cat Quest II (App name: 6a2cc8b03e684bbd9096a338f96a7ba2 | Version: 1.0.1)
 * Celeste (App name: Salt | Version: 1.4.0.0-Windows)
 * Chimeraland (App name: e653be7ff19146c9ada904ae8a78f928 | Version: 2.3.1.25)
 * Chivalry 2 (App name: Peppermint | Version: 257742+4847)
 * Chivalry 2 - Public Testing (App name: ca02598c9a5c4d5491d6431ce8e8d6e7 | Version: 250491+4716)
 * Cities Skylines (App name: bcbc03d8812a44c18f41cf7d5f849265 | Version: 1.17.1-f4-fixed)
 * City of Brass (App name: Arrowroot | Version: 1.6.3.0)
 * City of Gangsters (App name: 002b00085aeb49b1a3f3c42e3f918f2f | Version: 1.4.3.5)
 * Close to the Sun (App name: Silene | Version: 120)
 * Conarium (App name: Canary | Version: 1.0.0.6)
 * Costume Quest 2 (App name: 82a78a4dd6ef4eaa892707791b705073 | Version: 1)
 * Creature in the Well (App name: a579a08e71b341e6af106dbd170e2ab2 | Version: 1.0.0-137001-1)
 * Crying Suns (App name: 18fafa2d70d64831ab500a9d65ba9ab8 | Version: 3.0.1.20-WIN64)
 * Cursed to Golf (App name: 077d2507a5fe4073bf0dd69485f425f5 | Version: 2.0.1)
 * DAEMON X MACHINA (App name: f4f0d39fbb4640e0be62aa91d9eca87d | Version: 1.0.6)
 * Dakar Desert Rally (App name: 4aff63ad39cb4fe7a61720d59a4cebc6 | Version: 2.3.420)
 * Dandara: Trials of Fear Edition (App name: c35b9699c4e24c56976b5bd8eceba464 | Version: 1.4.11-pc)
 * Dark Deity (App name: e21be436768f4add87d4935a180b4932 | Version: 1.58)
 * Darkwood (App name: 923130ebb546417b9d3115507f752d34 | Version: win64_1.4.2)
 * DARQ (App name: ee96375fac2f47de978170a24398e581 | Version: 1.3.2d)
 * Dauntless (App name: Jackal | Version: 1.14.7.647472)
 * Dead by Daylight (App name: Brill | Version: DBD_Live_EGS_Shipping_306_1820599_8.0.2.2)
 * Death Stranding (App name: Boga | Version: 2742586.206.1)
 * Death Stranding Content (App name: 5bf67f3153364181b54cb9e40ca7fa82 | Version: 1.01)
  + DEATH STRANDING DIGITAL SOUNDTRACK (App name: 84067e3ec8f149b2bbf2342d7a136065 | Version: 1.02)
  + HD Wallpaper (App name: f8bf1e29bbef480a9b28115ad0d644a0 | Version: 1.02)
  + SELECTIONS OF TITAN ART BOOK (App name: c311b22f878749449886949eeb588999 | Version: 1.01)
 * Defense Grid: The Awakening (App name: a434dcb20f0d439b93aaa31dac9e3210 | Version: 1.263117)
 * Deliver Us Mars (App name: 9d943a160fa841859ac5c1f233789fcb | Version: 2.0035387)
 * Delores: A Thimbleweed Park mini-adventure (App name: fe6c485736bc4ed48c835290ce48099b | Version: 1.0.89185-win)
 * DEMON'S TILT (App name: b8b37813c5634dbdac61d88ff411135c | Version: SmallUIFix)
 * Deponia The Complete Journey (App name: 03b7b25a77024cc0adf44777f791ffc4 | Version: 3.3.0156.8)
 * Dishonored - Definitive Edition (App name: d2da64bd4c4e422da4b1a88041492a3a | Version: 1.6)
 * Dishonored®: Death of the Outsider™ (App name: 2fb8273dcf6f41e4899c0c881e047053 | Version: 0.0.0.4)
 * Dodo Peak (App name: 30647199e65341c2be84d81fa6964ff0 | Version: 1_5_5)
 * DOOM 64 (App name: 5b60142e120c4f2d88027595c21d4a04 | Version: 2124)
 * Doors - Paradox (App name: 91e82f342ebf42309703e9ba363daedf | Version: 1.00)
 * Duskers (App name: 1e9c3a9a10c6463e9c065f371b8b42bf | Version: 1.205)
 * EARTHLOCK (App name: 4a4ffcf1a8354008bcc3b28280dd2419 | Version: Windows.0.1.1_dev_7_Win64)
 * Elite Dangerous (App name: 9c203b6ed35846e8a4a9ff1e314f6593 | Version: 3.8.289583-1.7.6974)
 * Encased (App name: af0facaba8e643c1b9850d0683ff56df | Version: 1.3.1517.1645)
 * Enter the Gungeon (App name: Garlic | Version: 2.1.9a)
 * Epistory - Typing Chronicles (App name: 4ec72fd8cbd94aa4acc61624c68fbc4f | Version: 0.9)
 * Eternal Threads (App name: ff1d9bf6b1304cb9a12b8754afa78ae5 | Version: 1.07)
 * Europa Universalis IV (App name: da0103e959e54d139d0c109ded3b3672 | Version: eu4-GitlabCI-Build-release_1.37.2-1cf8b477-windows)
 * Evil Dead The Game (App name: 5c147002780d4e6eb292f54edfe73fda | Version: S2117_Patch20)
 * Evoland Legendary Edition (App name: 530f09c9ac834a7bbc98056c69b44471 | Version: 1.0.0)
 * Eximius: Seize the Frontline (App name: 70f92598b33d42e290e411f07397aeee | Version: 1.2.2-18-85)
 * Faeria (App name: Vulture | Version: 0.20.3(Win))
 * Fallout 2: A Post Nuclear Role Playing Game (App name: 74034e8449f2470d9f45115f3a49f9aa | Version: 1.3)
 * Fallout 3: Game of the Year Edition (App name: adeae8bbfc94427db57c7dfecce3f1d4 | Version: 1.11)
 * Fallout Tactics: Brotherhood of Steel (App name: 908f75e7f1624819a70c27f543741dcd | Version: 1.4)
 * Fallout: A Post Nuclear Role Playing Game (App name: f8ef168f3522419caad27d82878e0329 | Version: 1.3)
 * Fallout: New Vegas (App name: 5daeb974a22a435988892319b3a4f476 | Version: 0.0.0.15)
  + Fallout New Vegas: Courier's Stash (App name: ee9a44b4530942499ef1c8c390731fce | Version: 0.0.0.3)
  + Fallout New Vegas®: Dead Money (App name: b290229eb58045cbab9501640f3278f3 | Version: 0.0.0.2)
  + Fallout New Vegas®: Gun Runners’ Arsenal™ (App name: 7dcfb9cd9d134728b2646466c34c7b3b | Version: 0.0.0.2)
  + Fallout New Vegas®: Honest Hearts (App name: 562d4a2c1b3147b089a7c453e3ddbcbe | Version: 0.0.0.4)
  + Fallout New Vegas®: Lonesome Road™ (App name: 4fa3d8d9b2cb4714a19a38d1a598be8f | Version: 0.0.0.2)
  + Fallout New Vegas®: Old World Blues (App name: c8dae1ab0570475a8b38a9041e614840 | Version: 0.0.0.3)
 * Farming Simulator 22 (App name: f452ea20ae1b43698209998b56c2cc1c | Version: 1.14.0.0_FarmP_1_1_win_b29250_r86546)
 * Filament (App name: 14a38161ad3c45adab18425415b5df3d | Version: 1.21)
 * First Class Trouble (App name: 0c942b2c920149ff986af1ed93c92ddf | Version: 1.9.7.5-45341)
 * FM21 Editor (App name: 5d69d0ab27814455ae0ddce0fcfbb86a | Version: 494-win-epic-editor)
 * FM21 Resource Archiver (App name: 75c4c59461b946028448dd1bf17b64c6 | Version: 193-win-epic-resource_archiver)
 * Football Manager 2020 (App name: bf35243e8c3542e082bc7042e0592183 | Version: 1260-win)
 * Football Manager 2021 (App name: ec997512b77d4dd5baf30ab5c2f8e8c9 | Version: 1540115-win)
 * Football Manager 2021 Touch (App name: 6f5862ba65244cfe86490f253d64feb1 | Version: 1540190-win)
 * For Honor (App name: Sundrop | Version: 3001)
  - This game can be activated directly on your Ubisoft account and does not require legendary to install/run. Use "legendary activate --uplay" and follow the instructions.
 * Fort Triumph (App name: 320ba4df8b36412d983ffcffd3e0e8f0 | Version: 1.1.7 Win64)
 * Fortnite (App name: Fortnite | Version: ++Fortnite+Release-30.20-CL-34597766-Windows)
 * Freshly Frosted (App name: c95f2c3e2e8b41f1bb9de3036e53f319 | Version: 20240614132218)
 * Frostpunk (App name: b2e00fc16632475782a7730d1bd7cb60 | Version: 0.0.10)
 * Galactic Civilizations III (App name: 5f1c66366b2c4a6496d535d88c56e6cf | Version: v4.52.368416)
 * Galactic Civilizations III (Test branch) (App name: 8931f79300d04c5889799bffc8ef70bd | Version: v4.52.368416)
 * Gamedec - Definitive Edition (App name: a01150ee6deb406c92dd2b2445186163 | Version: 20221128_1.7.1.r70100)
 * Geneforge 1: Mutagen (App name: caa2c69bf2dc40b2b883e4cbbf5b0ab2 | Version: gfwinr1021)
 * Ghostrunner (App name: ea8df71f923649a193ab1c1fded7e1b3 | Version: 42507)
 * Ghostwire Tokyo (App name: 007ff8f4e30845a687e66aa77eb3e965 | Version: CL642509-A)
 * GigaBash (App name: 2dc25e07aa624edf9ff132c09ce23a7c | Version: 243)
 * Gloomhaven (App name: 1bcd791d54684eb29ed32ad1c0593d12 | Version: 1.1.8307.0)
 * GNOG (App name: Penguin | Version: 1.0-Win)
 * God's Trigger (App name: 9bc4423d873845739cc99ab69b6bfbe9 | Version: 1.2.58760.3)
 * Godfall (App name: Carp | Version: 5.1.23-prod-stable)
 * Godlike Burger (App name: f7c6294c948b47378659c9a963f449be | Version: 1.0.7.0)
 * Gods Will Fall (App name: 69911638c74449d2a2651241be1b3ad4 | Version: 78)
 * Golden Light (App name: 0eeaae41305043f7a465310eb2cbaff9 | Version: 1.0.5)
 * Grand Theft Auto V (App name: 9d2d0eb64d5c44529cece33fe2a46482 | Version: 1.0.3258.0)
 * Guacamelee! 2 (App name: fab83c3bf3d449718e042d44369e7fb6 | Version: Guac2_07-07-2023_17-30-36+36)
 * Guacamelee! Super Turbo Championship Edition (App name: 25b902f42cf04b17bc8a3db2f7292d58 | Version: GuacSTCE_29-06-2023_16-43-23+66)
 * Halcyon 6 (App name: b9e848fc5e844f4285b0624789476664 | Version: 1.4.3.5)
 * Hell is other demons (App name: 5ade01bafec54a148024665ce978b2a4 | Version: 0.0.17-win)
 * Hell is Others (App name: 0e70be0cea0446599acb4c26d2e925f9 | Version: 2.1.6-20231123_1713)
 * Heroes & Generals WWII (App name: 8836f84a700140bb86103556cd7db0d4 | Version: live-173288)
 * Homeworld Remastered Collection (App name: dcfccf8d965a4f2281dddf9fead042de | Version: 3409635)
 * Hood Outlaws and Legends (App name: 098f5323a3994362b6c68503d8cf3d57 | Version: HoodStaging2022R14Client_Win64Epic_Shipping_1601377.zip_Live)
 * Horizon Chase Turbo (App name: bb406082b69a47208489d3616b22b5c2 | Version: 2.0.202311091807)
 * Human Resource Machine (App name: Basil | Version: 1.0.1)
 * Hundred Days - Winemaking Simulator (App name: a74e41bbacdc4a4798befb4d55b441de | Version: v1.5.3w6)
 * Hyper Light Drifter (App name: Parakeet | Version: 1.0.0)
 * Idle Champions of the Forgotten Realms (App name: 40cb42e38c0b4a14a1bb133eb3291572 | Version: IdleDragons583164Live)
 * In Sound Mind (App name: 29ee5d32f328471590b3bd3ac03ed7d0 | Version: 1.027)
 * INDUSTRIA (App name: 78903903b1f1419bae248467f27ff470 | Version: 1.3.2)
 * Infinifactory (App name: c7b3c16f56cb45abbfd915d59fd39689 | Version: 1.0.13)
 * Inside (App name: Marigold | Version: 1.0.0)
 * Insurmountable (App name: 8b556e7471ac46eda46445d93fa2e73f | Version: 2.0.7.3)
 * Into The Breach (App name: Blobfish | Version: 1.2.93)
 * Invincible Presents: Atom Eve (App name: ef50503adc284a8ba65d4dea1ecce91a | Version: 1.0.25523)
 * Iratus (App name: 82ab0adb6e0b41bea531fcbb0c43cfc7 | Version: 0.96010)
 * Ironcast (App name: ac8f20a7931e4d63a1db4dc1267ec3d1 | Version: 1.0.1)
 * Islets (App name: 5e37739a766b4457981d2992f93ac72c | Version: 1.03)
 * Jitsu Squad (App name: ca584681f53d4dedab49340ad598e1b8 | Version: 1.2.1.0)
 * Jotun Valhalla Edition (App name: Grouse | Version: 1.02)
 * Jurassic World Evolution (App name: 373a4372c20540aca7fdd880d27fa49a | Version: 1.12.7.54973)
 * Just Cause 4 (App name: Kakopo | Version: JC4_2226912_1830540)
 * Ken Follett's The Pillars of the Earth (App name: 819985835fd54090845e3083e28b77bb | Version: 1.2.12950-64Bit)
 * Kerbal Space Program (App name: a1e2ce30defe4a9187ebc14fc9d2bd8b | Version: KSP.1.12.5.win64.full)
 * Killing Floor 2 (App name: Finch | Version: 537162-2024_01_30_21h15m50s)
 * KillingFloor2Beta (App name: 3223ccf6ac9b4189bd4e144c047d33fb | Version: NOVERSION-2022_10_20_16h30m51s)
 * Last Day of June (App name: Pumpkin | Version: 1.0)
 * Lawn Mowing Simulator (App name: 7a555b9dd80a4992a6ea33fe3f6b13c8 | Version: 9705)
 * Layers of Fear (App name: Cilantro | Version: 1.1.1e)
 * Layers of Fear 2 (App name: 473e24df09f843a1acc4aa16b01dae83 | Version: 1.0.0.0)
 * Legendary Road Online (App name: 3e60aaf2ca294b6390913f29fcc2b847 | Version: 1.282)
 * LEGO® Batman™ 2 DC Super Heroes (App name: Grackle | Version: 1.6)
 * LEGO® Batman™ 3 Beyond Gotham (App name: Gull | Version: 1.6)
 * LEGO® Batman™ The Videogame (App name: Goldeneye | Version: 1.2)
 * Lifeless Planet: Premier Edition (App name: 860a4feefe2a4f48905ae86c61d5db64 | Version: 1.0.0)
 * Limbo (App name: Hazelnut | Version: 1.0.1)
 * Loop Hero (App name: f7a0ebb44f93430fb1c4388a395eba96 | Version: 11054)
 * Magic The Gathering Arena (App name: stargazer | Version: 6143.1076088)
 * Magic: Legends (App name: f65978f976a944bcac6a51c5ba0afbec | Version: CL_2021_03_12_14_37)
 * Maneater (App name: Turtle | Version: 43151315)
 * Marvel's Guardians of the Galaxy (App name: 63a665088eb1480298f1e57943b225d8 | Version: 2984448)
  + Marvel's Guardians of the Galaxy: Social-Lord Outfit (App name: 9596620d263b40c083ddf1f0c662c8ff | Version: 2978210)
 * Marvel's Midnight Suns (App name: 49550aa9fcd74552ae07c4e9f2c262fe | Version: 1.0.0.930465)
 * Melvor Idle (App name: 7458160f5c18450cad7e95844a5dcdff | Version: 1.0.0-14-x64-sdk)
 * Metro 2033 Redux (App name: Petunia | Version: 0.1.0.0)
 * Metro Last Light Redux (App name: Speedwell | Version: 0.1.0.0)
 * Midnight Ghost Hunt (App name: 456f53b28c384f02865874299f956501 | Version: 1.1.1)
 * Mighty Fight Federation (App name: c9a6ab84f1ea48afb2317a9429a0da9a | Version: 0.1.1)
 * Minit (App name: Petrel | Version: 0.1-staging-win32)
 * Model Builder: Complete Edition (App name: 4a31c45c04e243cc97f3e47bc663fb18 | Version: 1.1.8i)
  + Model Builder: Aether DLC (App name: 574977bf807c4c3cabfe8ab19708205c | Version: 1.1.8i)
  + Model Builder: Alaskan Road Truckers DLC (App name: d94a06ef698942669bd001b2dd0fb3ee | Version: 1.1.8i)
  + Model Builder: Cars Pack DLC (App name: b681fecb34194e8a97ef6d69cbf71ca6 | Version: 1.1.8i)
  + Model Builder: Expansion Pack no.1 (App name: c4e284ae71ed49a285cc00dfce564e03 | Version: 1.1.8i)
  + Model Builder: Frostpunk DLC (App name: 1360dbfe60a04beaab046f50c42f51f0 | Version: 1.1.8i)
  + Model Builder: Into The Stars DLC (App name: b65e183e8f204281b8eb1bbbb6f7a98a | Version: 1.1.8i)
  + Model Builder: Military Pack DLC (App name: 25a83a57cf5f487d98e073b8a92e1f8d | Version: 1.1.8i)
  + Model Builder: The Invincible Helmet (App name: 370325fee5104176a6e5329936656965 | Version: 1.1.8i)
  + Model Builder: Titan-Forge DLC no.1 (App name: 987f387bd9324f1391cc87cd07348bf7 | Version: 1.1.8i)
  + Model Builder: Titan-Forge DLC no.2 (App name: 9c162cd16b7c44b9abfa21296343dfea | Version: 1.1.8i)
 * Moonlighter (App name: Eagle | Version: 1.14.38)
 * MORDHAU (App name: 2e26af55c1a146e7a939dcc1014fc9fd | Version: 1.20510.10659.602620510)
 * Mothergunship (App name: ee5c6a659d0f478fba0049fa44429a1f | Version: 1.0.196)
 * Murder by Numbers (App name: 2c3dd568cada4c229753f550a44dcf2b | Version: 1.01)
 * Mutant Year Zero Road to Eden (App name: Falcon | Version: 23289.1)
 * Never Alone (Kisima Ingitchuna) (App name: f38de9fa4c6d43eabac080942cb394a1 | Version: NeverAlone-Win-1.2.8)
 * Nioh: The Complete Edition (App name: b5e42b0dc2f544a5bbb4080a433b8b71 | Version: Ver1.24.08.57450)
 * Nuclear Throne (App name: Turaco | Version: 1)
 * Oddworld: New 'n' Tasty (App name: 7c566548d24343e48151125ced4b494c | Version: Epic 1.0)
 * Orcs Must Die! 3 (App name: 3047a2d268da49588bbd22c806cde4de | Version: 1.2.5.6)
 * Orwell: Keeping an Eye on You (App name: 8dac074a82a6492ba969bd38df266e58 | Version: win1.4.7424)
 * Out of Line (App name: 6b994d7f4f2a4e85a54d5c2ede6d2fed | Version: 1.0.5)
 * Overcooked (App name: Sage | Version: 1.0)
 * Overcooked! 2 (App name: Potoo | Version: 246.807171)
 * Oxenfree (App name: Hibiscus | Version: 4.1.3f10)
 * Paladins (App name: Antbird | Version: 1184)
 * PC Building Simulator (App name: ab277c0995e945d2b2c50c46883627f1 | Version: v1.15.4_91)
 * Pikuniku (App name: 48619f5656da446abccb727b78cda644 | Version: Win64_1)
 * Pillars of Eternity - Definitive Edition (App name: bcc75c246fe04e45b0c1f1c3fd52503a | Version: 1.0.12)
  + Pillars of Eternity - Definitive Edition Pack (App name: 8e975c15166a4a1ca28d65fdfa411248 | Version: 1.0.0)
 * PixArk (App name: PixArk | Version: V.2.8)
 * Predecessor (App name: 97b084f37e344733ac82f493ac90753c | Version: Release-0.19.1-186378-Shipping-plive-137582)
 * PREY (App name: 52d88e9a6df248da913c8e99f1e4c526 | Version: 1.8)
 * Primordials: Battle of Gods (App name: c279ad508db0453fa99f1d1ebb698c80 | Version: Primordials: Battle of Gods_v0.3.90)
 * Prison Architect (App name: 668ffa8fce0847ef9f1c005995cee6df | Version: 1.15.0.1.2.24.150)
 * Q.U.B.E. 2 (App name: Auk | Version: 2.0.38)
 * RAGE 2 (App name: ad3d0f08dd0841d8a1ba77d94ded4773 | Version: 1.8)
 * Railway Empire (App name: 8cf7c6b964514532ad8284a376a517bf | Version: 1.14.2.27630)
 * Rayman Legends (App name: Anchovy | Version: 1.00)
  - This game can be activated directly on your Ubisoft account and does not require legendary to install/run. Use "legendary activate --uplay" and follow the instructions.
 * Rebel Galaxy (App name: Weaver | Version: 1.08f)
 * Recipe for Disaster (App name: 61e074e998044594b7bb566fe111687b | Version: 1.0.3.3009a)
 * Redout 2 (App name: 16a37a0080e3414aafb30f1cc8390f6c | Version: 7c9c7c-S-D-P)
 * Redout: Enhanced Edition (App name: 1be5efb848844b1dabf9d67f8017a7ae | Version: 85e552)
 * Relicta (App name: b4670484aae24db492f0b468a98fe361 | Version: 1.1.0)
 * Remnant: From the Ashes (App name: b4a0d2d15acb4db894a599b810297543 | Version: Remnant_Win64_Shipping_275957)
 * RiME (App name: Hydrangea | Version: 1.01)
 * Ring of Pain (App name: 130285de16cc429abc603eaf95b8787b | Version: 1.6.02)
 * Rise of Industry (App name: cf6c487e39a14113b75d1f625fed1da7 | Version: Win-2.3.3-2006a)
 * Rise of the Tomb Raider: 20 Year Celebration (App name: f7cc1c999ac146f39b356f53e3489514 | Version: TR2_30112021_1027.0_1224023_303770_132827583431143041_)
 * Rising Hell (App name: b7c6482e93cb4cd3a31d8e758c394e19 | Version: 1.2.0d)
 * Rising Storm 2: Vietnam (App name: Tern | Version: 20210514-403690-36)
 * Riverbond (App name: 087f062df2574091a67fe614a6ec15a4 | Version: 22)
 * Rocket League® (App name: Sugar | Version: BC2_Update51+453196)
 * Rogue Legacy (App name: 01f1e8046e9e433db190a611a0411579 | Version: 1.4.1e_0)
 * RollerCoaster Tycoon® 3: Complete Edition (App name: 281a47e363284108b82bf05c1a612145 | Version: 3.2.5.13)
 * RUINER (App name: Laridae | Version: 1.0.4)
 * Sable (App name: 9b48cbb1a0cf4a73b87ccbf4cde04b26 | Version: 4.3.10-R.130)
 * Saints Row The Third Remastered (App name: Loon | Version: SRTTR_20211028_epic_14th_patch)
 * Salt and Sanctuary (App name: 499f085e442048aa854d6250b21c42fb | Version: 1.0.1.1b1)
 * SAMURAI SHODOWN NEOGEO COLLECTION (App name: 75553c71fa1744a4be89f71d5b862eae | Version: 1.0.5.4)
 * Satisfactory Early Access (App name: CrabEA | Version: 273254.1)
 * Satisfactory Experimental (App name: CrabTest | Version: 273254.1)
 * Saturnalia (App name: Cobia | Version: 2.0.15689)
 * Second Extinction™ (App name: 18a85afedeac4ea885b27fee3e0c81db | Version: 0.0.335)
 * Severed Steel (App name: 7179f095efcc4f92a950a6d9dbd9c602 | Version: 5.5.0)
 * Shadow of the Tomb Raider: Definitive Edition (App name: 890d9cf396d04922a1559333df419fed | Version: TR11_10072023_492.0_1227914_740629_133334955480774690_)
 * Shadow Tactics Blades of the Shogun (App name: a334978574a840d594c31521592925f3 | Version: 3.2.25.F.r4769a)
 * Shadow Tactics: Blades of the Shogun (App name: Fangtooth | Version: 2.2.11.F.Windows_EpicStore.2023_01_17_1555_Windows)
 * Sheltered (App name: b9af0845f9d64b0d9e851d9811141f67 | Version: 123)
 * Sherlock Holmes Crimes and Punishments (App name: 0afb9d54dd3743a582b48b506466d3f8 | Version: 76601.1)
 * Sid Meier's Civilization VI (App name: Kinglet | Version: 1.0.12.951533_nebraska_update1_Kinglet)
  + Civilization VI : Aztec DLC (App name: KingletAztec | Version: 1.0.12.951533_nebraska_update1_KingletAztec)
 * Slain: Back From Hell (App name: d8a4c98b5020483881eb7f0c3fc4cea3 | Version: 1.11)
 * Slime Rancher (App name: Corydalis | Version: 1.4.4_Win64_Release_16)
 * Sludge Life (App name: Morganite | Version: V201003)
 * SMITE (App name: Greenbul | Version: 2105)
 * Solitairica (App name: 4c76beac4e8a4156aa8dfb9c6db09746 | Version: Solitairica 1.1.13)
 * Sonic Mania (App name: 818447bb519b46d48d365d5753362796 | Version: 1.07.0035)
 * Soulstice (App name: d366ae16e31b41869cf26c6ee309e7f3 | Version: Soulstice_release_live_v1.26)
 * Speed Brawl (App name: 6ffe878bb1ce490ba6d3a359a1f88df2 | Version: 1.5-cbf526615d)
 * Spellbreak (App name: Newt | Version: release.15196-7866)
 * Spelldrifter (App name: a2b2ed0324c44902b9058e23dedc76e3 | Version: 26974)
 * Spirit of the North (App name: d2d941e5c1ec44ae9e87e9e7cdddf1dd | Version: 4.4.0)
 * Star Wars Squadrons (App name: bobcat | Version: None)
  - This game has to be activated, installed, and launched via Origin, use "legendary launch --origin bobcat" to activate and/or run the game.
 * STAR WARS™ Battlefront™ II: Celebration Edition (App name: MtMassive | Version: None)
  - This game has to be activated, installed, and launched via Origin, use "legendary launch --origin MtMassive" to activate and/or run the game.
 * Steep (App name: Barracuda | Version: 1.00)
  - This game can be activated directly on your Ubisoft account and does not require legendary to install/run. Use "legendary activate --uplay" and follow the instructions.
 * Stick it to the Man (App name: Goldfish | Version: 0.9.91)
 * Stories Untold (App name: Parsley | Version: 1.3-Live-Windows)
 * Stubbs the Zombie in Rebel Without a Pulse (App name: 272d51db75be476f9ad60c0e7fc24470 | Version: 1.0.0)
 * Submerged Hidden Depths (App name: 2fb0eae795104757977dfe8f93b5e593 | Version: 1.0.0.3)
 * Subnautica (App name: Jaguar | Version: 71288-27962937-Windows)
 * Sundered Eldritch Edition (App name: Moa | Version: 1)
 * Sunless Skies: Sovereign Edition (App name: b979fad811c64939af282f5892049b50 | Version: 2.0.5.6e8c8ff-a-Windows)
 * Super Meat Boy (App name: Buffalo | Version: 1.2.5.3)
 * Superbrothers: Sword & Sworcery EP (App name: f6d328ca5be24fd585478d1477e1ea4d | Version: v1.3.e71b9_egs)
 * Supraland (App name: 1b037ad2c1e94e7e996b4a16f741025a | Version: 1.23.9.0)
 * Surviving Mars (App name: Ovenbird | Version: 1.5_Fuglesang.1011166-Windows)
 * Surviving the Aftermath (App name: Muscovy | Version: 1.25.0.2775)
 * Tandem A Tale of Shadows (App name: 57ad8e72d9a446dea9ef5cac2770a0b8 | Version: 1_0_2)
 * Tharsis (App name: 266d978cc221471787b597695cbb9a75 | Version: 1.03)
 * The Alto Collection (App name: Hornbill | Version: Win_202301311530)
 * The Captain (App name: f00b5acabb0f49a7b49e8350d1cd0de0 | Version: 1.1.4_win)
 * The Dungeon Of Naheulbeuk: The Amulet Of Chaos (App name: 02fac38ee2614c8ba276b1ea7c1acd7c | Version: Windows_1.5_575_47857)
 * The Elder Scrolls Online (App name: 4d0ff75b922447649057c237c0bd1545 | Version: EGSStarter_v2.9a_d6_live_public)
 * The End is Nigh (App name: Statice | Version: 0.0.9)
 * The Escapists 2 (App name: Fowl | Version: 0.24)
 * The Evil Within (App name: 591e049d72b349daa64784a171379357 | Version: 0.0.0.6)
 * The Evil Within 2 (App name: 74977fee80de4e5e9f663e62560a0f2f | Version: 0.0.0.5)
 * The Falconeer (App name: 32dbb6444ce14e9198129b746c0d056f | Version: 1.4.30.0)
 * The Fall (App name: daac7fe46e3647cb80530411d7ec1dc5 | Version: 3.0.05.64nodll)
 * The First Tree (App name: cd98b47155654e1f9a9e84e60d0b49e4 | Version: 1.0.0.32)
 * The Forest Quartet (App name: dbb0b84f31244c7584490d205b74010c | Version: 4.0.0c)
 * The Jackbox Party Pack (App name: Feverfew | Version: 1.0.3)
 * The Messenger (App name: Jay | Version: 2.0.2.4)
 * The Outer Worlds: Spacer's Choice Edition (App name: cb3bf7ba89574a66ae3b795e039d4dbc | Version: 0.0.0.6415)
 * The Silent Age (App name: 19a750a7d7974f9291c0584feedb94b0 | Version: 1.0-win)
 * The Vanishing of Ethan Carter (App name: 9447b19ffb6a47e1a654b75178779a28 | Version: 1.00)
 * The Vanishing of Ethan Carter Redux (App name: 58a6b5e81c644fba8bab2e05137429d9 | Version: 1.05)
 * The Witness (App name: Magnolia | Version: 2019_1_23_fix)
 * The World Next Door (App name: 39a0313492c84cf79b119efb09df90e5 | Version: 1.2.1p)
 * theHunter: Call of the Wild™ (App name: 4f0c34d469bb47b2bcf5b377f47ccfe3 | Version: 0.0.11)
 * Thimbleweed Park (App name: Tulip | Version: 955.1-win)
 * This War of Mine (App name: Cardinal | Version: 6.0.7.3)
 * Ticket To Ride: Classic Edition (App name: Towhee | Version: 2.7.11-6980-90471d26-win)
 * Tiny Tina's Assault on Dragon Keep: A Wonderlands One-shot Adventure (App name: 9e296d276ad447108f12c654c3341d59 | Version: PAW-PAD2-81)
 * ToeJam & Earl: Back in the Groove! (App name: 37d84dd0b65a40e9b0719141b987a216 | Version: 1.7.3-e)
 * Tomb Raider GAME OF THE YEAR EDITION (App name: d6264d56f5ba434e91d4b0a0b056c83a | Version: TRAS_15112021_838.0_1224060,275025(132814434654404397))
 * Torchlight (App name: Terragon | Version: 1.15)
 * Torchlight II (App name: 8e425d507bd6473dbb927f0fea8ef4f6 | Version: 1.25.9.5)
 * Total War: WARHAMMER (App name: 30d3a88d29e24716ac5a4720042289f7 | Version: 16363.0)
 * Trackmania Starter Access (App name: Pigeon | Version: 1.3)
  - This game can be activated directly on your Ubisoft account and does not require legendary to install/run. Use "legendary activate --uplay" and follow the instructions.
 * Train Sim World 2 (App name: dd75b5c168d546cc869582c0389f0a1d | Version: 1.0.182)
 * Train Valley 2 (App name: a617890cec1542d6ba760ba13f79225e | Version: 1.6.8.8)
 * Transistor (App name: Dill | Version: 1.50627.2019-06-10-16:14:59-x64)
 * Tunche (App name: fd51551d919847beb178985f6daf0306 | Version: v1.1.0.0)
 * Turnip Boy Commits Tax Evasion (App name: 3d34f303a68c44c2a9b44a3988533e90 | Version: 1.1.2f2)
 * Tyranny - Gold Edition (App name: 36b0e40890f147fbb1e3965f87369156 | Version: 1.0.21)
  + Tyranny - Gold Edition Pack (App name: 4d374e0805dc42bfb78c0ceb24bd1085 | Version: 1.0.0)
 * Unrailed (App name: 76233c0af0a441c7bd541e7d7ab3cde1 | Version: 2.1-bea80b268_3)
 * Unreal Tournament (App name: UnrealTournamentDev | Version: None)
  ! No version information (unknown cause)
 * Vampyr (App name: Nautilus | Version: 666399-666439)
 * Verdun (App name: 38c0129b680e4843b4807b98bad67027 | Version: 0.50466_Windows)
 * Void Bastards (App name: 595e35287b824902a2f7107139603732 | Version: 2.0.33)
 * Warhammer 40,000: Gladius - Relics of War (App name: da5b18cb1e7a452196c3142f2c1d7dd3 | Version: 1.14.00)
 * Warhammer 40,000: Mechanicus - Standard Edition (App name: dd95e8c01b4b456f8ecbf18376a49c94 | Version: 1.4.11.0)
 * Warpips (App name: 1f695dfd76d8438d8dd4046fe75daab0 | Version: 2.0.8)
 * Watch Dogs 2 (App name: Angelonia | Version: 1.0)
  - This game can be activated directly on your Ubisoft account and does not require legendary to install/run. Use "legendary activate --uplay" and follow the instructions.
 * What Remains of Edith Finch (App name: Badger | Version: 1.1.1)
 * Where The Water Tastes Like Wine (App name: e8964b869b6849bea41eefec766cd665 | Version: 1.0)
 * while True: learn() (App name: 4f272a49a39742b795d63e1f483a7c7d | Version: 1.7.101.win64)
 * Windbound (App name: a95bf4df6627431ca5baff8173c59635 | Version: 1.3.40746.206)
 * Wolfenstein: The New Order (App name: a64dcf9b711a4a60a3c0b6f052dfc7da | Version: 1.3.1)
 * World of Goo (App name: Anemone | Version: 1.53)
 * World of Warships (App name: a79746038c6948558274065d24f3faa3 | Version: 13.5.1.0.8592466-8593546-multiversion)
 * World War Z (App name: Wombat | Version: 2.27)
 * XCOM 2 (App name: 3be3c4d681bc46b3b8b26c5df3ae0a18 | Version: 1.0.1_CL-870730)
 * Yooka-Laylee (App name: ce2a78bf70b646e9b9f57c46dac99184 | Version: 30)

Total: 323
[7/8/2024, 4:30:37 PM] LEGENDARY_CONFIG_PATH=/home/luther/.config/heroic/legendaryConfig/legendary /opt/Heroic/resources/app.asar.unpacked/build/bin/linux/legendary list --third-party
[cli] INFO: Logging in...
[Core] INFO: Trying to re-use existing login session...
[cli] INFO: Getting game list... (this may take a while)

Available games:
 * 20XX (App name: Quail | Version: 1.42.13rc1)
 * 3 out of 10, EP 1: "Welcome To Shovelworks" (App name: Flounder | Version: R01_S01_E05_V007_CL16693)
 * 3 out of 10, EP 2: "Foundation 101" (App name: 1317e4e3b3ed40c289dde85b194347d3 | Version: R02_S01_E02_V007_CL16693)
 * 3 out of 10, EP 3: "Pivot Like A Champion" (App name: d86f9cb568014746a15f66025dcc5733 | Version: R03_S01_E01_V007_CL16693)
 * 3 out of 10, EP 4: "Thank You For Being An Asset" (App name: b2f57e24edcb4537bd76dff8b056a03e | Version: R04_S01_E04_V007_CL16693)
 * 3 out of 10, EP 5: "The Rig Is Up!" (App name: 69c5351eacc540fd8850e12e90726e59 | Version: R05_S01_E06_V007_CL16693)
 * >observer_ (App name: Tumeric | Version: 1.0.0d)
 * A Plague Tale: Innocence (App name: e0fa47ae79514345823bff209ae29451 | Version: EGS_1.08.4)
 * Absolute Drift (App name: 19927295d6e3467887d4e830d8c85963 | Version: Win_202306231055)
 * ABZU (App name: Curry | Version: 1.0)
 * Adios (App name: 73c56a1f38a548b2852ce8608c5e436e | Version: 1.0.0.11)
 * Alan Wake (App name: Heron | Version: 01.07)
 * Alan Wake's American Nightmare (App name: Condor | Version: 01.03)
 * Alien: Isolation (App name: 8935bb3e1420443a9789fe01758039a5 | Version: 1.0RC5.284847.51533)
 * Amnesia: Rebirth (App name: f59de18db4dc445f88ffeff24d081234 | Version: 1.42)
 * Among the Sleep - Enhanced Edition (App name: aa78f7be2ee64193b6b6444c5fc50157 | Version: Windows.3.1.0.41_Win64_DLL_Fix)
 * Ancient Enemy (App name: a96de508ac71471fa05e7c1c695e3b5d | Version: 1.03fix)
 * ARK: Survival Evolved (App name: aafc587fbf654758802c8e41e4fb3255 | Version: 358.26.win)
 * art of rally (App name: 01805192c8074820b1257fcfd97f2648 | Version: Windows_1.5.5_202405201943)
 * Assassins Creed Syndicate (App name: Albacore | Version: 1.54)
  - This game can be activated directly on your Ubisoft account and does not require legendary to install/run. Use "legendary activate --uplay" and follow the instructions.
 * Auto Chess (App name: Chicken | Version: 2.27.2)
 * Automachef (App name: 069a60f6b0514a5fbe81b38957c1ddfd | Version: 15)
 * Axiom Verge (App name: Puffin | Version: 1.53)
 * Axiom Verge Randomizer Beta (App name: 3017c57256b640519e6b84b44a4ac940 | Version: 1.58)
 * Bad North Jotunn Edition (App name: Chives | Version: 2.00.5)
 * Barony (App name: c98c4cd6d83a4524b4b22f13af95a104 | Version: v4.2.1-emh-070324-hf1-1)
 * Barony (Beta) (App name: 24349b736ad74d9db72e6cab21933877 | Version: v4.2.1-emh-070324-hf1-1)
 * Batman™ Arkham Asylum Game of the Year Edition (App name: Godwit | Version: 1.93)
 * Batman™ Arkham City - Game of the Year Edition (App name: Egret | Version: 1.7)
 * Batman™ Arkham Knight (App name: Cowbird | Version: 1.999)
 * Battle Breakers (App name: WorldExplorersLive | Version: 1.88.244-r17036752-Windows)
 * Beyond Blue (App name: 3a0cae9455844390ad00505a704d641e | Version: 1.7.17766)
 * Beyond Typicals 3 (App name: 0978612958344561909cb52caa66a977 | Version: 3.0.3.33)
 * BioShock 2 Remastered (App name: b22ce34b4ce0408c97a888554447479b | Version: 1.0.0_BN-138_CL-17677)
 * BioShock Infinite: Complete Edition (App name: f9d6f0530ea140909f8e8a997a7532d7 | Version: 1.0.0_BN-314_CL-17899)
 * BioShock Remastered (App name: bc2c95c6ff564a16b26644f1d3ac3c55 | Version: 1.0.0_BN-187_CL-17677)
 * Black Book (App name: 1d74dcbca79540efb52cab2ff026215f | Version: 1.0.51win64)
 * Blazing Sails (App name: ed5f5b7f2e1f43c89ea8bafd15591bda | Version: 3.0.6.9)
 * Bloons TD 6 (App name: 7786b355a13b47a6b3915335117cd0b2 | Version: 43.3.8118)
 * Borderlands 2 (App name: Dodo | Version: 2.0.2_BN347_CL2863302)
 * Borderlands 3 (App name: Catnip | Version: 1.0.24_CL_3240126_Borderlands_3)
 * Borderlands: The Pre-Sequel (App name: Turkey | Version: 2.0.2_BN160_CL2863302)
 * Bridge Constructor: The Walking Dead (App name: 998af0ab527c493baefb8049250c9a0e | Version: 1.0r31Win)
 * Call of the Sea (App name: 6278dd278d714aeb88239a423fa0f8be | Version: 1.5.4.10)
 * Call of the Wild: The Angler™ (App name: fe4168b810314c2fb93f1803e2fe431e | Version: tortoise_delivery_2788322_2788322)
 * Carcassonne (App name: Thrush | Version: 1.10.2967-win)
 * Cat Quest II (App name: 6a2cc8b03e684bbd9096a338f96a7ba2 | Version: 1.0.1)
 * Celeste (App name: Salt | Version: 1.4.0.0-Windows)
 * Chimeraland (App name: e653be7ff19146c9ada904ae8a78f928 | Version: 2.3.1.25)
 * Chivalry 2 (App name: Peppermint | Version: 257742+4847)
 * Chivalry 2 - Public Testing (App name: ca02598c9a5c4d5491d6431ce8e8d6e7 | Version: 250491+4716)
 * Cities Skylines (App name: bcbc03d8812a44c18f41cf7d5f849265 | Version: 1.17.1-f4-fixed)
 * City of Brass (App name: Arrowroot | Version: 1.6.3.0)
 * City of Gangsters (App name: 002b00085aeb49b1a3f3c42e3f918f2f | Version: 1.4.3.5)
 * Close to the Sun (App name: Silene | Version: 120)
 * Conarium (App name: Canary | Version: 1.0.0.6)
 * Costume Quest 2 (App name: 82a78a4dd6ef4eaa892707791b705073 | Version: 1)
 * Creature in the Well (App name: a579a08e71b341e6af106dbd170e2ab2 | Version: 1.0.0-137001-1)
 * Crying Suns (App name: 18fafa2d70d64831ab500a9d65ba9ab8 | Version: 3.0.1.20-WIN64)
 * Cursed to Golf (App name: 077d2507a5fe4073bf0dd69485f425f5 | Version: 2.0.1)
 * DAEMON X MACHINA (App name: f4f0d39fbb4640e0be62aa91d9eca87d | Version: 1.0.6)
 * Dakar Desert Rally (App name: 4aff63ad39cb4fe7a61720d59a4cebc6 | Version: 2.3.420)
 * Dandara: Trials of Fear Edition (App name: c35b9699c4e24c56976b5bd8eceba464 | Version: 1.4.11-pc)
 * Dark Deity (App name: e21be436768f4add87d4935a180b4932 | Version: 1.58)
 * Darkwood (App name: 923130ebb546417b9d3115507f752d34 | Version: win64_1.4.2)
 * DARQ (App name: ee96375fac2f47de978170a24398e581 | Version: 1.3.2d)
 * Dauntless (App name: Jackal | Version: 1.14.7.647472)
 * Dead by Daylight (App name: Brill | Version: DBD_Live_EGS_Shipping_306_1820599_8.0.2.2)
 * Death Stranding (App name: Boga | Version: 2742586.206.1)
 * Death Stranding Content (App name: 5bf67f3153364181b54cb9e40ca7fa82 | Version: 1.01)
  + DEATH STRANDING DIGITAL SOUNDTRACK (App name: 84067e3ec8f149b2bbf2342d7a136065 | Version: 1.02)
  + HD Wallpaper (App name: f8bf1e29bbef480a9b28115ad0d644a0 | Version: 1.02)
  + SELECTIONS OF TITAN ART BOOK (App name: c311b22f878749449886949eeb588999 | Version: 1.01)
 * Defense Grid: The Awakening (App name: a434dcb20f0d439b93aaa31dac9e3210 | Version: 1.263117)
 * Deliver Us Mars (App name: 9d943a160fa841859ac5c1f233789fcb | Version: 2.0035387)
 * Delores: A Thimbleweed Park mini-adventure (App name: fe6c485736bc4ed48c835290ce48099b | Version: 1.0.89185-win)
 * DEMON'S TILT (App name: b8b37813c5634dbdac61d88ff411135c | Version: SmallUIFix)
 * Deponia The Complete Journey (App name: 03b7b25a77024cc0adf44777f791ffc4 | Version: 3.3.0156.8)
 * Dishonored - Definitive Edition (App name: d2da64bd4c4e422da4b1a88041492a3a | Version: 1.6)
 * Dishonored®: Death of the Outsider™ (App name: 2fb8273dcf6f41e4899c0c881e047053 | Version: 0.0.0.4)
 * Dodo Peak (App name: 30647199e65341c2be84d81fa6964ff0 | Version: 1_5_5)
 * DOOM 64 (App name: 5b60142e120c4f2d88027595c21d4a04 | Version: 2124)
 * Doors - Paradox (App name: 91e82f342ebf42309703e9ba363daedf | Version: 1.00)
 * Duskers (App name: 1e9c3a9a10c6463e9c065f371b8b42bf | Version: 1.205)
 * EARTHLOCK (App name: 4a4ffcf1a8354008bcc3b28280dd2419 | Version: Windows.0.1.1_dev_7_Win64)
 * Elite Dangerous (App name: 9c203b6ed35846e8a4a9ff1e314f6593 | Version: 3.8.289583-1.7.6974)
 * Encased (App name: af0facaba8e643c1b9850d0683ff56df | Version: 1.3.1517.1645)
 * Enter the Gungeon (App name: Garlic | Version: 2.1.9a)
 * Epistory - Typing Chronicles (App name: 4ec72fd8cbd94aa4acc61624c68fbc4f | Version: 0.9)
 * Eternal Threads (App name: ff1d9bf6b1304cb9a12b8754afa78ae5 | Version: 1.07)
 * Europa Universalis IV (App name: da0103e959e54d139d0c109ded3b3672 | Version: eu4-GitlabCI-Build-release_1.37.2-1cf8b477-windows)
 * Evil Dead The Game (App name: 5c147002780d4e6eb292f54edfe73fda | Version: S2117_Patch20)
 * Evoland Legendary Edition (App name: 530f09c9ac834a7bbc98056c69b44471 | Version: 1.0.0)
 * Eximius: Seize the Frontline (App name: 70f92598b33d42e290e411f07397aeee | Version: 1.2.2-18-85)
 * Faeria (App name: Vulture | Version: 0.20.3(Win))
 * Fallout 2: A Post Nuclear Role Playing Game (App name: 74034e8449f2470d9f45115f3a49f9aa | Version: 1.3)
 * Fallout 3: Game of the Year Edition (App name: adeae8bbfc94427db57c7dfecce3f1d4 | Version: 1.11)
 * Fallout Tactics: Brotherhood of Steel (App name: 908f75e7f1624819a70c27f543741dcd | Version: 1.4)
 * Fallout: A Post Nuclear Role Playing Game (App name: f8ef168f3522419caad27d82878e0329 | Version: 1.3)
 * Fallout: New Vegas (App name: 5daeb974a22a435988892319b3a4f476 | Version: 0.0.0.15)
  + Fallout New Vegas: Courier's Stash (App name: ee9a44b4530942499ef1c8c390731fce | Version: 0.0.0.3)
  + Fallout New Vegas®: Dead Money (App name: b290229eb58045cbab9501640f3278f3 | Version: 0.0.0.2)
  + Fallout New Vegas®: Gun Runners’ Arsenal™ (App name: 7dcfb9cd9d134728b2646466c34c7b3b | Version: 0.0.0.2)
  + Fallout New Vegas®: Honest Hearts (App name: 562d4a2c1b3147b089a7c453e3ddbcbe | Version: 0.0.0.4)
  + Fallout New Vegas®: Lonesome Road™ (App name: 4fa3d8d9b2cb4714a19a38d1a598be8f | Version: 0.0.0.2)
  + Fallout New Vegas®: Old World Blues (App name: c8dae1ab0570475a8b38a9041e614840 | Version: 0.0.0.3)
 * Farming Simulator 22 (App name: f452ea20ae1b43698209998b56c2cc1c | Version: 1.14.0.0_FarmP_1_1_win_b29250_r86546)
 * Filament (App name: 14a38161ad3c45adab18425415b5df3d | Version: 1.21)
 * First Class Trouble (App name: 0c942b2c920149ff986af1ed93c92ddf | Version: 1.9.7.5-45341)
 * FM21 Editor (App name: 5d69d0ab27814455ae0ddce0fcfbb86a | Version: 494-win-epic-editor)
 * FM21 Resource Archiver (App name: 75c4c59461b946028448dd1bf17b64c6 | Version: 193-win-epic-resource_archiver)
 * Football Manager 2020 (App name: bf35243e8c3542e082bc7042e0592183 | Version: 1260-win)
 * Football Manager 2021 (App name: ec997512b77d4dd5baf30ab5c2f8e8c9 | Version: 1540115-win)
 * Football Manager 2021 Touch (App name: 6f5862ba65244cfe86490f253d64feb1 | Version: 1540190-win)
 * For Honor (App name: Sundrop | Version: 3001)
  - This game can be activated directly on your Ubisoft account and does not require legendary to install/run. Use "legendary activate --uplay" and follow the instructions.
 * Fort Triumph (App name: 320ba4df8b36412d983ffcffd3e0e8f0 | Version: 1.1.7 Win64)
 * Fortnite (App name: Fortnite | Version: ++Fortnite+Release-30.20-CL-34597766-Windows)
 * Freshly Frosted (App name: c95f2c3e2e8b41f1bb9de3036e53f319 | Version: 20240614132218)
 * Frostpunk (App name: b2e00fc16632475782a7730d1bd7cb60 | Version: 0.0.10)
 * Galactic Civilizations III (App name: 5f1c66366b2c4a6496d535d88c56e6cf | Version: v4.52.368416)
 * Galactic Civilizations III (Test branch) (App name: 8931f79300d04c5889799bffc8ef70bd | Version: v4.52.368416)
 * Gamedec - Definitive Edition (App name: a01150ee6deb406c92dd2b2445186163 | Version: 20221128_1.7.1.r70100)
 * Geneforge 1: Mutagen (App name: caa2c69bf2dc40b2b883e4cbbf5b0ab2 | Version: gfwinr1021)
 * Ghostrunner (App name: ea8df71f923649a193ab1c1fded7e1b3 | Version: 42507)
 * Ghostwire Tokyo (App name: 007ff8f4e30845a687e66aa77eb3e965 | Version: CL642509-A)
 * GigaBash (App name: 2dc25e07aa624edf9ff132c09ce23a7c | Version: 243)
 * Gloomhaven (App name: 1bcd791d54684eb29ed32ad1c0593d12 | Version: 1.1.8307.0)
 * GNOG (App name: Penguin | Version: 1.0-Win)
 * God's Trigger (App name: 9bc4423d873845739cc99ab69b6bfbe9 | Version: 1.2.58760.3)
 * Godfall (App name: Carp | Version: 5.1.23-prod-stable)
 * Godlike Burger (App name: f7c6294c948b47378659c9a963f449be | Version: 1.0.7.0)
 * Gods Will Fall (App name: 69911638c74449d2a2651241be1b3ad4 | Version: 78)
 * Golden Light (App name: 0eeaae41305043f7a465310eb2cbaff9 | Version: 1.0.5)
 * Grand Theft Auto V (App name: 9d2d0eb64d5c44529cece33fe2a46482 | Version: 1.0.3258.0)
 * Guacamelee! 2 (App name: fab83c3bf3d449718e042d44369e7fb6 | Version: Guac2_07-07-2023_17-30-36+36)
 * Guacamelee! Super Turbo Championship Edition (App name: 25b902f42cf04b17bc8a3db2f7292d58 | Version: GuacSTCE_29-06-2023_16-43-23+66)
 * Halcyon 6 (App name: b9e848fc5e844f4285b0624789476664 | Version: 1.4.3.5)
 * Hell is other demons (App name: 5ade01bafec54a148024665ce978b2a4 | Version: 0.0.17-win)
 * Hell is Others (App name: 0e70be0cea0446599acb4c26d2e925f9 | Version: 2.1.6-20231123_1713)
 * Heroes & Generals WWII (App name: 8836f84a700140bb86103556cd7db0d4 | Version: live-173288)
 * Homeworld Remastered Collection (App name: dcfccf8d965a4f2281dddf9fead042de | Version: 3409635)
 * Hood Outlaws and Legends (App name: 098f5323a3994362b6c68503d8cf3d57 | Version: HoodStaging2022R14Client_Win64Epic_Shipping_1601377.zip_Live)
 * Horizon Chase Turbo (App name: bb406082b69a47208489d3616b22b5c2 | Version: 2.0.202311091807)
 * Human Resource Machine (App name: Basil | Version: 1.0.1)
 * Hundred Days - Winemaking Simulator (App name: a74e41bbacdc4a4798befb4d55b441de | Version: v1.5.3w6)
 * Hyper Light Drifter (App name: Parakeet | Version: 1.0.0)
 * Idle Champions of the Forgotten Realms (App name: 40cb42e38c0b4a14a1bb133eb3291572 | Version: IdleDragons583164Live)
 * In Sound Mind (App name: 29ee5d32f328471590b3bd3ac03ed7d0 | Version: 1.027)
 * INDUSTRIA (App name: 78903903b1f1419bae248467f27ff470 | Version: 1.3.2)
 * Infinifactory (App name: c7b3c16f56cb45abbfd915d59fd39689 | Version: 1.0.13)
 * Inside (App name: Marigold | Version: 1.0.0)
 * Insurmountable (App name: 8b556e7471ac46eda46445d93fa2e73f | Version: 2.0.7.3)
 * Into The Breach (App name: Blobfish | Version: 1.2.93)
 * Invincible Presents: Atom Eve (App name: ef50503adc284a8ba65d4dea1ecce91a | Version: 1.0.25523)
 * Iratus (App name: 82ab0adb6e0b41bea531fcbb0c43cfc7 | Version: 0.96010)
 * Ironcast (App name: ac8f20a7931e4d63a1db4dc1267ec3d1 | Version: 1.0.1)
 * Islets (App name: 5e37739a766b4457981d2992f93ac72c | Version: 1.03)
 * Jitsu Squad (App name: ca584681f53d4dedab49340ad598e1b8 | Version: 1.2.1.0)
 * Jotun Valhalla Edition (App name: Grouse | Version: 1.02)
 * Jurassic World Evolution (App name: 373a4372c20540aca7fdd880d27fa49a | Version: 1.12.7.54973)
 * Just Cause 4 (App name: Kakopo | Version: JC4_2226912_1830540)
 * Ken Follett's The Pillars of the Earth (App name: 819985835fd54090845e3083e28b77bb | Version: 1.2.12950-64Bit)
 * Kerbal Space Program (App name: a1e2ce30defe4a9187ebc14fc9d2bd8b | Version: KSP.1.12.5.win64.full)
 * Killing Floor 2 (App name: Finch | Version: 537162-2024_01_30_21h15m50s)
 * KillingFloor2Beta (App name: 3223ccf6ac9b4189bd4e144c047d33fb | Version: NOVERSION-2022_10_20_16h30m51s)
 * Last Day of June (App name: Pumpkin | Version: 1.0)
 * Lawn Mowing Simulator (App name: 7a555b9dd80a4992a6ea33fe3f6b13c8 | Version: 9705)
 * Layers of Fear (App name: Cilantro | Version: 1.1.1e)
 * Layers of Fear 2 (App name: 473e24df09f843a1acc4aa16b01dae83 | Version: 1.0.0.0)
 * Legendary Road Online (App name: 3e60aaf2ca294b6390913f29fcc2b847 | Version: 1.282)
 * LEGO® Batman™ 2 DC Super Heroes (App name: Grackle | Version: 1.6)
 * LEGO® Batman™ 3 Beyond Gotham (App name: Gull | Version: 1.6)
 * LEGO® Batman™ The Videogame (App name: Goldeneye | Version: 1.2)
 * Lifeless Planet: Premier Edition (App name: 860a4feefe2a4f48905ae86c61d5db64 | Version: 1.0.0)
 * Limbo (App name: Hazelnut | Version: 1.0.1)
 * Loop Hero (App name: f7a0ebb44f93430fb1c4388a395eba96 | Version: 11054)
 * Magic The Gathering Arena (App name: stargazer | Version: 6143.1076088)
 * Magic: Legends (App name: f65978f976a944bcac6a51c5ba0afbec | Version: CL_2021_03_12_14_37)
 * Maneater (App name: Turtle | Version: 43151315)
 * Marvel's Guardians of the Galaxy (App name: 63a665088eb1480298f1e57943b225d8 | Version: 2984448)
  + Marvel's Guardians of the Galaxy: Social-Lord Outfit (App name: 9596620d263b40c083ddf1f0c662c8ff | Version: 2978210)
 * Marvel's Midnight Suns (App name: 49550aa9fcd74552ae07c4e9f2c262fe | Version: 1.0.0.930465)
 * Melvor Idle (App name: 7458160f5c18450cad7e95844a5dcdff | Version: 1.0.0-14-x64-sdk)
 * Metro 2033 Redux (App name: Petunia | Version: 0.1.0.0)
 * Metro Last Light Redux (App name: Speedwell | Version: 0.1.0.0)
 * Midnight Ghost Hunt (App name: 456f53b28c384f02865874299f956501 | Version: 1.1.1)
 * Mighty Fight Federation (App name: c9a6ab84f1ea48afb2317a9429a0da9a | Version: 0.1.1)
 * Minit (App name: Petrel | Version: 0.1-staging-win32)
 * Model Builder: Complete Edition (App name: 4a31c45c04e243cc97f3e47bc663fb18 | Version: 1.1.8i)
  + Model Builder: Aether DLC (App name: 574977bf807c4c3cabfe8ab19708205c | Version: 1.1.8i)
  + Model Builder: Alaskan Road Truckers DLC (App name: d94a06ef698942669bd001b2dd0fb3ee | Version: 1.1.8i)
  + Model Builder: Cars Pack DLC (App name: b681fecb34194e8a97ef6d69cbf71ca6 | Version: 1.1.8i)
  + Model Builder: Expansion Pack no.1 (App name: c4e284ae71ed49a285cc00dfce564e03 | Version: 1.1.8i)
  + Model Builder: Frostpunk DLC (App name: 1360dbfe60a04beaab046f50c42f51f0 | Version: 1.1.8i)
  + Model Builder: Into The Stars DLC (App name: b65e183e8f204281b8eb1bbbb6f7a98a | Version: 1.1.8i)
  + Model Builder: Military Pack DLC (App name: 25a83a57cf5f487d98e073b8a92e1f8d | Version: 1.1.8i)
  + Model Builder: The Invincible Helmet (App name: 370325fee5104176a6e5329936656965 | Version: 1.1.8i)
  + Model Builder: Titan-Forge DLC no.1 (App name: 987f387bd9324f1391cc87cd07348bf7 | Version: 1.1.8i)
  + Model Builder: Titan-Forge DLC no.2 (App name: 9c162cd16b7c44b9abfa21296343dfea | Version: 1.1.8i)
 * Moonlighter (App name: Eagle | Version: 1.14.38)
 * MORDHAU (App name: 2e26af55c1a146e7a939dcc1014fc9fd | Version: 1.20510.10659.602620510)
 * Mothergunship (App name: ee5c6a659d0f478fba0049fa44429a1f | Version: 1.0.196)
 * Murder by Numbers (App name: 2c3dd568cada4c229753f550a44dcf2b | Version: 1.01)
 * Mutant Year Zero Road to Eden (App name: Falcon | Version: 23289.1)
 * Never Alone (Kisima Ingitchuna) (App name: f38de9fa4c6d43eabac080942cb394a1 | Version: NeverAlone-Win-1.2.8)
 * Nioh: The Complete Edition (App name: b5e42b0dc2f544a5bbb4080a433b8b71 | Version: Ver1.24.08.57450)
 * Nuclear Throne (App name: Turaco | Version: 1)
 * Oddworld: New 'n' Tasty (App name: 7c566548d24343e48151125ced4b494c | Version: Epic 1.0)
 * Orcs Must Die! 3 (App name: 3047a2d268da49588bbd22c806cde4de | Version: 1.2.5.6)
 * Orwell: Keeping an Eye on You (App name: 8dac074a82a6492ba969bd38df266e58 | Version: win1.4.7424)
 * Out of Line (App name: 6b994d7f4f2a4e85a54d5c2ede6d2fed | Version: 1.0.5)
 * Overcooked (App name: Sage | Version: 1.0)
 * Overcooked! 2 (App name: Potoo | Version: 246.807171)
 * Oxenfree (App name: Hibiscus | Version: 4.1.3f10)
 * Paladins (App name: Antbird | Version: 1184)
 * PC Building Simulator (App name: ab277c0995e945d2b2c50c46883627f1 | Version: v1.15.4_91)
 * Pikuniku (App name: 48619f5656da446abccb727b78cda644 | Version: Win64_1)
 * Pillars of Eternity - Definitive Edition (App name: bcc75c246fe04e45b0c1f1c3fd52503a | Version: 1.0.12)
  + Pillars of Eternity - Definitive Edition Pack (App name: 8e975c15166a4a1ca28d65fdfa411248 | Version: 1.0.0)
 * PixArk (App name: PixArk | Version: V.2.8)
 * Predecessor (App name: 97b084f37e344733ac82f493ac90753c | Version: Release-0.19.1-186378-Shipping-plive-137582)
 * PREY (App name: 52d88e9a6df248da913c8e99f1e4c526 | Version: 1.8)
 * Primordials: Battle of Gods (App name: c279ad508db0453fa99f1d1ebb698c80 | Version: Primordials: Battle of Gods_v0.3.90)
 * Prison Architect (App name: 668ffa8fce0847ef9f1c005995cee6df | Version: 1.15.0.1.2.24.150)
 * Q.U.B.E. 2 (App name: Auk | Version: 2.0.38)
 * RAGE 2 (App name: ad3d0f08dd0841d8a1ba77d94ded4773 | Version: 1.8)
 * Railway Empire (App name: 8cf7c6b964514532ad8284a376a517bf | Version: 1.14.2.27630)
 * Rayman Legends (App name: Anchovy | Version: 1.00)
  - This game can be activated directly on your Ubisoft account and does not require legendary to install/run. Use "legendary activate --uplay" and follow the instructions.
 * Rebel Galaxy (App name: Weaver | Version: 1.08f)
 * Recipe for Disaster (App name: 61e074e998044594b7bb566fe111687b | Version: 1.0.3.3009a)
 * Redout 2 (App name: 16a37a0080e3414aafb30f1cc8390f6c | Version: 7c9c7c-S-D-P)
 * Redout: Enhanced Edition (App name: 1be5efb848844b1dabf9d67f8017a7ae | Version: 85e552)
 * Relicta (App name: b4670484aae24db492f0b468a98fe361 | Version: 1.1.0)
 * Remnant: From the Ashes (App name: b4a0d2d15acb4db894a599b810297543 | Version: Remnant_Win64_Shipping_275957)
 * RiME (App name: Hydrangea | Version: 1.01)
 * Ring of Pain (App name: 130285de16cc429abc603eaf95b8787b | Version: 1.6.02)
 * Rise of Industry (App name: cf6c487e39a14113b75d1f625fed1da7 | Version: Win-2.3.3-2006a)
 * Rise of the Tomb Raider: 20 Year Celebration (App name: f7cc1c999ac146f39b356f53e3489514 | Version: TR2_30112021_1027.0_1224023_303770_132827583431143041_)
 * Rising Hell (App name: b7c6482e93cb4cd3a31d8e758c394e19 | Version: 1.2.0d)
 * Rising Storm 2: Vietnam (App name: Tern | Version: 20210514-403690-36)
 * Riverbond (App name: 087f062df2574091a67fe614a6ec15a4 | Version: 22)
 * Rocket League® (App name: Sugar | Version: BC2_Update51+453196)
 * Rogue Legacy (App name: 01f1e8046e9e433db190a611a0411579 | Version: 1.4.1e_0)
 * RollerCoaster Tycoon® 3: Complete Edition (App name: 281a47e363284108b82bf05c1a612145 | Version: 3.2.5.13)
 * RUINER (App name: Laridae | Version: 1.0.4)
 * Sable (App name: 9b48cbb1a0cf4a73b87ccbf4cde04b26 | Version: 4.3.10-R.130)
 * Saints Row The Third Remastered (App name: Loon | Version: SRTTR_20211028_epic_14th_patch)
 * Salt and Sanctuary (App name: 499f085e442048aa854d6250b21c42fb | Version: 1.0.1.1b1)
 * SAMURAI SHODOWN NEOGEO COLLECTION (App name: 75553c71fa1744a4be89f71d5b862eae | Version: 1.0.5.4)
 * Satisfactory Early Access (App name: CrabEA | Version: 273254.1)
 * Satisfactory Experimental (App name: CrabTest | Version: 273254.1)
 * Saturnalia (App name: Cobia | Version: 2.0.15689)
 * Second Extinction™ (App name: 18a85afedeac4ea885b27fee3e0c81db | Version: 0.0.335)
 * Severed Steel (App name: 7179f095efcc4f92a950a6d9dbd9c602 | Version: 5.5.0)
 * Shadow of the Tomb Raider: Definitive Edition (App name: 890d9cf396d04922a1559333df419fed | Version: TR11_10072023_492.0_1227914_740629_133334955480774690_)
 * Shadow Tactics Blades of the Shogun (App name: a334978574a840d594c31521592925f3 | Version: 3.2.25.F.r4769a)
 * Shadow Tactics: Blades of the Shogun (App name: Fangtooth | Version: 2.2.11.F.Windows_EpicStore.2023_01_17_1555_Windows)
 * Sheltered (App name: b9af0845f9d64b0d9e851d9811141f67 | Version: 123)
 * Sherlock Holmes Crimes and Punishments (App name: 0afb9d54dd3743a582b48b506466d3f8 | Version: 76601.1)
 * Sid Meier's Civilization VI (App name: Kinglet | Version: 1.0.12.951533_nebraska_update1_Kinglet)
  + Civilization VI : Aztec DLC (App name: KingletAztec | Version: 1.0.12.951533_nebraska_update1_KingletAztec)
 * Slain: Back From Hell (App name: d8a4c98b5020483881eb7f0c3fc4cea3 | Version: 1.11)
 * Slime Rancher (App name: Corydalis | Version: 1.4.4_Win64_Release_16)
 * Sludge Life (App name: Morganite | Version: V201003)
 * SMITE (App name: Greenbul | Version: 2105)
 * Solitairica (App name: 4c76beac4e8a4156aa8dfb9c6db09746 | Version: Solitairica 1.1.13)
 * Sonic Mania (App name: 818447bb519b46d48d365d5753362796 | Version: 1.07.0035)
 * Soulstice (App name: d366ae16e31b41869cf26c6ee309e7f3 | Version: Soulstice_release_live_v1.26)
 * Speed Brawl (App name: 6ffe878bb1ce490ba6d3a359a1f88df2 | Version: 1.5-cbf526615d)
 * Spellbreak (App name: Newt | Version: release.15196-7866)
 * Spelldrifter (App name: a2b2ed0324c44902b9058e23dedc76e3 | Version: 26974)
 * Spirit of the North (App name: d2d941e5c1ec44ae9e87e9e7cdddf1dd | Version: 4.4.0)
 * Star Wars Squadrons (App name: bobcat | Version: None)
  - This game has to be activated, installed, and launched via Origin, use "legendary launch --origin bobcat" to activate and/or run the game.
 * STAR WARS™ Battlefront™ II: Celebration Edition (App name: MtMassive | Version: None)
  - This game has to be activated, installed, and launched via Origin, use "legendary launch --origin MtMassive" to activate and/or run the game.
 * Steep (App name: Barracuda | Version: 1.00)
  - This game can be activated directly on your Ubisoft account and does not require legendary to install/run. Use "legendary activate --uplay" and follow the instructions.
 * Stick it to the Man (App name: Goldfish | Version: 0.9.91)
 * Stories Untold (App name: Parsley | Version: 1.3-Live-Windows)
 * Stubbs the Zombie in Rebel Without a Pulse (App name: 272d51db75be476f9ad60c0e7fc24470 | Version: 1.0.0)
 * Submerged Hidden Depths (App name: 2fb0eae795104757977dfe8f93b5e593 | Version: 1.0.0.3)
 * Subnautica (App name: Jaguar | Version: 71288-27962937-Windows)
 * Sundered Eldritch Edition (App name: Moa | Version: 1)
 * Sunless Skies: Sovereign Edition (App name: b979fad811c64939af282f5892049b50 | Version: 2.0.5.6e8c8ff-a-Windows)
 * Super Meat Boy (App name: Buffalo | Version: 1.2.5.3)
 * Superbrothers: Sword & Sworcery EP (App name: f6d328ca5be24fd585478d1477e1ea4d | Version: v1.3.e71b9_egs)
 * Supraland (App name: 1b037ad2c1e94e7e996b4a16f741025a | Version: 1.23.9.0)
 * Surviving Mars (App name: Ovenbird | Version: 1.5_Fuglesang.1011166-Windows)
 * Surviving the Aftermath (App name: Muscovy | Version: 1.25.0.2775)
 * Tandem A Tale of Shadows (App name: 57ad8e72d9a446dea9ef5cac2770a0b8 | Version: 1_0_2)
 * Tharsis (App name: 266d978cc221471787b597695cbb9a75 | Version: 1.03)
 * The Alto Collection (App name: Hornbill | Version: Win_202301311530)
 * The Captain (App name: f00b5acabb0f49a7b49e8350d1cd0de0 | Version: 1.1.4_win)
 * The Dungeon Of Naheulbeuk: The Amulet Of Chaos (App name: 02fac38ee2614c8ba276b1ea7c1acd7c | Version: Windows_1.5_575_47857)
 * The Elder Scrolls Online (App name: 4d0ff75b922447649057c237c0bd1545 | Version: EGSStarter_v2.9a_d6_live_public)
 * The End is Nigh (App name: Statice | Version: 0.0.9)
 * The Escapists 2 (App name: Fowl | Version: 0.24)
 * The Evil Within (App name: 591e049d72b349daa64784a171379357 | Version: 0.0.0.6)
 * The Evil Within 2 (App name: 74977fee80de4e5e9f663e62560a0f2f | Version: 0.0.0.5)
 * The Falconeer (App name: 32dbb6444ce14e9198129b746c0d056f | Version: 1.4.30.0)
 * The Fall (App name: daac7fe46e3647cb80530411d7ec1dc5 | Version: 3.0.05.64nodll)
 * The First Tree (App name: cd98b47155654e1f9a9e84e60d0b49e4 | Version: 1.0.0.32)
 * The Forest Quartet (App name: dbb0b84f31244c7584490d205b74010c | Version: 4.0.0c)
 * The Jackbox Party Pack (App name: Feverfew | Version: 1.0.3)
 * The Messenger (App name: Jay | Version: 2.0.2.4)
 * The Outer Worlds: Spacer's Choice Edition (App name: cb3bf7ba89574a66ae3b795e039d4dbc | Version: 0.0.0.6415)
 * The Silent Age (App name: 19a750a7d7974f9291c0584feedb94b0 | Version: 1.0-win)
 * The Vanishing of Ethan Carter (App name: 9447b19ffb6a47e1a654b75178779a28 | Version: 1.00)
 * The Vanishing of Ethan Carter Redux (App name: 58a6b5e81c644fba8bab2e05137429d9 | Version: 1.05)
 * The Witness (App name: Magnolia | Version: 2019_1_23_fix)
 * The World Next Door (App name: 39a0313492c84cf79b119efb09df90e5 | Version: 1.2.1p)
 * theHunter: Call of the Wild™ (App name: 4f0c34d469bb47b2bcf5b377f47ccfe3 | Version: 0.0.11)
 * Thimbleweed Park (App name: Tulip | Version: 955.1-win)
 * This War of Mine (App name: Cardinal | Version: 6.0.7.3)
 * Ticket To Ride: Classic Edition (App name: Towhee | Version: 2.7.11-6980-90471d26-win)
 * Tiny Tina's Assault on Dragon Keep: A Wonderlands One-shot Adventure (App name: 9e296d276ad447108f12c654c3341d59 | Version: PAW-PAD2-81)
 * ToeJam & Earl: Back in the Groove! (App name: 37d84dd0b65a40e9b0719141b987a216 | Version: 1.7.3-e)
 * Tomb Raider GAME OF THE YEAR EDITION (App name: d6264d56f5ba434e91d4b0a0b056c83a | Version: TRAS_15112021_838.0_1224060,275025(132814434654404397))
 * Torchlight (App name: Terragon | Version: 1.15)
 * Torchlight II (App name: 8e425d507bd6473dbb927f0fea8ef4f6 | Version: 1.25.9.5)
 * Total War: WARHAMMER (App name: 30d3a88d29e24716ac5a4720042289f7 | Version: 16363.0)
 * Trackmania Starter Access (App name: Pigeon | Version: 1.3)
  - This game can be activated directly on your Ubisoft account and does not require legendary to install/run. Use "legendary activate --uplay" and follow the instructions.
 * Train Sim World 2 (App name: dd75b5c168d546cc869582c0389f0a1d | Version: 1.0.182)
 * Train Valley 2 (App name: a617890cec1542d6ba760ba13f79225e | Version: 1.6.8.8)
 * Transistor (App name: Dill | Version: 1.50627.2019-06-10-16:14:59-x64)
 * Tunche (App name: fd51551d919847beb178985f6daf0306 | Version: v1.1.0.0)
 * Turnip Boy Commits Tax Evasion (App name: 3d34f303a68c44c2a9b44a3988533e90 | Version: 1.1.2f2)
 * Tyranny - Gold Edition (App name: 36b0e40890f147fbb1e3965f87369156 | Version: 1.0.21)
  + Tyranny - Gold Edition Pack (App name: 4d374e0805dc42bfb78c0ceb24bd1085 | Version: 1.0.0)
 * Unrailed (App name: 76233c0af0a441c7bd541e7d7ab3cde1 | Version: 2.1-bea80b268_3)
 * Unreal Tournament (App name: UnrealTournamentDev | Version: None)
  ! No version information (unknown cause)
 * Vampyr (App name: Nautilus | Version: 666399-666439)
 * Verdun (App name: 38c0129b680e4843b4807b98bad67027 | Version: 0.50466_Windows)
 * Void Bastards (App name: 595e35287b824902a2f7107139603732 | Version: 2.0.33)
 * Warhammer 40,000: Gladius - Relics of War (App name: da5b18cb1e7a452196c3142f2c1d7dd3 | Version: 1.14.00)
 * Warhammer 40,000: Mechanicus - Standard Edition (App name: dd95e8c01b4b456f8ecbf18376a49c94 | Version: 1.4.11.0)
 * Warpips (App name: 1f695dfd76d8438d8dd4046fe75daab0 | Version: 2.0.8)
 * Watch Dogs 2 (App name: Angelonia | Version: 1.0)
  - This game can be activated directly on your Ubisoft account and does not require legendary to install/run. Use "legendary activate --uplay" and follow the instructions.
 * What Remains of Edith Finch (App name: Badger | Version: 1.1.1)
 * Where The Water Tastes Like Wine (App name: e8964b869b6849bea41eefec766cd665 | Version: 1.0)
 * while True: learn() (App name: 4f272a49a39742b795d63e1f483a7c7d | Version: 1.7.101.win64)
 * Windbound (App name: a95bf4df6627431ca5baff8173c59635 | Version: 1.3.40746.206)
 * Wolfenstein: The New Order (App name: a64dcf9b711a4a60a3c0b6f052dfc7da | Version: 1.3.1)
 * World of Goo (App name: Anemone | Version: 1.53)
 * World of Warships (App name: a79746038c6948558274065d24f3faa3 | Version: 13.5.1.0.8592466-8593546-multiversion)
 * World War Z (App name: Wombat | Version: 2.27)
 * XCOM 2 (App name: 3be3c4d681bc46b3b8b26c5df3ae0a18 | Version: 1.0.1_CL-870730)
 * Yooka-Laylee (App name: ce2a78bf70b646e9b9f57c46dac99184 | Version: 30)

Total: 323
