2024-07-06 00:00:23 Loading main app package /usr/lib/obsidian/obsidian.asar
2024-07-06 00:00:23 Checking for update using Github
2024-07-06 00:00:24 Success.
2024-07-06 00:00:24 Latest version is 1.6.5
2024-07-06 00:00:24 App is up to date.
2024-07-06 04:26:13 Loading main app package /usr/lib/obsidian/obsidian.asar
2024-07-06 04:26:14 Checking for update using Github
2024-07-06 04:26:14 Success.
2024-07-06 04:26:14 Latest version is 1.6.5
2024-07-06 04:26:14 App is up to date.
2024-07-07 09:46:52 Loading main app package /usr/lib/obsidian/obsidian.asar
2024-07-07 09:46:52 Checking for update using Github
2024-07-07 09:46:53 Success.
2024-07-07 09:46:53 Latest version is 1.6.5
2024-07-07 09:46:53 App is up to date.
2024-07-07 10:46:52 Checking for update using Github
2024-07-07 10:46:52 Success.
2024-07-07 10:46:52 Latest version is 1.6.5
2024-07-07 10:46:52 App is up to date.
2024-07-07 11:46:52 Checking for update using Github
2024-07-07 11:46:52 Success.
2024-07-07 11:46:52 Latest version is 1.6.5
2024-07-07 11:46:52 App is up to date.
2024-07-08 06:36:47 Loading main app package /usr/lib/obsidian/obsidian.asar
2024-07-08 06:36:48 Checking for update using Github
2024-07-08 06:36:48 Success.
2024-07-08 06:36:48 Latest version is 1.6.5
2024-07-08 06:36:48 App is up to date.
2024-07-08 16:07:57 Loading main app package /usr/lib/obsidian/obsidian.asar
2024-07-08 16:07:58 Checking for update using Github
2024-07-08 16:07:58 Success.
2024-07-08 16:07:58 Latest version is 1.6.5
2024-07-08 16:07:58 App is up to date.
2024-07-10 02:43:59 Loading main app package /usr/lib/obsidian/obsidian.asar
2024-07-10 02:44:00 Checking for update using Github
2024-07-10 02:44:01 Success.
2024-07-10 02:44:01 Latest version is 1.6.5
2024-07-10 02:44:01 App is up to date.
2026-03-07 15:45:50 Loaded main app package /usr/lib/obsidian/obsidian.asar
2026-03-07 15:45:51 Checking for update using Github
2026-03-07 15:45:54 Success.
2026-03-07 15:45:54 Latest version is 1.12.4
2026-03-07 15:45:54 App is up to date.
2026-03-07 16:04:59 Loaded main app package /usr/lib/obsidian/obsidian.asar
2026-03-07 16:05:01 Checking for update using Github
2026-03-07 16:05:02 Success.
2026-03-07 16:05:02 Latest version is 1.12.4
2026-03-07 16:05:02 App is up to date.
