[2026-03-11 08:52:11]  Downloads: found 5 archive(s) in /home/luther/Downloads
[2026-03-11 08:52:11]  Mod Manager ready. 1/28 games configured.
[2026-03-11 08:52:11]  Linux mode active. Using CustomTkinter UI framework.
[2026-03-11 08:52:11]  Nexus Mods API key loaded.
[2026-03-11 08:52:11]  NXM protocol handler registered.
[2026-03-11 08:52:11]  NXM IPC server listening on /run/user/1000/amethyst-mod-manager.sock
[2026-03-11 08:52:11]  Nexus API GET /users/validate → 200
[2026-03-11 08:52:11]    Response: {"user_id": 71483453, "key": "[REDACTED]", "name": "DubiousPhoenix", "is_premium?": false, "is_supporter?": false, "email": "[REDACTED]", "profile_url": "https://avatars.nexusmods.com/71483453/100", "is_supporter": false, "is_premium": false}
[2026-03-11 08:52:12]  Filemap updated: 25960 file(s).
[2026-03-11 08:52:32]  Restore: saving ShaderCache to overwrite/ ...
[2026-03-11 08:52:32]    Saved ShaderCache → overwrite/ShaderCache/
[2026-03-11 08:52:32]  Restore: removing plugins.txt symlink ...
[2026-03-11 08:52:32]    Removed plugins.txt symlink from prefix.
[2026-03-11 08:52:32]  Restore: restoring launcher ...
[2026-03-11 08:52:32]    Restored SkyrimSELauncher.exe from .bak.
[2026-03-11 08:52:32]  Restore: clearing Data/ and moving Data_Core/ back ...
[2026-03-11 08:52:33]    Removed 25985 file(s) from Data/.
[2026-03-11 08:52:33]    Restored 34 file(s). Data_Core/ removed.
[2026-03-11 08:52:33]  Restore complete.
[2026-03-11 08:52:33]  Backup: modlist.txt
[2026-03-11 08:52:33]  Backup: plugins.txt
[2026-03-11 08:52:33]  Backup: plugin_locks.json
[2026-03-11 08:52:33]  Backup: removed oldest 20260309_162556
[2026-03-11 08:52:33]  Step 1: Saving ShaderCache to overwrite/ ...
[2026-03-11 08:52:33]  Step 2: Moving Data/ → Data_Core/ ...
[2026-03-11 08:52:33]    Moved 34 file(s) to Data_Core/.
[2026-03-11 08:52:33]  Step 3: Transferring mod files into Data/ (HARDLINK) ...
[2026-03-11 08:52:35]    Transferred 25960 mod file(s).
[2026-03-11 08:52:35]  Step 4: Filling gaps with vanilla files from Data_Core/ ...
[2026-03-11 08:52:35]    Transferred 25 vanilla file(s).
[2026-03-11 08:52:35]  Step 5: Deploying ShaderCache as full copy ...
[2026-03-11 08:52:35]    Copied ShaderCache from overwrite/ → Data/ (full copy).
[2026-03-11 08:52:35]  Step 6: Symlinking plugins.txt into Proton prefix ...
[2026-03-11 08:52:35]    Linked plugins.txt → /home/luther/.local/share/Steam/steamapps/compatdata/489830/pfx/drive_c/users/steamuser/AppData/Local/Skyrim Special Edition/plugins.txt
[2026-03-11 08:52:35]  Step 7: Swapping launcher for SKSE ...
[2026-03-11 08:52:35]    Renamed SkyrimSELauncher.exe → SkyrimSELauncher.bak.
[2026-03-11 08:52:35]    Copied skse64_loader.exe → SkyrimSELauncher.exe.
[2026-03-11 08:52:35]  Deploy complete. 25960 mod + 25 vanilla = 25985 total file(s) in Data/.
[2026-03-11 08:52:36]  Filemap updated: 25960 file(s).
[2026-03-11 08:52:40]  Fetching latest masterlist_skyrimse.yaml...
[2026-03-11 08:52:40]  Updated masterlist_skyrimse.yaml.
[2026-03-11 08:52:40]  Fetching latest masterlist_prelude.yaml...
[2026-03-11 08:52:40]  Updated masterlist_prelude.yaml.
[2026-03-11 08:52:40]  Initializing LOOT...
[2026-03-11 08:52:41]  Loaded masterlist with prelude.
[2026-03-11 08:52:41]  Loading 230 plugin headers...
[2026-03-11 08:52:41]  Sorting 230 plugins...
[2026-03-11 08:52:41]  Sort complete. 0 plugin(s) changed position.
[2026-03-11 08:52:41]  Load order is already sorted.
[2026-03-11 08:52:44]  Nexus: Opened https://www.nexusmods.com/skyrimspecialedition/mods/9320
[2026-03-11 08:54:22]  Nexus: Opened https://www.nexusmods.com/skyrimspecialedition/mods/145580
[2026-03-11 08:55:24]  Nexus: Received link from browser.
[2026-03-11 08:55:24]  Nexus: Downloading mod 386 file 115927 from skyrimspecialedition...
[2026-03-11 08:55:24]  Received NXM link from new instance: nxm://skyrimspecialedition/mods/386/files/115927?key=VCyRhEN3evCFLa1ih4k1RA&expires=1773406522&user_id=71483453
[2026-03-11 08:55:24]  Nexus API POST GraphQL NxmModAndFile → 200
[2026-03-11 08:55:24]    Response: {"errors": [{"message": "Selections can't be made on scalars (field 'category' returns String but has selections [\"id\"])", "locations": [{"line": 10, "column": 21}], "path": ["query NxmModAndFile", "legacyModsByDomain", "nodes", "category"], "extensions": {"code": "selectionMismatch", "nodeName": "field 'category'", "typeName": "String"}}, {"message": "Field 'files' doesn't exist on type 'Mod'", "locations": [{"line": 12, "column": 21}], "path": ["query NxmModAndFile", "legacyModsByDomain", "nodes", "files"], "extensions": {"code": "undefinedField", "typeName": "Mod", "fieldName": "files"}}]}
[2026-03-11 08:55:24]  GraphQL NxmModAndFile errors: [{'message': 'Selections can\'t be made on scalars (field \'category\' returns String but has selections ["id"])', 'locations': [{'line': 10, 'column': 21}], 'path': ['query NxmModAndFile', 'legacyModsByDomain', 'nodes', 'category'], 'extensions': {'code': 'selectionMismatch', 'nodeName': "field 'category'", 'typeName': 'String'}}, {'message': "Field 'files' doesn't exist on type 'Mod'", 'locations': [{'line': 12, 'column': 21}], 'path': ['query NxmModAndFile', 'legacyModsByDomain', 'nodes', 'files'], 'extensions': {'code': 'undefinedField', 'typeName': 'Mod', 'fieldName': 'files'}}]
[2026-03-11 08:55:24]  Nexus API GET /games/skyrimspecialedition/mods/386/files/115927/download_link → 200
[2026-03-11 08:55:24]    Response: [{"name": "Nexus Global Content Delivery Network", "short_name": "Nexus CDN", "URI": "https://supporter-files.nexus-cdn.com/1704/386/Sovngarde - Mist's Font Replacer Light V8.9-386-8-9-1576107283.7z?md5=xXpO3YpuHasjmS-hcaVPCg&expires=1773248124&user_id=71483453"}]
[2026-03-11 08:55:24]  Nexus API GET /games/skyrimspecialedition/mods/386/files/115927 → 200
[2026-03-11 08:55:24]    Response: {"id": [115927, 1704], "uid": 7318624388311, "file_id": 115927, "name": "Sovngarde - Mist's Font Replacer Light V8.9", "version": "8.9", "category_id": 1, "category_name": "MAIN", "is_primary": false, "size": 331, "file_name": "Sovngarde - Mist's Font Replacer Light V8.9-386-8-9-1576107283.7z", "uploaded_timestamp": 1576107283, "uploaded_time": "2019-12-11T23:34:43.000+00:00", "mod_version": "8.9", "external_virus_scan_url": "https://www.virustotal.com/file/a7d4b82b1598d83dfc9654c1eea876346d2afd377e373a4ea3920885c83fd054/analysis/1576107289/", "description": "This file supports English, French, Italian, Spanish, Portuguese, Polish &amp; Russian.", "size_kb": 331, "size_in_bytes": 339038, "changelog_html": "Added the nine Irish dotted letters (lenited consonants).\nCreated 12% smaller version for German to fix missing numbers in perk skill trees. Supports all other languages too, so use this version if you experience that bug.\nFixed missing download images on modpage.\nDabbled a bit more in the font's kerning. Still definitely not perfect, but I don't have the time to overhaul everything.\nNo need to download new font patches, the previous patches between Sovngarde 8.8 and other fo...
[2026-03-11 08:55:25]  Nexus: Installing Sovngarde - Mist's Font Replacer Light V8.9-386-8-9-1576107283.7z...
[2026-03-11 08:55:25]  Extracting with py7zr…
[2026-03-11 08:55:25]  Direct install — 6 file(s) to install.
[2026-03-11 08:55:25]  Copied 6 item(s) to staging area.
[2026-03-11 08:55:25]  Installed 'Sovngarde - Mist's Font Replacer Light' → /home/luther/.config/AmethystModManager/Profiles/Skyrim Special Edition/mods/Sovngarde - Mist's Font Replacer Light
[2026-03-11 08:55:25]  Added 'Sovngarde - Mist's Font Replacer Light' to modlist.
[2026-03-11 08:55:25]  Wrote meta.ini: /home/luther/.config/AmethystModManager/Profiles/Skyrim Special Edition/mods/Sovngarde - Mist's Font Replacer Light/meta.ini
[2026-03-11 08:55:25]  Nexus: Saved metadata (mod 386, v)
[2026-03-11 08:55:25]  Nexus: Removed archive Sovngarde - Mist's Font Replacer Light V8.9-386-8-9-1576107283.7z
[2026-03-11 08:55:25]  Downloads: found 5 archive(s) in /home/luther/Downloads
[2026-03-11 08:55:25]  Downloaded Sovngarde - Mist's Font Replacer Light V8.9-386-8-9-1576107283.7z (339038 bytes) → /home/luther/Downloads/Sovngarde - Mist's Font Replacer Light V8.9-386-8-9-1576107283.7z
[2026-03-11 08:55:25]  Nexus: Detected mod ID 386 from filename.
[2026-03-11 08:55:25]  Nexus API GET /games/skyrimspecialedition/mods/386 → 200
[2026-03-11 08:55:25]    Response: {"name": "Sovngarde - Mist's Font Replacer", "summary": "Sovngarde is a lore-friendly font replacer I designed by hand based on Skyrim's title. Supports 8 languages and 2 weights!", "description": "[center][b][size=3]Sovngarde is a font I conceptualized and designed by hand based on Skyrim's intro title[i].\n<br />[/i]\n<br />Supports English, French, German, Italian, Spanish, Portuguese, Polish &amp; Russian languages, along with 2 font weights!\n<br />\n<br />Meet Drukaatie Burti, the new open source font included with Sovngarde to replace the book fonts!\n<br />Features the same expansive 8 language support and an immersive inky look.[/size][/b][i]\n<br />[/i][size=3]\n<br />Compatible with\u00a0[url=https://www.nexusmods.com/skyrim/mods/72159/]12th Century Bookfont[/url]*, [url=https://www.nexusmods.com/skyrimspecialedition/mods/2880/?]Font Overhaul[/url]* and [url=https://www.nexusmods.com/skyrimspecialedition/mods/18398]Customizable UI Replacer[/url]\ufeff![/size]\n<br />[size=2]*Compatibility patches for bookfonts available in optional downloads. Customizable UI replacer requires no compatibility patches!\n<br />[url=https://www.nexusmods.com/skyrimspecialedition/mods/2880?t...
[2026-03-11 08:55:26]  Filemap updated: 25965 file(s).
[2026-03-11 08:55:26]  Nexus API GET /games/skyrimspecialedition/mods/386/files → 200
[2026-03-11 08:55:26]    Response: {"file_updates": [{"old_file_id": 73935, "new_file_id": 115926, "old_file_name": "Sovngarde - Mist's Font Replacer Bold V8.8-386-8-8-1543778664.7z", "new_file_name": "Sovngarde - Mist's Font Replacer Bold V8.9-386-8-9-1576107205.7z", "uploaded_timestamp": 1576107205, "uploaded_time": "2019-12-11T23:33:25.000+00:00"}, {"old_file_id": 73936, "new_file_id": 115927, "old_file_name": "Sovngarde - Mist's Font Replacer Light V8.8-386-8-8-1543778745.7z", "new_file_name": "Sovngarde - Mist's Font Replacer Light V8.9-386-8-9-1576107283.7z", "uploaded_timestamp": 1576107283, "uploaded_time": "2019-12-11T23:34:43.000+00:00"}, {"old_file_id": 73940, "new_file_id": 115929, "old_file_name": "Sovngarde - Mist's Font Replacer Bold Inverted Brackets V8.8-386-8-8-1543778894.7z", "new_file_name": "Sovngarde - Mist's Font Replacer Bold Inverted Brackets V8.9-386-8-9-1576107428.7z", "uploaded_timestamp": 1576107428, "uploaded_time": "2019-12-11T23:37:08.000+00:00"}, {"old_file_id": 159666, "new_file_id": 679750, "old_file_name": "Sovngarde Desktop Edition-386-8-9-1599534851.7z", "new_file_name": "Sovngarde Desktop Edition-386-8-9-1761283820.zip", "uploaded_timestamp": 1761283820, "uploaded_time": "2025-...
[2026-03-11 08:55:26]  Wrote meta.ini: /home/luther/.config/AmethystModManager/Profiles/Skyrim Special Edition/mods/Sovngarde - Mist's Font Replacer Light/meta.ini
[2026-03-11 08:55:26]  Nexus: Identified as 'Sovngarde - Mist's Font Replacer' (mod 386, file 115927).
[2026-03-11 08:55:26]  Nexus: Saved metadata for 'Sovngarde - Mist's Font Replacer Light' (mod 386)
[2026-03-11 09:04:21]  Filemap updated: 25958 file(s).
[2026-03-11 09:04:25]  Nexus: Received link from browser.
[2026-03-11 09:04:25]  Nexus: Downloading mod 143275 file 630294 from skyrimspecialedition...
[2026-03-11 09:04:25]  Received NXM link from new instance: nxm://skyrimspecialedition/mods/143275/files/630294?key=YaWWr1EvlVAdxAsg4I5ZgA&expires=1773407063&user_id=71483453
[2026-03-11 09:04:25]  Nexus API POST GraphQL NxmModAndFile → 200
[2026-03-11 09:04:25]    Response: {"errors": [{"message": "Selections can't be made on scalars (field 'category' returns String but has selections [\"id\"])", "locations": [{"line": 10, "column": 21}], "path": ["query NxmModAndFile", "legacyModsByDomain", "nodes", "category"], "extensions": {"code": "selectionMismatch", "nodeName": "field 'category'", "typeName": "String"}}, {"message": "Field 'files' doesn't exist on type 'Mod'", "locations": [{"line": 12, "column": 21}], "path": ["query NxmModAndFile", "legacyModsByDomain", "nodes", "files"], "extensions": {"code": "undefinedField", "typeName": "Mod", "fieldName": "files"}}]}
[2026-03-11 09:04:25]  GraphQL NxmModAndFile errors: [{'message': 'Selections can\'t be made on scalars (field \'category\' returns String but has selections ["id"])', 'locations': [{'line': 10, 'column': 21}], 'path': ['query NxmModAndFile', 'legacyModsByDomain', 'nodes', 'category'], 'extensions': {'code': 'selectionMismatch', 'nodeName': "field 'category'", 'typeName': 'String'}}, {'message': "Field 'files' doesn't exist on type 'Mod'", 'locations': [{'line': 12, 'column': 21}], 'path': ['query NxmModAndFile', 'legacyModsByDomain', 'nodes', 'files'], 'extensions': {'code': 'undefinedField', 'typeName': 'Mod', 'fieldName': 'files'}}]
[2026-03-11 09:04:25]  Nexus API GET /games/skyrimspecialedition/mods/143275/files/630294/download_link → 200
[2026-03-11 09:04:25]    Response: [{"name": "Nexus Global Content Delivery Network", "short_name": "Nexus CDN", "URI": "https://supporter-files.nexus-cdn.com/1704/143275/B. Tween Menu Overhaul - Alternative-143275-1-1-1748014676.zip?md5=ZqqyqABjRYVSyOU2uGwbaQ&expires=1773248665&user_id=71483453"}]
[2026-03-11 09:04:25]  Nexus API GET /games/skyrimspecialedition/mods/143275/files/630294 → 200
[2026-03-11 09:04:25]    Response: {"id": [630294, 1704], "uid": 7318624902678, "file_id": 630294, "name": "B. Tween Menu Overhaul - Alternative", "version": "1.1", "category_id": 1, "category_name": "MAIN", "is_primary": false, "size": 336, "file_name": "B. Tween Menu Overhaul - Alternative-143275-1-1-1748014676.zip", "uploaded_timestamp": 1748014676, "uploaded_time": "2025-05-23T15:37:56.000+00:00", "mod_version": "1.1", "external_virus_scan_url": "https://www.virustotal.com/gui/file/7b137771aec7ae2c77f1b5ffa55f3a9d7424f5918d2b598a1bf4501f8b04dddd/detection/f-7b137771aec7ae2c77f1b5ffa55f3a9d7424f5918d2b598a1bf4501f8b04dddd-1748014681", "description": "[img]https://i.imgur.com/FhMbOLu.png[/img]", "size_kb": 336, "size_in_bytes": 343619, "changelog_html": "* Fixed a bug where camera would briefly show unloaded terrain after exiting Map Menu\n* Fixed the menu getting stuck when closing the Stats Menu after leveling up a skill", "content_preview_link": "https://file-metadata.nexusmods.com/file/nexus-files-s3-meta/1704/143275/B. Tween Menu Overhaul - Alternative-143275-1-1-1748014676.zip.json"}
[2026-03-11 09:04:26]  Nexus: Installing B. Tween Menu Overhaul - Alternative-143275-1-1-1748014676.zip...
[2026-03-11 09:04:26]  Extracting with zipfile…
[2026-03-11 09:04:26]  Direct install — 8 file(s) to install.
[2026-03-11 09:04:26]  Copied 8 item(s) to staging area.
[2026-03-11 09:04:26]  Installed 'B. Tween Menu Overhaul - Alternative' → /home/luther/.config/AmethystModManager/Profiles/Skyrim Special Edition/mods/B. Tween Menu Overhaul - Alternative
[2026-03-11 09:04:26]  Added 'B. Tween Menu Overhaul - Alternative' to modlist.
[2026-03-11 09:04:26]  Wrote meta.ini: /home/luther/.config/AmethystModManager/Profiles/Skyrim Special Edition/mods/B. Tween Menu Overhaul - Alternative/meta.ini
[2026-03-11 09:04:26]  Nexus: Saved metadata (mod 143275, v)
[2026-03-11 09:04:26]  Nexus: Removed archive B. Tween Menu Overhaul - Alternative-143275-1-1-1748014676.zip
[2026-03-11 09:04:26]  Downloads: found 0 archive(s) in /home/luther/Downloads
[2026-03-11 09:04:26]  Downloaded B. Tween Menu Overhaul - Alternative-143275-1-1-1748014676.zip (343619 bytes) → /home/luther/Downloads/B. Tween Menu Overhaul - Alternative-143275-1-1-1748014676.zip
[2026-03-11 09:04:26]  Nexus: Detected mod ID 143275 from filename.
[2026-03-11 09:04:26]  Nexus API GET /games/skyrimspecialedition/mods/143275 → 200
[2026-03-11 09:04:26]    Response: {"name": "Tween Menu Overhaul", "summary": "A complete overhaul of the Tween Menu, introducing the ability to add new shortcuts to other game menus. Available in two distinct versions. SKSE plugin.", "description": "[size=3][img]https://i.imgur.com/4tLtsGD.png[/img]\n<br />[img]https://i.imgur.com/vv3jAYD.png[/img]\n<br />[b]Tween Menu Overhaul[/b] is a complete rework of Skyrim's Tween Menu. The main purpose of this mod is to make the Tween Menu [b]fully modular[/b], giving you the ability to add new shortcuts for vanilla and mod-added menus.\n<br />This mod is also a visual overhaul of the Tween Menu, coming in two versions: [color=#f1c232]Classic [/color]and [color=#6d9eeb]Alternative[/color].\n<br />\n<br />[img]https://i.imgur.com/QZ57RHJ.png[/img]\n<br />\n<br />The Tween Menu comes in [b]two distinct versions[/b]. They both share the same technical features but drastically differ in style. Pick your favorite.\n<br />\n<br />[center][img]https://i.imgur.com/RiwFUN5.png[/img][/center]\n<br />\"Tween Menu Overhaul - [color=#f1c232]Classic[/color]\" is closer to vanilla layout. It has 4 main categories (fully customizable) in which the different options are distributed.\n<br />\...
[2026-03-11 09:04:27]  Nexus: Identified as 'Tween Menu Overhaul' (mod 143275, file 630294).
[2026-03-11 09:04:27]  Nexus: Saved metadata for 'B. Tween Menu Overhaul - Alternative' (mod 143275)
[2026-03-11 09:04:27]  Nexus API GET /games/skyrimspecialedition/mods/143275/files → 200
[2026-03-11 09:04:27]    Response: {"file_updates": [], "files": [{"id": [600585, 1704], "uid": 7318624872969, "file_id": 600585, "name": "Tween Menu Overhaul - Classic", "version": "1.0", "category_id": 7, "category_name": "ARCHIVED", "is_primary": false, "size": 342, "file_name": "Tween Menu Overhaul - Classic-143275-1-0-1740854998.zip", "uploaded_timestamp": 1740854998, "uploaded_time": "2025-03-01T18:49:58.000+00:00", "mod_version": "1.0", "external_virus_scan_url": "https://www.virustotal.com/gui/file/a86150c7b51e3017281455bc1b6072af13fcd067d2f1692f8d0cedc75d65253e/detection/f-a86150c7b51e3017281455bc1b6072af13fcd067d2f1692f8d0cedc75d65253e-1740855004", "description": "[img]https://i.imgur.com/wR6w378.png[/img]", "size_kb": 342, "size_in_bytes": 349843, "changelog_html": null, "content_preview_link": "https://file-metadata.nexusmods.com/file/nexus-files-s3-meta/1704/143275/Tween Menu Overhaul - Classic-143275-1-0-1740854998.zip.json"}, {"id": [600588, 1704], "uid": 7318624872972, "file_id": 600588, "name": "Tween Menu Overhaul - Alternative", "version": "1.0", "category_id": 7, "category_name": "ARCHIVED", "is_primary": false, "size": 336, "file_name": "Tween Menu Overhaul - Alternative-143275-1-0-1740855379.zi...
[2026-03-11 09:04:27]  Wrote meta.ini: /home/luther/.config/AmethystModManager/Profiles/Skyrim Special Edition/mods/B. Tween Menu Overhaul - Alternative/meta.ini
[2026-03-11 09:04:27]  Filemap updated: 25965 file(s).
[2026-03-11 09:06:22]  Filemap updated: 25961 file(s).
