[2026-03-08 09:33:26]  Downloads: found 4 archive(s) in /home/luther/Downloads
[2026-03-08 09:33:26]  Mod Manager ready. 1/26 games configured.
[2026-03-08 09:33:26]  Linux mode active. Using CustomTkinter UI framework.
[2026-03-08 09:33:26]  NXM protocol handler registered.
[2026-03-08 09:33:26]  NXM IPC server listening on /run/user/1000/amethyst-mod-manager.sock
[2026-03-08 09:33:26]  Filemap updated: 0 file(s).
[2026-03-08 09:33:39]  Nexus API GET /users/validate → 200
[2026-03-08 09:33:39]    Response: {"user_id": 71483453, "key": "[REDACTED]", "name": "DubiousPhoenix", "is_premium?": false, "is_supporter?": false, "email": "[REDACTED]", "profile_url": "https://avatars.nexusmods.com/71483453/100", "is_supporter": false, "is_premium": false}
[2026-03-08 09:33:45]  Nexus API key updated.
[2026-03-08 09:33:46]  Nexus API GET /users/validate → 200
[2026-03-08 09:33:46]    Response: {"user_id": 71483453, "key": "[REDACTED]", "name": "DubiousPhoenix", "is_premium?": false, "is_supporter?": false, "email": "[REDACTED]", "profile_url": "https://avatars.nexusmods.com/71483453/100", "is_supporter": false, "is_premium": false}
[2026-03-08 09:33:53]  Nexus: Received link from browser.
[2026-03-08 09:33:53]  Nexus: Downloading mod 30379 file 462377 from skyrimspecialedition...
[2026-03-08 09:33:53]  Received NXM link from new instance: nxm://skyrimspecialedition/mods/30379/files/462377?key=xy2zZe0wfWONCowf1HBqVw&expires=1773149632&user_id=71483453
[2026-03-08 09:33:53]  Nexus API GET /games/skyrimspecialedition/mods/30379 → 200
[2026-03-08 09:33:53]    Response: {"name": "Skyrim Script Extender (SKSE64)", "summary": "The Skyrim Script Extender (SKSE) is a tool used by many Skyrim mods that expands scripting capabilities and adds additional functionality to the game.", "description": "The Skyrim Script Extender (SKSE) is a tool used by many Skyrim mods that expands scripting capabilities and adds additional functionality to the game.\n<br />\n<br />Once installed, no additional steps are needed to launch Skyrim with SKSE's added functionality. You can start the game using SKSE from skse64_loader.exe.\n<br />\n<br />[b]Compatibility: SKSE64 supports the releases of Skyrim on Steam and GOG. Other stores (EGS, Windows Store, Game Pass) are not supported.[/b]\n<br />\n<br />[size=4]Installation (Manual)[/size]\n<br />[list]\n<br />[*]Download the SKSE Build for your game version from the Files tab.\n<br />[*]Extract all files inside the top-level folder in the ZIP to your game folder (where Skyrim.exe is located).\n<br />[*]Run the game using skse64_loader.exe.\n<br />[*]To confirm it is working, open the console with the tilde (`) key and type [i]getskseversion[/i]. This will display the version number of the current SKSE build.\u00a0\n<br />[...
[2026-03-08 09:33:53]  Nexus API GET /games/skyrimspecialedition/mods/30379/files → 200
[2026-03-08 09:33:53]    Response: {"file_updates": [{"old_file_id": 255895, "new_file_id": 255896, "old_file_name": "Skyrim Script Extender (SKSE64)-30379-2-1-0-1641914648.7z", "new_file_name": "Skyrim Script Extender (SKSE64)-30379-2-1-1-1641914673.7z", "uploaded_timestamp": 1641914673, "uploaded_time": "2022-01-11T15:24:33.000+00:00"}, {"old_file_id": 255896, "new_file_id": 255897, "old_file_name": "Skyrim Script Extender (SKSE64)-30379-2-1-1-1641914673.7z", "new_file_name": "Skyrim Script Extender (SKSE64)-30379-2-1-2-1641914704.7z", "uploaded_timestamp": 1641914704, "uploaded_time": "2022-01-11T15:25:04.000+00:00"}, {"old_file_id": 255897, "new_file_id": 255898, "old_file_name": "Skyrim Script Extender (SKSE64)-30379-2-1-2-1641914704.7z", "new_file_name": "Skyrim Script Extender (SKSE64)-30379-2-1-3-1641914728.7z", "uploaded_timestamp": 1641914728, "uploaded_time": "2022-01-11T15:25:28.000+00:00"}, {"old_file_id": 255898, "new_file_id": 255899, "old_file_name": "Skyrim Script Extender (SKSE64)-30379-2-1-3-1641914728.7z", "new_file_name": "Skyrim Script Extender (SKSE64)-30379-2-1-4-1641914755.7z", "uploaded_timestamp": 1641914755, "uploaded_time": "2022-01-11T15:25:55.000+00:00"}, {"old_file_id": 255899, "new_f...
[2026-03-08 09:33:53]  Nexus API GET /games/skyrimspecialedition/mods/30379/files/462377/download_link → 200
[2026-03-08 09:33:53]    Response: [{"name": "Nexus Global Content Delivery Network", "short_name": "Nexus CDN", "URI": "https://supporter-files.nexus-cdn.com/1704/30379/Skyrim Script Extender (SKSE64)-30379-2-2-6-1705522967.7z?md5=jiz3m6Oda8xIp3E6Ge18Gw&expires=1772991233&user_id=71483453"}]
[2026-03-08 09:33:54]  Nexus API GET /games/skyrimspecialedition/mods/30379/files/462377 → 200
[2026-03-08 09:33:54]    Response: {"id": [462377, 1704], "uid": 7318624734761, "file_id": 462377, "name": "Skyrim Script Extender (SKSE64)  Steam", "version": "2.2.6", "category_id": 1, "category_name": "MAIN", "is_primary": true, "size": 734, "file_name": "Skyrim Script Extender (SKSE64)-30379-2-2-6-1705522967.7z", "uploaded_timestamp": 1705522967, "uploaded_time": "2024-01-17T20:22:47.000+00:00", "mod_version": "2.2.6", "external_virus_scan_url": "https://www.virustotal.com/gui/file/d7297f1a1d613e5265e1af4dbbfe8bd37a32719c1ccef363fc6187fa6eba0848/detection/f-d7297f1a1d613e5265e1af4dbbfe8bd37a32719c1ccef363fc6187fa6eba0848-1705523060", "description": "Compatible with Skyrim Special Edition 1.6.1170 from Steam", "size_kb": 734, "size_in_bytes": 751136, "changelog_html": "support for 1.6.1170", "content_preview_link": "https://file-metadata.nexusmods.com/file/nexus-files-s3-meta/1704/30379/Skyrim Script Extender (SKSE64)-30379-2-2-6-1705522967.7z.json"}
[2026-03-08 09:33:54]  Nexus: Installing Skyrim Script Extender (SKSE64)-30379-2-2-6-1705522967.7z...
[2026-03-08 09:33:54]  Extracting with py7zr…
[2026-03-08 09:33:54]  py7zr failed ((b'\x03\x03\x01\x1b', 'BCJ2 filter is not supported by py7zr. Please consider to contribute to XZ/liblzma project and help Python core team implementing it. Or please use another tool to extract it.')), retrying with 7z…
[2026-03-08 09:33:54]  Extracted with 7z.
[2026-03-08 09:33:54]  Direct install — 536 file(s) to install.
[2026-03-08 09:33:54]  Auto-stripped top-level folder(s) so mod matches expected structure.
[2026-03-08 09:33:55]  Copied 536 item(s) to staging area.
[2026-03-08 09:33:55]  Installed 'Skyrim Script Extender' → /home/luther/.config/AmethystModManager/Profiles/Skyrim Special Edition/mods/Skyrim Script Extender
[2026-03-08 09:33:55]  Added 'Skyrim Script Extender' to modlist.
[2026-03-08 09:33:55]  Wrote meta.ini: /home/luther/.config/AmethystModManager/Profiles/Skyrim Special Edition/mods/Skyrim Script Extender/meta.ini
[2026-03-08 09:33:55]  Nexus: Saved metadata (mod 30379, v2.2.6)
[2026-03-08 09:33:55]  Nexus: Removed archive Skyrim Script Extender (SKSE64)-30379-2-2-6-1705522967 (1).7z
[2026-03-08 09:33:55]  Downloads: found 4 archive(s) in /home/luther/Downloads
[2026-03-08 09:33:55]  Downloaded Skyrim Script Extender (SKSE64)-30379-2-2-6-1705522967.7z (751136 bytes) → /home/luther/Downloads/Skyrim Script Extender (SKSE64)-30379-2-2-6-1705522967 (1).7z
[2026-03-08 09:33:55]  Nexus: Computing MD5 hash of Skyrim Script Extender (SKSE64)-30379-2-2-6-1705522967 (1).7z...
[2026-03-08 09:33:55]  Nexus: MD5 lookup failed — [Errno 2] No such file or directory: '/home/luther/Downloads/Skyrim Script Extender (SKSE64)-30379-2-2-6-1705522967 (1).7z'
[2026-03-08 09:33:55]  Filemap updated: 536 file(s).
[2026-03-08 09:34:03]  Downloading masterlist_skyrimse.yaml...
[2026-03-08 09:34:03]  Downloaded masterlist_skyrimse.yaml successfully.
[2026-03-08 09:34:03]  Downloading masterlist_prelude.yaml...
[2026-03-08 09:34:04]  Downloaded masterlist_prelude.yaml successfully.
[2026-03-08 09:34:04]  Initializing LOOT...
[2026-03-08 09:34:04]  Loaded masterlist with prelude.
[2026-03-08 09:34:04]  Loading 10 plugin headers...
[2026-03-08 09:34:04]  Sorting 10 plugins...
[2026-03-08 09:34:04]  Sort complete. 9 plugin(s) changed position.
[2026-03-08 09:34:04]  Sorted — 9 plugin(s) changed position.
[2026-03-08 09:34:14]  Run EXE: deploying mods before launch…
[2026-03-08 09:34:14]  Restore: saving ShaderCache to overwrite/ ...
[2026-03-08 09:34:14]    Saved ShaderCache → overwrite/ShaderCache/
[2026-03-08 09:34:14]  Restore: removing plugins.txt symlink ...
[2026-03-08 09:34:14]  Restore: restoring launcher ...
[2026-03-08 09:34:14]  Restore: clearing Data/ and moving Data_Core/ back ...
[2026-03-08 09:34:14]    No Data_Core/ found — nothing to restore (skipping).
[2026-03-08 09:34:14]    Restored 0 file(s). Data_Core/ removed.
[2026-03-08 09:34:14]  Restore complete.
[2026-03-08 09:34:14]  Step 1: Saving ShaderCache to overwrite/ ...
[2026-03-08 09:34:14]  Step 2: Moving Data/ → Data_Core/ ...
[2026-03-08 09:34:14]    Moved 34 file(s) to Data_Core/.
[2026-03-08 09:34:14]  Step 3: Transferring mod files into Data/ (HARDLINK) ...
[2026-03-08 09:34:14]    Transferred 536 mod file(s).
[2026-03-08 09:34:14]  Step 4: Filling gaps with vanilla files from Data_Core/ ...
[2026-03-08 09:34:14]    Transferred 34 vanilla file(s).
[2026-03-08 09:34:14]  Step 5: Deploying ShaderCache as full copy ...
[2026-03-08 09:34:14]    Copied ShaderCache from overwrite/ → Data/ (full copy).
[2026-03-08 09:34:14]  Step 6: Symlinking plugins.txt into Proton prefix ...
[2026-03-08 09:34:14]    Linked plugins.txt → /home/luther/.local/share/Steam/steamapps/compatdata/489830/pfx/drive_c/users/steamuser/AppData/Local/Skyrim Special Edition/plugins.txt
[2026-03-08 09:34:14]  Step 7: Swapping launcher for SKSE ...
[2026-03-08 09:34:14]    SKSE loader not found — skipping launcher swap.
[2026-03-08 09:34:14]  Deploy complete. 536 mod + 34 vanilla = 570 total file(s) in Data/.
[2026-03-08 09:34:14]  Run EXE: deploy complete, launching…
[2026-03-08 09:34:14]  Run EXE: launching via Steam (app 489830) ...
[2026-03-08 09:34:27]  [portal] ImportError: No module named 'gi'
[2026-03-08 09:35:07]  [portal] ImportError: No module named 'gi'
[2026-03-08 09:35:11]  Restore: saving ShaderCache to overwrite/ ...
[2026-03-08 09:35:11]    Saved ShaderCache → overwrite/ShaderCache/
[2026-03-08 09:35:11]  Restore: removing plugins.txt symlink ...
[2026-03-08 09:35:11]    Removed plugins.txt symlink from prefix.
[2026-03-08 09:35:11]  Restore: restoring launcher ...
[2026-03-08 09:35:11]  Restore: clearing Data/ and moving Data_Core/ back ...
[2026-03-08 09:35:11]    Removed 570 file(s) from Data/.
[2026-03-08 09:35:11]    Restored 34 file(s). Data_Core/ removed.
[2026-03-08 09:35:11]  Restore complete.
[2026-03-08 09:35:11]  Backup: modlist.txt
[2026-03-08 09:35:11]  Backup: plugins.txt
[2026-03-08 09:35:11]  Step 1: Saving ShaderCache to overwrite/ ...
[2026-03-08 09:35:11]  Step 2: Moving Data/ → Data_Core/ ...
[2026-03-08 09:35:11]    Moved 34 file(s) to Data_Core/.
[2026-03-08 09:35:11]  Step 3: Transferring mod files into Data/ (HARDLINK) ...
[2026-03-08 09:35:11]    Transferred 536 mod file(s).
[2026-03-08 09:35:11]  Step 4: Filling gaps with vanilla files from Data_Core/ ...
[2026-03-08 09:35:11]    Transferred 34 vanilla file(s).
[2026-03-08 09:35:11]  Step 5: Deploying ShaderCache as full copy ...
[2026-03-08 09:35:11]    Copied ShaderCache from overwrite/ → Data/ (full copy).
[2026-03-08 09:35:11]  Step 6: Symlinking plugins.txt into Proton prefix ...
[2026-03-08 09:35:11]    Linked plugins.txt → /home/luther/.local/share/Steam/steamapps/compatdata/489830/pfx/drive_c/users/steamuser/AppData/Local/Skyrim Special Edition/plugins.txt
[2026-03-08 09:35:11]  Step 7: Swapping launcher for SKSE ...
[2026-03-08 09:35:11]    SKSE loader not found — skipping launcher swap.
[2026-03-08 09:35:11]  Deploy complete. 536 mod + 34 vanilla = 570 total file(s) in Data/.
[2026-03-08 09:35:11]  Filemap updated: 536 file(s).
[2026-03-08 09:35:14]  Initializing LOOT...
[2026-03-08 09:35:15]  Loaded masterlist with prelude.
[2026-03-08 09:35:15]  Loading 10 plugin headers...
[2026-03-08 09:35:15]  Sorting 10 plugins...
[2026-03-08 09:35:15]  Sort complete. 0 plugin(s) changed position.
[2026-03-08 09:35:15]  Load order is already sorted.
[2026-03-08 09:35:19]  Run EXE: launching skse64_loader.exe via Proton - Experimental ...
[2026-03-08 09:35:33]  Filemap updated: 0 file(s).
