[2026-03-08 22:10:12]  Downloads: found 5 archive(s) in /home/luther/Downloads
[2026-03-08 22:10:13]  Mod Manager ready. 1/26 games configured.
[2026-03-08 22:10:13]  Linux mode active. Using CustomTkinter UI framework.
[2026-03-08 22:10:13]  Nexus Mods API key loaded.
[2026-03-08 22:10:13]  NXM protocol handler registered.
[2026-03-08 22:10:13]  NXM IPC server listening on /run/user/1000/amethyst-mod-manager.sock
[2026-03-08 22:10:13]  Nexus API GET /users/validate → 200
[2026-03-08 22:10:13]    Response: {"user_id": 71483453, "key": "[REDACTED]", "name": "DubiousPhoenix", "is_premium?": false, "is_supporter?": false, "email": "[REDACTED]", "profile_url": "https://avatars.nexusmods.com/71483453/100", "is_supporter": false, "is_premium": false}
[2026-03-08 22:10:14]  Filemap updated: 21370 file(s).
[2026-03-08 22:10:24]  Installing Experience-17751-3-7-3-1762819463.7z …
[2026-03-08 22:10:24]  Installing: Experience-17751-3-7-3-1762819463.7z
[2026-03-08 22:10:24]  Extracting with py7zr…
[2026-03-08 22:10:27]  Install error: encoding specified in XML declaration is incorrect: line 1, column 31
[2026-03-08 22:10:27]  Traceback (most recent call last):
  File "/tmp/.mount_AmethyOLGPpI/usr/app/gui/install_mod.py", line 493, in install_mod_from_archive
    config = parse_module_config(config_path)
  File "/tmp/.mount_AmethyOLGPpI/usr/app/Utils/fomod_parser.py", line 389, in parse_module_config
    tree = ET.parse(xml_path)
  File "/tmp/.mount_AmethyOLGPpI/opt/python3.13/lib/python3.13/xml/etree/ElementTree.py", line 1210, in parse
    tree.parse(source, parser)
    ~~~~~~~~~~^^^^^^^^^^^^^^^^
  File "/tmp/.mount_AmethyOLGPpI/opt/python3.13/lib/python3.13/xml/etree/ElementTree.py", line 573, in parse
    self._root = parser._parse_whole(source)
                 ~~~~~~~~~~~~~~~~~~~^^^^^^^^
xml.etree.ElementTree.ParseError: encoding specified in XML declaration is incorrect: line 1, column 31

[2026-03-08 22:11:04]  Initializing LOOT...
[2026-03-08 22:11:05]  Loaded masterlist with prelude.
[2026-03-08 22:11:05]  Loading 172 plugin headers...
[2026-03-08 22:11:05]  Sorting 172 plugins...
[2026-03-08 22:11:05]  Sort complete. 0 plugin(s) changed position.
[2026-03-08 22:11:05]  Load order is already sorted.
[2026-03-08 22:11:10]  Run EXE: launching skse64_loader.exe via Proton - Experimental ...
[2026-03-08 22:12:51]  Filemap updated: 21359 file(s).
[2026-03-08 22:12:53]  Restore: saving ShaderCache to overwrite/ ...
[2026-03-08 22:12:53]    Saved ShaderCache → overwrite/ShaderCache/
[2026-03-08 22:12:53]  Restore: removing plugins.txt symlink ...
[2026-03-08 22:12:53]    Removed plugins.txt symlink from prefix.
[2026-03-08 22:12:53]  Restore: restoring launcher ...
[2026-03-08 22:12:53]    Restored SkyrimSELauncher.exe from .bak.
[2026-03-08 22:12:53]  Restore: clearing Data/ and moving Data_Core/ back ...
[2026-03-08 22:12:54]    Removed 21393 file(s) from Data/.
[2026-03-08 22:12:54]    Restored 34 file(s). Data_Core/ removed.
[2026-03-08 22:12:54]  Restore complete.
[2026-03-08 22:12:54]  Backup: modlist.txt
[2026-03-08 22:12:54]  Backup: plugins.txt
[2026-03-08 22:12:54]  Backup: plugin_locks.json
[2026-03-08 22:12:54]  Backup: removed oldest 20260308_162926
[2026-03-08 22:12:54]  Step 1: Saving ShaderCache to overwrite/ ...
[2026-03-08 22:12:54]  Step 2: Moving Data/ → Data_Core/ ...
[2026-03-08 22:12:54]    Moved 34 file(s) to Data_Core/.
[2026-03-08 22:12:54]  Step 3: Transferring mod files into Data/ (HARDLINK) ...
[2026-03-08 22:12:57]    Transferred 21359 mod file(s).
[2026-03-08 22:12:57]  Step 4: Filling gaps with vanilla files from Data_Core/ ...
[2026-03-08 22:12:57]    Transferred 34 vanilla file(s).
[2026-03-08 22:12:57]  Step 5: Deploying ShaderCache as full copy ...
[2026-03-08 22:12:57]    Copied ShaderCache from overwrite/ → Data/ (full copy).
[2026-03-08 22:12:57]  Step 6: Symlinking plugins.txt into Proton prefix ...
[2026-03-08 22:12:57]    Linked plugins.txt → /home/luther/.local/share/Steam/steamapps/compatdata/489830/pfx/drive_c/users/steamuser/AppData/Local/Skyrim Special Edition/plugins.txt
[2026-03-08 22:12:57]  Step 7: Swapping launcher for SKSE ...
[2026-03-08 22:12:57]    Renamed SkyrimSELauncher.exe → SkyrimSELauncher.bak.
[2026-03-08 22:12:57]    Copied skse64_loader.exe → SkyrimSELauncher.exe.
[2026-03-08 22:12:57]  Deploy complete. 21359 mod + 34 vanilla = 21393 total file(s) in Data/.
[2026-03-08 22:12:58]  Filemap updated: 21359 file(s).
[2026-03-08 22:12:59]  Initializing LOOT...
[2026-03-08 22:12:59]  Loaded masterlist with prelude.
[2026-03-08 22:12:59]  Loading 172 plugin headers...
[2026-03-08 22:12:59]  Sorting 172 plugins...
[2026-03-08 22:12:59]  Sort complete. 0 plugin(s) changed position.
[2026-03-08 22:12:59]  Load order is already sorted.
[2026-03-08 22:13:14]  Installing Kart_CSSET_POST_1.6.1130-38775-1-2-3-4-1714757549.7z …
[2026-03-08 22:13:14]  Installing: Kart_CSSET_POST_1.6.1130-38775-1-2-3-4-1714757549.7z
[2026-03-08 22:13:14]  Archive is 7790 MB — skipping py7zr to avoid OOM, using 7z binary…
[2026-03-08 22:14:27]  Extracted with 7z.
[2026-03-08 22:14:27]  Direct install — 189 file(s) to install.
[2026-03-08 22:16:53]  Copied 189 item(s) to staging area.
[2026-03-08 22:16:53]  Installed 'Kart CSSET POST' → /home/luther/.config/AmethystModManager/Profiles/Skyrim Special Edition/mods/Kart CSSET POST
[2026-03-08 22:16:53]  Added 'Kart CSSET POST' to modlist.
[2026-03-08 22:16:54]  Downloads: found 5 archive(s) in /home/luther/Downloads
[2026-03-08 22:16:55]  Nexus: Detected mod ID 38775 from filename.
[2026-03-08 22:16:55]  Nexus API GET /games/skyrimspecialedition/mods/38775 → 200
[2026-03-08 22:16:55]    Response: {"name": "Cleaned Skyrim SE Textures", "summary": "All Skyrim SE textures cleaned of compression artifacts, removed bad bicubic upscaling, and other random fixes. Improves performance too.", "description": "[size=3]All Skyrim SE textures cleaned of compression artifacts, removed bad bicubic upscaling, and other random fixes. Modern BC7 compression or uncompressed.\u00a0[/size]\n<br />\n<br />[size=5][url=https://ko-fi.com/kartoffels]Kofi[/url]\u00a0[u][b]**rattles tip jar**[/b][/u][/size]\n<br />[size=4]\n<br />[/size][size=4][b]Example Order:[/b]\n<br />1&gt; Skyrim base game\n<br />2&gt; USSEP\n<br />3&gt; CSSET\n<br />4&gt; Everything else\n<br />[/size]\n<br />\n<br />[b]====[/b][b]\n<br />\n<br />What?[/b]\n<br />[size=3]Skyrim SE did some funky stuff. I fix with big machine. [/size][b]All textures[/b][size=3] except tintmasks, and cubemaps. Which should be generated or replaced with [/size][url=https://www.nexusmods.com/skyrimspecialedition/mods/18360]that one tintmask mod[/url][size=3]. [/size][url=https://www.nexusmods.com/skyrimspecialedition/mods/38231]Cubemaps can be found here[/url].\n<br />\n<br />[b]DIAGRAM OF SSE TEXTURE CREATION[/b]\n<br />[size=3][img]https://stati...
[2026-03-08 22:16:55]  Filemap updated: 21544 file(s).
[2026-03-08 22:16:56]  Nexus API GET /games/skyrimspecialedition/mods/38775/files → 200
[2026-03-08 22:16:56]    Response: {"file_updates": [{"old_file_id": 152739, "new_file_id": 153519, "old_file_name": "kart_CSSET_BC7-38775-1-1596030502.7z", "new_file_name": "kart_CSSET_BC7_BSA-38775-1-1-1596448638.7z", "uploaded_timestamp": 1596448638, "uploaded_time": "2020-08-03T09:57:18.000+00:00"}, {"old_file_id": 153519, "new_file_id": 154605, "old_file_name": "kart_CSSET_BC7_BSA-38775-1-1-1596448638.7z", "new_file_name": "kart_CSSET-38775-1-2-1596977529.7z", "uploaded_timestamp": 1596977529, "uploaded_time": "2020-08-09T12:52:09.000+00:00"}, {"old_file_id": 155151, "new_file_id": 203749, "old_file_name": "Kart_CSSET_Overwrite-38775-1-2-1597221531.7z", "new_file_name": "Kart_CSSET_Overwrite-38775-1-2-3-1621137768.7z", "uploaded_timestamp": 1621137768, "uploaded_time": "2021-05-16T04:02:48.000+00:00"}, {"old_file_id": 203749, "new_file_id": 208233, "old_file_name": "Kart_CSSET_Overwrite-38775-1-2-3-1621137768.7z", "new_file_name": "Kart_CSSET_Overwrite-38775-1-2-3-1623203480.7z", "uploaded_timestamp": 1623203480, "uploaded_time": "2021-06-09T01:51:20.000+00:00"}, {"old_file_id": 208233, "new_file_id": 209523, "old_file_name": "Kart_CSSET_Overwrite-38775-1-2-3-1623203480.7z", "new_file_name": "Kart_CSSET_Overwri...
[2026-03-08 22:16:56]  Nexus: Identified as 'Cleaned Skyrim SE Textures' (mod 38775, file 497442).
[2026-03-08 22:16:56]  Nexus: Saved metadata for 'Kart CSSET POST' (mod 38775)
[2026-03-08 22:16:56]  Wrote meta.ini: /home/luther/.config/AmethystModManager/Profiles/Skyrim Special Edition/mods/Kart CSSET POST/meta.ini
[2026-03-08 22:20:40]  Restore: saving ShaderCache to overwrite/ ...
[2026-03-08 22:20:40]    Saved ShaderCache → overwrite/ShaderCache/
[2026-03-08 22:20:40]  Restore: removing plugins.txt symlink ...
[2026-03-08 22:20:40]    Removed plugins.txt symlink from prefix.
[2026-03-08 22:20:40]  Restore: restoring launcher ...
[2026-03-08 22:20:40]    Restored SkyrimSELauncher.exe from .bak.
[2026-03-08 22:20:40]  Restore: clearing Data/ and moving Data_Core/ back ...
[2026-03-08 22:20:41]    Removed 21393 file(s) from Data/.
[2026-03-08 22:20:41]    Restored 34 file(s). Data_Core/ removed.
[2026-03-08 22:20:41]  Restore complete.
[2026-03-08 22:20:41]  Backup: modlist.txt
[2026-03-08 22:20:41]  Backup: plugins.txt
[2026-03-08 22:20:41]  Backup: plugin_locks.json
[2026-03-08 22:20:41]  Backup: removed oldest 20260308_163028
[2026-03-08 22:20:41]  Step 1: Saving ShaderCache to overwrite/ ...
[2026-03-08 22:20:41]  Step 2: Moving Data/ → Data_Core/ ...
[2026-03-08 22:20:41]    Moved 34 file(s) to Data_Core/.
[2026-03-08 22:20:41]  Step 3: Transferring mod files into Data/ (HARDLINK) ...
[2026-03-08 22:20:43]    Transferred 21544 mod file(s).
[2026-03-08 22:20:43]  Step 4: Filling gaps with vanilla files from Data_Core/ ...
[2026-03-08 22:20:43]    Transferred 25 vanilla file(s).
[2026-03-08 22:20:43]  Step 5: Deploying ShaderCache as full copy ...
[2026-03-08 22:20:43]    Copied ShaderCache from overwrite/ → Data/ (full copy).
[2026-03-08 22:20:43]  Step 6: Symlinking plugins.txt into Proton prefix ...
[2026-03-08 22:20:43]    Linked plugins.txt → /home/luther/.local/share/Steam/steamapps/compatdata/489830/pfx/drive_c/users/steamuser/AppData/Local/Skyrim Special Edition/plugins.txt
[2026-03-08 22:20:43]  Step 7: Swapping launcher for SKSE ...
[2026-03-08 22:20:43]    Renamed SkyrimSELauncher.exe → SkyrimSELauncher.bak.
[2026-03-08 22:20:43]    Copied skse64_loader.exe → SkyrimSELauncher.exe.
[2026-03-08 22:20:43]  Deploy complete. 21544 mod + 25 vanilla = 21569 total file(s) in Data/.
[2026-03-08 22:20:44]  Filemap updated: 21544 file(s).
[2026-03-08 22:20:46]  Initializing LOOT...
[2026-03-08 22:20:46]  Loaded masterlist with prelude.
[2026-03-08 22:20:46]  Loading 172 plugin headers...
[2026-03-08 22:20:46]  Sorting 172 plugins...
[2026-03-08 22:20:47]  Sort complete. 0 plugin(s) changed position.
[2026-03-08 22:20:47]  Load order is already sorted.
