[2026-03-18 10:00:32]  Downloads: found 0 archive(s) in 1 location(s)
[2026-03-18 10:00:32]  Display: 2560x1440, HiDPI detected=1.35, scale=1.0
[2026-03-18 10:00:32]  Mod Manager ready. 1/36 games configured.
[2026-03-18 10:00:32]  Linux mode active. Using CustomTkinter UI framework.
[2026-03-18 10:00:32]  Nexus Mods API key loaded.
[2026-03-18 10:00:32]  NXM protocol handler registered.
[2026-03-18 10:00:32]  NXM IPC server listening on /run/user/1000/amethyst-mod-manager.sock
[2026-03-18 10:00:33]  Filemap updated: 35307 file(s).
[2026-03-18 10:00:33]  Nexus: logged in as DubiousPhoenix (premium=False)
[2026-03-18 10:00:55]  Restore: saving ShaderCache to overwrite/ ...
[2026-03-18 10:00:57]    Saved ShaderCache → overwrite/ShaderCache/
[2026-03-18 10:00:57]  Restore: removing plugins.txt symlink ...
[2026-03-18 10:00:57]    Removed plugins.txt symlink from prefix.
[2026-03-18 10:00:57]  Restore: restoring launcher ...
[2026-03-18 10:00:57]    Restored SkyrimSELauncher.exe from .bak.
[2026-03-18 10:00:57]  Restore: clearing Data/ and moving Data_Core/ back ...
[2026-03-18 10:00:57]    Rescued 4 runtime-created file(s) → overwrite/.
[2026-03-18 10:00:58]    Removed 31496 file(s) from Data/.
[2026-03-18 10:00:58]    Restored 34 file(s). Data_Core/ removed.
[2026-03-18 10:00:58]  Restore complete.
[2026-03-18 10:00:58]  Backup: modlist.txt
[2026-03-18 10:00:58]  Backup: plugins.txt
[2026-03-18 10:00:58]  Backup: plugin_locks.json
[2026-03-18 10:00:58]  Backup: removed oldest 20260313_003711
[2026-03-18 10:00:58]  Step 1: Saving ShaderCache to overwrite/ ...
[2026-03-18 10:00:58]  Step 2: Moving Data/ → Data_Core/ ...
[2026-03-18 10:00:58]    Moved 34 file(s) to Data_Core/.
[2026-03-18 10:00:58]  Step 3: Transferring mod files into Data/ (HARDLINK) ...
[2026-03-18 10:01:00]    Transferred 35311 mod file(s).
[2026-03-18 10:01:00]  Step 4: Filling gaps with vanilla files from Data_Core/ ...
[2026-03-18 10:01:00]    Transferred 25 vanilla file(s).
[2026-03-18 10:01:00]  Step 5: Deploying ShaderCache as full copy ...
[2026-03-18 10:01:01]    Copied ShaderCache from overwrite/ → Data/ (full copy).
[2026-03-18 10:01:01]  Step 6: Symlinking plugins.txt into Proton prefix ...
[2026-03-18 10:01:01]    Linked plugins.txt → /home/luther/.local/share/Steam/steamapps/compatdata/489830/pfx/drive_c/users/steamuser/AppData/Local/Skyrim Special Edition/plugins.txt
[2026-03-18 10:01:01]  Step 7: Swapping launcher for SKSE ...
[2026-03-18 10:01:01]    Renamed SkyrimSELauncher.exe → SkyrimSELauncher.bak.
[2026-03-18 10:01:01]    Copied skse64_loader.exe → SkyrimSELauncher.exe.
[2026-03-18 10:01:01]  Deploy complete. 35311 mod + 25 vanilla = 35336 total file(s) in Data/.
[2026-03-18 10:01:02]  Filemap updated: 35311 file(s).
[2026-03-18 10:01:03]  Fetching latest masterlist_skyrimse.yaml...
[2026-03-18 10:01:03]  Updated masterlist_skyrimse.yaml.
[2026-03-18 10:01:03]  Fetching latest masterlist_prelude.yaml...
[2026-03-18 10:01:04]  Updated masterlist_prelude.yaml.
[2026-03-18 10:01:04]  Initializing LOOT...
[2026-03-18 10:01:04]  Loaded masterlist with prelude.
[2026-03-18 10:01:04]  Loading 266 plugin headers...
[2026-03-18 10:01:04]  Sorting 266 plugins...
[2026-03-18 10:01:04]  Sort complete. 242 plugin(s) changed position.
[2026-03-18 10:01:04]  Sorted — 242 plugin(s) changed position.
