[2026-03-11 21:19:44]  Downloads: found 1 archive(s) in /home/luther/Downloads
[2026-03-11 21:19:45]  Mod Manager ready. 1/28 games configured.
[2026-03-11 21:19:45]  Linux mode active. Using CustomTkinter UI framework.
[2026-03-11 21:19:45]  Nexus Mods API key loaded.
[2026-03-11 21:19:45]  NXM protocol handler registered.
[2026-03-11 21:19:45]  NXM IPC server listening on /run/user/1000/amethyst-mod-manager.sock
[2026-03-11 21:19:45]  Nexus API GET /users/validate → 200
[2026-03-11 21:19:45]    Response: {"user_id": 71483453, "key": "[REDACTED]", "name": "DubiousPhoenix", "is_premium?": false, "is_supporter?": false, "email": "[REDACTED]", "profile_url": "https://avatars.nexusmods.com/71483453/100", "is_supporter": false, "is_premium": false}
[2026-03-11 21:19:46]  Nexus: Downloading mod 114801 file 722834 from skyrimspecialedition...
[2026-03-11 21:19:46]  Filemap updated: 25986 file(s).
[2026-03-11 21:19:46]  Nexus API POST GraphQL NxmModAndFile → 200
[2026-03-11 21:19:46]    Response: {"errors": [{"message": "Selections can't be made on scalars (field 'category' returns String but has selections [\"id\"])", "locations": [{"line": 10, "column": 21}], "path": ["query NxmModAndFile", "legacyModsByDomain", "nodes", "category"], "extensions": {"code": "selectionMismatch", "nodeName": "field 'category'", "typeName": "String"}}, {"message": "Field 'files' doesn't exist on type 'Mod'", "locations": [{"line": 12, "column": 21}], "path": ["query NxmModAndFile", "legacyModsByDomain", "nodes", "files"], "extensions": {"code": "undefinedField", "typeName": "Mod", "fieldName": "files"}}]}
[2026-03-11 21:19:46]  GraphQL NxmModAndFile errors: [{'message': 'Selections can\'t be made on scalars (field \'category\' returns String but has selections ["id"])', 'locations': [{'line': 10, 'column': 21}], 'path': ['query NxmModAndFile', 'legacyModsByDomain', 'nodes', 'category'], 'extensions': {'code': 'selectionMismatch', 'nodeName': "field 'category'", 'typeName': 'String'}}, {'message': "Field 'files' doesn't exist on type 'Mod'", 'locations': [{'line': 12, 'column': 21}], 'path': ['query NxmModAndFile', 'legacyModsByDomain', 'nodes', 'files'], 'extensions': {'code': 'undefinedField', 'typeName': 'Mod', 'fieldName': 'files'}}]
[2026-03-11 21:19:46]  Nexus API GET /games/skyrimspecialedition/mods/114801/files/722834/download_link → 200
[2026-03-11 21:19:46]    Response: [{"name": "Nexus Global Content Delivery Network", "short_name": "Nexus CDN", "URI": "https://supporter-files.nexus-cdn.com/1704/114801/FDE Aela-114801-9-0-1771420337.zip?md5=_N3uzS28kObkE8kwAP4AiQ&expires=1773292786&user_id=71483453"}]
[2026-03-11 21:19:46]  Nexus API GET /games/skyrimspecialedition/mods/114801/files/722834 → 200
[2026-03-11 21:19:46]    Response: {"id": [722834, 1704], "uid": 7318624995218, "file_id": 722834, "name": "FDE Aela", "version": "9.0", "category_id": 1, "category_name": "MAIN", "is_primary": false, "size": 111462, "file_name": "FDE Aela-114801-9-0-1771420337.zip", "uploaded_timestamp": 1771420337, "uploaded_time": "2026-02-18T13:12:17.000+00:00", "mod_version": "9.0", "external_virus_scan_url": "https://www.virustotal.com/gui/file/38679a58a33f713b7a759a72083e482c294b1d55b7d2df813aad0ef33ba81d34", "description": "Expands Aela with 2743 high quality lines voiced by AI, true to her character and increases her depth.", "size_kb": 111462, "size_in_bytes": 114137556, "changelog_html": null, "content_preview_link": "https://file-metadata.nexusmods.com/file/nexus-files-s3-meta/1704/114801/FDE Aela-114801-9-0-1771420337.zip.json"}
[2026-03-11 21:20:20]  Nexus: Received link from browser.
[2026-03-11 21:20:20]  Nexus: Downloading mod 106659 file 705133 from skyrimspecialedition...
[2026-03-11 21:20:20]  Received NXM link from new instance: nxm://skyrimspecialedition/mods/106659/files/705133?key=WkQ7wkDXFYMDm9xnIAbZ2Q&expires=1773451219&user_id=71483453
[2026-03-11 21:20:20]  Nexus API POST GraphQL NxmModAndFile → 200
[2026-03-11 21:20:20]    Response: {"errors": [{"message": "Selections can't be made on scalars (field 'category' returns String but has selections [\"id\"])", "locations": [{"line": 10, "column": 21}], "path": ["query NxmModAndFile", "legacyModsByDomain", "nodes", "category"], "extensions": {"code": "selectionMismatch", "nodeName": "field 'category'", "typeName": "String"}}, {"message": "Field 'files' doesn't exist on type 'Mod'", "locations": [{"line": 12, "column": 21}], "path": ["query NxmModAndFile", "legacyModsByDomain", "nodes", "files"], "extensions": {"code": "undefinedField", "typeName": "Mod", "fieldName": "files"}}]}
[2026-03-11 21:20:20]  GraphQL NxmModAndFile errors: [{'message': 'Selections can\'t be made on scalars (field \'category\' returns String but has selections ["id"])', 'locations': [{'line': 10, 'column': 21}], 'path': ['query NxmModAndFile', 'legacyModsByDomain', 'nodes', 'category'], 'extensions': {'code': 'selectionMismatch', 'nodeName': "field 'category'", 'typeName': 'String'}}, {'message': "Field 'files' doesn't exist on type 'Mod'", 'locations': [{'line': 12, 'column': 21}], 'path': ['query NxmModAndFile', 'legacyModsByDomain', 'nodes', 'files'], 'extensions': {'code': 'undefinedField', 'typeName': 'Mod', 'fieldName': 'files'}}]
[2026-03-11 21:20:21]  Nexus API GET /games/skyrimspecialedition/mods/106659/files/705133/download_link → 200
[2026-03-11 21:20:21]    Response: [{"name": "Nexus Global Content Delivery Network", "short_name": "Nexus CDN", "URI": "https://supporter-files.nexus-cdn.com/1704/106659/SkyPatcher - AE-106659-6-3-1-1767471169.zip?md5=Bjdi5F3CYWJhjmJUEOA7QQ&expires=1773292820&user_id=71483453"}]
[2026-03-11 21:20:21]  Nexus API GET /games/skyrimspecialedition/mods/106659/files/705133 → 200
[2026-03-11 21:20:21]    Response: {"id": [705133, 1704], "uid": 7318624977517, "file_id": 705133, "name": "SkyPatcher - AE", "version": "6.3.1", "category_id": 1, "category_name": "MAIN", "is_primary": true, "size": 10101, "file_name": "SkyPatcher - AE-106659-6-3-1-1767471169.zip", "uploaded_timestamp": 1767471169, "uploaded_time": "2026-01-03T20:12:49.000+00:00", "mod_version": "6.3.1", "external_virus_scan_url": "https://www.virustotal.com/gui/file/f87109d9d9b1c64703f1927a2fafa3c1feb7269ef4b05f9763efc5ade1f962ff/detection/f-f87109d9d9b1c64703f1927a2fafa3c1feb7269ef4b05f9763efc5ade1f962ff-1767471174", "description": "Main file.\n<br />\n<br />Requires Skyrim 1.6.640+, 1.6.1170+ or GOG\n<br />\n<br />If you enjoy this mod, please don't forget to [b][color=#a4c2f4]Endorse[/color][/b] it!", "size_kb": 10101, "size_in_bytes": 10342977, "changelog_html": "Bug Fixes\n-&gt; Fixed a crash with the Enchantment Patcher", "content_preview_link": "https://file-metadata.nexusmods.com/file/nexus-files-s3-meta/1704/106659/SkyPatcher - AE-106659-6-3-1-1767471169.zip.json"}
[2026-03-11 21:20:28]  Nexus: Installing FDE Aela-114801-9-0-1771420337.zip...
[2026-03-11 21:20:28]  Extracting with zipfile…
[2026-03-11 21:20:30]  Direct install — 3826 file(s) to install.
[2026-03-11 21:20:30]  Auto-stripped top-level folder(s) so mod matches expected structure.
[2026-03-11 21:20:30]  Copied 3826 item(s) to staging area.
[2026-03-11 21:20:30]  Installed 'FDE Aela' → /home/luther/.config/AmethystModManager/Profiles/Skyrim Special Edition/mods/FDE Aela
[2026-03-11 21:20:30]  plugins.txt / loadorder.txt: added 3 plugin(s) from 'FDE Aela'.
[2026-03-11 21:20:30]  Added 'FDE Aela' to modlist.
[2026-03-11 21:20:31]  Wrote meta.ini: /home/luther/.config/AmethystModManager/Profiles/Skyrim Special Edition/mods/FDE Aela/meta.ini
[2026-03-11 21:20:31]  Nexus: Saved metadata (mod 114801, v)
[2026-03-11 21:20:31]  Nexus: Removed archive FDE Aela-114801-9-0-1771420337.zip
[2026-03-11 21:20:31]  Downloads: found 2 archive(s) in /home/luther/Downloads
[2026-03-11 21:20:31]  Downloaded FDE Aela-114801-9-0-1771420337.zip (114137556 bytes) → /home/luther/Downloads/FDE Aela-114801-9-0-1771420337.zip
[2026-03-11 21:20:31]  Nexus: Detected mod ID 114801 from filename.
[2026-03-11 21:20:31]  Nexus API GET /games/skyrimspecialedition/mods/114801 → 200
[2026-03-11 21:20:31]    Response: {"name": "Follower Dialogue Expansion - Aela the Huntress", "summary": "Expands Aela the Huntress with 2743 immersive and lore-friendly voiced lines. Includes quest and location awareness. Recognizes many custom followers.", "description": "[size=3][color=#c9daf8]Please ENDORSE and VOTE for this mod if you like it! It helps more people to know this mod![/color]\n<br />\n<br />[/size][url=https://next.nexusmods.com/skyrimspecialedition/collections/uu3kpb/][size=5]Download all FDE mods in one go here![/size][/url]\n<br />\n<br />[url=https://ko-fi.com/anbeegod][img]https://i.imgur.com/dUdih61.png[/img][/url][url=https://www.youtube.com/@anbeegod/featured][img]https://static.vecteezy.com/system/resources/thumbnails/023/986/480/small/youtube-logo-youtube-logo-transparent-youtube-icon-transparent-free-free-png.png[/img][/url]\n<br />\n<br />\n<br />This mod is part of my series to renovate vanilla characters with additional depth, unique history or personality, and immersive and detailed interaction.\n<br />\n<br />\n<br />[i][color=#c9daf8][size=4]\"Honor is more than a word, more than a lofty standard set by the collective sentiment of the fearful... Honor is found in deeds alone.\"[/...
[2026-03-11 21:20:31]  Nexus: Identified as 'Follower Dialogue Expansion - Aela the Huntress' (mod 114801, file 722834).
[2026-03-11 21:20:31]  Nexus: Saved metadata for 'FDE Aela' (mod 114801)
[2026-03-11 21:20:31]  Filemap updated: 29812 file(s).
[2026-03-11 21:20:32]  Nexus API GET /games/skyrimspecialedition/mods/114801/files → 200
[2026-03-11 21:20:32]    Response: {"file_updates": [{"old_file_id": 483319, "new_file_id": 485240, "old_file_name": "FDE Aela-114801-1-1711186970.zip", "new_file_name": "FDE Aela-114801-1-0-1-1711707480.zip", "uploaded_timestamp": 1711707480, "uploaded_time": "2024-03-29T10:18:00.000+00:00"}, {"old_file_id": 485240, "new_file_id": 533069, "old_file_name": "FDE Aela-114801-1-0-1-1711707480.zip", "new_file_name": "FDE Aela-114801-3-0-1724071738.zip", "uploaded_timestamp": 1724071738, "uploaded_time": "2024-08-19T12:48:58.000+00:00"}, {"old_file_id": 533069, "new_file_id": 533203, "old_file_name": "FDE Aela-114801-3-0-1724071738.zip", "new_file_name": "FDE Aela-114801-3-0-1-1724091862.zip", "uploaded_timestamp": 1724091862, "uploaded_time": "2024-08-19T18:24:22.000+00:00"}, {"old_file_id": 533203, "new_file_id": 539308, "old_file_name": "FDE Aela-114801-3-0-1-1724091862.zip", "new_file_name": "FDE Aela-114801-3-0-2-1725626795.zip", "uploaded_timestamp": 1725626795, "uploaded_time": "2024-09-06T12:46:35.000+00:00"}, {"old_file_id": 539308, "new_file_id": 578402, "old_file_name": "FDE Aela-114801-3-0-2-1725626795.zip", "new_file_name": "FDE Aela-114801-4-0-1735753547.zip", "uploaded_timestamp": 1735753547, "uploaded_tim...
[2026-03-11 21:20:32]  Wrote meta.ini: /home/luther/.config/AmethystModManager/Profiles/Skyrim Special Edition/mods/FDE Aela/meta.ini
[2026-03-11 21:20:34]  Nexus: Installing SkyPatcher - AE-106659-6-3-1-1767471169.zip...
[2026-03-11 21:20:34]  Extracting with zipfile…
[2026-03-11 21:20:34]  Direct install — 3 file(s) to install.
[2026-03-11 21:20:34]  Copied 3 item(s) to staging area.
[2026-03-11 21:20:34]  Installed 'SkyPatcher' → /home/luther/.config/AmethystModManager/Profiles/Skyrim Special Edition/mods/SkyPatcher
[2026-03-11 21:20:34]  Added 'SkyPatcher' to modlist.
[2026-03-11 21:20:35]  Wrote meta.ini: /home/luther/.config/AmethystModManager/Profiles/Skyrim Special Edition/mods/SkyPatcher/meta.ini
[2026-03-11 21:20:35]  Nexus: Saved metadata (mod 106659, v)
[2026-03-11 21:20:35]  Nexus: Removed archive SkyPatcher - AE-106659-6-3-1-1767471169.zip
[2026-03-11 21:20:35]  Downloads: found 1 archive(s) in /home/luther/Downloads
[2026-03-11 21:20:35]  Downloaded SkyPatcher - AE-106659-6-3-1-1767471169.zip (10342977 bytes) → /home/luther/Downloads/SkyPatcher - AE-106659-6-3-1-1767471169.zip
[2026-03-11 21:20:35]  Nexus: Detected mod ID 106659 from filename.
[2026-03-11 21:20:35]  Nexus API GET /games/skyrimspecialedition/mods/106659 → 200
[2026-03-11 21:20:35]    Response: {"name": "SkyPatcher", "summary": "SkyPatcher(also known as RobCo Patcher from Fallout 4), is a patcher based on SKSE and CommonLibSSE, which allows mod authors and users to modify game data without the use of plugins.<br />You can modify ammos, npcs, races, weapons, modify leveled lists, formlists, containers and more. Easy and fast.", "description": "[img]https://i.imgur.com/0r2eoHI.png[/img]\ufeff\n<br />\n<br />\n<br />[center][size=4][b]If you are looking for direct\u00a0help[/b],\u00a0[b]information[/b],\u00a0[b]patches[/b],\u00a0[b]unreleased mods,[/b]\u00a0[b]pre-released updates for my mods or just want to talk and share images and videos of your adventures, feel free to join us![/b][/size]\n<br />\n<br />\n<br />[url=https://discord.gg/bBMDQUfuMu][img]https://i.imgur.com/xsWPvks.png[/img]\n<br />\n<br />\n<br />\n<br />[/url][b][size=6]Consider Supporting me for more awesome mods![/size][/b]\n<br />\n<br />[url=https://www.patreon.com/Zzyxzz][img]https://i.imgur.com/kjUWbXi.png[/img]\ufeff[/url]\ufeff\n<br />[url=https://ko-fi.com/zzyxzz][img]https://i.imgur.com/thNBDs3.png[/img][/url]\u00a0\u00a0[/center]\n<br />\n<br />\n<br />[font=Georgia][size=5][b]Do I need this mod...
[2026-03-11 21:20:35]  Filemap updated: 29815 file(s).
[2026-03-11 21:20:36]  Nexus API GET /games/skyrimspecialedition/mods/106659/files → 200
[2026-03-11 21:20:36]    Response: {"file_updates": [{"old_file_id": 452630, "new_file_id": 453325, "old_file_name": "SkyPatcher - AE-106659-1-1-1702810051.zip", "new_file_name": "SkyValor - AE-106659-1-2-0-1702998328.zip", "uploaded_timestamp": 1702998328, "uploaded_time": "2023-12-19T15:05:28.000+00:00"}, {"old_file_id": 453325, "new_file_id": 453570, "old_file_name": "SkyValor - AE-106659-1-2-0-1702998328.zip", "new_file_name": "SkyPatcher - AE-106659-1-3-0-1703081899.zip", "uploaded_timestamp": 1703081899, "uploaded_time": "2023-12-20T14:18:19.000+00:00"}, {"old_file_id": 453570, "new_file_id": 453578, "old_file_name": "SkyPatcher - AE-106659-1-3-0-1703081899.zip", "new_file_name": "SkyPatcher - AE-106659-1-3-1-1703082643.zip", "uploaded_timestamp": 1703082643, "uploaded_time": "2023-12-20T14:30:43.000+00:00"}, {"old_file_id": 453578, "new_file_id": 453671, "old_file_name": "SkyPatcher - AE-106659-1-3-1-1703082643.zip", "new_file_name": "SkyPatcher - AE-106659-1-4-0-1703108866.zip", "uploaded_timestamp": 1703108866, "uploaded_time": "2023-12-20T21:47:46.000+00:00"}, {"old_file_id": 453671, "new_file_id": 453856, "old_file_name": "SkyPatcher - AE-106659-1-4-0-1703108866.zip", "new_file_name": "SkyPatcher - AE-106...
[2026-03-11 21:20:36]  Wrote meta.ini: /home/luther/.config/AmethystModManager/Profiles/Skyrim Special Edition/mods/SkyPatcher/meta.ini
[2026-03-11 21:20:36]  Nexus: Identified as 'SkyPatcher' (mod 106659, file 705133).
[2026-03-11 21:20:36]  Nexus: Saved metadata for 'SkyPatcher' (mod 106659)
[2026-03-11 21:20:57]  Fetching latest masterlist_skyrimse.yaml...
[2026-03-11 21:20:57]  Updated masterlist_skyrimse.yaml.
[2026-03-11 21:20:57]  Fetching latest masterlist_prelude.yaml...
[2026-03-11 21:20:57]  Updated masterlist_prelude.yaml.
[2026-03-11 21:20:57]  Initializing LOOT...
[2026-03-11 21:20:57]  Loaded masterlist with prelude.
[2026-03-11 21:20:57]  Loading 235 plugin headers...
[2026-03-11 21:20:57]  Sorting 235 plugins...
[2026-03-11 21:20:58]  Sort complete. 13 plugin(s) changed position.
[2026-03-11 21:20:58]  Sorted — 13 plugin(s) changed position.
[2026-03-11 21:21:09]  Nexus: Opened https://www.nexusmods.com/skyrimspecialedition/mods/114801
[2026-03-11 21:21:27]  Nexus: Received link from browser.
[2026-03-11 21:21:27]  Nexus: Downloading mod 172224 file 729701 from skyrimspecialedition...
[2026-03-11 21:21:27]  Received NXM link from new instance: nxm://skyrimspecialedition/mods/172224/files/729701?key=YzMuuE_XIczIZqpD_bUu1A&expires=1773451286&user_id=71483453
[2026-03-11 21:21:27]  Nexus API POST GraphQL NxmModAndFile → 200
[2026-03-11 21:21:27]    Response: {"errors": [{"message": "Selections can't be made on scalars (field 'category' returns String but has selections [\"id\"])", "locations": [{"line": 10, "column": 21}], "path": ["query NxmModAndFile", "legacyModsByDomain", "nodes", "category"], "extensions": {"code": "selectionMismatch", "nodeName": "field 'category'", "typeName": "String"}}, {"message": "Field 'files' doesn't exist on type 'Mod'", "locations": [{"line": 12, "column": 21}], "path": ["query NxmModAndFile", "legacyModsByDomain", "nodes", "files"], "extensions": {"code": "undefinedField", "typeName": "Mod", "fieldName": "files"}}]}
[2026-03-11 21:21:27]  GraphQL NxmModAndFile errors: [{'message': 'Selections can\'t be made on scalars (field \'category\' returns String but has selections ["id"])', 'locations': [{'line': 10, 'column': 21}], 'path': ['query NxmModAndFile', 'legacyModsByDomain', 'nodes', 'category'], 'extensions': {'code': 'selectionMismatch', 'nodeName': "field 'category'", 'typeName': 'String'}}, {'message': "Field 'files' doesn't exist on type 'Mod'", 'locations': [{'line': 12, 'column': 21}], 'path': ['query NxmModAndFile', 'legacyModsByDomain', 'nodes', 'files'], 'extensions': {'code': 'undefinedField', 'typeName': 'Mod', 'fieldName': 'files'}}]
[2026-03-11 21:21:28]  Nexus API GET /games/skyrimspecialedition/mods/172224/files/729701/download_link → 200
[2026-03-11 21:21:28]    Response: [{"name": "Nexus Global Content Delivery Network", "short_name": "Nexus CDN", "URI": "https://supporter-files.nexus-cdn.com/1704/172224/Aela Revoiced-172224-9-0-1773068553.7z?md5=JvW0oiTsVqmjoUu4B5z8ng&expires=1773292887&user_id=71483453"}]
[2026-03-11 21:21:28]  Nexus API GET /games/skyrimspecialedition/mods/172224/files/729701 → 200
[2026-03-11 21:21:28]    Response: {"id": [729701, 1704], "uid": 7318625002085, "file_id": 729701, "name": "Aela Revoiced", "version": "9.0", "category_id": 1, "category_name": "MAIN", "is_primary": false, "size": 200457, "file_name": "Aela Revoiced-172224-9-0-1773068553.7z", "uploaded_timestamp": 1773068553, "uploaded_time": "2026-03-09T15:02:33.000+00:00", "mod_version": "9.0", "external_virus_scan_url": "https://www.virustotal.com/gui/file/f917fb70fcc6c947cccd181273690a167a217f4e611fad7b1f638105d710c781", "description": "Check Requirements first, and read the instruction for what to do if you don't use SkyPatcher. Skypatcher or not, make sure Aela Revoiced.esp (ESL) loads early in your load order, so that it doesn't overwrite your other Aela mods. See CL. Safe to update.", "size_kb": 200457, "size_in_bytes": 205268479, "changelog_html": "Huge Voice Model &amp; Audio Quality Update<br />- Safe to update mid-game. I have merely changed files in the BSA without touching the Aela Revoiced.esp.<br />- Since the last update, I have tweaked the voice model, and re-filtered the majority of the mod's lines, including patches for modded content. The reasons why are these: <br />A) As I was revoicing the combat lines and ta...
[2026-03-11 21:22:37]  Nexus: Installing Aela Revoiced-172224-9-0-1773068553.7z...
[2026-03-11 21:22:37]  Extracting with py7zr…
[2026-03-11 21:22:47]  Direct install — 4 file(s) to install.
[2026-03-11 21:22:47]  Copied 4 item(s) to staging area.
[2026-03-11 21:22:47]  Installed 'Aela Revoiced' → /home/luther/.config/AmethystModManager/Profiles/Skyrim Special Edition/mods/Aela Revoiced
[2026-03-11 21:22:47]  plugins.txt / loadorder.txt: added 1 plugin(s) from 'Aela Revoiced'.
[2026-03-11 21:22:47]  Added 'Aela Revoiced' to modlist.
[2026-03-11 21:22:48]  Wrote meta.ini: /home/luther/.config/AmethystModManager/Profiles/Skyrim Special Edition/mods/Aela Revoiced/meta.ini
[2026-03-11 21:22:48]  Nexus: Saved metadata (mod 172224, v)
[2026-03-11 21:22:48]  Nexus: Removed archive Aela Revoiced-172224-9-0-1773068553.7z
[2026-03-11 21:22:48]  Downloads: found 1 archive(s) in /home/luther/Downloads
[2026-03-11 21:22:48]  Downloaded Aela Revoiced-172224-9-0-1773068553.7z (205268479 bytes) → /home/luther/Downloads/Aela Revoiced-172224-9-0-1773068553.7z
[2026-03-11 21:22:48]  Nexus: Detected mod ID 172224 from filename.
[2026-03-11 21:22:48]  Nexus API GET /games/skyrimspecialedition/mods/172224 → 200
[2026-03-11 21:22:48]    Response: {"name": "Aela Revoiced", "summary": "This mod applies a vocal filter to over 5000 Aela voice lines, preserving the original delivery, timing, and emotion as performed by Claudia Christian in the base game. Yet with the new voice, and the extensive mod coverage for \"FDE: Aela\" and many other mods, Aela is transformed into a unique follower to bring on all your adventures!", "description": "[center][img]https://staticdelivery.nexusmods.com/mods/1704/images/169226/169226-1770921076-1070227774.png[/img][/center][color=#b6d7a8][b]Aela Revoiced[/b][/color]\u00a0adjusts Aela\u2019s vocal texture while preserving the original performance in full. Every pause, inflection, and emotional beat remains intact. The result is a slightly refined tonal quality that maintains her persona while offering a unique presentation for immersion.\u00a0[color=#b6d7a8][b]The ambition is to lend\u00a0Aela a unique presence in the game without altering her character.[/b][/color]\n<br />\n<br />What about the new voice's source? The vocal filter was created from [b][color=#b6d7a8]a female rendition of my own voice[/color][/b], synthesized in an online voice studio named Elevenlabs using high-quality AI. Thus,...
[2026-03-11 21:22:48]  Nexus: Identified as 'Aela Revoiced' (mod 172224, file 729701).
[2026-03-11 21:22:48]  Nexus: Saved metadata for 'Aela Revoiced' (mod 172224)
[2026-03-11 21:22:48]  Nexus API GET /games/skyrimspecialedition/mods/172224/files → 200
[2026-03-11 21:22:48]    Response: {"file_updates": [{"old_file_id": 721157, "new_file_id": 721838, "old_file_name": "Aela Revoiced-172224-1-0-1771004309.7z", "new_file_name": "Aela Revoiced-172224-2-0-1771174059.7z", "uploaded_timestamp": 1771174059, "uploaded_time": "2026-02-15T16:47:39.000+00:00"}, {"old_file_id": 721838, "new_file_id": 722204, "old_file_name": "Aela Revoiced-172224-2-0-1771174059.7z", "new_file_name": "Aela Revoiced-172224-3-0-1771260926.7z", "uploaded_timestamp": 1771260926, "uploaded_time": "2026-02-16T16:55:26.000+00:00"}, {"old_file_id": 722204, "new_file_id": 722212, "old_file_name": "Aela Revoiced-172224-3-0-1771260926.7z", "new_file_name": "Aela Revoiced-172224-3-1-1771263234.7z", "uploaded_timestamp": 1771263234, "uploaded_time": "2026-02-16T17:33:54.000+00:00"}, {"old_file_id": 722212, "new_file_id": 722392, "old_file_name": "Aela Revoiced-172224-3-1-1771263234.7z", "new_file_name": "Aela Revoiced-172224-3-2-1771313264.7z", "uploaded_timestamp": 1771313264, "uploaded_time": "2026-02-17T07:27:44.000+00:00"}, {"old_file_id": 722392, "new_file_id": 722908, "old_file_name": "Aela Revoiced-172224-3-2-1771313264.7z", "new_file_name": "Aela Revoiced-172224-4-0-1771440195.7z", "uploaded_timesta...
[2026-03-11 21:22:48]  Wrote meta.ini: /home/luther/.config/AmethystModManager/Profiles/Skyrim Special Edition/mods/Aela Revoiced/meta.ini
[2026-03-11 21:22:48]  Filemap updated: 29819 file(s).
[2026-03-11 21:35:40]  Restore: saving ShaderCache to overwrite/ ...
[2026-03-11 21:35:40]    Saved ShaderCache → overwrite/ShaderCache/
[2026-03-11 21:35:40]  Restore: removing plugins.txt symlink ...
[2026-03-11 21:35:40]    Removed plugins.txt symlink from prefix.
[2026-03-11 21:35:40]  Restore: restoring launcher ...
[2026-03-11 21:35:40]    Restored SkyrimSELauncher.exe from .bak.
[2026-03-11 21:35:40]  Restore: clearing Data/ and moving Data_Core/ back ...
[2026-03-11 21:35:40]    Rescued 2 runtime-created file(s) → overwrite/.
[2026-03-11 21:35:41]    Removed 26011 file(s) from Data/.
[2026-03-11 21:35:41]    Restored 34 file(s). Data_Core/ removed.
[2026-03-11 21:35:41]  Restore complete.
[2026-03-11 21:35:41]  Backup: modlist.txt
[2026-03-11 21:35:41]  Backup: plugins.txt
[2026-03-11 21:35:41]  Backup: plugin_locks.json
[2026-03-11 21:35:41]  Backup: removed oldest 20260309_163501
[2026-03-11 21:35:41]  Step 1: Saving ShaderCache to overwrite/ ...
[2026-03-11 21:35:41]  Step 2: Moving Data/ → Data_Core/ ...
[2026-03-11 21:35:41]    Moved 34 file(s) to Data_Core/.
[2026-03-11 21:35:41]  Step 3: Transferring mod files into Data/ (HARDLINK) ...
[2026-03-11 21:35:44]    Transferred 29821 mod file(s).
[2026-03-11 21:35:44]  Step 4: Filling gaps with vanilla files from Data_Core/ ...
[2026-03-11 21:35:44]    Transferred 25 vanilla file(s).
[2026-03-11 21:35:44]  Step 5: Deploying ShaderCache as full copy ...
[2026-03-11 21:35:44]    Copied ShaderCache from overwrite/ → Data/ (full copy).
[2026-03-11 21:35:44]  Step 6: Symlinking plugins.txt into Proton prefix ...
[2026-03-11 21:35:44]    Linked plugins.txt → /home/luther/.local/share/Steam/steamapps/compatdata/489830/pfx/drive_c/users/steamuser/AppData/Local/Skyrim Special Edition/plugins.txt
[2026-03-11 21:35:44]  Step 7: Swapping launcher for SKSE ...
[2026-03-11 21:35:44]    Renamed SkyrimSELauncher.exe → SkyrimSELauncher.bak.
[2026-03-11 21:35:44]    Copied skse64_loader.exe → SkyrimSELauncher.exe.
[2026-03-11 21:35:44]  Deploy complete. 29821 mod + 25 vanilla = 29846 total file(s) in Data/.
[2026-03-11 21:35:45]  Filemap updated: 29821 file(s).
[2026-03-11 21:35:46]  Fetching latest masterlist_skyrimse.yaml...
[2026-03-11 21:35:47]  Updated masterlist_skyrimse.yaml.
[2026-03-11 21:35:47]  Fetching latest masterlist_prelude.yaml...
[2026-03-11 21:35:47]  Updated masterlist_prelude.yaml.
[2026-03-11 21:35:47]  Initializing LOOT...
[2026-03-11 21:35:47]  Loaded masterlist with prelude.
[2026-03-11 21:35:47]  Loading 236 plugin headers...
[2026-03-11 21:35:47]  Sorting 236 plugins...
[2026-03-11 21:35:47]  Sort complete. 11 plugin(s) changed position.
[2026-03-11 21:35:47]  Sorted — 11 plugin(s) changed position.
[2026-03-11 21:37:34]  Run EXE: launching skse64_loader.exe via Proton - Experimental ...
