[2026-03-09 12:23:37]  Downloads: found 1 archive(s) in /home/luther/Downloads
[2026-03-09 12:23:37]  Mod Manager ready. 1/28 games configured.
[2026-03-09 12:23:37]  Linux mode active. Using CustomTkinter UI framework.
[2026-03-09 12:23:37]  Nexus Mods API key loaded.
[2026-03-09 12:23:37]  NXM protocol handler registered.
[2026-03-09 12:23:37]  NXM IPC server listening on /run/user/1000/amethyst-mod-manager.sock
[2026-03-09 12:23:37]  Nexus API GET /users/validate → 200
[2026-03-09 12:23:37]    Response: {"user_id": 71483453, "key": "[REDACTED]", "name": "DubiousPhoenix", "is_premium?": false, "is_supporter?": false, "email": "[REDACTED]", "profile_url": "https://avatars.nexusmods.com/71483453/100", "is_supporter": false, "is_premium": false}
[2026-03-09 12:23:38]  Filemap updated: 31586 file(s).
[2026-03-09 12:24:22]  Restore: saving ShaderCache to overwrite/ ...
[2026-03-09 12:24:22]    Saved ShaderCache → overwrite/ShaderCache/
[2026-03-09 12:24:22]  Restore: removing plugins.txt symlink ...
[2026-03-09 12:24:22]    Removed plugins.txt symlink from prefix.
[2026-03-09 12:24:22]  Restore: restoring launcher ...
[2026-03-09 12:24:22]    Restored SkyrimSELauncher.exe from .bak.
[2026-03-09 12:24:22]  Restore: clearing Data/ and moving Data_Core/ back ...
[2026-03-09 12:24:22]    Removed 31611 file(s) from Data/.
[2026-03-09 12:24:22]    Restored 34 file(s). Data_Core/ removed.
[2026-03-09 12:24:22]  Restore complete.
[2026-03-09 12:24:23]  Backup: modlist.txt
[2026-03-09 12:24:23]  Backup: plugins.txt
[2026-03-09 12:24:23]  Backup: plugin_locks.json
[2026-03-09 12:24:23]  Backup: removed oldest 20260308_230504
[2026-03-09 12:24:23]  Step 1: Saving ShaderCache to overwrite/ ...
[2026-03-09 12:24:23]  Step 2: Moving Data/ → Data_Core/ ...
[2026-03-09 12:24:23]    Moved 34 file(s) to Data_Core/.
[2026-03-09 12:24:23]  Step 3: Transferring mod files into Data/ (HARDLINK) ...
[2026-03-09 12:24:25]    Transferred 31586 mod file(s).
[2026-03-09 12:24:25]  Step 4: Filling gaps with vanilla files from Data_Core/ ...
[2026-03-09 12:24:25]    Transferred 25 vanilla file(s).
[2026-03-09 12:24:25]  Step 5: Deploying ShaderCache as full copy ...
[2026-03-09 12:24:25]    Copied ShaderCache from overwrite/ → Data/ (full copy).
[2026-03-09 12:24:25]  Step 6: Symlinking plugins.txt into Proton prefix ...
[2026-03-09 12:24:25]    Linked plugins.txt → /home/luther/.local/share/Steam/steamapps/compatdata/489830/pfx/drive_c/users/steamuser/AppData/Local/Skyrim Special Edition/plugins.txt
[2026-03-09 12:24:25]  Step 7: Swapping launcher for SKSE ...
[2026-03-09 12:24:25]    Renamed SkyrimSELauncher.exe → SkyrimSELauncher.bak.
[2026-03-09 12:24:25]    Copied skse64_loader.exe → SkyrimSELauncher.exe.
[2026-03-09 12:24:25]  Deploy complete. 31586 mod + 25 vanilla = 31611 total file(s) in Data/.
[2026-03-09 12:24:26]  Filemap updated: 31586 file(s).
[2026-03-09 12:24:27]  Initializing LOOT...
[2026-03-09 12:24:27]  Loaded masterlist with prelude.
[2026-03-09 12:24:27]  Loading 226 plugin headers...
[2026-03-09 12:24:27]  Sorting 226 plugins...
[2026-03-09 12:24:28]  Sort complete. 15 plugin(s) changed position.
[2026-03-09 12:24:28]  Sorted — 15 plugin(s) changed position.
[2026-03-09 12:24:30]  Run EXE: launching skse64_loader.exe via Proton - Experimental ...
[2026-03-09 12:25:24]  Nexus: Opened https://www.nexusmods.com/skyrimspecialedition/mods/158874
[2026-03-09 12:25:26]  Nexus: Received link from browser.
[2026-03-09 12:25:26]  Nexus: Downloading mod 158874 file 729582 from skyrimspecialedition...
[2026-03-09 12:25:26]  Received NXM link from new instance: nxm://skyrimspecialedition/mods/158874/files/729582?key=0HcaIRQQIzz67WXWwimkjQ&expires=1773246325&user_id=71483453
[2026-03-09 12:25:26]  Nexus API POST GraphQL NxmModAndFile → 200
[2026-03-09 12:25:26]    Response: {"errors": [{"message": "Selections can't be made on scalars (field 'category' returns String but has selections [\"id\"])", "locations": [{"line": 10, "column": 21}], "path": ["query NxmModAndFile", "legacyModsByDomain", "nodes", "category"], "extensions": {"code": "selectionMismatch", "nodeName": "field 'category'", "typeName": "String"}}, {"message": "Field 'files' doesn't exist on type 'Mod'", "locations": [{"line": 12, "column": 21}], "path": ["query NxmModAndFile", "legacyModsByDomain", "nodes", "files"], "extensions": {"code": "undefinedField", "typeName": "Mod", "fieldName": "files"}}]}
[2026-03-09 12:25:26]  GraphQL NxmModAndFile errors: [{'message': 'Selections can\'t be made on scalars (field \'category\' returns String but has selections ["id"])', 'locations': [{'line': 10, 'column': 21}], 'path': ['query NxmModAndFile', 'legacyModsByDomain', 'nodes', 'category'], 'extensions': {'code': 'selectionMismatch', 'nodeName': "field 'category'", 'typeName': 'String'}}, {'message': "Field 'files' doesn't exist on type 'Mod'", 'locations': [{'line': 12, 'column': 21}], 'path': ['query NxmModAndFile', 'legacyModsByDomain', 'nodes', 'files'], 'extensions': {'code': 'undefinedField', 'typeName': 'Mod', 'fieldName': 'files'}}]
[2026-03-09 12:25:26]  Nexus API GET /games/skyrimspecialedition/mods/158874/files/729582/download_link → 200
[2026-03-09 12:25:26]    Response: [{"name": "Nexus Global Content Delivery Network", "short_name": "Nexus CDN", "URI": "https://supporter-files.nexus-cdn.com/1704/158874/Compare Equipment NG-158874-0-3-15-1773032118.zip?md5=5sAtDvTIrQI9VuZdE57afA&expires=1773087926&user_id=71483453"}]
[2026-03-09 12:25:26]  Nexus API GET /games/skyrimspecialedition/mods/158874/files/729582 → 200
[2026-03-09 12:25:26]    Response: {"id": [729582, 1704], "uid": 7318625001966, "file_id": 729582, "name": "Compare Equipment NG", "version": "0.3.15", "category_id": 1, "category_name": "MAIN", "is_primary": true, "size": 6688, "file_name": "Compare Equipment NG-158874-0-3-15-1773032118.zip", "uploaded_timestamp": 1773032118, "uploaded_time": "2026-03-09T04:55:18.000+00:00", "mod_version": "0.3.15", "external_virus_scan_url": "https://www.virustotal.com/gui/file/cf9bcd3342f9e88958e89639a44e294ce310ed60e887e1aad865f817261b64c1", "description": "See changelog.", "size_kb": 6688, "size_in_bytes": 6848055, "changelog_html": "Fix failure to connect to QuickLootIE's API by recompiling with the non-dev build QuickLootIE API. (oops)\nNo changes to CompareEquipment_assets.swf, reskins don't need an update. <br />No changes to CompareEquipmentNG_translation.ini, translations don't need an update.", "content_preview_link": "https://file-metadata.nexusmods.com/file/nexus-files-s3-meta/1704/158874/Compare Equipment NG-158874-0-3-15-1773032118.zip.json"}
[2026-03-09 12:25:29]  Nexus: Installing Compare Equipment NG-158874-0-3-15-1773032118.zip...
[2026-03-09 12:25:29]  Extracting with zipfile…
[2026-03-09 12:25:29]  Direct install — 6 file(s) to install.
[2026-03-09 12:25:29]  Downloaded Compare Equipment NG-158874-0-3-15-1773032118.zip (6848055 bytes) → /home/luther/Downloads/Compare Equipment NG-158874-0-3-15-1773032118.zip
[2026-03-09 12:25:30]  Cleared existing mod folder for clean reinstall.
[2026-03-09 12:25:30]  Copied 6 item(s) to staging area.
[2026-03-09 12:25:30]  Installed 'Compare Equipment NG' → /home/luther/.config/AmethystModManager/Profiles/Skyrim Special Edition/mods/Compare Equipment NG
[2026-03-09 12:25:30]  Added 'Compare Equipment NG' to modlist.
[2026-03-09 12:25:31]  Wrote meta.ini: /home/luther/.config/AmethystModManager/Profiles/Skyrim Special Edition/mods/Compare Equipment NG/meta.ini
[2026-03-09 12:25:31]  Nexus: Saved metadata (mod 158874, v)
[2026-03-09 12:25:31]  Nexus: Removed archive Compare Equipment NG-158874-0-3-15-1773032118.zip
[2026-03-09 12:25:31]  Downloads: found 1 archive(s) in /home/luther/Downloads
[2026-03-09 12:25:31]  Nexus: Detected mod ID 158874 from filename.
[2026-03-09 12:25:31]  Nexus API GET /games/skyrimspecialedition/mods/158874 → 200
[2026-03-09 12:25:31]    Response: {"name": "Compare Equipment NG", "summary": "A mod that displays side-by-side item cards, similar to Diablo and Borderlands, comparing a selected item with all equipped items on you or your followers that it would replace.", "description": "[b][color=#00ffff][size=3]Description[/size][/color][/b]\n<br />Armor mods often use only one of Skyrim\u2019s 32 body slots meaning you can have many different armor pieces equipped at once. This can make it tedious to compare a new item against your equipped armor, especially if you have a large inventory or the item has multiple slots that would replace several equipped pieces. This mod displays side-by-side item cards, allowing you to directly compare stats and effects between the selected item and all equipped items (yours or your followers\u2019) that it would replace.\n<br />\n<br />As mentioned above, this mod functions for both the player and your active followers. Additionally, it will work in the inventory menu, container menu, barter menu, QuickLoot IE's loot menu, and on equipment in-world. It will not currently work in the crafting menu. Also, this mod should be compatible with all other UI mods as long as SkyUI is installed.\n<br ...
[2026-03-09 12:25:31]  Filemap updated: 31586 file(s).
[2026-03-09 12:25:32]  Nexus API GET /games/skyrimspecialedition/mods/158874/files → 200
[2026-03-09 12:25:32]    Response: {"file_updates": [{"old_file_id": 664917, "new_file_id": 664954, "old_file_name": "Compare Equipment NG-158874-0-0-5-1757656345.zip", "new_file_name": "Compare Equipment NG-158874-0-0-5-1757674520.zip", "uploaded_timestamp": 1757674520, "uploaded_time": "2025-09-12T10:55:20.000+00:00"}, {"old_file_id": 664954, "new_file_id": 665425, "old_file_name": "Compare Equipment NG-158874-0-0-5-1757674520.zip", "new_file_name": "Comapre Equipment NG-158874-0-0-6-1757795432.zip", "uploaded_timestamp": 1757795432, "uploaded_time": "2025-09-13T20:30:32.000+00:00"}, {"old_file_id": 665425, "new_file_id": 666320, "old_file_name": "Comapre Equipment NG-158874-0-0-6-1757795432.zip", "new_file_name": "Compare Equipment NG-158874-0-1-0-1758018664.zip", "uploaded_timestamp": 1758018664, "uploaded_time": "2025-09-16T10:31:04.000+00:00"}, {"old_file_id": 666320, "new_file_id": 666322, "old_file_name": "Compare Equipment NG-158874-0-1-0-1758018664.zip", "new_file_name": "Compare Equipment NG-158874-0-1-0-1758019441.zip", "uploaded_timestamp": 1758019441, "uploaded_time": "2025-09-16T10:44:01.000+00:00"}, {"old_file_id": 666322, "new_file_id": 666624, "old_file_name": "Compare Equipment NG-158874-0-1-0-175...
[2026-03-09 12:25:32]  Wrote meta.ini: /home/luther/.config/AmethystModManager/Profiles/Skyrim Special Edition/mods/Compare Equipment NG/meta.ini
[2026-03-09 12:25:32]  Nexus: Identified as 'Compare Equipment NG' (mod 158874, file 729582).
[2026-03-09 12:25:32]  Nexus: Saved metadata for 'Compare Equipment NG' (mod 158874)
[2026-03-09 12:25:34]  Restore: saving ShaderCache to overwrite/ ...
[2026-03-09 12:25:34]    Saved ShaderCache → overwrite/ShaderCache/
[2026-03-09 12:25:34]  Restore: removing plugins.txt symlink ...
[2026-03-09 12:25:34]    Removed plugins.txt symlink from prefix.
[2026-03-09 12:25:34]  Restore: restoring launcher ...
[2026-03-09 12:25:34]    Restored SkyrimSELauncher.exe from .bak.
[2026-03-09 12:25:34]  Restore: clearing Data/ and moving Data_Core/ back ...
[2026-03-09 12:25:35]    Removed 31611 file(s) from Data/.
[2026-03-09 12:25:35]    Restored 34 file(s). Data_Core/ removed.
[2026-03-09 12:25:35]  Restore complete.
[2026-03-09 12:25:35]  Backup: modlist.txt
[2026-03-09 12:25:35]  Backup: plugins.txt
[2026-03-09 12:25:35]  Backup: plugin_locks.json
[2026-03-09 12:25:35]  Backup: removed oldest 20260308_231853
[2026-03-09 12:25:35]  Step 1: Saving ShaderCache to overwrite/ ...
[2026-03-09 12:25:35]  Step 2: Moving Data/ → Data_Core/ ...
[2026-03-09 12:25:35]    Moved 34 file(s) to Data_Core/.
[2026-03-09 12:25:35]  Step 3: Transferring mod files into Data/ (HARDLINK) ...
[2026-03-09 12:25:37]    Transferred 31586 mod file(s).
[2026-03-09 12:25:37]  Step 4: Filling gaps with vanilla files from Data_Core/ ...
[2026-03-09 12:25:37]    Transferred 25 vanilla file(s).
[2026-03-09 12:25:37]  Step 5: Deploying ShaderCache as full copy ...
[2026-03-09 12:25:37]    Copied ShaderCache from overwrite/ → Data/ (full copy).
[2026-03-09 12:25:37]  Step 6: Symlinking plugins.txt into Proton prefix ...
[2026-03-09 12:25:37]    Linked plugins.txt → /home/luther/.local/share/Steam/steamapps/compatdata/489830/pfx/drive_c/users/steamuser/AppData/Local/Skyrim Special Edition/plugins.txt
[2026-03-09 12:25:37]  Step 7: Swapping launcher for SKSE ...
[2026-03-09 12:25:37]    Renamed SkyrimSELauncher.exe → SkyrimSELauncher.bak.
[2026-03-09 12:25:37]    Copied skse64_loader.exe → SkyrimSELauncher.exe.
[2026-03-09 12:25:37]  Deploy complete. 31586 mod + 25 vanilla = 31611 total file(s) in Data/.
[2026-03-09 12:25:39]  Filemap updated: 31586 file(s).
[2026-03-09 12:25:39]  Run EXE: launching skse64_loader.exe via Proton - Experimental ...
[2026-03-09 12:29:02]  Nexus: Opened https://www.nexusmods.com/skyrimspecialedition/mods/93962
[2026-03-09 12:29:53]  Filemap updated: 31583 file(s).
[2026-03-09 12:29:56]  Filemap updated: 31586 file(s).
[2026-03-09 12:30:08]  Filemap updated: 26418 file(s).
[2026-03-09 12:30:08]  plugins.txt: removed 11 plugin(s).
[2026-03-09 12:30:10]  Restore: saving ShaderCache to overwrite/ ...
[2026-03-09 12:30:10]    Saved ShaderCache → overwrite/ShaderCache/
[2026-03-09 12:30:10]  Restore: removing plugins.txt symlink ...
[2026-03-09 12:30:10]    Removed plugins.txt symlink from prefix.
[2026-03-09 12:30:10]  Restore: restoring launcher ...
[2026-03-09 12:30:10]    Restored SkyrimSELauncher.exe from .bak.
[2026-03-09 12:30:10]  Restore: clearing Data/ and moving Data_Core/ back ...
[2026-03-09 12:30:10]    Removed 31611 file(s) from Data/.
[2026-03-09 12:30:10]    Restored 34 file(s). Data_Core/ removed.
[2026-03-09 12:30:10]  Restore complete.
[2026-03-09 12:30:11]  Backup: modlist.txt
[2026-03-09 12:30:11]  Backup: plugins.txt
[2026-03-09 12:30:11]  Backup: plugin_locks.json
[2026-03-09 12:30:11]  Backup: removed oldest 20260308_232859
[2026-03-09 12:30:11]  Step 1: Saving ShaderCache to overwrite/ ...
[2026-03-09 12:30:11]  Step 2: Moving Data/ → Data_Core/ ...
[2026-03-09 12:30:11]    Moved 34 file(s) to Data_Core/.
[2026-03-09 12:30:11]  Step 3: Transferring mod files into Data/ (HARDLINK) ...
[2026-03-09 12:30:13]    Transferred 26418 mod file(s).
[2026-03-09 12:30:13]  Step 4: Filling gaps with vanilla files from Data_Core/ ...
[2026-03-09 12:30:13]    Transferred 25 vanilla file(s).
[2026-03-09 12:30:13]  Step 5: Deploying ShaderCache as full copy ...
[2026-03-09 12:30:13]    Copied ShaderCache from overwrite/ → Data/ (full copy).
[2026-03-09 12:30:13]  Step 6: Symlinking plugins.txt into Proton prefix ...
[2026-03-09 12:30:13]    Linked plugins.txt → /home/luther/.local/share/Steam/steamapps/compatdata/489830/pfx/drive_c/users/steamuser/AppData/Local/Skyrim Special Edition/plugins.txt
[2026-03-09 12:30:13]  Step 7: Swapping launcher for SKSE ...
[2026-03-09 12:30:13]    Renamed SkyrimSELauncher.exe → SkyrimSELauncher.bak.
[2026-03-09 12:30:13]    Copied skse64_loader.exe → SkyrimSELauncher.exe.
[2026-03-09 12:30:13]  Deploy complete. 26418 mod + 25 vanilla = 26443 total file(s) in Data/.
[2026-03-09 12:30:14]  Filemap updated: 26418 file(s).
[2026-03-09 12:30:30]  Initializing LOOT...
[2026-03-09 12:30:31]  Loaded masterlist with prelude.
[2026-03-09 12:30:31]  Loading 215 plugin headers...
[2026-03-09 12:30:31]  Sorting 215 plugins...
[2026-03-09 12:30:31]  Sort complete. 0 plugin(s) changed position.
[2026-03-09 12:30:31]  Load order is already sorted.
[2026-03-09 12:30:32]  Run EXE: launching skse64_loader.exe via Proton - Experimental ...
