[2026-03-08 11:46:19]  Downloads: found 0 archive(s) in /home/luther/Downloads
[2026-03-08 11:46:19]  Mod Manager ready. 1/26 games configured.
[2026-03-08 11:46:19]  Linux mode active. Using CustomTkinter UI framework.
[2026-03-08 11:46:19]  Nexus Mods API key loaded.
[2026-03-08 11:46:19]  NXM protocol handler registered.
[2026-03-08 11:46:19]  NXM IPC server listening on /run/user/1000/amethyst-mod-manager.sock
[2026-03-08 11:46:19]  Nexus API GET /users/validate → 200
[2026-03-08 11:46:19]    Response: {"user_id": 71483453, "key": "[REDACTED]", "name": "DubiousPhoenix", "is_premium?": false, "is_supporter?": false, "email": "[REDACTED]", "profile_url": "https://avatars.nexusmods.com/71483453/100", "is_supporter": false, "is_premium": false}
[2026-03-08 11:46:19]  Filemap updated: 22 file(s).
[2026-03-08 11:46:33]  Nexus: Received link from browser.
[2026-03-08 11:46:33]  Nexus: Downloading mod 90557 file 649526 from skyrimspecialedition...
[2026-03-08 11:46:33]  Received NXM link from new instance: nxm://skyrimspecialedition/mods/90557/files/649526?key=hAl6Eo5C6SDMbx0dOwu0-Q&expires=1773157592&user_id=71483453
[2026-03-08 11:46:33]  Nexus API GET /games/skyrimspecialedition/mods/90557 → 200
[2026-03-08 11:46:33]    Response: {"name": "VRAMr", "summary": "Reclaim precious VRAM for increased performance and less stutters by downscaling textures to optimal formats to reduce streaming bandwidth and leverage faster GPU decoding. Automated to optimise all of your texture mods including PBR, Parallax and Complex Material. Supports AE, SE &amp; VR. No scripts, no ESP and no need to start a new game", "description": "[b][center][size=4][b][color=#00ff00]VRAMr is an automated utility to optimise your texture files for your[/color]\n<br />[color=#00ff00]Wabbajack, Nexus Collection or personal and unique load order[/color]\n<br />\n<br />[color=#ffff00]BC7 texture format is decoded much faster by your GPU in-game than any other format\n<br />\n<br />VRAMr also downscales your textures resolution so your game consumes less VRAM\n<br />\n<br />When thousands of textures are optimised using these methods, the total gains are\n<br />very noticeable with smoother performance and less stutters\n<br />[/color]\n<br />[color=#ff7700]\n<br />For information and setup instructions see the videos below and refer to the interactive User Guide\n<br />\n<br />[/color][youtube]MS8vhuyeT2g[/youtube]\n<br />\n<br />In the below vi...
[2026-03-08 11:46:34]  Nexus API GET /games/skyrimspecialedition/mods/90557/files → 200
[2026-03-08 11:46:34]    Response: {"file_updates": [{"old_file_id": 384977, "new_file_id": 391699, "old_file_name": "Resource Pack-90557-v1-0-1683304631.7z", "new_file_name": "VRAMr Resource Pack (Part 1 of 2)-90557-v1-0-1685005583.7z", "uploaded_timestamp": 1685005583, "uploaded_time": "2023-05-25T09:06:23.000+00:00"}, {"old_file_id": 390550, "new_file_id": 391505, "old_file_name": "VRAMr Engine (Part 2 of 2)-90557-v1-0-1684682276.7z", "new_file_name": "VRAMr Engine (Part 2 of 2)-90557-v1-0-1684930007.7z", "uploaded_timestamp": 1684930007, "uploaded_time": "2023-05-24T12:06:47.000+00:00"}, {"old_file_id": 391505, "new_file_id": 391560, "old_file_name": "VRAMr Engine (Part 2 of 2)-90557-v1-0-1684930007.7z", "new_file_name": "VRAMr Engine (Part 2 of 2)-90557-v1-0-1684947106.7z", "uploaded_timestamp": 1684947106, "uploaded_time": "2023-05-24T16:51:46.000+00:00"}, {"old_file_id": 391560, "new_file_id": 391703, "old_file_name": "VRAMr Engine (Part 2 of 2)-90557-v1-0-1684947106.7z", "new_file_name": "VRAMr Engine (Part 2 of 2)-90557-v1-0-1685009321.7z", "uploaded_timestamp": 1685009321, "uploaded_time": "2023-05-25T10:08:41.000+00:00"}, {"old_file_id": 391703, "new_file_id": 391839, "old_file_name": "VRAMr Engine (Part ...
[2026-03-08 11:46:34]  Nexus API GET /games/skyrimspecialedition/mods/90557/files/649526/download_link → 200
[2026-03-08 11:46:34]    Response: [{"name": "Nexus Global Content Delivery Network", "short_name": "Nexus CDN", "URI": "https://supporter-files.nexus-cdn.com/1704/90557/VRAMr-90557-v15-0723-1753265364.zip?md5=f9gkdvgHSBWjCAA5g7b5-A&expires=1772999194&user_id=71483453"}]
[2026-03-08 11:46:34]  Nexus API GET /games/skyrimspecialedition/mods/90557/files/649526 → 200
[2026-03-08 11:46:34]    Response: {"id": [649526, 1704], "uid": 7318624921910, "file_id": 649526, "name": "VRAMr", "version": "v15.0723", "category_id": 1, "category_name": "MAIN", "is_primary": true, "size": 59468, "file_name": "VRAMr-90557-v15-0723-1753265364.zip", "uploaded_timestamp": 1753265364, "uploaded_time": "2025-07-23T10:09:24.000+00:00", "mod_version": "v15.0723", "external_virus_scan_url": "https://www.virustotal.com/gui/file/29e5256c026588c1994eabd4e8ec31370a456aaa170fa7c355b283c06f79ec81/detection/f-29e5256c026588c1994eabd4e8ec31370a456aaa170fa7c355b283c06f79ec81-1753265382", "description": "1-Install as a mod &amp; tick to activate\n<br />2-Point MO2 Runlink to VRAMr.bat\n<br />3-Use -altGPU parameter to use 2nd GPU (SEE IMAGE)\n<br />\n<br />Vortex Setup Guide below\n<br />\n<br />See SINGLE MOD OPTIMISER version in OPTIONAL DOWNLOADS", "size_kb": 59468, "size_in_bytes": 60895541, "changelog_html": "Additional VRAM savings now finalised and implemented : (_e, _g, _s)\nCustom Preset Option - Press 'C' during preset selection\nImproved log handling and fixed rare Loose Copy I/O Locked File Error", "content_preview_link": "https://file-metadata.nexusmods.com/file/nexus-files-s3-meta/1704/90557/VRAMr-9...
[2026-03-08 11:46:51]  Filemap updated: 0 file(s).
[2026-03-08 11:48:04]  Nexus: Installing VRAMr-90557-v15-0723-1753265364.zip...
[2026-03-08 11:48:04]  Extracting with zipfile…
[2026-03-08 11:48:04]  zipfile failed (That compression method is not supported), retrying with 7z…
[2026-03-08 11:48:04]  Extracted with 7z.
[2026-03-08 11:48:04]  Direct install — 28 file(s) to install.
[2026-03-08 11:48:04]  Mod structure unrecognised — installing as-is (no prefix applied).
[2026-03-08 11:48:04]  Copied 28 item(s) to staging area.
[2026-03-08 11:48:04]  Installed 'VRAMr' → /home/luther/.config/AmethystModManager/Profiles/Skyrim Special Edition/mods/VRAMr
[2026-03-08 11:48:04]  Added 'VRAMr' to modlist.
[2026-03-08 11:48:04]  Wrote meta.ini: /home/luther/.config/AmethystModManager/Profiles/Skyrim Special Edition/mods/VRAMr/meta.ini
[2026-03-08 11:48:04]  Nexus: Saved metadata (mod 90557, vv15.0723)
[2026-03-08 11:48:04]  Nexus: Removed archive VRAMr-90557-v15-0723-1753265364.zip
[2026-03-08 11:48:04]  Downloads: found 0 archive(s) in /home/luther/Downloads
[2026-03-08 11:48:04]  Downloaded VRAMr-90557-v15-0723-1753265364.zip (60895541 bytes) → /home/luther/Downloads/VRAMr-90557-v15-0723-1753265364.zip
[2026-03-08 11:48:04]  Nexus: Detected mod ID 723 from filename.
[2026-03-08 11:48:04]  Filemap updated: 50 file(s).
[2026-03-08 11:48:04]  Nexus API GET /games/skyrimspecialedition/mods/723 → 200
[2026-03-08 11:48:04]    Response: {"name": "Chiss Race Mod", "summary": "The Chiss Race is from KOTOR (Knight of the old Republic) and this mod exists purely because somebody suggested it.", "description": "\r<br />    &#34;The Chiss do not simply accept alien concepts without careful consideration. We certainly do not submit to domination. By anyone.&#34; \r<br />    \u2015Mitth&#39;raw&#39;nuruodo[src]\r<br />\r<br />The Chiss were a tall, blue-skinned Near-Human civilization from the planet Csilla in the Unknown Regions, best known to most Humans as the people to which Grand Admiral Thrawn belonged. Due to the remote position of their home territory in the Chiss Ascendancy they remained largely an enigma to the rest of the galaxy, and contact with outsiders was limited even in the days of the Galactic Alliance. \r<br />\r<br />---Wookipedia\r<br />\r<br />The mod adds the race mentioned within the game.  It includes a few Eye textures as required for the race to seem propper but the race is identical to the Nord race minus height.", "picture_url": "https://staticdelivery.nexusmods.com/mods/1704/images/54696-1-1402182698.jpg", "mod_downloads": 773, "mod_unique_downloads": 407, "uid": 7318624273107, "mod_id": 723,...
[2026-03-08 11:48:04]  Nexus: Identified as 'Chiss Race Mod' (mod 723, file 0).
[2026-03-08 11:48:04]  Nexus: Saved metadata for 'VRAMr' (mod 723)
[2026-03-08 11:48:04]  Nexus API GET /games/skyrimspecialedition/mods/723/files → 200
[2026-03-08 11:48:04]    Response: {"file_updates": [], "files": [{"id": [739, 1704], "uid": 7318624273123, "file_id": 739, "name": "Chiss Race Mod V1.0", "version": "1.0", "category_id": 1, "category_name": "MAIN", "is_primary": true, "size": 70, "file_name": "Chiss Race Mod V1.0-723-1-0.zip", "uploaded_timestamp": 1477627622, "uploaded_time": "2016-10-28T04:07:02.000+00:00", "mod_version": "1.0", "external_virus_scan_url": "https://www.virustotal.com/file/a1ad95b6563a5ff95511e849638788ca57901a1d78c4ad30dfa1960186c688a5/analysis/1477627682/", "description": "This is the main file", "size_kb": 70, "size_in_bytes": 71754, "changelog_html": null, "content_preview_link": "https://file-metadata.nexusmods.com/file/nexus-files-s3-meta/1704/723/Chiss Race Mod V1.0-723-1-0.zip.json"}, {"id": [740, 1704], "uid": 7318624273124, "file_id": 740, "name": "Fully Red Eyes (no Pupils) (Standalone option)", "version": "1.0", "category_id": 1, "category_name": "MAIN", "is_primary": false, "size": 72, "file_name": "Fully Red Eyes (no Pupils) (Standalone option)-723-1-0.zip", "uploaded_timestamp": 1477627665, "uploaded_time": "2016-10-28T04:07:45.000+00:00", "mod_version": "1.0", "external_virus_scan_url": "https://www.virustotal.com/f...
[2026-03-08 11:48:04]  Wrote meta.ini: /home/luther/.config/AmethystModManager/Profiles/Skyrim Special Edition/mods/VRAMr/meta.ini
[2026-03-08 12:30:45]  Nexus: Received link from browser.
[2026-03-08 12:30:45]  Nexus: Downloading mod 173918 file 729203 from skyrimspecialedition...
[2026-03-08 12:30:45]  Received NXM link from new instance: nxm://skyrimspecialedition/mods/173918/files/729203?key=jkskkDPgJ3UgtYLq82PZ1Q&expires=1773160244&user_id=71483453
[2026-03-08 12:30:45]  Nexus API GET /games/skyrimspecialedition/mods/173918 → 200
[2026-03-08 12:30:45]    Response: {"name": "Item Stacking Tweaks SKSE", "summary": "A lightweight SKSE plugin that separates item stacks based on stolen, quest, favorited, and equipped status.", "description": "[color=#ffd966][size=5]Description[/size][/color]\n<br />\n<br />[quote]Item Stacking Tweaks is a lightweight, script-free\u00a0[b]SKSE[/b] [b]plugin [/b]that[b]\u00a0[/b]splits item stacks into separate slots based on their stolen status, quest flags, favorited state, and equipped state, making it much easier to manage, drop, sell, and store items cleanly. Works across all menus (inventory, crafting, enchantment and more).[/quote]\n<br />In vanilla Skyrim, items with different properties get merged into the same stack, causing a number of issues:\n<br />\n<br />[list]\n<br />[*][b]Quest flags[/b]\u00a0- Picking up a quest-flagged item stacks it with any copies you already have, making the entire stack undroppable, unsellable, and unstorable. A well-known example is Amulets of Talos from the Return to Grace quest.\n<br />[*][b]Stolen status[/b]\u00a0- Stolen and non-stolen items share the same stack, making it difficult to manage, store &amp; drop them.\n<br />[*][b]Favorited/Equipped[/b]\u00a0- No way to kn...
[2026-03-08 12:30:46]  Nexus API GET /games/skyrimspecialedition/mods/173918/files → 200
[2026-03-08 12:30:46]    Response: {"file_updates": [{"old_file_id": 727878, "new_file_id": 727903, "old_file_name": "Item Stacking Tweaks SKSE-173918-1-0-1772626018.zip", "new_file_name": "Item Stacking Tweaks SKSE-173918-1-0-1-1772631116.zip", "uploaded_timestamp": 1772631116, "uploaded_time": "2026-03-04T13:31:56.000+00:00"}, {"old_file_id": 727903, "new_file_id": 727904, "old_file_name": "Item Stacking Tweaks SKSE-173918-1-0-1-1772631116.zip", "new_file_name": "Item Stacking Tweaks SKSE-173918-1-0-1-1772631353.zip", "uploaded_timestamp": 1772631353, "uploaded_time": "2026-03-04T13:35:53.000+00:00"}, {"old_file_id": 727904, "new_file_id": 728120, "old_file_name": "Item Stacking Tweaks SKSE-173918-1-0-1-1772631353.zip", "new_file_name": "Item Stacking Tweaks SKSE-173918-1-0-2-1772699085.zip", "uploaded_timestamp": 1772699085, "uploaded_time": "2026-03-05T08:24:45.000+00:00"}, {"old_file_id": 728120, "new_file_id": 728471, "old_file_name": "Item Stacking Tweaks SKSE-173918-1-0-2-1772699085.zip", "new_file_name": "Item Stacking Tweaks SKSE-173918-1-0-3-1772805657.zip", "uploaded_timestamp": 1772805657, "uploaded_time": "2026-03-06T14:00:57.000+00:00"}, {"old_file_id": 728471, "new_file_id": 729053, "old_file_name": ...
[2026-03-08 12:30:46]  Nexus API GET /games/skyrimspecialedition/mods/173918/files/729203/download_link → 200
[2026-03-08 12:30:46]    Response: [{"name": "Nexus Global Content Delivery Network", "short_name": "Nexus CDN", "URI": "https://supporter-files.nexus-cdn.com/1704/173918/Item Stacking Tweaks SKSE-173918-1-0-5-1772961183.zip?md5=HHoAI_E5Ky5xs3L63-pFjQ&expires=1773001846&user_id=71483453"}]
[2026-03-08 12:30:46]  Nexus API GET /games/skyrimspecialedition/mods/173918/files/729203 → 200
[2026-03-08 12:30:46]    Response: {"id": [729203, 1704], "uid": 7318625001587, "file_id": 729203, "name": "Item Stacking Tweaks SKSE", "version": "1.0.5", "category_id": 1, "category_name": "MAIN", "is_primary": false, "size": 406, "file_name": "Item Stacking Tweaks SKSE-173918-1-0-5-1772961183.zip", "uploaded_timestamp": 1772961183, "uploaded_time": "2026-03-08T09:13:03.000+00:00", "mod_version": "1.0.5", "external_virus_scan_url": "https://www.virustotal.com/gui/file/5a10ff3597c0e7de3c82176bcc67e4fafbdf6bd9762d289bf14c20a750d391e0", "description": "", "size_kb": 406, "size_in_bytes": 415765, "changelog_html": null, "content_preview_link": "https://file-metadata.nexusmods.com/file/nexus-files-s3-meta/1704/173918/Item Stacking Tweaks SKSE-173918-1-0-5-1772961183.zip.json"}
[2026-03-08 12:30:47]  Nexus: Installing Item Stacking Tweaks SKSE-173918-1-0-5-1772961183.zip...
[2026-03-08 12:30:47]  Extracting with zipfile…
[2026-03-08 12:30:47]  Direct install — 2 file(s) to install.
[2026-03-08 12:30:47]  Copied 2 item(s) to staging area.
[2026-03-08 12:30:47]  Installed 'Item Stacking Tweaks SKSE' → /home/luther/.config/AmethystModManager/Profiles/Skyrim Special Edition/mods/Item Stacking Tweaks SKSE
[2026-03-08 12:30:47]  Added 'Item Stacking Tweaks SKSE' to modlist.
[2026-03-08 12:30:47]  Wrote meta.ini: /home/luther/.config/AmethystModManager/Profiles/Skyrim Special Edition/mods/Item Stacking Tweaks SKSE/meta.ini
[2026-03-08 12:30:47]  Nexus: Saved metadata (mod 173918, v1.0.5)
[2026-03-08 12:30:47]  Nexus: Removed archive Item Stacking Tweaks SKSE-173918-1-0-5-1772961183.zip
[2026-03-08 12:30:47]  Downloads: found 0 archive(s) in /home/luther/Downloads
[2026-03-08 12:30:47]  Downloaded Item Stacking Tweaks SKSE-173918-1-0-5-1772961183.zip (415765 bytes) → /home/luther/Downloads/Item Stacking Tweaks SKSE-173918-1-0-5-1772961183.zip
[2026-03-08 12:30:47]  Nexus: Detected mod ID 173918 from filename.
[2026-03-08 12:30:47]  Filemap updated: 52 file(s).
[2026-03-08 12:30:47]  Nexus API GET /games/skyrimspecialedition/mods/173918 → 200
[2026-03-08 12:30:47]    Response: {"name": "Item Stacking Tweaks SKSE", "summary": "A lightweight SKSE plugin that separates item stacks based on stolen, quest, favorited, and equipped status.", "description": "[color=#ffd966][size=5]Description[/size][/color]\n<br />\n<br />[quote]Item Stacking Tweaks is a lightweight, script-free\u00a0[b]SKSE[/b] [b]plugin [/b]that[b]\u00a0[/b]splits item stacks into separate slots based on their stolen status, quest flags, favorited state, and equipped state, making it much easier to manage, drop, sell, and store items cleanly. Works across all menus (inventory, crafting, enchantment and more).[/quote]\n<br />In vanilla Skyrim, items with different properties get merged into the same stack, causing a number of issues:\n<br />\n<br />[list]\n<br />[*][b]Quest flags[/b]\u00a0- Picking up a quest-flagged item stacks it with any copies you already have, making the entire stack undroppable, unsellable, and unstorable. A well-known example is Amulets of Talos from the Return to Grace quest.\n<br />[*][b]Stolen status[/b]\u00a0- Stolen and non-stolen items share the same stack, making it difficult to manage, store &amp; drop them.\n<br />[*][b]Favorited/Equipped[/b]\u00a0- No way to kn...
[2026-03-08 12:30:47]  Nexus: Identified as 'Item Stacking Tweaks SKSE' (mod 173918, file 729203).
[2026-03-08 12:30:47]  Nexus: Saved metadata for 'Item Stacking Tweaks SKSE' (mod 173918)
[2026-03-08 12:30:47]  Nexus API GET /games/skyrimspecialedition/mods/173918/files → 200
[2026-03-08 12:30:47]    Response: {"file_updates": [{"old_file_id": 727878, "new_file_id": 727903, "old_file_name": "Item Stacking Tweaks SKSE-173918-1-0-1772626018.zip", "new_file_name": "Item Stacking Tweaks SKSE-173918-1-0-1-1772631116.zip", "uploaded_timestamp": 1772631116, "uploaded_time": "2026-03-04T13:31:56.000+00:00"}, {"old_file_id": 727903, "new_file_id": 727904, "old_file_name": "Item Stacking Tweaks SKSE-173918-1-0-1-1772631116.zip", "new_file_name": "Item Stacking Tweaks SKSE-173918-1-0-1-1772631353.zip", "uploaded_timestamp": 1772631353, "uploaded_time": "2026-03-04T13:35:53.000+00:00"}, {"old_file_id": 727904, "new_file_id": 728120, "old_file_name": "Item Stacking Tweaks SKSE-173918-1-0-1-1772631353.zip", "new_file_name": "Item Stacking Tweaks SKSE-173918-1-0-2-1772699085.zip", "uploaded_timestamp": 1772699085, "uploaded_time": "2026-03-05T08:24:45.000+00:00"}, {"old_file_id": 728120, "new_file_id": 728471, "old_file_name": "Item Stacking Tweaks SKSE-173918-1-0-2-1772699085.zip", "new_file_name": "Item Stacking Tweaks SKSE-173918-1-0-3-1772805657.zip", "uploaded_timestamp": 1772805657, "uploaded_time": "2026-03-06T14:00:57.000+00:00"}, {"old_file_id": 728471, "new_file_id": 729053, "old_file_name": ...
[2026-03-08 12:30:47]  Wrote meta.ini: /home/luther/.config/AmethystModManager/Profiles/Skyrim Special Edition/mods/Item Stacking Tweaks SKSE/meta.ini
[2026-03-08 12:31:15]  Nexus: Received link from browser.
[2026-03-08 12:31:15]  Nexus: Downloading mod 173161 file 728737 from skyrimspecialedition...
[2026-03-08 12:31:15]  Received NXM link from new instance: nxm://skyrimspecialedition/mods/173161/files/728737?key=A1qVcj4tD3ej8XbN6ddtuQ&expires=1773160274&user_id=71483453
[2026-03-08 12:31:15]  Nexus API GET /games/skyrimspecialedition/mods/173161 → 200
[2026-03-08 12:31:15]    Response: {"name": "Seamless Saving - Skyrim Save Accelerator", "summary": "This plugin makes saving faster/seamless and lag free (almost) by optimizing the Skyrim Script VM's save time by up-to ~89%, reducing total save time up-to ~60%. (150% faster!)", "description": "[font=Verdana][size=6][b][center]Description[/center][/b][/size][/font][center][img]https://i.imgur.com/sx04NRn.png[/img][/center]Save lag is a huge annoyance and immersion breaker for every skyrim play session. This plugin strives to make saving seamless, without you even noticing it.\n<br />\n<br />[font=Verdana][size=6][b][center]Details[/center][/b][/size][/font][center][img]https://i.imgur.com/sx04NRn.png[/img][/center]Skyrim saves take an average of ~200ms, just long enough to cause a highly annoying lag spike. The biggest bottleneck is saving the script VM, which eats up 56% of that time. And the heavier your load order\u2014especially with script-heavy mods\u2014the worse this lag spike gets.\n<br />Seamless Saving tackles this exact bottleneck. By optimizing how the engine handles scripts, this plugin slashes the script save time by a massive ~89%.\n<br />I will upload the benchmarking results [i]before[/i] and [i]af...
[2026-03-08 12:31:16]  Nexus API GET /games/skyrimspecialedition/mods/173161/files → 200
[2026-03-08 12:31:16]    Response: {"file_updates": [{"old_file_id": 724457, "new_file_id": 724543, "old_file_name": "Seamless Saving-173161-1-0-0-1771770376.zip", "new_file_name": "Seamless Saving-173161-1-0-1-1771784230.zip", "uploaded_timestamp": 1771784230, "uploaded_time": "2026-02-22T18:17:10.000+00:00"}, {"old_file_id": 724543, "new_file_id": 724687, "old_file_name": "Seamless Saving-173161-1-0-1-1771784230.zip", "new_file_name": "Seamless Saving-173161-1-0-2-1771819867.zip", "uploaded_timestamp": 1771819867, "uploaded_time": "2026-02-23T04:11:07.000+00:00"}, {"old_file_id": 724687, "new_file_id": 724742, "old_file_name": "Seamless Saving-173161-1-0-2-1771819867.zip", "new_file_name": "Seamless Saving-173161-1-0-3-1771834314.zip", "uploaded_timestamp": 1771834314, "uploaded_time": "2026-02-23T08:11:54.000+00:00"}, {"old_file_id": 724742, "new_file_id": 724837, "old_file_name": "Seamless Saving-173161-1-0-3-1771834314.zip", "new_file_name": "Seamless Saving-173161-1-0-4-1771850662.zip", "uploaded_timestamp": 1771850662, "uploaded_time": "2026-02-23T12:44:22.000+00:00"}, {"old_file_id": 724837, "new_file_id": 724854, "old_file_name": "Seamless Saving-173161-1-0-4-1771850662.zip", "new_file_name": "Seamless Savi...
[2026-03-08 12:31:16]  Nexus API GET /games/skyrimspecialedition/mods/173161/files/728737/download_link → 200
[2026-03-08 12:31:16]    Response: [{"name": "Nexus Global Content Delivery Network", "short_name": "Nexus CDN", "URI": "https://supporter-files.nexus-cdn.com/1704/173161/Seamless Saving-173161-1-0-7-1772855914.zip?md5=YDIQezi5Z33pdLdJk2J4MA&expires=1773001876&user_id=71483453"}]
[2026-03-08 12:31:16]  Nexus API GET /games/skyrimspecialedition/mods/173161/files/728737 → 200
[2026-03-08 12:31:16]    Response: {"id": [728737, 1704], "uid": 7318625001121, "file_id": 728737, "name": "Seamless Saving", "version": "1.0.6", "category_id": 1, "category_name": "MAIN", "is_primary": false, "size": 9485, "file_name": "Seamless Saving-173161-1-0-7-1772855914.zip", "uploaded_timestamp": 1772855914, "uploaded_time": "2026-03-07T03:58:34.000+00:00", "mod_version": "1.0.6", "external_virus_scan_url": "https://www.virustotal.com/gui/file/17452098b9a4b3953915109d1674845c51ae63247824df5cbb91974627479988", "description": "fixed formid map insert issue\n<br />\n<br />Optimizes all saves except manual save", "size_kb": 9485, "size_in_bytes": 9712470, "changelog_html": null, "content_preview_link": "https://file-metadata.nexusmods.com/file/nexus-files-s3-meta/1704/173161/Seamless Saving-173161-1-0-7-1772855914.zip.json"}
[2026-03-08 12:31:19]  Nexus: Installing Seamless Saving-173161-1-0-7-1772855914.zip...
[2026-03-08 12:31:19]  Extracting with zipfile…
[2026-03-08 12:31:19]  Direct install — 2 file(s) to install.
[2026-03-08 12:31:19]  Copied 2 item(s) to staging area.
[2026-03-08 12:31:19]  Installed 'Seamless Saving' → /home/luther/.config/AmethystModManager/Profiles/Skyrim Special Edition/mods/Seamless Saving
[2026-03-08 12:31:19]  Added 'Seamless Saving' to modlist.
[2026-03-08 12:31:19]  Nexus: Warning — could not save metadata: invalid interpolation syntax in "This plugin makes saving faster/seamless and lag free (almost) by optimizing the Skyrim Script VM's save time by up-to ~89%, reducing total save time up-to ~60%. (150% faster!)" at position 122
[2026-03-08 12:31:19]  Nexus: Removed archive Seamless Saving-173161-1-0-7-1772855914.zip
[2026-03-08 12:31:19]  Downloads: found 0 archive(s) in /home/luther/Downloads
[2026-03-08 12:31:19]  Downloaded Seamless Saving-173161-1-0-7-1772855914.zip (9712470 bytes) → /home/luther/Downloads/Seamless Saving-173161-1-0-7-1772855914.zip
[2026-03-08 12:31:19]  Nexus: Detected mod ID 173161 from filename.
[2026-03-08 12:31:20]  Filemap updated: 54 file(s).
[2026-03-08 12:31:20]  Nexus API GET /games/skyrimspecialedition/mods/173161 → 200
[2026-03-08 12:31:20]    Response: {"name": "Seamless Saving - Skyrim Save Accelerator", "summary": "This plugin makes saving faster/seamless and lag free (almost) by optimizing the Skyrim Script VM's save time by up-to ~89%, reducing total save time up-to ~60%. (150% faster!)", "description": "[font=Verdana][size=6][b][center]Description[/center][/b][/size][/font][center][img]https://i.imgur.com/sx04NRn.png[/img][/center]Save lag is a huge annoyance and immersion breaker for every skyrim play session. This plugin strives to make saving seamless, without you even noticing it.\n<br />\n<br />[font=Verdana][size=6][b][center]Details[/center][/b][/size][/font][center][img]https://i.imgur.com/sx04NRn.png[/img][/center]Skyrim saves take an average of ~200ms, just long enough to cause a highly annoying lag spike. The biggest bottleneck is saving the script VM, which eats up 56% of that time. And the heavier your load order\u2014especially with script-heavy mods\u2014the worse this lag spike gets.\n<br />Seamless Saving tackles this exact bottleneck. By optimizing how the engine handles scripts, this plugin slashes the script save time by a massive ~89%.\n<br />I will upload the benchmarking results [i]before[/i] and [i]af...
[2026-03-08 12:31:20]  Nexus: Identified as 'Seamless Saving - Skyrim Save Accelerator' (mod 173161, file 728737).
[2026-03-08 12:31:20]  Nexus API GET /games/skyrimspecialedition/mods/173161/files → 200
[2026-03-08 12:31:20]    Response: {"file_updates": [{"old_file_id": 724457, "new_file_id": 724543, "old_file_name": "Seamless Saving-173161-1-0-0-1771770376.zip", "new_file_name": "Seamless Saving-173161-1-0-1-1771784230.zip", "uploaded_timestamp": 1771784230, "uploaded_time": "2026-02-22T18:17:10.000+00:00"}, {"old_file_id": 724543, "new_file_id": 724687, "old_file_name": "Seamless Saving-173161-1-0-1-1771784230.zip", "new_file_name": "Seamless Saving-173161-1-0-2-1771819867.zip", "uploaded_timestamp": 1771819867, "uploaded_time": "2026-02-23T04:11:07.000+00:00"}, {"old_file_id": 724687, "new_file_id": 724742, "old_file_name": "Seamless Saving-173161-1-0-2-1771819867.zip", "new_file_name": "Seamless Saving-173161-1-0-3-1771834314.zip", "uploaded_timestamp": 1771834314, "uploaded_time": "2026-02-23T08:11:54.000+00:00"}, {"old_file_id": 724742, "new_file_id": 724837, "old_file_name": "Seamless Saving-173161-1-0-3-1771834314.zip", "new_file_name": "Seamless Saving-173161-1-0-4-1771850662.zip", "uploaded_timestamp": 1771850662, "uploaded_time": "2026-02-23T12:44:22.000+00:00"}, {"old_file_id": 724837, "new_file_id": 724854, "old_file_name": "Seamless Saving-173161-1-0-4-1771850662.zip", "new_file_name": "Seamless Savi...
[2026-03-08 12:33:33]  Nexus: Received link from browser.
[2026-03-08 12:33:33]  Nexus: Downloading mod 93962 file 664197 from skyrimspecialedition...
[2026-03-08 12:33:33]  Received NXM link from new instance: nxm://skyrimspecialedition/mods/93962/files/664197?key=uEfmYTN1wuy3Ftsnma8N2A&expires=1773160412&user_id=71483453
[2026-03-08 12:33:33]  Nexus API GET /games/skyrimspecialedition/mods/93962 → 200
[2026-03-08 12:33:33]    Response: {"name": "Improved Camera SE", "summary": "Improved Camera is an SKSE plugin that enables the 1st person body and allows for typically forced 3rd person animations also to be played in 1st person.", "description": "[color=#e69138][size=6][center]\ufeffImproved Camera SE by [url=https://www.nexusmods.com/skyrimspecialedition/users/70796263?tab=about+me]ArranzCNL[/url][/center][/size][/color]\n<br />[color=#ffff00][center][size=6]Description[/size][/center][/color][size=3]Improved Camera SE adds a first-person body through the use of an SKSE plugin and adds a first-person view to various animations that are usually forced into 3rd, such as crafting, horse riding, werewolf, vampire lord, dragon riding, and theoretically anywhere in the game 3rd person is generally forced. It includes a GUI to configure all camera settings, events, and FOV settings.[/size]\n<br />[color=#ff0000]\n<br />[center][size=6]Requirements\u00a0\u00a0[/size][/center][/color][list]\n<br />[*][size=3]Skyrim Special Edition 1.5.97-1.6.1179 ([url=https://store.steampowered.com/app/489830/The_Elder_Scrolls_V_Skyrim_Special_Edition/]Steam[/url]\ufeff or\u00a0[url=https://www.gog.com/en/game/the_elder_scrolls_v_skyrim...
[2026-03-08 12:33:33]  Nexus API GET /games/skyrimspecialedition/mods/93962/files → 200
[2026-03-08 12:33:33]    Response: {"file_updates": [{"old_file_id": 399707, "new_file_id": 403520, "old_file_name": "FIller-93962-1-0-1687385458.7z", "new_file_name": "Improved Camera SE-93962-1-0-1-3004-1688419934.7z", "uploaded_timestamp": 1688419934, "uploaded_time": "2023-07-03T21:32:14.000+00:00"}, {"old_file_id": 403520, "new_file_id": 403529, "old_file_name": "Improved Camera SE-93962-1-0-1-3004-1688419934.7z", "new_file_name": "Improved Camera SE-93962-1-0-1-3004-1688424644.7z", "uploaded_timestamp": 1688424644, "uploaded_time": "2023-07-03T22:50:44.000+00:00"}, {"old_file_id": 403529, "new_file_id": 409279, "old_file_name": "Improved Camera SE-93962-1-0-1-3004-1688424644.7z", "new_file_name": "Improved Camera SE-93962-1-0-2-1689980803.7z", "uploaded_timestamp": 1689980803, "uploaded_time": "2023-07-21T23:06:43.000+00:00"}, {"old_file_id": 409279, "new_file_id": 410035, "old_file_name": "Improved Camera SE-93962-1-0-2-1689980803.7z", "new_file_name": "Improved Camera SE-93962-1-0-3-1690157699.7z", "uploaded_timestamp": 1690157699, "uploaded_time": "2023-07-24T00:14:59.000+00:00"}, {"old_file_id": 410035, "new_file_id": 410037, "old_file_name": "Improved Camera SE-93962-1-0-3-1690157699.7z", "new_file_name":...
[2026-03-08 12:33:33]  Nexus API GET /games/skyrimspecialedition/mods/93962/files/664197/download_link → 200
[2026-03-08 12:33:33]    Response: [{"name": "Nexus Global Content Delivery Network", "short_name": "Nexus CDN", "URI": "https://supporter-files.nexus-cdn.com/1704/93962/Improved Camera SE-93962-1-1-2-1757468263.7z?md5=mICXLyO_y7rvbFAc6HzbnQ&expires=1773002013&user_id=71483453"}]
[2026-03-08 12:33:33]  Nexus API GET /games/skyrimspecialedition/mods/93962/files/664197 → 200
[2026-03-08 12:33:33]    Response: {"id": [664197, 1704], "uid": 7318624936581, "file_id": 664197, "name": "Improved Camera SE", "version": "1.1.2", "category_id": 1, "category_name": "MAIN", "is_primary": false, "size": 4554, "file_name": "Improved Camera SE-93962-1-1-2-1757468263.7z", "uploaded_timestamp": 1757468263, "uploaded_time": "2025-09-10T01:37:43.000+00:00", "mod_version": "1.1.2", "external_virus_scan_url": "https://www.virustotal.com/gui/file/720cfccedc3873880e76f4bf1f2b79971d704c274f4dd3b52482f7c124f1166f/detection/f-720cfccedc3873880e76f4bf1f2b79971d704c274f4dd3b52482f7c124f1166f-1757468267", "description": "Improved Camera SE v1.1.2\n<br />\n<br />Fix for the vampire lord crash\n<br />\n<br />Fixed bad archive", "size_kb": 4554, "size_in_bytes": 4663164, "changelog_html": "Fix for vampire lord crash", "content_preview_link": "https://file-metadata.nexusmods.com/file/nexus-files-s3-meta/1704/93962/Improved Camera SE-93962-1-1-2-1757468263.7z.json"}
[2026-03-08 12:33:35]  Nexus: Installing Improved Camera SE-93962-1-1-2-1757468263.7z...
[2026-03-08 12:33:35]  Extracting with py7zr…
[2026-03-08 12:33:35]  Direct install — 9 file(s) to install.
[2026-03-08 12:33:35]  Copied 9 item(s) to staging area.
[2026-03-08 12:33:35]  Installed 'Improved Camera' → /home/luther/.config/AmethystModManager/Profiles/Skyrim Special Edition/mods/Improved Camera
[2026-03-08 12:33:35]  Added 'Improved Camera' to modlist.
[2026-03-08 12:33:35]  Wrote meta.ini: /home/luther/.config/AmethystModManager/Profiles/Skyrim Special Edition/mods/Improved Camera/meta.ini
[2026-03-08 12:33:35]  Nexus: Saved metadata (mod 93962, v1.1.2)
[2026-03-08 12:33:35]  Nexus: Removed archive Improved Camera SE-93962-1-1-2-1757468263.7z
[2026-03-08 12:33:35]  Downloads: found 0 archive(s) in /home/luther/Downloads
[2026-03-08 12:33:35]  Downloaded Improved Camera SE-93962-1-1-2-1757468263.7z (4663164 bytes) → /home/luther/Downloads/Improved Camera SE-93962-1-1-2-1757468263.7z
[2026-03-08 12:33:35]  Nexus: Detected mod ID 93962 from filename.
[2026-03-08 12:33:35]  Filemap updated: 63 file(s).
[2026-03-08 12:33:36]  Nexus API GET /games/skyrimspecialedition/mods/93962 → 200
[2026-03-08 12:33:36]    Response: {"name": "Improved Camera SE", "summary": "Improved Camera is an SKSE plugin that enables the 1st person body and allows for typically forced 3rd person animations also to be played in 1st person.", "description": "[color=#e69138][size=6][center]\ufeffImproved Camera SE by [url=https://www.nexusmods.com/skyrimspecialedition/users/70796263?tab=about+me]ArranzCNL[/url][/center][/size][/color]\n<br />[color=#ffff00][center][size=6]Description[/size][/center][/color][size=3]Improved Camera SE adds a first-person body through the use of an SKSE plugin and adds a first-person view to various animations that are usually forced into 3rd, such as crafting, horse riding, werewolf, vampire lord, dragon riding, and theoretically anywhere in the game 3rd person is generally forced. It includes a GUI to configure all camera settings, events, and FOV settings.[/size]\n<br />[color=#ff0000]\n<br />[center][size=6]Requirements\u00a0\u00a0[/size][/center][/color][list]\n<br />[*][size=3]Skyrim Special Edition 1.5.97-1.6.1179 ([url=https://store.steampowered.com/app/489830/The_Elder_Scrolls_V_Skyrim_Special_Edition/]Steam[/url]\ufeff or\u00a0[url=https://www.gog.com/en/game/the_elder_scrolls_v_skyrim...
[2026-03-08 12:33:36]  Nexus: Identified as 'Improved Camera SE' (mod 93962, file 664197).
[2026-03-08 12:33:36]  Nexus: Saved metadata for 'Improved Camera' (mod 93962)
[2026-03-08 12:33:36]  Nexus API GET /games/skyrimspecialedition/mods/93962/files → 200
[2026-03-08 12:33:36]    Response: {"file_updates": [{"old_file_id": 399707, "new_file_id": 403520, "old_file_name": "FIller-93962-1-0-1687385458.7z", "new_file_name": "Improved Camera SE-93962-1-0-1-3004-1688419934.7z", "uploaded_timestamp": 1688419934, "uploaded_time": "2023-07-03T21:32:14.000+00:00"}, {"old_file_id": 403520, "new_file_id": 403529, "old_file_name": "Improved Camera SE-93962-1-0-1-3004-1688419934.7z", "new_file_name": "Improved Camera SE-93962-1-0-1-3004-1688424644.7z", "uploaded_timestamp": 1688424644, "uploaded_time": "2023-07-03T22:50:44.000+00:00"}, {"old_file_id": 403529, "new_file_id": 409279, "old_file_name": "Improved Camera SE-93962-1-0-1-3004-1688424644.7z", "new_file_name": "Improved Camera SE-93962-1-0-2-1689980803.7z", "uploaded_timestamp": 1689980803, "uploaded_time": "2023-07-21T23:06:43.000+00:00"}, {"old_file_id": 409279, "new_file_id": 410035, "old_file_name": "Improved Camera SE-93962-1-0-2-1689980803.7z", "new_file_name": "Improved Camera SE-93962-1-0-3-1690157699.7z", "uploaded_timestamp": 1690157699, "uploaded_time": "2023-07-24T00:14:59.000+00:00"}, {"old_file_id": 410035, "new_file_id": 410037, "old_file_name": "Improved Camera SE-93962-1-0-3-1690157699.7z", "new_file_name":...
[2026-03-08 12:33:36]  Wrote meta.ini: /home/luther/.config/AmethystModManager/Profiles/Skyrim Special Edition/mods/Improved Camera/meta.ini
[2026-03-08 12:35:05]  Nexus: Received link from browser.
[2026-03-08 12:35:05]  Nexus: Downloading mod 12604 file 35407 from skyrimspecialedition...
[2026-03-08 12:35:05]  Received NXM link from new instance: nxm://skyrimspecialedition/mods/12604/files/35407?key=Ji_Gryh9z_PmOKqhIC08kg&expires=1773160504&user_id=71483453
[2026-03-08 12:35:05]  Nexus API GET /games/skyrimspecialedition/mods/12604 → 200
[2026-03-08 12:35:05]    Response: {"name": "SkyUI", "summary": "Elegant, PC-friendly interface mod with many advanced features.", "description": "[b]This is an unsupported alpha version for testing. Use at your own risk.[/b]\r<br />\r<br />Version 5.2SE - Requires SKSE64 2.0.4 alpha or newer and and Skyrim 1.5.3.\r<br />\r<br />Version 5.1SE - Requires SKSE64 2.0.2 alpha or newer\u00a0and and Skyrim\u00a01.4.2.", "picture_url": "https://staticdelivery.nexusmods.com/mods/1704/images/12604-0-1506820354.png", "mod_downloads": 23010249, "mod_unique_downloads": 6115904, "uid": 7318624284988, "mod_id": 12604, "game_id": 1704, "allow_rating": true, "domain_name": "skyrimspecialedition", "category_id": 42, "version": "5.2SE", "endorsement_count": 480689, "created_timestamp": 1506858943, "created_time": "2017-10-01T11:55:43.000+00:00", "updated_timestamp": 1507064606, "updated_time": "2017-10-03T21:03:26.000+00:00", "author": "SkyUI Team", "uploaded_by": "schlangster", "uploaded_users_profile_url": "https://www.nexusmods.com/users/28794", "contains_adult_content": false, "status": "published", "available": true, "user": {"member_id": 28794, "member_group_id": 30, "name": "schlangster"}, "endorsement": {"endorse_status": "En...
[2026-03-08 12:35:06]  Nexus API GET /games/skyrimspecialedition/mods/12604/files → 200
[2026-03-08 12:35:06]    Response: {"file_updates": [], "files": [{"id": [35169, 1704], "uid": 7318624307553, "file_id": 35169, "name": "SkyUI_5_1_SE", "version": "5.1SE", "category_id": 4, "category_name": "OLD_VERSION", "is_primary": false, "size": 2713, "file_name": "SkyUI_5_1_SE-12604-5-1SE.7z", "uploaded_timestamp": 1506823286, "uploaded_time": "2017-10-01T02:01:26.000+00:00", "mod_version": "5.1SE", "external_virus_scan_url": "https://www.virustotal.com/file/948fb4e3357963f4adc511d5db11e209c0f8768455f02496dd8be0be3dd633c5/analysis/1506823512/", "description": "7z archive. Supports installation with Nexus Mod Manager.", "size_kb": 2713, "size_in_bytes": 2778523, "changelog_html": null, "content_preview_link": "https://file-metadata.nexusmods.com/file/nexus-files-s3-meta/1704/12604/SkyUI_5_1_SE-12604-5-1SE.7z.json"}, {"id": [35407, 1704], "uid": 7318624307791, "file_id": 35407, "name": "SkyUI_5_2_SE", "version": "5.2SE", "category_id": 1, "category_name": "MAIN", "is_primary": true, "size": 2718, "file_name": "SkyUI_5_2_SE-12604-5-2SE.7z", "uploaded_timestamp": 1507064606, "uploaded_time": "2017-10-03T21:03:26.000+00:00", "mod_version": "5.2SE", "external_virus_scan_url": "https://www.virustotal.com/file/5375e0e...
[2026-03-08 12:35:06]  Nexus API GET /games/skyrimspecialedition/mods/12604/files/35407/download_link → 200
[2026-03-08 12:35:06]    Response: [{"name": "Nexus Global Content Delivery Network", "short_name": "Nexus CDN", "URI": "https://supporter-files.nexus-cdn.com/1704/12604/SkyUI_5_2_SE-12604-5-2SE.7z?md5=vVmDIviA53TdUYJ2yJwNHQ&expires=1773002106&user_id=71483453"}]
[2026-03-08 12:35:06]  Nexus API GET /games/skyrimspecialedition/mods/12604/files/35407 → 200
[2026-03-08 12:35:06]    Response: {"id": [35407, 1704], "uid": 7318624307791, "file_id": 35407, "name": "SkyUI_5_2_SE", "version": "5.2SE", "category_id": 1, "category_name": "MAIN", "is_primary": true, "size": 2718, "file_name": "SkyUI_5_2_SE-12604-5-2SE.7z", "uploaded_timestamp": 1507064606, "uploaded_time": "2017-10-03T21:03:26.000+00:00", "mod_version": "5.2SE", "external_virus_scan_url": "https://www.virustotal.com/file/5375e0e91051f57ad463dfe3412bba58abb975f8479a968dd9d4e5d329431662/analysis/1507065191/", "description": "7z archive. Supports installation with Nexus Mod Manager.", "size_kb": 2718, "size_in_bytes": 2783417, "changelog_html": null, "content_preview_link": "https://file-metadata.nexusmods.com/file/nexus-files-s3-meta/1704/12604/SkyUI_5_2_SE-12604-5-2SE.7z.json"}
[2026-03-08 12:35:07]  Nexus: Installing SkyUI_5_2_SE-12604-5-2SE.7z...
[2026-03-08 12:35:07]  Extracting with py7zr…
[2026-03-08 12:35:08]  Direct install — 6 file(s) to install.
[2026-03-08 12:35:08]  Mod contains recognised top-level file type(s) — skipping prefix check.
[2026-03-08 12:35:08]  Copied 6 item(s) to staging area.
[2026-03-08 12:35:08]  Installed 'SkyUI' → /home/luther/.config/AmethystModManager/Profiles/Skyrim Special Edition/mods/SkyUI
[2026-03-08 12:35:08]  plugins.txt: added 1 plugin(s) from 'SkyUI'.
[2026-03-08 12:35:08]  Added 'SkyUI' to modlist.
[2026-03-08 12:35:08]  Wrote meta.ini: /home/luther/.config/AmethystModManager/Profiles/Skyrim Special Edition/mods/SkyUI/meta.ini
[2026-03-08 12:35:08]  Nexus: Saved metadata (mod 12604, v5.2SE)
[2026-03-08 12:35:08]  Nexus: Removed archive SkyUI_5_2_SE-12604-5-2SE.7z
[2026-03-08 12:35:08]  Downloads: found 0 archive(s) in /home/luther/Downloads
[2026-03-08 12:35:08]  Downloaded SkyUI_5_2_SE-12604-5-2SE.7z (2783417 bytes) → /home/luther/Downloads/SkyUI_5_2_SE-12604-5-2SE.7z
[2026-03-08 12:35:08]  Nexus: Computing MD5 hash of SkyUI_5_2_SE-12604-5-2SE.7z...
[2026-03-08 12:35:08]  Nexus: MD5 lookup failed — [Errno 2] No such file or directory: '/home/luther/Downloads/SkyUI_5_2_SE-12604-5-2SE.7z'
[2026-03-08 12:35:08]  Filemap updated: 69 file(s).
[2026-03-08 12:35:25]  Nexus: Received link from browser.
[2026-03-08 12:35:25]  Nexus: Downloading mod 51073 file 661201 from skyrimspecialedition...
[2026-03-08 12:35:25]  Received NXM link from new instance: nxm://skyrimspecialedition/mods/51073/files/661201?key=Bd9Ff54qZdAFT-U72CZ03w&expires=1773160524&user_id=71483453
[2026-03-08 12:35:25]  Nexus API GET /games/skyrimspecialedition/mods/51073 → 200
[2026-03-08 12:35:25]    Response: {"name": "powerofthree's Tweaks", "summary": "Collection of engine bug fixes and tweaks. SKSE plugin.", "description": "[size=6][color=#00ffff][b]powerofthree's Tweaks[/b][/color][/size]\n<br />\n<br />[b][color=red][size=4]Requirements[/size][/color][/b]\n<br />\n<br />[*][size=3]SKSE64 2.0.20 (SE) OR SKSE64 2.1.5+ (AE)[/size]\n<br />[*][size=3]Visual C++ Redistributables 2022[/size]\n<br />[*][size=3]Address Library for SKSE Plugins[/size]\n<br />\n<br />[color=#00ffff][size=4][b]Description[/b][/size][/color]\n<br />\n<br />[size=3][i]A collection of bug fixes and tweaks not covered by other plugins.[/i]\n<br />\n<br />[b][color=#38761d]\ufeffFixes[/color][/b] are bugfixes or other game improvements.\n<br />\ufeff[b][color=#f1c232]Tweaks[/color][/b]  are optional gameplay or immersion features.\n<br />[b][color=#ff0000]\ufeffExperimental[/color][/b] options are untested, and may possibly cause unforeseen side-effects. Only enable this if you know what you're doing.\n<br />\n<br />\ufeffEach of these settings can be configured in [i]po3_Tweaks.ini[/i] (in Data/SKSE/Plugins). Config file will auto regenerate if missing \ufeffand \ufeff\ufeffnew \ufeff\ufeffsettings will be appende...
[2026-03-08 12:35:26]  Nexus API GET /games/skyrimspecialedition/mods/51073/files → 200
[2026-03-08 12:35:26]    Response: {"file_updates": [{"old_file_id": 209084, "new_file_id": 210670, "old_file_name": "powerofthree's Tweaks-51073-1-0-1623687976.7z", "new_file_name": "powerofthree's Tweaks-51073-1-1-1624406209.7z", "uploaded_timestamp": 1624406209, "uploaded_time": "2021-06-22T23:56:49.000+00:00"}, {"old_file_id": 210670, "new_file_id": 210874, "old_file_name": "powerofthree's Tweaks-51073-1-1-1624406209.7z", "new_file_name": "powerofthree's Tweaks-51073-1-1-1-1624501325.7z", "uploaded_timestamp": 1624501325, "uploaded_time": "2021-06-24T02:22:05.000+00:00"}, {"old_file_id": 210874, "new_file_id": 215915, "old_file_name": "powerofthree's Tweaks-51073-1-1-1-1624501325.7z", "new_file_name": "powerofthree's Tweaks - 1.2-51073-1-2-1626933492.7z", "uploaded_timestamp": 1626933492, "uploaded_time": "2021-07-22T05:58:12.000+00:00"}, {"old_file_id": 215915, "new_file_id": 238874, "old_file_name": "powerofthree's Tweaks - 1.2-51073-1-2-1626933492.7z", "new_file_name": "powerofthree's Tweaks - 1.3-51073-1-3-0-1635979686.7z", "uploaded_timestamp": 1635979686, "uploaded_time": "2021-11-03T22:48:06.000+00:00"}, {"old_file_id": 238874, "new_file_id": 238889, "old_file_name": "powerofthree's Tweaks - 1.3-51073-1-3...
[2026-03-08 12:35:26]  Nexus API GET /games/skyrimspecialedition/mods/51073/files/661201/download_link → 200
[2026-03-08 12:35:26]    Response: [{"name": "Nexus Global Content Delivery Network", "short_name": "Nexus CDN", "URI": "https://supporter-files.nexus-cdn.com/1704/51073/powerofthree's Tweaks-51073-1-1-5-1-1756670335.7z?md5=1FIvS3WSYUnhLiqUMls4BA&expires=1773002126&user_id=71483453"}]
[2026-03-08 12:35:26]  Nexus API GET /games/skyrimspecialedition/mods/51073/files/661201 → 200
[2026-03-08 12:35:26]    Response: {"id": [661201, 1704], "uid": 7318624933585, "file_id": 661201, "name": "powerofthree's Tweaks", "version": "1.15.1", "category_id": 1, "category_name": "MAIN", "is_primary": true, "size": 5753, "file_name": "powerofthree's Tweaks-51073-1-1-5-1-1756670335.7z", "uploaded_timestamp": 1756670335, "uploaded_time": "2025-08-31T19:58:55.000+00:00", "mod_version": "1.15.1", "external_virus_scan_url": "https://www.virustotal.com/gui/file/d20b6ffc7369de040b914e55e3ce6b6bde1f56b59d5151ae0d9b82d8d014e0ed/detection/f-d20b6ffc7369de040b914e55e3ce6b6bde1f56b59d5151ae0d9b82d8d014e0ed-1756670341", "description": "FOMOD installer\n<br />\n<br />Supports SE 1.5.97\n<br />Supports AE 1.6.640 and higher", "size_kb": 5753, "size_in_bytes": 5890649, "changelog_html": "Fixes [Left Handed Weapon Enchantment Node Fix] : Fix bound weapons not appearing in first person", "content_preview_link": "https://file-metadata.nexusmods.com/file/nexus-files-s3-meta/1704/51073/powerofthree's Tweaks-51073-1-1-5-1-1756670335.7z.json"}
[2026-03-08 12:35:28]  Nexus: Installing powerofthree's Tweaks-51073-1-1-5-1-1756670335.7z...
[2026-03-08 12:35:28]  Extracting with py7zr…
[2026-03-08 12:35:29]  py7zr failed ((b'\x03\x03\x01\x1b', 'BCJ2 filter is not supported by py7zr. Please consider to contribute to XZ/liblzma project and help Python core team implementing it. Or please use another tool to extract it.')), retrying with 7z…
[2026-03-08 12:35:29]  Extracted with 7z.
[2026-03-08 12:35:29]  FOMOD installer detected — opening wizard...
[2026-03-08 12:35:29]  Downloaded powerofthree's Tweaks-51073-1-1-5-1-1756670335.7z (5890649 bytes) → /home/luther/Downloads/powerofthree's Tweaks-51073-1-1-5-1-1756670335.7z
[2026-03-08 12:35:31]  FOMOD complete — 2 file(s) to install.
[2026-03-08 12:35:31]  Copied 2 item(s) to staging area.
[2026-03-08 12:35:31]  Installed 'powerofthree's Tweaks' → /home/luther/.config/AmethystModManager/Profiles/Skyrim Special Edition/mods/powerofthree's Tweaks
[2026-03-08 12:35:31]  Added 'powerofthree's Tweaks' to modlist.
[2026-03-08 12:35:31]  Wrote meta.ini: /home/luther/.config/AmethystModManager/Profiles/Skyrim Special Edition/mods/powerofthree's Tweaks/meta.ini
[2026-03-08 12:35:31]  Nexus: Saved metadata (mod 51073, v1.15.1)
[2026-03-08 12:35:31]  Nexus: Removed archive powerofthree's Tweaks-51073-1-1-5-1-1756670335.7z
[2026-03-08 12:35:31]  Downloads: found 0 archive(s) in /home/luther/Downloads
[2026-03-08 12:35:31]  Nexus: Detected mod ID 51073 from filename.
[2026-03-08 12:35:31]  Filemap updated: 73 file(s).
[2026-03-08 12:35:31]  Nexus API GET /games/skyrimspecialedition/mods/51073 → 200
[2026-03-08 12:35:31]    Response: {"name": "powerofthree's Tweaks", "summary": "Collection of engine bug fixes and tweaks. SKSE plugin.", "description": "[size=6][color=#00ffff][b]powerofthree's Tweaks[/b][/color][/size]\n<br />\n<br />[b][color=red][size=4]Requirements[/size][/color][/b]\n<br />\n<br />[*][size=3]SKSE64 2.0.20 (SE) OR SKSE64 2.1.5+ (AE)[/size]\n<br />[*][size=3]Visual C++ Redistributables 2022[/size]\n<br />[*][size=3]Address Library for SKSE Plugins[/size]\n<br />\n<br />[color=#00ffff][size=4][b]Description[/b][/size][/color]\n<br />\n<br />[size=3][i]A collection of bug fixes and tweaks not covered by other plugins.[/i]\n<br />\n<br />[b][color=#38761d]\ufeffFixes[/color][/b] are bugfixes or other game improvements.\n<br />\ufeff[b][color=#f1c232]Tweaks[/color][/b]  are optional gameplay or immersion features.\n<br />[b][color=#ff0000]\ufeffExperimental[/color][/b] options are untested, and may possibly cause unforeseen side-effects. Only enable this if you know what you're doing.\n<br />\n<br />\ufeffEach of these settings can be configured in [i]po3_Tweaks.ini[/i] (in Data/SKSE/Plugins). Config file will auto regenerate if missing \ufeffand \ufeff\ufeffnew \ufeff\ufeffsettings will be appende...
[2026-03-08 12:35:32]  Nexus: Identified as 'powerofthree's Tweaks' (mod 51073, file 661201).
[2026-03-08 12:35:32]  Nexus: Saved metadata for 'powerofthree's Tweaks' (mod 51073)
[2026-03-08 12:35:32]  Nexus API GET /games/skyrimspecialedition/mods/51073/files → 200
[2026-03-08 12:35:32]    Response: {"file_updates": [{"old_file_id": 209084, "new_file_id": 210670, "old_file_name": "powerofthree's Tweaks-51073-1-0-1623687976.7z", "new_file_name": "powerofthree's Tweaks-51073-1-1-1624406209.7z", "uploaded_timestamp": 1624406209, "uploaded_time": "2021-06-22T23:56:49.000+00:00"}, {"old_file_id": 210670, "new_file_id": 210874, "old_file_name": "powerofthree's Tweaks-51073-1-1-1624406209.7z", "new_file_name": "powerofthree's Tweaks-51073-1-1-1-1624501325.7z", "uploaded_timestamp": 1624501325, "uploaded_time": "2021-06-24T02:22:05.000+00:00"}, {"old_file_id": 210874, "new_file_id": 215915, "old_file_name": "powerofthree's Tweaks-51073-1-1-1-1624501325.7z", "new_file_name": "powerofthree's Tweaks - 1.2-51073-1-2-1626933492.7z", "uploaded_timestamp": 1626933492, "uploaded_time": "2021-07-22T05:58:12.000+00:00"}, {"old_file_id": 215915, "new_file_id": 238874, "old_file_name": "powerofthree's Tweaks - 1.2-51073-1-2-1626933492.7z", "new_file_name": "powerofthree's Tweaks - 1.3-51073-1-3-0-1635979686.7z", "uploaded_timestamp": 1635979686, "uploaded_time": "2021-11-03T22:48:06.000+00:00"}, {"old_file_id": 238874, "new_file_id": 238889, "old_file_name": "powerofthree's Tweaks - 1.3-51073-1-3...
[2026-03-08 12:35:32]  Wrote meta.ini: /home/luther/.config/AmethystModManager/Profiles/Skyrim Special Edition/mods/powerofthree's Tweaks/meta.ini
[2026-03-08 12:39:53]  Nexus: Received link from browser.
[2026-03-08 12:39:53]  Nexus: Downloading mod 87169 file 584071 from skyrimspecialedition...
[2026-03-08 12:39:53]  Received NXM link from new instance: nxm://skyrimspecialedition/mods/87169/files/584071?key=dKwkpTDWwvzspgD-u_vc8Q&expires=1773160791&user_id=71483453
[2026-03-08 12:39:53]  Nexus API GET /games/skyrimspecialedition/mods/87169 → 200
[2026-03-08 12:39:53]    Response: {"name": "Comprehensive First Person Animation Overhaul - CFPAO", "summary": "Adds thousands (yes, I checked and it is actually in the thousands) of first person animations that overwrite the vanilla ones. Includes unique animations depending on weapon type (so axes, maces, and daggers are no longer used like swords). Does not require Nemesis or FNIS to work.<br /><br />Previews can be found at the bottom of the description.", "description": "[center][b][img]https://i.imgur.com/SzxiFT9.png[/img]\ufeff\n<br />\n<br />Having issues[/b]\u00a0installing/using the mod? Remember to look through the [b]FAQ[/b],\u00a0[b]known issues[/b], and\u00a0[b]compatibility[/b]\u00a0sections down below! If you're still having trouble, feel free to\u00a0[b]make a comment[/b]\u00a0or even\u00a0[b]send me a private message[/b]\u00a0\u2014 I'm always happy to help!\n<br />Want to chat or ask questions? Make a comment or send me a private message! I'm always happy to talk!\n<br />\ufeff\n<br />[img]https://i.imgur.com/aB3tLmW.png[/img][url=https://www.nexusmods.com/skyrim/mods/115042?tab=description][img]https://i.imgur.com/NHdJJSx.png[/img]\ufeff[/url][url=https://www.nexusmods.com/skyrimspecialedition/m...
[2026-03-08 12:39:54]  Nexus API GET /games/skyrimspecialedition/mods/87169/files → 200
[2026-03-08 12:39:54]    Response: {"file_updates": [{"old_file_id": 369079, "new_file_id": 369083, "old_file_name": "Comprehensive First Person Animation Overhaul - CFPAO-87169-1-0-0-1678973942.zip", "new_file_name": "Comprehensive First Person Animation Overhaul - CFPAO-87169-1-0-0-1678974255.zip", "uploaded_timestamp": 1678974255, "uploaded_time": "2023-03-16T13:44:15.000+00:00"}, {"old_file_id": 369083, "new_file_id": 369085, "old_file_name": "Comprehensive First Person Animation Overhaul - CFPAO-87169-1-0-0-1678974255.zip", "new_file_name": "Comprehensive First Person Animation Overhaul - CFPAO-87169-1-0-0-1678974606.zip", "uploaded_timestamp": 1678974606, "uploaded_time": "2023-03-16T13:50:06.000+00:00"}, {"old_file_id": 369085, "new_file_id": 369087, "old_file_name": "Comprehensive First Person Animation Overhaul - CFPAO-87169-1-0-0-1678974606.zip", "new_file_name": "Comprehensive First Person Animation Overhaul - CFPAO-87169-1-0-0-1678974918.zip", "uploaded_timestamp": 1678974918, "uploaded_time": "2023-03-16T13:55:18.000+00:00"}, {"old_file_id": 369087, "new_file_id": 369089, "old_file_name": "Comprehensive First Person Animation Overhaul - CFPAO-87169-1-0-0-1678974918.zip", "new_file_name": "Comprehensive ...
[2026-03-08 12:39:54]  Nexus API GET /games/skyrimspecialedition/mods/87169/files/584071/download_link → 200
[2026-03-08 12:39:54]    Response: [{"name": "Nexus Global Content Delivery Network", "short_name": "Nexus CDN", "URI": "https://supporter-files.nexus-cdn.com/1704/87169/Comprehensive First Person Animation Overhaul-87169-1-5-1-1737042350.zip?md5=zwav691ON075OgzebJ25nw&expires=1773002394&user_id=71483453"}]
[2026-03-08 12:39:54]  Nexus API GET /games/skyrimspecialedition/mods/87169/files/584071 → 200
[2026-03-08 12:39:54]    Response: {"id": [584071, 1704], "uid": 7318624856455, "file_id": 584071, "name": "Comprehensive First Person Animation Overhaul", "version": "1.5.1", "category_id": 1, "category_name": "MAIN", "is_primary": false, "size": 6708, "file_name": "Comprehensive First Person Animation Overhaul-87169-1-5-1-1737042350.zip", "uploaded_timestamp": 1737042350, "uploaded_time": "2025-01-16T15:45:50.000+00:00", "mod_version": "1.5.1", "external_virus_scan_url": "https://www.virustotal.com/gui/file/89c6050a65a8b2b9bedea626e6b8710c702637b7b87376c44b7bbb9fa12f0488/detection/f-89c6050a65a8b2b9bedea626e6b8710c702637b7b87376c44b7bbb9fa12f0488-1737042354", "description": "Quick patch to bandaid fix the spellsword bug and add in the options I forgot. Sorry about that folks.\n<br />\n<br />\n<br />If you're updating from the previous version, uninstall the old version completely before updating.\n<br />\n<br />\n<br />See the changelog for a list of changes.", "size_kb": 6708, "size_in_bytes": 6869158, "changelog_html": null, "content_preview_link": "https://file-metadata.nexusmods.com/file/nexus-files-s3-meta/1704/87169/Comprehensive First Person Animation Overhaul-87169-1-5-1-1737042350.zip.json"}
[2026-03-08 12:39:57]  Nexus: Installing Comprehensive First Person Animation Overhaul-87169-1-5-1-1737042350.zip...
[2026-03-08 12:39:57]  Extracting with zipfile…
[2026-03-08 12:39:58]  Direct install — 1752 file(s) to install.
[2026-03-08 12:39:58]  Auto-stripped top-level folder(s) so mod matches expected structure.
[2026-03-08 12:39:58]  Copied 1752 item(s) to staging area.
[2026-03-08 12:39:58]  Installed 'Comprehensive First Person Animation Overhaul' → /home/luther/.config/AmethystModManager/Profiles/Skyrim Special Edition/mods/Comprehensive First Person Animation Overhaul
[2026-03-08 12:39:58]  Added 'Comprehensive First Person Animation Overhaul' to modlist.
[2026-03-08 12:39:58]  Wrote meta.ini: /home/luther/.config/AmethystModManager/Profiles/Skyrim Special Edition/mods/Comprehensive First Person Animation Overhaul/meta.ini
[2026-03-08 12:39:58]  Nexus: Saved metadata (mod 87169, v1.5.1)
[2026-03-08 12:39:58]  Nexus: Removed archive Comprehensive First Person Animation Overhaul-87169-1-5-1-1737042350.zip
[2026-03-08 12:39:58]  Downloads: found 0 archive(s) in /home/luther/Downloads
[2026-03-08 12:39:58]  Downloaded Comprehensive First Person Animation Overhaul-87169-1-5-1-1737042350.zip (6869158 bytes) → /home/luther/Downloads/Comprehensive First Person Animation Overhaul-87169-1-5-1-1737042350.zip
[2026-03-08 12:39:58]  Nexus: Detected mod ID 87169 from filename.
[2026-03-08 12:39:58]  Filemap updated: 1825 file(s).
[2026-03-08 12:39:58]  Nexus API GET /games/skyrimspecialedition/mods/87169 → 200
[2026-03-08 12:39:58]    Response: {"name": "Comprehensive First Person Animation Overhaul - CFPAO", "summary": "Adds thousands (yes, I checked and it is actually in the thousands) of first person animations that overwrite the vanilla ones. Includes unique animations depending on weapon type (so axes, maces, and daggers are no longer used like swords). Does not require Nemesis or FNIS to work.<br /><br />Previews can be found at the bottom of the description.", "description": "[center][b][img]https://i.imgur.com/SzxiFT9.png[/img]\ufeff\n<br />\n<br />Having issues[/b]\u00a0installing/using the mod? Remember to look through the [b]FAQ[/b],\u00a0[b]known issues[/b], and\u00a0[b]compatibility[/b]\u00a0sections down below! If you're still having trouble, feel free to\u00a0[b]make a comment[/b]\u00a0or even\u00a0[b]send me a private message[/b]\u00a0\u2014 I'm always happy to help!\n<br />Want to chat or ask questions? Make a comment or send me a private message! I'm always happy to talk!\n<br />\ufeff\n<br />[img]https://i.imgur.com/aB3tLmW.png[/img][url=https://www.nexusmods.com/skyrim/mods/115042?tab=description][img]https://i.imgur.com/NHdJJSx.png[/img]\ufeff[/url][url=https://www.nexusmods.com/skyrimspecialedition/m...
[2026-03-08 12:39:58]  Nexus: Identified as 'Comprehensive First Person Animation Overhaul - CFPAO' (mod 87169, file 584071).
[2026-03-08 12:39:58]  Nexus: Saved metadata for 'Comprehensive First Person Animation Overhaul' (mod 87169)
[2026-03-08 12:39:58]  Nexus API GET /games/skyrimspecialedition/mods/87169/files → 200
[2026-03-08 12:39:58]    Response: {"file_updates": [{"old_file_id": 369079, "new_file_id": 369083, "old_file_name": "Comprehensive First Person Animation Overhaul - CFPAO-87169-1-0-0-1678973942.zip", "new_file_name": "Comprehensive First Person Animation Overhaul - CFPAO-87169-1-0-0-1678974255.zip", "uploaded_timestamp": 1678974255, "uploaded_time": "2023-03-16T13:44:15.000+00:00"}, {"old_file_id": 369083, "new_file_id": 369085, "old_file_name": "Comprehensive First Person Animation Overhaul - CFPAO-87169-1-0-0-1678974255.zip", "new_file_name": "Comprehensive First Person Animation Overhaul - CFPAO-87169-1-0-0-1678974606.zip", "uploaded_timestamp": 1678974606, "uploaded_time": "2023-03-16T13:50:06.000+00:00"}, {"old_file_id": 369085, "new_file_id": 369087, "old_file_name": "Comprehensive First Person Animation Overhaul - CFPAO-87169-1-0-0-1678974606.zip", "new_file_name": "Comprehensive First Person Animation Overhaul - CFPAO-87169-1-0-0-1678974918.zip", "uploaded_timestamp": 1678974918, "uploaded_time": "2023-03-16T13:55:18.000+00:00"}, {"old_file_id": 369087, "new_file_id": 369089, "old_file_name": "Comprehensive First Person Animation Overhaul - CFPAO-87169-1-0-0-1678974918.zip", "new_file_name": "Comprehensive ...
[2026-03-08 12:39:58]  Wrote meta.ini: /home/luther/.config/AmethystModManager/Profiles/Skyrim Special Edition/mods/Comprehensive First Person Animation Overhaul/meta.ini
[2026-03-08 12:41:16]  Nexus: Received link from browser.
[2026-03-08 12:41:16]  Nexus: Downloading mod 92109 file 725002 from skyrimspecialedition...
[2026-03-08 12:41:16]  Received NXM link from new instance: nxm://skyrimspecialedition/mods/92109/files/725002?key=l-2X-pjRZ3_xA1rezh6RKg&expires=1773160875&user_id=71483453
[2026-03-08 12:41:16]  Nexus API GET /games/skyrimspecialedition/mods/92109 → 200
[2026-03-08 12:41:16]    Response: {"name": "Open Animation Replacer", "summary": "A SKSE framework plugin that replaces animations depending on configurable conditions. In-game editor. Backwards compatible with more features. Extensible by other SKSE plugins. Supports SE/AE/VR. Open source.", "description": "[img]https://i.imgur.com/gXYvzSg.png[/img]\n<br />\n<br />   I started working on this plugin while Dynamic Animation Replacer wasn't updated for the most recent Skyrim version, and nobody knew whether it would ever be. Shortly after I started, DAR suddenly received an update, and by that point I've already made significant progress on my plugin as a replacement for DAR. I've decided to continue, focusing on adding new features and ensuring extensibility.\n<br />   \ufeffThere's been quite a few things that animators wanted from an animation replacer that DAR didn't support. DAR is also closed source, so nobody else can update it when the original author is missing, which has already proven to cause quite a mess when it didn't receive an update to the most recent Skyrim patch for a long time, with people downgrading their game version because they couldn't use some of the amazing animation replacers available. ...
[2026-03-08 12:41:16]  Nexus API GET /games/skyrimspecialedition/mods/92109/files → 200
[2026-03-08 12:41:16]    Response: {"file_updates": [{"old_file_id": 393913, "new_file_id": 394860, "old_file_name": "Open Animation Replacer-92109-1-0-0-1685625096.7z", "new_file_name": "Open Animation Replacer-92109-1-0-1-1685859069.7z", "uploaded_timestamp": 1685859070, "uploaded_time": "2023-06-04T06:11:10.000+00:00"}, {"old_file_id": 394860, "new_file_id": 394973, "old_file_name": "Open Animation Replacer-92109-1-0-1-1685859069.7z", "new_file_name": "Open Animation Replacer-92109-1-0-2-1685890261.7z", "uploaded_timestamp": 1685890261, "uploaded_time": "2023-06-04T14:51:01.000+00:00"}, {"old_file_id": 394973, "new_file_id": 396173, "old_file_name": "Open Animation Replacer-92109-1-0-2-1685890261.7z", "new_file_name": "Open Animation Replacer-92109-1-1-0-1686278126.7z", "uploaded_timestamp": 1686278126, "uploaded_time": "2023-06-09T02:35:26.000+00:00"}, {"old_file_id": 396173, "new_file_id": 399114, "old_file_name": "Open Animation Replacer-92109-1-1-0-1686278126.7z", "new_file_name": "Open Animation Replacer-92109-1-2-0-1687143898.7z", "uploaded_timestamp": 1687143898, "uploaded_time": "2023-06-19T03:04:58.000+00:00"}, {"old_file_id": 399114, "new_file_id": 403823, "old_file_name": "Open Animation Replacer-92109...
[2026-03-08 12:41:17]  Nexus API GET /games/skyrimspecialedition/mods/92109/files/725002/download_link → 200
[2026-03-08 12:41:17]    Response: [{"name": "Nexus Global Content Delivery Network", "short_name": "Nexus CDN", "URI": "https://supporter-files.nexus-cdn.com/1704/92109/Open Animation Replacer-92109-3-0-2-1771880022.7z?md5=2WSeqvlTUpa6S_u26Hif2Q&expires=1773002476&user_id=71483453"}]
[2026-03-08 12:41:17]  Nexus API GET /games/skyrimspecialedition/mods/92109/files/725002 → 200
[2026-03-08 12:41:17]    Response: {"id": [725002, 1704], "uid": 7318624997386, "file_id": 725002, "name": "Open Animation Replacer", "version": "3.0.2", "category_id": 1, "category_name": "MAIN", "is_primary": true, "size": 8329, "file_name": "Open Animation Replacer-92109-3-0-2-1771880022.7z", "uploaded_timestamp": 1771880022, "uploaded_time": "2026-02-23T20:53:42.000+00:00", "mod_version": "3.0.2", "external_virus_scan_url": "https://www.virustotal.com/gui/file/3d080da5f9f22dcf74ed5c19e7813db8b320fa79fe497a59dba85aa9fd5bc25b", "description": "", "size_kb": 8329, "size_in_bytes": 8528420, "changelog_html": "Fixed another crash in animation log.", "content_preview_link": "https://file-metadata.nexusmods.com/file/nexus-files-s3-meta/1704/92109/Open Animation Replacer-92109-3-0-2-1771880022.7z.json"}
[2026-03-08 12:41:20]  Nexus: Installing Open Animation Replacer-92109-3-0-2-1771880022.7z...
[2026-03-08 12:41:20]  Extracting with py7zr…
[2026-03-08 12:41:21]  Direct install — 2 file(s) to install.
[2026-03-08 12:41:21]  Copied 2 item(s) to staging area.
[2026-03-08 12:41:21]  Installed 'Open Animation Replacer' → /home/luther/.config/AmethystModManager/Profiles/Skyrim Special Edition/mods/Open Animation Replacer
[2026-03-08 12:41:21]  Added 'Open Animation Replacer' to modlist.
[2026-03-08 12:41:21]  Wrote meta.ini: /home/luther/.config/AmethystModManager/Profiles/Skyrim Special Edition/mods/Open Animation Replacer/meta.ini
[2026-03-08 12:41:21]  Nexus: Saved metadata (mod 92109, v3.0.2)
[2026-03-08 12:41:21]  Nexus: Removed archive Open Animation Replacer-92109-3-0-2-1771880022.7z
[2026-03-08 12:41:21]  Downloads: found 0 archive(s) in /home/luther/Downloads
[2026-03-08 12:41:21]  Downloaded Open Animation Replacer-92109-3-0-2-1771880022.7z (8528420 bytes) → /home/luther/Downloads/Open Animation Replacer-92109-3-0-2-1771880022.7z
[2026-03-08 12:41:21]  Nexus: Detected mod ID 92109 from filename.
[2026-03-08 12:41:21]  Filemap updated: 1827 file(s).
[2026-03-08 12:41:21]  Nexus API GET /games/skyrimspecialedition/mods/92109 → 200
[2026-03-08 12:41:21]    Response: {"name": "Open Animation Replacer", "summary": "A SKSE framework plugin that replaces animations depending on configurable conditions. In-game editor. Backwards compatible with more features. Extensible by other SKSE plugins. Supports SE/AE/VR. Open source.", "description": "[img]https://i.imgur.com/gXYvzSg.png[/img]\n<br />\n<br />   I started working on this plugin while Dynamic Animation Replacer wasn't updated for the most recent Skyrim version, and nobody knew whether it would ever be. Shortly after I started, DAR suddenly received an update, and by that point I've already made significant progress on my plugin as a replacement for DAR. I've decided to continue, focusing on adding new features and ensuring extensibility.\n<br />   \ufeffThere's been quite a few things that animators wanted from an animation replacer that DAR didn't support. DAR is also closed source, so nobody else can update it when the original author is missing, which has already proven to cause quite a mess when it didn't receive an update to the most recent Skyrim patch for a long time, with people downgrading their game version because they couldn't use some of the amazing animation replacers available. ...
[2026-03-08 12:41:22]  Nexus: Identified as 'Open Animation Replacer' (mod 92109, file 725002).
[2026-03-08 12:41:22]  Nexus: Saved metadata for 'Open Animation Replacer' (mod 92109)
[2026-03-08 12:41:22]  Nexus API GET /games/skyrimspecialedition/mods/92109/files → 200
[2026-03-08 12:41:22]    Response: {"file_updates": [{"old_file_id": 393913, "new_file_id": 394860, "old_file_name": "Open Animation Replacer-92109-1-0-0-1685625096.7z", "new_file_name": "Open Animation Replacer-92109-1-0-1-1685859069.7z", "uploaded_timestamp": 1685859070, "uploaded_time": "2023-06-04T06:11:10.000+00:00"}, {"old_file_id": 394860, "new_file_id": 394973, "old_file_name": "Open Animation Replacer-92109-1-0-1-1685859069.7z", "new_file_name": "Open Animation Replacer-92109-1-0-2-1685890261.7z", "uploaded_timestamp": 1685890261, "uploaded_time": "2023-06-04T14:51:01.000+00:00"}, {"old_file_id": 394973, "new_file_id": 396173, "old_file_name": "Open Animation Replacer-92109-1-0-2-1685890261.7z", "new_file_name": "Open Animation Replacer-92109-1-1-0-1686278126.7z", "uploaded_timestamp": 1686278126, "uploaded_time": "2023-06-09T02:35:26.000+00:00"}, {"old_file_id": 396173, "new_file_id": 399114, "old_file_name": "Open Animation Replacer-92109-1-1-0-1686278126.7z", "new_file_name": "Open Animation Replacer-92109-1-2-0-1687143898.7z", "uploaded_timestamp": 1687143898, "uploaded_time": "2023-06-19T03:04:58.000+00:00"}, {"old_file_id": 399114, "new_file_id": 403823, "old_file_name": "Open Animation Replacer-92109...
[2026-03-08 12:41:22]  Wrote meta.ini: /home/luther/.config/AmethystModManager/Profiles/Skyrim Special Edition/mods/Open Animation Replacer/meta.ini
[2026-03-08 12:41:43]  Nexus: Received link from browser.
[2026-03-08 12:41:43]  Nexus: Downloading mod 99621 file 466426 from skyrimspecialedition...
[2026-03-08 12:41:43]  Received NXM link from new instance: nxm://skyrimspecialedition/mods/99621/files/466426?key=T0zJhcaeDS_rUAuCkNh8Kw&expires=1773160902&user_id=71483453
[2026-03-08 12:41:43]  Nexus API GET /games/skyrimspecialedition/mods/99621 → 200
[2026-03-08 12:41:43]    Response: {"name": "Paired Animation Improvements", "summary": "A SKSE plugin that lets annotated events in paired animations work like in normal animations. Also causes the game to create synchronized animation bindings on demand, freeing up a few hundred animation slots for use by animation replacers. Supports SE/AE/VR. Open source.", "description": "[img]https://i.imgur.com/bXT9VcN.png[/img]\n<br />\n<br />   \ufeffThis is a small plugin that I made after learning about issues with paired animations work in Skyrim - namely the fact that adding animation events as annotations inside animation files doesn't seem to work.\n<br />\n<br />   \ufeffThe plugin in itself doesn't really do anything new - it simply enables animations to do some things they couldn't before.\n<br />\n<br />   \ufeffTechnical information for those interested:\n<br />   \ufeffAfter reverse engineering quite a lot and figuring out how it all works, it turned out that the annotations are in fact being read by the game - but the game expects a prefix ([b]NPC [/b]or [b]2_[/b]), so it knows which event is supposed to play on which actor. Fair enough... except events [i]with prefixes[/i] are actually supposed to be included ...
[2026-03-08 12:41:43]  Nexus API GET /games/skyrimspecialedition/mods/99621/files → 200
[2026-03-08 12:41:43]    Response: {"file_updates": [{"old_file_id": 422148, "new_file_id": 422833, "old_file_name": "Paired Animation Improvements-99621-1-0-0-1693439855.zip", "new_file_name": "Paired Animation Improvements-99621-1-0-1-1693685769.7z", "uploaded_timestamp": 1693685769, "uploaded_time": "2023-09-02T20:16:09.000+00:00"}, {"old_file_id": 422833, "new_file_id": 466426, "old_file_name": "Paired Animation Improvements-99621-1-0-1-1693685769.7z", "new_file_name": "Paired Animation Improvements-99621-1-0-2-1706671876.7z", "uploaded_timestamp": 1706671876, "uploaded_time": "2024-01-31T03:31:16.000+00:00"}], "files": [{"id": [422148, 1704], "uid": 7318624694532, "file_id": 422148, "name": "Paired Animation Improvements", "version": "1.0.0", "category_id": 4, "category_name": "OLD_VERSION", "is_primary": false, "size": 167, "file_name": "Paired Animation Improvements-99621-1-0-0-1693439855.zip", "uploaded_timestamp": 1693439855, "uploaded_time": "2023-08-30T23:57:35.000+00:00", "mod_version": "1.0.0", "external_virus_scan_url": "https://www.virustotal.com/gui/file/7f62742e7653a7ec9ab767d891c0427c90805617cb50b4e7eb90390e9996a1f1/detection/f-7f62742e7653a7ec9ab767d891c0427c90805617cb50b4e7eb90390e9996a1f1-169343...
[2026-03-08 12:41:44]  Nexus API GET /games/skyrimspecialedition/mods/99621/files/466426/download_link → 200
[2026-03-08 12:41:44]    Response: [{"name": "Nexus Global Content Delivery Network", "short_name": "Nexus CDN", "URI": "https://supporter-files.nexus-cdn.com/1704/99621/Paired Animation Improvements-99621-1-0-2-1706671876.7z?md5=MPU359yLbQTHAV15TfGXrg&expires=1773002504&user_id=71483453"}]
[2026-03-08 12:41:44]  Nexus API GET /games/skyrimspecialedition/mods/99621/files/466426 → 200
[2026-03-08 12:41:44]    Response: {"id": [466426, 1704], "uid": 7318624738810, "file_id": 466426, "name": "Paired Animation Improvements", "version": "1.0.2", "category_id": 1, "category_name": "MAIN", "is_primary": true, "size": 3127, "file_name": "Paired Animation Improvements-99621-1-0-2-1706671876.7z", "uploaded_timestamp": 1706671876, "uploaded_time": "2024-01-31T03:31:16.000+00:00", "mod_version": "1.0.2", "external_virus_scan_url": "https://www.virustotal.com/gui/file/4321f0ab82af4dcec62af9feb513dfe0d36e221e56308f9830de98e625ae59f2/detection/f-4321f0ab82af4dcec62af9feb513dfe0d36e221e56308f9830de98e625ae59f2-1706671890", "description": "", "size_kb": 3127, "size_in_bytes": 3201979, "changelog_html": "Fixed some paired animations being broken (e.g. mounting a dragon). Apologies.", "content_preview_link": "https://file-metadata.nexusmods.com/file/nexus-files-s3-meta/1704/99621/Paired Animation Improvements-99621-1-0-2-1706671876.7z.json"}
[2026-03-08 12:41:45]  Nexus: Installing Paired Animation Improvements-99621-1-0-2-1706671876.7z...
[2026-03-08 12:41:45]  Extracting with py7zr…
[2026-03-08 12:41:46]  Direct install — 2 file(s) to install.
[2026-03-08 12:41:46]  Copied 2 item(s) to staging area.
[2026-03-08 12:41:46]  Installed 'Paired Animation Improvements' → /home/luther/.config/AmethystModManager/Profiles/Skyrim Special Edition/mods/Paired Animation Improvements
[2026-03-08 12:41:46]  Added 'Paired Animation Improvements' to modlist.
[2026-03-08 12:41:46]  Wrote meta.ini: /home/luther/.config/AmethystModManager/Profiles/Skyrim Special Edition/mods/Paired Animation Improvements/meta.ini
[2026-03-08 12:41:46]  Nexus: Saved metadata (mod 99621, v1.0.2)
[2026-03-08 12:41:46]  Nexus: Removed archive Paired Animation Improvements-99621-1-0-2-1706671876.7z
[2026-03-08 12:41:46]  Downloads: found 0 archive(s) in /home/luther/Downloads
[2026-03-08 12:41:46]  Downloaded Paired Animation Improvements-99621-1-0-2-1706671876.7z (3201979 bytes) → /home/luther/Downloads/Paired Animation Improvements-99621-1-0-2-1706671876.7z
[2026-03-08 12:41:46]  Nexus: Detected mod ID 99621 from filename.
[2026-03-08 12:41:46]  Filemap updated: 1829 file(s).
[2026-03-08 12:41:46]  Nexus API GET /games/skyrimspecialedition/mods/99621 → 200
[2026-03-08 12:41:46]    Response: {"name": "Paired Animation Improvements", "summary": "A SKSE plugin that lets annotated events in paired animations work like in normal animations. Also causes the game to create synchronized animation bindings on demand, freeing up a few hundred animation slots for use by animation replacers. Supports SE/AE/VR. Open source.", "description": "[img]https://i.imgur.com/bXT9VcN.png[/img]\n<br />\n<br />   \ufeffThis is a small plugin that I made after learning about issues with paired animations work in Skyrim - namely the fact that adding animation events as annotations inside animation files doesn't seem to work.\n<br />\n<br />   \ufeffThe plugin in itself doesn't really do anything new - it simply enables animations to do some things they couldn't before.\n<br />\n<br />   \ufeffTechnical information for those interested:\n<br />   \ufeffAfter reverse engineering quite a lot and figuring out how it all works, it turned out that the annotations are in fact being read by the game - but the game expects a prefix ([b]NPC [/b]or [b]2_[/b]), so it knows which event is supposed to play on which actor. Fair enough... except events [i]with prefixes[/i] are actually supposed to be included ...
[2026-03-08 12:41:46]  Nexus: Identified as 'Paired Animation Improvements' (mod 99621, file 466426).
[2026-03-08 12:41:46]  Nexus: Saved metadata for 'Paired Animation Improvements' (mod 99621)
[2026-03-08 12:41:46]  Nexus API GET /games/skyrimspecialedition/mods/99621/files → 200
[2026-03-08 12:41:46]    Response: {"file_updates": [{"old_file_id": 422148, "new_file_id": 422833, "old_file_name": "Paired Animation Improvements-99621-1-0-0-1693439855.zip", "new_file_name": "Paired Animation Improvements-99621-1-0-1-1693685769.7z", "uploaded_timestamp": 1693685769, "uploaded_time": "2023-09-02T20:16:09.000+00:00"}, {"old_file_id": 422833, "new_file_id": 466426, "old_file_name": "Paired Animation Improvements-99621-1-0-1-1693685769.7z", "new_file_name": "Paired Animation Improvements-99621-1-0-2-1706671876.7z", "uploaded_timestamp": 1706671876, "uploaded_time": "2024-01-31T03:31:16.000+00:00"}], "files": [{"id": [422148, 1704], "uid": 7318624694532, "file_id": 422148, "name": "Paired Animation Improvements", "version": "1.0.0", "category_id": 4, "category_name": "OLD_VERSION", "is_primary": false, "size": 167, "file_name": "Paired Animation Improvements-99621-1-0-0-1693439855.zip", "uploaded_timestamp": 1693439855, "uploaded_time": "2023-08-30T23:57:35.000+00:00", "mod_version": "1.0.0", "external_virus_scan_url": "https://www.virustotal.com/gui/file/7f62742e7653a7ec9ab767d891c0427c90805617cb50b4e7eb90390e9996a1f1/detection/f-7f62742e7653a7ec9ab767d891c0427c90805617cb50b4e7eb90390e9996a1f1-169343...
[2026-03-08 12:41:46]  Wrote meta.ini: /home/luther/.config/AmethystModManager/Profiles/Skyrim Special Edition/mods/Paired Animation Improvements/meta.ini
[2026-03-08 12:41:49]  Nexus: Received link from browser.
[2026-03-08 12:41:49]  Nexus: Downloading mod 82395 file 348271 from skyrimspecialedition...
[2026-03-08 12:41:50]  Received NXM link from new instance: nxm://skyrimspecialedition/mods/82395/files/348271?key=9WtzCd4LyfBwx_c6lj7f9A&expires=1773160908&user_id=71483453
[2026-03-08 12:41:50]  Nexus API GET /games/skyrimspecialedition/mods/82395 → 200
[2026-03-08 12:41:50]    Response: {"name": "Animation Queue Fix", "summary": "Fixes the queue getting overloaded when a lot of animations are queued for loading at the same time", "description": "[img]https://i.imgur.com/0yc6kRj.png[/img]\n<br />\n<br />   \ufeffThe plugin greatly speeds up the slow animation loading when you first start up the game. A T-Pose happens when an animation tries to play before it's loaded.\n<br />\n<br />[center][url=https://ko-fi.com/ershin][img]https://github.com/doodlum/nexusmods-widgets/blob/main/Ko-fi_40px_60fps.png?raw=true[/img][/url]\u00a0 [url=https://patreon.com/Ershin][img]https://github.com/doodlum/nexusmods-widgets/blob/main/Patreon_40px.png?raw=true[/img][/url][/center]\n<br />\n<br />[img]https://i.imgur.com/17QkdAj.png[/img]\n<br />\n<br />\n<br />   \ufeff\ufeffThe game has a list of pending animations that haven't been loaded yet, and it can have a single animation \"queued up\" for loading.\n<br />One game function that runs constantly checks if there's an animation queued up for loading, loads it and clears the spot for another animation to get queued. \n<br />A second function checks if there's an animation queued up for loading, and if there isn't, it takes one fro...
[2026-03-08 12:41:50]  Nexus API GET /games/skyrimspecialedition/mods/82395/files → 200
[2026-03-08 12:41:50]    Response: {"file_updates": [{"old_file_id": 348114, "new_file_id": 348269, "old_file_name": "Animation Queue Fix-82395-1-0-0-1673285495.7z", "new_file_name": "Animation Queue Fix-82395-1-0-1-1673338588.7z", "uploaded_timestamp": 1673338588, "uploaded_time": "2023-01-10T08:16:28.000+00:00"}, {"old_file_id": 348269, "new_file_id": 348270, "old_file_name": "Animation Queue Fix-82395-1-0-1-1673338588.7z", "new_file_name": "Animation Queue Fix-82395-1-0-1-1673338626.7z", "uploaded_timestamp": 1673338626, "uploaded_time": "2023-01-10T08:17:06.000+00:00"}, {"old_file_id": 348270, "new_file_id": 348271, "old_file_name": "Animation Queue Fix-82395-1-0-1-1673338626.7z", "new_file_name": "Animation Queue Fix-82395-1-0-1-1673338766.7z", "uploaded_timestamp": 1673338766, "uploaded_time": "2023-01-10T08:19:26.000+00:00"}], "files": [{"id": [348114, 1704], "uid": 7318624620498, "file_id": 348114, "name": "Animation Queue Fix", "version": "1.0.0", "category_id": 4, "category_name": "OLD_VERSION", "is_primary": false, "size": 119, "file_name": "Animation Queue Fix-82395-1-0-0-1673285495.7z", "uploaded_timestamp": 1673285495, "uploaded_time": "2023-01-09T17:31:35.000+00:00", "mod_version": "1.0.0", "external_...
[2026-03-08 12:41:50]  Nexus API GET /games/skyrimspecialedition/mods/82395/files/348271/download_link → 200
[2026-03-08 12:41:50]    Response: [{"name": "Nexus Global Content Delivery Network", "short_name": "Nexus CDN", "URI": "https://supporter-files.nexus-cdn.com/1704/82395/Animation Queue Fix-82395-1-0-1-1673338766.7z?md5=HAsHG13JmmAYOimfl8U4bQ&expires=1773002510&user_id=71483453"}]
[2026-03-08 12:41:50]  Nexus API GET /games/skyrimspecialedition/mods/82395/files/348271 → 200
[2026-03-08 12:41:50]    Response: {"id": [348271, 1704], "uid": 7318624620655, "file_id": 348271, "name": "Animation Queue Fix", "version": "1.0.1", "category_id": 1, "category_name": "MAIN", "is_primary": true, "size": 126, "file_name": "Animation Queue Fix-82395-1-0-1-1673338766.7z", "uploaded_timestamp": 1673338766, "uploaded_time": "2023-01-10T08:19:26.000+00:00", "mod_version": "1.0.1", "external_virus_scan_url": "https://www.virustotal.com/gui/file/9842b4739f93fc54fd9085e6745cbd2686606c2e18763805a646380762dadd5b/detection/f-9842b4739f93fc54fd9085e6745cbd2686606c2e18763805a646380762dadd5b-1673338591", "description": "", "size_kb": 126, "size_in_bytes": 128700, "changelog_html": "Fixed VR compatibility (thanks alandtse!)", "content_preview_link": "https://file-metadata.nexusmods.com/file/nexus-files-s3-meta/1704/82395/Animation Queue Fix-82395-1-0-1-1673338766.7z.json"}
[2026-03-08 12:41:51]  Nexus: Installing Animation Queue Fix-82395-1-0-1-1673338766.7z...
[2026-03-08 12:41:51]  Extracting with py7zr…
[2026-03-08 12:41:51]  Direct install — 1 file(s) to install.
[2026-03-08 12:41:51]  Copied 1 item(s) to staging area.
[2026-03-08 12:41:51]  Installed 'Animation Queue Fix' → /home/luther/.config/AmethystModManager/Profiles/Skyrim Special Edition/mods/Animation Queue Fix
[2026-03-08 12:41:51]  Added 'Animation Queue Fix' to modlist.
[2026-03-08 12:41:51]  Wrote meta.ini: /home/luther/.config/AmethystModManager/Profiles/Skyrim Special Edition/mods/Animation Queue Fix/meta.ini
[2026-03-08 12:41:51]  Nexus: Saved metadata (mod 82395, v1.0.1)
[2026-03-08 12:41:51]  Nexus: Removed archive Animation Queue Fix-82395-1-0-1-1673338766.7z
[2026-03-08 12:41:51]  Downloads: found 0 archive(s) in /home/luther/Downloads
[2026-03-08 12:41:51]  Downloaded Animation Queue Fix-82395-1-0-1-1673338766.7z (128700 bytes) → /home/luther/Downloads/Animation Queue Fix-82395-1-0-1-1673338766.7z
[2026-03-08 12:41:51]  Nexus: Detected mod ID 82395 from filename.
[2026-03-08 12:41:51]  Filemap updated: 1830 file(s).
[2026-03-08 12:41:51]  Nexus API GET /games/skyrimspecialedition/mods/82395 → 200
[2026-03-08 12:41:51]    Response: {"name": "Animation Queue Fix", "summary": "Fixes the queue getting overloaded when a lot of animations are queued for loading at the same time", "description": "[img]https://i.imgur.com/0yc6kRj.png[/img]\n<br />\n<br />   \ufeffThe plugin greatly speeds up the slow animation loading when you first start up the game. A T-Pose happens when an animation tries to play before it's loaded.\n<br />\n<br />[center][url=https://ko-fi.com/ershin][img]https://github.com/doodlum/nexusmods-widgets/blob/main/Ko-fi_40px_60fps.png?raw=true[/img][/url]\u00a0 [url=https://patreon.com/Ershin][img]https://github.com/doodlum/nexusmods-widgets/blob/main/Patreon_40px.png?raw=true[/img][/url][/center]\n<br />\n<br />[img]https://i.imgur.com/17QkdAj.png[/img]\n<br />\n<br />\n<br />   \ufeff\ufeffThe game has a list of pending animations that haven't been loaded yet, and it can have a single animation \"queued up\" for loading.\n<br />One game function that runs constantly checks if there's an animation queued up for loading, loads it and clears the spot for another animation to get queued. \n<br />A second function checks if there's an animation queued up for loading, and if there isn't, it takes one fro...
[2026-03-08 12:41:51]  Nexus: Identified as 'Animation Queue Fix' (mod 82395, file 348271).
[2026-03-08 12:41:51]  Nexus: Saved metadata for 'Animation Queue Fix' (mod 82395)
[2026-03-08 12:41:51]  Nexus API GET /games/skyrimspecialedition/mods/82395/files → 200
[2026-03-08 12:41:51]    Response: {"file_updates": [{"old_file_id": 348114, "new_file_id": 348269, "old_file_name": "Animation Queue Fix-82395-1-0-0-1673285495.7z", "new_file_name": "Animation Queue Fix-82395-1-0-1-1673338588.7z", "uploaded_timestamp": 1673338588, "uploaded_time": "2023-01-10T08:16:28.000+00:00"}, {"old_file_id": 348269, "new_file_id": 348270, "old_file_name": "Animation Queue Fix-82395-1-0-1-1673338588.7z", "new_file_name": "Animation Queue Fix-82395-1-0-1-1673338626.7z", "uploaded_timestamp": 1673338626, "uploaded_time": "2023-01-10T08:17:06.000+00:00"}, {"old_file_id": 348270, "new_file_id": 348271, "old_file_name": "Animation Queue Fix-82395-1-0-1-1673338626.7z", "new_file_name": "Animation Queue Fix-82395-1-0-1-1673338766.7z", "uploaded_timestamp": 1673338766, "uploaded_time": "2023-01-10T08:19:26.000+00:00"}], "files": [{"id": [348114, 1704], "uid": 7318624620498, "file_id": 348114, "name": "Animation Queue Fix", "version": "1.0.0", "category_id": 4, "category_name": "OLD_VERSION", "is_primary": false, "size": 119, "file_name": "Animation Queue Fix-82395-1-0-0-1673285495.7z", "uploaded_timestamp": 1673285495, "uploaded_time": "2023-01-09T17:31:35.000+00:00", "mod_version": "1.0.0", "external_...
[2026-03-08 12:41:51]  Wrote meta.ini: /home/luther/.config/AmethystModManager/Profiles/Skyrim Special Edition/mods/Animation Queue Fix/meta.ini
[2026-03-08 12:45:30]  Nexus: Received link from browser.
[2026-03-08 12:45:30]  Nexus: Downloading mod 173949 file 728296 from skyrimspecialedition...
[2026-03-08 12:45:30]  Received NXM link from new instance: nxm://skyrimspecialedition/mods/173949/files/728296?key=pp0f5mrWUi7PwWYUxuqRIA&expires=1773161129&user_id=71483453
[2026-03-08 12:45:31]  Nexus API GET /games/skyrimspecialedition/mods/173949 → 200
[2026-03-08 12:45:31]    Response: {"name": "Multiple Amulets and Rings... Automatically - MARA", "summary": "MARA is an SKSE plugin for slotless, patchless, automatic multiple rings and amulets.", "description": "[center][size=6][b][center]\n<br />[b][center][center][center][img]https://staticdelivery.nexusmods.com/mods/1704/images/173949/173949-1772667598-561615626.jpg[/img][/center][/center][/center]\ufeff[/b][/center]\n<br />GEAR: MARA[/b][/size][/center]\n<br />[center][size=3]Multiple Automatic Rings Amulets[/size][/center]\n<br />[center]\n<br />Equip multiple rings and amulets at the same time.\n<br />No patches.\u00a0\u00a0\n<br />No slot edits.\u00a0\u00a0\n<br />No compatibility work.\n<br />Does it have physics? Yes.\n<br />Does it work for followers? Also, yes.\n<br />Does it automatically make my rings and amulets slotless? Uh huh. (if they use slot 35 or 36 and have the armorJewelry keyword)\n<br />Will it work with these cool replacers I just downloaded? Indeed.\n<br />Third person? Of course.\u00a0\n<br />\u2026 first person? Also![/center]\n<br />\n<br />[size=5][b]Overview[/b][/size]\n<br />Vanilla Skyrim only allows one ring and one amulet.\n<br />MARA makes rings and amulets slotless, allowing y...
[2026-03-08 12:45:31]  Nexus API GET /games/skyrimspecialedition/mods/173949/files → 200
[2026-03-08 12:45:31]    Response: {"file_updates": [], "files": [{"id": [728034, 1704], "uid": 7318625000418, "file_id": 728034, "name": "MARA main", "version": "0.0.1", "category_id": 4, "category_name": "OLD_VERSION", "is_primary": false, "size": 277, "file_name": "MARA main-173949-0-0-1-1772670385.zip", "uploaded_timestamp": 1772670385, "uploaded_time": "2026-03-05T00:26:25.000+00:00", "mod_version": "0.0.1", "external_virus_scan_url": "https://www.virustotal.com/gui/file/bf2bd86bfa122bb780bf78cbd95b4b330c538921c6d97efd915341bed2e8c3cf", "description": "Initial release 0.0.1", "size_kb": 277, "size_in_bytes": 283831, "changelog_html": "Initial Release.", "content_preview_link": "https://file-metadata.nexusmods.com/file/nexus-files-s3-meta/1704/173949/MARA main-173949-0-0-1-1772670385.zip.json"}, {"id": [728149, 1704], "uid": 7318625000533, "file_id": 728149, "name": "MARA main 0.0.2", "version": "0.0.2", "category_id": 4, "category_name": "OLD_VERSION", "is_primary": false, "size": 285, "file_name": "MARA main 0.0.2-173949-0-0-2-1772705852.zip", "uploaded_timestamp": 1772705852, "uploaded_time": "2026-03-05T10:17:32.000+00:00", "mod_version": "0.0.2", "external_virus_scan_url": "https://www.virustotal.com/gui/fi...
[2026-03-08 12:45:31]  Nexus API GET /games/skyrimspecialedition/mods/173949/files/728296/download_link → 200
[2026-03-08 12:45:31]    Response: [{"name": "Nexus Global Content Delivery Network", "short_name": "Nexus CDN", "URI": "https://supporter-files.nexus-cdn.com/1704/173949/MARA main 0.0.3-173949-0-0-3-1772738037.zip?md5=OAp7PMdjk_rHdcUKn-XBzQ&expires=1773002731&user_id=71483453"}]
[2026-03-08 12:45:31]  Nexus API GET /games/skyrimspecialedition/mods/173949/files/728296 → 200
[2026-03-08 12:45:31]    Response: {"id": [728296, 1704], "uid": 7318625000680, "file_id": 728296, "name": "MARA main 0.0.3", "version": "0.0.3", "category_id": 1, "category_name": "MAIN", "is_primary": false, "size": 285, "file_name": "MARA main 0.0.3-173949-0-0-3-1772738037.zip", "uploaded_timestamp": 1772738037, "uploaded_time": "2026-03-05T19:13:57.000+00:00", "mod_version": "0.0.3", "external_virus_scan_url": "https://www.virustotal.com/gui/file/c0aeb8d20b58fecc1ecc707d475dcf7d34a7682cae28802384add1f2aae56aeb", "description": "Fixed an issue with the .ini defaulting to simple mode. Thanks DrFeelgood06 for pointing it out.", "size_kb": 285, "size_in_bytes": 292292, "changelog_html": null, "content_preview_link": "https://file-metadata.nexusmods.com/file/nexus-files-s3-meta/1704/173949/MARA main 0.0.3-173949-0-0-3-1772738037.zip.json"}
[2026-03-08 12:45:33]  Nexus: Installing MARA main 0.0.3-173949-0-0-3-1772738037.zip...
[2026-03-08 12:45:33]  Extracting with zipfile…
[2026-03-08 12:45:33]  Direct install — 2 file(s) to install.
[2026-03-08 12:45:33]  Auto-stripped top-level folder(s) so mod matches expected structure.
[2026-03-08 12:45:33]  Copied 2 item(s) to staging area.
[2026-03-08 12:45:33]  Installed 'MARA main' → /home/luther/.config/AmethystModManager/Profiles/Skyrim Special Edition/mods/MARA main
[2026-03-08 12:45:33]  Added 'MARA main' to modlist.
[2026-03-08 12:45:33]  Wrote meta.ini: /home/luther/.config/AmethystModManager/Profiles/Skyrim Special Edition/mods/MARA main/meta.ini
[2026-03-08 12:45:33]  Nexus: Saved metadata (mod 173949, v0.0.3)
[2026-03-08 12:45:33]  Nexus: Removed archive MARA main 0.0.3-173949-0-0-3-1772738037.zip
[2026-03-08 12:45:33]  Downloads: found 0 archive(s) in /home/luther/Downloads
[2026-03-08 12:45:33]  Downloaded MARA main 0.0.3-173949-0-0-3-1772738037.zip (292292 bytes) → /home/luther/Downloads/MARA main 0.0.3-173949-0-0-3-1772738037.zip
[2026-03-08 12:45:33]  Nexus: Detected mod ID 173949 from filename.
[2026-03-08 12:45:33]  Filemap updated: 1832 file(s).
[2026-03-08 12:45:33]  Nexus API GET /games/skyrimspecialedition/mods/173949 → 200
[2026-03-08 12:45:33]    Response: {"name": "Multiple Amulets and Rings... Automatically - MARA", "summary": "MARA is an SKSE plugin for slotless, patchless, automatic multiple rings and amulets.", "description": "[center][size=6][b][center]\n<br />[b][center][center][center][img]https://staticdelivery.nexusmods.com/mods/1704/images/173949/173949-1772667598-561615626.jpg[/img][/center][/center][/center]\ufeff[/b][/center]\n<br />GEAR: MARA[/b][/size][/center]\n<br />[center][size=3]Multiple Automatic Rings Amulets[/size][/center]\n<br />[center]\n<br />Equip multiple rings and amulets at the same time.\n<br />No patches.\u00a0\u00a0\n<br />No slot edits.\u00a0\u00a0\n<br />No compatibility work.\n<br />Does it have physics? Yes.\n<br />Does it work for followers? Also, yes.\n<br />Does it automatically make my rings and amulets slotless? Uh huh. (if they use slot 35 or 36 and have the armorJewelry keyword)\n<br />Will it work with these cool replacers I just downloaded? Indeed.\n<br />Third person? Of course.\u00a0\n<br />\u2026 first person? Also![/center]\n<br />\n<br />[size=5][b]Overview[/b][/size]\n<br />Vanilla Skyrim only allows one ring and one amulet.\n<br />MARA makes rings and amulets slotless, allowing y...
[2026-03-08 12:45:34]  Nexus: Identified as 'Multiple Amulets and Rings... Automatically - MARA' (mod 173949, file 728296).
[2026-03-08 12:45:34]  Nexus: Saved metadata for 'MARA main' (mod 173949)
[2026-03-08 12:45:34]  Nexus API GET /games/skyrimspecialedition/mods/173949/files → 200
[2026-03-08 12:45:34]    Response: {"file_updates": [], "files": [{"id": [728034, 1704], "uid": 7318625000418, "file_id": 728034, "name": "MARA main", "version": "0.0.1", "category_id": 4, "category_name": "OLD_VERSION", "is_primary": false, "size": 277, "file_name": "MARA main-173949-0-0-1-1772670385.zip", "uploaded_timestamp": 1772670385, "uploaded_time": "2026-03-05T00:26:25.000+00:00", "mod_version": "0.0.1", "external_virus_scan_url": "https://www.virustotal.com/gui/file/bf2bd86bfa122bb780bf78cbd95b4b330c538921c6d97efd915341bed2e8c3cf", "description": "Initial release 0.0.1", "size_kb": 277, "size_in_bytes": 283831, "changelog_html": "Initial Release.", "content_preview_link": "https://file-metadata.nexusmods.com/file/nexus-files-s3-meta/1704/173949/MARA main-173949-0-0-1-1772670385.zip.json"}, {"id": [728149, 1704], "uid": 7318625000533, "file_id": 728149, "name": "MARA main 0.0.2", "version": "0.0.2", "category_id": 4, "category_name": "OLD_VERSION", "is_primary": false, "size": 285, "file_name": "MARA main 0.0.2-173949-0-0-2-1772705852.zip", "uploaded_timestamp": 1772705852, "uploaded_time": "2026-03-05T10:17:32.000+00:00", "mod_version": "0.0.2", "external_virus_scan_url": "https://www.virustotal.com/gui/fi...
[2026-03-08 12:45:34]  Wrote meta.ini: /home/luther/.config/AmethystModManager/Profiles/Skyrim Special Edition/mods/MARA main/meta.ini
[2026-03-08 12:46:03]  Initializing LOOT...
[2026-03-08 12:46:03]  Loaded masterlist with prelude.
[2026-03-08 12:46:03]  Loading 11 plugin headers...
[2026-03-08 12:46:03]  Sorting 11 plugins...
[2026-03-08 12:46:03]  Sort complete. 0 plugin(s) changed position.
[2026-03-08 12:46:03]  Load order is already sorted.
[2026-03-08 12:46:05]  Restore: saving ShaderCache to overwrite/ ...
[2026-03-08 12:46:05]    Saved ShaderCache → overwrite/ShaderCache/
[2026-03-08 12:46:05]  Restore: removing plugins.txt symlink ...
[2026-03-08 12:46:05]    Removed plugins.txt symlink from prefix.
[2026-03-08 12:46:05]  Restore: restoring launcher ...
[2026-03-08 12:46:05]  Restore: clearing Data/ and moving Data_Core/ back ...
[2026-03-08 12:46:05]    Rescued 124 runtime-created file(s) → overwrite/.
[2026-03-08 12:46:05]    Removed 34 file(s) from Data/.
[2026-03-08 12:46:05]    Restored 34 file(s). Data_Core/ removed.
[2026-03-08 12:46:05]  Restore complete.
[2026-03-08 12:46:05]  Backup: modlist.txt
[2026-03-08 12:46:05]  Backup: plugins.txt
[2026-03-08 12:46:05]  Step 1: Saving ShaderCache to overwrite/ ...
[2026-03-08 12:46:05]  Step 2: Moving Data/ → Data_Core/ ...
[2026-03-08 12:46:05]    Moved 34 file(s) to Data_Core/.
[2026-03-08 12:46:05]  Step 3: Transferring mod files into Data/ (HARDLINK) ...
[2026-03-08 12:46:05]    Transferred 1956 mod file(s).
[2026-03-08 12:46:05]  Step 4: Filling gaps with vanilla files from Data_Core/ ...
[2026-03-08 12:46:05]    Transferred 34 vanilla file(s).
[2026-03-08 12:46:05]  Step 5: Deploying ShaderCache as full copy ...
[2026-03-08 12:46:05]    Copied ShaderCache from overwrite/ → Data/ (full copy).
[2026-03-08 12:46:05]  Step 6: Symlinking plugins.txt into Proton prefix ...
[2026-03-08 12:46:05]    Linked plugins.txt → /home/luther/.local/share/Steam/steamapps/compatdata/489830/pfx/drive_c/users/steamuser/AppData/Local/Skyrim Special Edition/plugins.txt
[2026-03-08 12:46:05]  Step 7: Swapping launcher for SKSE ...
[2026-03-08 12:46:05]    Renamed SkyrimSELauncher.exe → SkyrimSELauncher.bak.
[2026-03-08 12:46:05]    Copied skse64_loader.exe → SkyrimSELauncher.exe.
[2026-03-08 12:46:05]  Deploy complete. 1956 mod + 34 vanilla = 1990 total file(s) in Data/.
[2026-03-08 12:46:05]  Filemap updated: 1956 file(s).
[2026-03-08 12:46:08]  Initializing LOOT...
[2026-03-08 12:46:09]  Loaded masterlist with prelude.
[2026-03-08 12:46:09]  Loading 11 plugin headers...
[2026-03-08 12:46:09]  Sorting 11 plugins...
[2026-03-08 12:46:09]  Sort complete. 0 plugin(s) changed position.
[2026-03-08 12:46:09]  Load order is already sorted.
