[2026-03-11 17:26:26]  Downloads: found 0 archive(s) in /home/luther/Downloads
[2026-03-11 17:26:27]  Mod Manager ready. 1/28 games configured.
[2026-03-11 17:26:27]  Linux mode active. Using CustomTkinter UI framework.
[2026-03-11 17:26:27]  Nexus Mods API key loaded.
[2026-03-11 17:26:27]  NXM protocol handler registered.
[2026-03-11 17:26:27]  NXM IPC server listening on /run/user/1000/amethyst-mod-manager.sock
[2026-03-11 17:26:27]  Nexus API GET /users/validate → 200
[2026-03-11 17:26:27]    Response: {"user_id": 71483453, "key": "[REDACTED]", "name": "DubiousPhoenix", "is_premium?": false, "is_supporter?": false, "email": "[REDACTED]", "profile_url": "https://avatars.nexusmods.com/71483453/100", "is_supporter": false, "is_premium": false}
[2026-03-11 17:26:28]  Nexus: Downloading mod 173928 file 729116 from skyrimspecialedition...
[2026-03-11 17:26:28]  Filemap updated: 25961 file(s).
[2026-03-11 17:26:28]  Nexus API POST GraphQL NxmModAndFile → 200
[2026-03-11 17:26:28]    Response: {"errors": [{"message": "Selections can't be made on scalars (field 'category' returns String but has selections [\"id\"])", "locations": [{"line": 10, "column": 21}], "path": ["query NxmModAndFile", "legacyModsByDomain", "nodes", "category"], "extensions": {"code": "selectionMismatch", "nodeName": "field 'category'", "typeName": "String"}}, {"message": "Field 'files' doesn't exist on type 'Mod'", "locations": [{"line": 12, "column": 21}], "path": ["query NxmModAndFile", "legacyModsByDomain", "nodes", "files"], "extensions": {"code": "undefinedField", "typeName": "Mod", "fieldName": "files"}}]}
[2026-03-11 17:26:28]  GraphQL NxmModAndFile errors: [{'message': 'Selections can\'t be made on scalars (field \'category\' returns String but has selections ["id"])', 'locations': [{'line': 10, 'column': 21}], 'path': ['query NxmModAndFile', 'legacyModsByDomain', 'nodes', 'category'], 'extensions': {'code': 'selectionMismatch', 'nodeName': "field 'category'", 'typeName': 'String'}}, {'message': "Field 'files' doesn't exist on type 'Mod'", 'locations': [{'line': 12, 'column': 21}], 'path': ['query NxmModAndFile', 'legacyModsByDomain', 'nodes', 'files'], 'extensions': {'code': 'undefinedField', 'typeName': 'Mod', 'fieldName': 'files'}}]
[2026-03-11 17:26:28]  Nexus API GET /games/skyrimspecialedition/mods/173928/files/729116/download_link → 200
[2026-03-11 17:26:28]    Response: [{"name": "Nexus Global Content Delivery Network", "short_name": "Nexus CDN", "URI": "https://files.nexus-cdn.com/1704/173928/Load Time Profiler-173928-1-1-1-1772943728.7z?md5=nQQZNVwEBm0KFeUvrxvAbw&expires=1773278788&user_id=71483453"}]
[2026-03-11 17:26:29]  Nexus API GET /games/skyrimspecialedition/mods/173928/files/729116 → 200
[2026-03-11 17:26:29]    Response: {"id": [729116, 1704], "uid": 7318625001500, "file_id": 729116, "name": "Load Time Profiler", "version": "1.1.1", "category_id": 1, "category_name": "MAIN", "is_primary": false, "size": 390, "file_name": "Load Time Profiler-173928-1-1-1-1772943728.7z", "uploaded_timestamp": 1772943728, "uploaded_time": "2026-03-08T04:22:08.000+00:00", "mod_version": "1.1.1", "external_virus_scan_url": "https://www.virustotal.com/gui/file/18796457a4cf3d2a5de077708655aae28b3d1059ab7ecbdf5ec077a77c2f5ad2", "description": "", "size_kb": 390, "size_in_bytes": 399358, "changelog_html": null, "content_preview_link": "https://file-metadata.nexusmods.com/file/nexus-files-s3-meta/1704/173928/Load Time Profiler-173928-1-1-1-1772943728.7z.json"}
[2026-03-11 17:26:29]  Downloaded Load Time Profiler-173928-1-1-1-1772943728.7z (399358 bytes) → /home/luther/Downloads/Load Time Profiler-173928-1-1-1-1772943728.7z
[2026-03-11 17:26:29]  Nexus: Installing Load Time Profiler-173928-1-1-1-1772943728.7z...
[2026-03-11 17:26:29]  Extracting with py7zr…
[2026-03-11 17:26:29]  Direct install — 3 file(s) to install.
[2026-03-11 17:26:29]  Copied 3 item(s) to staging area.
[2026-03-11 17:26:29]  Installed 'Load Time Profiler' → /home/luther/.config/AmethystModManager/Profiles/Skyrim Special Edition/mods/Load Time Profiler
[2026-03-11 17:26:29]  Added 'Load Time Profiler' to modlist.
[2026-03-11 17:26:30]  Wrote meta.ini: /home/luther/.config/AmethystModManager/Profiles/Skyrim Special Edition/mods/Load Time Profiler/meta.ini
[2026-03-11 17:26:30]  Nexus: Saved metadata (mod 173928, v)
[2026-03-11 17:26:30]  Nexus: Removed archive Load Time Profiler-173928-1-1-1-1772943728.7z
[2026-03-11 17:26:30]  Downloads: found 0 archive(s) in /home/luther/Downloads
[2026-03-11 17:26:30]  Nexus: Detected mod ID 173928 from filename.
[2026-03-11 17:26:30]  Nexus API GET /games/skyrimspecialedition/mods/173928 → 200
[2026-03-11 17:26:30]    Response: {"name": "Load Time Profiler", "summary": "Load Time Profiler measures and displays how long your mods take during game startup, helping you identify what's slowing things down and optimize your load order.", "description": "[b]\n<br />[size=3]Load Time Profiler[/size] [/b]profiles each mod's load time and generates CSV/TXT reports (see images). It also displays live data in SKSE Menu Framework (if installed).\n<br />\n<br />[center][img]https://media.giphy.com/media/LPemk1kQWfzPpRInMp/giphy.gif[/img][/center]\n<br />\n<br />[b][size=3]How to use[/size][/b]\n<br />[list]\n<br />[*][b]Boot the game and the Profiler will auto-generate reports in\u00a0Data&#92;SKSE&#92;Plugins&#92;LoadTimeProfiler[/b]\n<br />[*][b]This will happen once loading finishes and the Main Menu opens\u00a0[/b][b]/ you can navigate it[/b]\n<br />[*][b]You can also watch the profiling in realtime in SKSE menu while the mods are loading[/b]\n<br />[*][b]For that you need to bring it up (F1 by default) and go to Utilities/Load Time Profiler[/b]\n<br />[*][b]You also have the option to export the report from the SKSE menu[/b]\n<br />[*][b]Works in SE and AE[/b]\n<br />[*]Groups timing by mod type (DLL &amp; ESP).\...
[2026-03-11 17:26:30]  Nexus API GET /games/skyrimspecialedition/mods/173928/files → 200
[2026-03-11 17:26:30]    Response: {"file_updates": [{"old_file_id": 728500, "new_file_id": 729116, "old_file_name": "Load Time Profiler-173928-1-0-0-1772811005.7z", "new_file_name": "Load Time Profiler-173928-1-1-1-1772943728.7z", "uploaded_timestamp": 1772943728, "uploaded_time": "2026-03-08T04:22:08.000+00:00"}], "files": [{"id": [728500, 1704], "uid": 7318625000884, "file_id": 728500, "name": "Load Time Profiler", "version": "1.0.0", "category_id": 4, "category_name": "OLD_VERSION", "is_primary": false, "size": 359, "file_name": "Load Time Profiler-173928-1-0-0-1772811005.7z", "uploaded_timestamp": 1772811005, "uploaded_time": "2026-03-06T15:30:05.000+00:00", "mod_version": "1.0.0", "external_virus_scan_url": "https://www.virustotal.com/gui/file/5ae1b86a240f4c53a9c96de797fbf88ae97b3f5bb6f61cc79abb306b00db57de", "description": "", "size_kb": 359, "size_in_bytes": 367337, "changelog_html": "Initial release", "content_preview_link": "https://file-metadata.nexusmods.com/file/nexus-files-s3-meta/1704/173928/Load Time Profiler-173928-1-0-0-1772811005.7z.json"}, {"id": [729116, 1704], "uid": 7318625001500, "file_id": 729116, "name": "Load Time Profiler", "version": "1.1.1", "category_id": 1, "category_name": "MAIN", "i...
[2026-03-11 17:26:30]  Nexus: Identified as 'Load Time Profiler' (mod 173928, file 729116).
[2026-03-11 17:26:30]  Wrote meta.ini: /home/luther/.config/AmethystModManager/Profiles/Skyrim Special Edition/mods/Load Time Profiler/meta.ini
[2026-03-11 17:26:30]  Nexus: Saved metadata for 'Load Time Profiler' (mod 173928)
[2026-03-11 17:26:30]  Filemap updated: 25964 file(s).
