[2026-03-13 16:37:21]  Downloads: found 0 archive(s) in 1 location(s)
[2026-03-13 16:37:21]  Mod Manager ready. 1/31 games configured.
[2026-03-13 16:37:21]  Linux mode active. Using CustomTkinter UI framework.
[2026-03-13 16:37:21]  Nexus Mods API key loaded.
[2026-03-13 16:37:21]  NXM protocol handler registered.
[2026-03-13 16:37:22]  NXM IPC server listening on /run/user/1000/amethyst-mod-manager.sock
[2026-03-13 16:37:22]  Nexus: logged in as DubiousPhoenix (premium=False)
[2026-03-13 16:37:22]  Filemap updated: 34893 file(s).
[2026-03-13 16:37:29]  Opened: SkyrimUncapper.ini
[2026-03-13 16:40:10]  Filemap updated: 34891 file(s).
[2026-03-13 16:40:22]  Nexus: Received link from browser.
[2026-03-13 16:40:22]  Nexus: Downloading mod 82558 file 429047 from skyrimspecialedition...
[2026-03-13 16:40:22]  Received NXM link from new instance: nxm://skyrimspecialedition/mods/82558/files/429047?key=CHubSyIVGHcyprkBbgLLKw&expires=1773607221&user_id=71483453
[2026-03-13 16:40:22]  Nexus API POST GraphQL NxmModAndFile → 200
[2026-03-13 16:40:22]    Response: {"errors": [{"message": "Selections can't be made on scalars (field 'category' returns String but has selections [\"id\"])", "locations": [{"line": 10, "column": 21}], "path": ["query NxmModAndFile", "legacyModsByDomain", "nodes", "category"], "extensions": {"code": "selectionMismatch", "nodeName": "field 'category'", "typeName": "String"}}, {"message": "Field 'files' doesn't exist on type 'Mod'", "locations": [{"line": 12, "column": 21}], "path": ["query NxmModAndFile", "legacyModsByDomain", "nodes", "files"], "extensions": {"code": "undefinedField", "typeName": "Mod", "fieldName": "files"}}]}
[2026-03-13 16:40:22]  GraphQL NxmModAndFile errors: [{'message': 'Selections can\'t be made on scalars (field \'category\' returns String but has selections ["id"])', 'locations': [{'line': 10, 'column': 21}], 'path': ['query NxmModAndFile', 'legacyModsByDomain', 'nodes', 'category'], 'extensions': {'code': 'selectionMismatch', 'nodeName': "field 'category'", 'typeName': 'String'}}, {'message': "Field 'files' doesn't exist on type 'Mod'", 'locations': [{'line': 12, 'column': 21}], 'path': ['query NxmModAndFile', 'legacyModsByDomain', 'nodes', 'files'], 'extensions': {'code': 'undefinedField', 'typeName': 'Mod', 'fieldName': 'files'}}]
[2026-03-13 16:40:23]  Nexus API GET /games/skyrimspecialedition/mods/82558/files/429047/download_link → 200
[2026-03-13 16:40:23]    Response: [{"name": "Nexus Global Content Delivery Network", "short_name": "Nexus CDN", "URI": "https://supporter-files.nexus-cdn.com/1704/82558/Skyrim Skill Uncapper for SE and AE-82558-2-2-3-1695703184.zip?md5=yzxb8UnMnEngoFUI0IWH1w&expires=1773448822&user_id=71483453"}]
[2026-03-13 16:40:23]  Nexus API GET /games/skyrimspecialedition/mods/82558/files/429047 → 200
[2026-03-13 16:40:23]    Response: {"id": [429047, 1704], "uid": 7318624701431, "file_id": 429047, "name": "Skyrim Skill Uncapper for SE and AE", "version": "2.2.3", "category_id": 1, "category_name": "MAIN", "is_primary": false, "size": 66, "file_name": "Skyrim Skill Uncapper for SE and AE-82558-2-2-3-1695703184.zip", "uploaded_timestamp": 1695703184, "uploaded_time": "2023-09-26T04:39:44.000+00:00", "mod_version": "2.2.3", "external_virus_scan_url": "https://www.virustotal.com/gui/file/3f86436ec576e065fbcae61420b5f0dc584d7a5e56facb17813a78435f27d434/detection/f-3f86436ec576e065fbcae61420b5f0dc584d7a5e56facb17813a78435f27d434-1695703191", "description": "- Fixed an issue where GOG skyrim logged to the wrong directory.\n<br />- Fixed an issue where true/false INI fields were case sensitive.\n<br />- Potentially fixed an issue with opening the log file when the path contains unicode text.", "size_kb": 66, "size_in_bytes": 67546, "changelog_html": null, "content_preview_link": "https://file-metadata.nexusmods.com/file/nexus-files-s3-meta/1704/82558/Skyrim Skill Uncapper for SE and AE-82558-2-2-3-1695703184.zip.json"}
[2026-03-13 16:40:23]  Nexus: Installing Skyrim Skill Uncapper for SE and AE-82558-2-2-3-1695703184.zip...
[2026-03-13 16:40:23]  Extracting with zipfile…
[2026-03-13 16:40:23]  Direct install — 2 file(s) to install.
[2026-03-13 16:40:23]  Copied 2 item(s) to staging area.
[2026-03-13 16:40:23]  Installed 'Skyrim Skill Uncapper for SE and' → /home/luther/.config/AmethystModManager/Profiles/Skyrim Special Edition/mods/Skyrim Skill Uncapper for SE and
[2026-03-13 16:40:23]  Added 'Skyrim Skill Uncapper for SE and' to modlist.
[2026-03-13 16:40:23]  Wrote meta.ini: /home/luther/.config/AmethystModManager/Profiles/Skyrim Special Edition/mods/Skyrim Skill Uncapper for SE and/meta.ini
[2026-03-13 16:40:23]  Nexus: Saved metadata (mod 82558, v)
[2026-03-13 16:40:23]  Nexus: Removed archive Skyrim Skill Uncapper for SE and AE-82558-2-2-3-1695703184.zip
[2026-03-13 16:40:23]  Downloads: found 0 archive(s) in 1 location(s)
[2026-03-13 16:40:23]  Downloaded Skyrim Skill Uncapper for SE and AE-82558-2-2-3-1695703184.zip (67546 bytes) → /home/luther/Downloads/Skyrim Skill Uncapper for SE and AE-82558-2-2-3-1695703184.zip
[2026-03-13 16:40:23]  Nexus: Detected mod ID 82558 from filename.
[2026-03-13 16:40:24]  Nexus API GET /games/skyrimspecialedition/mods/82558 → 200
[2026-03-13 16:40:24]    Response: {"name": "Skyrim Skill Uncapper for SE and AE", "summary": "Allows for the reconfiguration of the max level and max effective level for skills. Fixes a number of bugs in the original implementation and adds new features. Compatible with both SE and AE.", "description": "This is an update to the [url=https://www.nexusmods.com/skyrimspecialedition/mods/46536]Skyrim Skill Uncapper(fixed)[/url] mod, which was itself an update to [url=https://www.nexusmods.com/skyrimspecialedition/mods/8889]Skyrim Skill Uncapper[/url].\n<br />\n<br />[b]Notable features:[/b]\n<br />[list]\n<br />[*]Configure the max level for each skill.\n<br />[*]Configure the max effective level (used in all game calculations).\n<br />[*]Configure the rate at which each skill gains experience.\n<br />[*]Configure the amount of experience necessary to level up.\n<br />[*]Configure the number of perks gained at level up.\n<br />[*]Configure the amount of health/magicka/stamina/carry weight gained at level up.\n<br />[*]Configure the amount of magicka/stamina gained at health level up, etc.\n<br />[*]Configure the scaling of the enchantment weapon charge equation.\n<br />[*]Configure which patches in this mod are applied...
[2026-03-13 16:40:24]  Nexus API GET /games/skyrimspecialedition/mods/82558/files → 200
[2026-03-13 16:40:24]    Response: {"file_updates": [], "files": [{"id": [348744, 1704], "uid": 7318624621128, "file_id": 348744, "name": "Skyrim Skill Uncapper AE", "version": "1.0.0", "category_id": 7, "category_name": "ARCHIVED", "is_primary": false, "size": 40, "file_name": "Skyrim Skill Uncapper AE-82558-1-0-0-1673484799.zip", "uploaded_timestamp": 1673484799, "uploaded_time": "2023-01-12T00:53:19.000+00:00", "mod_version": "1.0.0", "external_virus_scan_url": "https://www.virustotal.com/gui/file/4c330112d8caf7fe6a4ed243edb964c566355b9d8ca55a936549fa103890d6f9/detection/f-4c330112d8caf7fe6a4ed243edb964c566355b9d8ca55a936549fa103890d6f9-1673484804", "description": "", "size_kb": 40, "size_in_bytes": 40699, "changelog_html": null, "content_preview_link": "https://file-metadata.nexusmods.com/file/nexus-files-s3-meta/1704/82558/Skyrim Skill Uncapper AE-82558-1-0-0-1673484799.zip.json"}, {"id": [349075, 1704], "uid": 7318624621459, "file_id": 349075, "name": "Skyrim Skill Uncapper AE", "version": "1.0.1", "category_id": 7, "category_name": "ARCHIVED", "is_primary": false, "size": 41, "file_name": "Skyrim Skill Uncapper AE-82558-1-0-1-1673584641.zip", "uploaded_timestamp": 1673584641, "uploaded_time": "2023-01-13T04:3...
[2026-03-13 16:40:24]  Wrote meta.ini: /home/luther/.config/AmethystModManager/Profiles/Skyrim Special Edition/mods/Skyrim Skill Uncapper for SE and/meta.ini
[2026-03-13 16:40:24]  Nexus: Identified as 'Skyrim Skill Uncapper for SE and AE' (mod 82558, file 429047).
[2026-03-13 16:40:24]  Nexus: Saved metadata for 'Skyrim Skill Uncapper for SE and' (mod 82558)
[2026-03-13 16:40:24]  Filemap updated: 34893 file(s).
[2026-03-13 16:40:27]  Opened: SkyrimUncapper.ini
[2026-03-13 16:46:39]  Restore: saving ShaderCache to overwrite/ ...
[2026-03-13 16:46:40]    Saved ShaderCache → overwrite/ShaderCache/
[2026-03-13 16:46:40]  Restore: removing plugins.txt symlink ...
[2026-03-13 16:46:40]    Removed plugins.txt symlink from prefix.
[2026-03-13 16:46:40]  Restore: restoring launcher ...
[2026-03-13 16:46:40]    Restored SkyrimSELauncher.exe from .bak.
[2026-03-13 16:46:40]  Restore: clearing Data/ and moving Data_Core/ back ...
[2026-03-13 16:46:41]  Fetching latest masterlist_skyrimse.yaml...
[2026-03-13 16:46:41]  Updated masterlist_skyrimse.yaml.
[2026-03-13 16:46:41]  Fetching latest masterlist_prelude.yaml...
[2026-03-13 16:46:41]  Updated masterlist_prelude.yaml.
[2026-03-13 16:46:41]  Initializing LOOT...
[2026-03-13 16:46:42]  Loaded masterlist with prelude.
[2026-03-13 16:46:42]  Loading 248 plugin headers...
[2026-03-13 16:46:42]  Sorting 248 plugins...
[2026-03-13 16:46:42]  Sort complete. 258 plugin(s) changed position.
[2026-03-13 16:46:42]  Warning: 10 plugin(s) not found on disk: Skyrim.esm, Update.esm, Dawnguard.esm, HearthFires.esm, Dragonborn.esm ... and 5 more
[2026-03-13 16:46:42]  Sorted — 258 plugin(s) changed position.
[2026-03-13 16:46:42]    Removed 31484 file(s) from Data/.
[2026-03-13 16:46:42]    Restored 34 file(s). Data_Core/ removed.
[2026-03-13 16:46:42]  Restore complete.
[2026-03-13 16:46:42]  Backup: modlist.txt
[2026-03-13 16:46:42]  Backup: plugins.txt
[2026-03-13 16:46:42]  Backup: plugin_locks.json
[2026-03-13 16:46:42]  Backup: removed oldest 20260312_120522
[2026-03-13 16:46:42]  Step 1: Saving ShaderCache to overwrite/ ...
[2026-03-13 16:46:42]  Step 2: Moving Data/ → Data_Core/ ...
[2026-03-13 16:46:42]    Moved 34 file(s) to Data_Core/.
[2026-03-13 16:46:42]  Step 3: Transferring mod files into Data/ (HARDLINK) ...
[2026-03-13 16:46:45]    Transferred 34893 mod file(s).
[2026-03-13 16:46:45]  Step 4: Filling gaps with vanilla files from Data_Core/ ...
[2026-03-13 16:46:45]    Transferred 25 vanilla file(s).
[2026-03-13 16:46:45]  Step 5: Deploying ShaderCache as full copy ...
[2026-03-13 16:46:45]    Copied ShaderCache from overwrite/ → Data/ (full copy).
[2026-03-13 16:46:45]  Step 6: Symlinking plugins.txt into Proton prefix ...
[2026-03-13 16:46:45]    Linked plugins.txt → /home/luther/.local/share/Steam/steamapps/compatdata/489830/pfx/drive_c/users/steamuser/AppData/Local/Skyrim Special Edition/plugins.txt
[2026-03-13 16:46:45]  Step 7: Swapping launcher for SKSE ...
[2026-03-13 16:46:45]    Renamed SkyrimSELauncher.exe → SkyrimSELauncher.bak.
[2026-03-13 16:46:45]    Copied skse64_loader.exe → SkyrimSELauncher.exe.
[2026-03-13 16:46:45]  Deploy complete. 34893 mod + 25 vanilla = 34918 total file(s) in Data/.
[2026-03-13 16:46:46]  Filemap updated: 34893 file(s).
[2026-03-13 16:47:05]  Opened: Experience.ini
[2026-03-13 16:47:51]  Opened: Default.ini
[2026-03-13 16:47:59]  Opened: Default.ini
[2026-03-13 16:48:37]  Opened: ImprovedCameraSE.ini
[2026-03-13 16:48:44]  Opened: Default.ini
[2026-03-13 16:48:58]  Opened: ImprovedCameraSE.ini
[2026-03-13 16:49:03]  Opened: Default.ini
[2026-03-13 16:49:18]  Opened: Default.ini
[2026-03-13 16:51:18]  Filemap updated: 34893 file(s).
[2026-03-13 16:51:21]  Filemap updated: 34893 file(s).
