[2026-03-18 09:40:48]  Downloads: found 0 archive(s) in 1 location(s)
[2026-03-18 09:40:49]  Display: 2560x1440, HiDPI detected=1.35, scale=1.0
[2026-03-18 09:40:49]  Mod Manager ready. 1/31 games configured.
[2026-03-18 09:40:49]  Linux mode active. Using CustomTkinter UI framework.
[2026-03-18 09:40:49]  Nexus Mods API key loaded.
[2026-03-18 09:40:49]  NXM protocol handler registered.
[2026-03-18 09:40:49]  NXM IPC server listening on /run/user/1000/amethyst-mod-manager.sock
[2026-03-18 09:40:50]  Nexus: logged in as DubiousPhoenix (premium=False)
[2026-03-18 09:40:50]  Nexus: Downloading mod 124634 file 727765 from skyrimspecialedition...
[2026-03-18 09:40:50]  Filemap updated: 34914 file(s).
[2026-03-18 09:40:51]  Nexus API POST GraphQL NxmModAndFile → 200
[2026-03-18 09:40:51]    Response: {"data": {"legacyModsByDomain": {"nodes": [{"modId": 124634, "name": "Simple Lighting Overhaul", "summary": "", "version": "2.0", "author": "Bottle", "modCategory": {"categoryId": 62, "name": "Visuals and Graphics"}, "game": {"domainName": "skyrimspecialedition"}}]}}}
[2026-03-18 09:40:51]  Nexus API GET /games/skyrimspecialedition/mods/124634/files/727765/download_link → 200
[2026-03-18 09:40:51]    Response: [{"name": "Nexus Global Content Delivery Network", "short_name": "Nexus CDN", "URI": "https://supporter-files.nexus-cdn.com/1704/124634/Simple Lighting Overhaul-124634-2-0-1772588449.zip?md5=qzuKkf3llZDeKh81MFq8ig&expires=1773855651&user_id=71483453"}]
[2026-03-18 09:40:51]  Nexus API GET /games/skyrimspecialedition/mods/124634/files/727765 → 200
[2026-03-18 09:40:51]    Response: {"id": [727765, 1704], "uid": 7318625000149, "file_id": 727765, "name": "Simple Lighting Overhaul", "version": "2.0", "category_id": 1, "category_name": "MAIN", "is_primary": false, "size": 86, "file_name": "Simple Lighting Overhaul-124634-2-0-1772588449.zip", "uploaded_timestamp": 1772588449, "uploaded_time": "2026-03-04T01:40:49.000+00:00", "mod_version": "2.0", "external_virus_scan_url": "https://www.virustotal.com/gui/file/9f7a67476643e7cb8e4db2a2fa4cac40ff85b33c4fcd41c8624e60d9c92afdb2", "description": "Install with Mod manager", "size_kb": 86, "size_in_bytes": 87713, "changelog_html": "Updated to ISL\nAdded LP support\nCompatibility with WSU", "content_preview_link": "https://file-metadata.nexusmods.com/file/nexus-files-s3-meta/1704/124634/Simple Lighting Overhaul-124634-2-0-1772588449.zip.json"}
[2026-03-18 09:40:52]  Downloaded Simple Lighting Overhaul-124634-2-0-1772588449.zip (87713 bytes) → /home/luther/.config/AmethystModManager/download_cache/Simple Lighting Overhaul-124634-2-0-1772588449.zip
[2026-03-18 09:40:58]  Nexus: Installing Simple Lighting Overhaul-124634-2-0-1772588449.zip...
[2026-03-18 09:40:58]  Extracting with zipfile…
[2026-03-18 09:40:58]  Direct install — 17 file(s) to install.
[2026-03-18 09:40:58]  Auto-stripped top-level folder(s) so mod matches expected structure.
[2026-03-18 09:40:58]  Copied 17 item(s) to staging area.
[2026-03-18 09:40:58]  Installed 'Simple Lighting Overhaul' → /home/luther/.config/AmethystModManager/Profiles/Skyrim Special Edition/mods/Simple Lighting Overhaul
[2026-03-18 09:40:58]  plugins.txt / loadorder.txt: added 2 plugin(s) from 'Simple Lighting Overhaul'.
[2026-03-18 09:40:58]  Added 'Simple Lighting Overhaul' to modlist.
[2026-03-18 09:40:59]  Wrote meta.ini: /home/luther/.config/AmethystModManager/Profiles/Skyrim Special Edition/mods/Simple Lighting Overhaul/meta.ini
[2026-03-18 09:40:59]  Nexus: Saved metadata (mod 124634, v2.0)
[2026-03-18 09:40:59]  Nexus: Removed archive Simple Lighting Overhaul-124634-2-0-1772588449.zip
[2026-03-18 09:40:59]  Downloads: found 0 archive(s) in 1 location(s)
[2026-03-18 09:40:59]  Nexus: Detected mod ID 124634 from filename.
[2026-03-18 09:40:59]  Nexus API POST GraphQL NxmModAndFile → 200
[2026-03-18 09:40:59]    Response: {"data": {"legacyModsByDomain": {"nodes": [{"modId": 124634, "name": "Simple Lighting Overhaul", "summary": "", "version": "2.0", "author": "Bottle", "modCategory": {"categoryId": 62, "name": "Visuals and Graphics"}, "game": {"domainName": "skyrimspecialedition"}}]}}}
[2026-03-18 09:40:59]  Nexus API GET /games/skyrimspecialedition/mods/124634/files → 200
[2026-03-18 09:40:59]    Response: {"file_updates": [{"old_file_id": 522461, "new_file_id": 555278, "old_file_name": "Simple Lighting Overhaul-124634-1-0-1721312885.7z", "new_file_name": "Simple Lighting Overhaul-124634-1-1-1729822471.7z", "uploaded_timestamp": 1729822471, "uploaded_time": "2024-10-25T02:14:31.000+00:00"}], "files": [{"id": [522461, 1704], "uid": 7318624794845, "file_id": 522461, "name": "Simple Lighting Overhaul", "version": "1.0", "category_id": 4, "category_name": "OLD_VERSION", "is_primary": false, "size": 57, "file_name": "Simple Lighting Overhaul-124634-1-0-1721312885.7z", "uploaded_timestamp": 1721312885, "uploaded_time": "2024-07-18T14:28:05.000+00:00", "mod_version": "1.0", "external_virus_scan_url": "https://www.virustotal.com/gui/file/9aead38b799df085c78649cd555c1e738ea1368f95f70afe448ef3b9529cc0d5/detection/f-9aead38b799df085c78649cd555c1e738ea1368f95f70afe448ef3b9529cc0d5-1721313165", "description": "ESL flagged, load the plugin low probably underneath weather mods as well.", "size_kb": 57, "size_in_bytes": 58428, "changelog_html": "Release", "content_preview_link": "https://file-metadata.nexusmods.com/file/nexus-files-s3-meta/1704/124634/Simple Lighting Overhaul-124634-1-0-1721312885.7...
[2026-03-18 09:40:59]  Wrote meta.ini: /home/luther/.config/AmethystModManager/Profiles/Skyrim Special Edition/mods/Simple Lighting Overhaul/meta.ini
[2026-03-18 09:40:59]  Nexus: Identified as 'Simple Lighting Overhaul' (mod 124634, file 727765).
[2026-03-18 09:40:59]  Nexus: Saved metadata for 'Simple Lighting Overhaul' (mod 124634)
[2026-03-18 09:40:59]  Filemap updated: 34931 file(s).
[2026-03-18 09:41:02]  Nexus: Received link from browser.
[2026-03-18 09:41:02]  Nexus: Downloading mod 127557 file 711446 from skyrimspecialedition...
[2026-03-18 09:41:02]  Received NXM link from new instance: nxm://skyrimspecialedition/mods/127557/files/711446?key=RQAU8UUsXqWjJMuEyvxWFA&expires=1774014061&user_id=71483453
[2026-03-18 09:41:03]  Nexus API POST GraphQL NxmModAndFile → 200
[2026-03-18 09:41:03]    Response: {"data": {"legacyModsByDomain": {"nodes": [{"modId": 127557, "name": "Light Placer", "summary": "", "version": "4.2.0", "author": "powerofthree", "modCategory": {"categoryId": 39, "name": "Utilities"}, "game": {"domainName": "skyrimspecialedition"}}]}}}
[2026-03-18 09:41:03]  Nexus API GET /games/skyrimspecialedition/mods/127557/files/711446/download_link → 200
[2026-03-18 09:41:03]    Response: [{"name": "Nexus Global Content Delivery Network", "short_name": "Nexus CDN", "URI": "https://supporter-files.nexus-cdn.com/1704/127557/Light Placer-127557-4-2-0-1768828852.7z?md5=jsNA0Iqwz6YwT3GyToxr2Q&expires=1773855663&user_id=71483453"}]
[2026-03-18 09:41:03]  Nexus API GET /games/skyrimspecialedition/mods/127557/files/711446 → 200
[2026-03-18 09:41:03]    Response: {"id": [711446, 1704], "uid": 7318624983830, "file_id": 711446, "name": "Light Placer", "version": "4.2.0", "category_id": 1, "category_name": "MAIN", "is_primary": true, "size": 8247, "file_name": "Light Placer-127557-4-2-0-1768828852.7z", "uploaded_timestamp": 1768828852, "uploaded_time": "2026-01-19T13:20:52.000+00:00", "mod_version": "4.2.0", "external_virus_scan_url": "https://www.virustotal.com/gui/file/a9a279229f5a6e1f150c826f8eb37b47359a41e8c52e2c47af2105509b394bfc/detection/f-a9a279229f5a6e1f150c826f8eb37b47359a41e8c52e2c47af2105509b394bfc-1768828855", "description": "FOMOD installer\n<br />\n<br />Supports SE 1.5.97\n<br />Supports AE 1.6.640 and higher", "size_kb": 8247, "size_in_bytes": 8444492, "changelog_html": "Add support for CS Linear Lighting courtesy of jiayev\nFix placed lights attached to light objects not reattaching properly\nFix potential crash when updating light emittance", "content_preview_link": "https://file-metadata.nexusmods.com/file/nexus-files-s3-meta/1704/127557/Light Placer-127557-4-2-0-1768828852.7z.json"}
[2026-03-18 09:41:09]  Nexus: Received link from browser.
[2026-03-18 09:41:09]  Nexus: Downloading mod 150494 file 716782 from skyrimspecialedition...
[2026-03-18 09:41:09]  Received NXM link from new instance: nxm://skyrimspecialedition/mods/150494/files/716782?key=CWeuChE4GgLds5FPE9GyPQ&expires=1774014068&user_id=71483453
[2026-03-18 09:41:09]  Nexus API POST GraphQL NxmModAndFile → 200
[2026-03-18 09:41:09]    Response: {"data": {"legacyModsByDomain": {"nodes": [{"modId": 150494, "name": "Window Shadows Ultimate", "summary": "", "version": "1.4.4", "author": "CarbonDice - Dlizzio", "modCategory": {"categoryId": 62, "name": "Visuals and Graphics"}, "game": {"domainName": "skyrimspecialedition"}}]}}}
[2026-03-18 09:41:09]  Nexus API GET /games/skyrimspecialedition/mods/150494/files/716782/download_link → 200
[2026-03-18 09:41:09]    Response: [{"name": "Nexus Global Content Delivery Network", "short_name": "Nexus CDN", "URI": "https://supporter-files.nexus-cdn.com/1704/150494/Window Shadows Ultimate-150494-1-4-4-1770114337.zip?md5=jXO8MjQiDOfDwkZL4PPzdg&expires=1773855669&user_id=71483453"}]
[2026-03-18 09:41:10]  Nexus API GET /games/skyrimspecialedition/mods/150494/files/716782 → 200
[2026-03-18 09:41:10]    Response: {"id": [716782, 1704], "uid": 7318624989166, "file_id": 716782, "name": "Window Shadows Ultimate", "version": "1.4.4", "category_id": 1, "category_name": "MAIN", "is_primary": true, "size": 167876, "file_name": "Window Shadows Ultimate-150494-1-4-4-1770114337.zip", "uploaded_timestamp": 1770114337, "uploaded_time": "2026-02-03T10:25:37.000+00:00", "mod_version": "1.4.4", "external_virus_scan_url": "https://www.virustotal.com/gui/file/6024291c6b2388efb7dd82964e8b368469ae154b8c86c255794549fa3d15b0d3", "description": "", "size_kb": 167876, "size_in_bytes": 171905449, "changelog_html": "Added support for the CS addon for the spaces added in 1.4.1\nConverted the CS addon to Linear Bulbs", "content_preview_link": "https://file-metadata.nexusmods.com/file/nexus-files-s3-meta/1704/150494/Window Shadows Ultimate-150494-1-4-4-1770114337.zip.json"}
[2026-03-18 09:41:19]  Nexus: Installing Light Placer-127557-4-2-0-1768828852.7z...
[2026-03-18 09:41:19]  Extracting with py7zr…
[2026-03-18 09:41:20]  py7zr failed ((b'\x03\x03\x01\x1b', 'BCJ2 filter is not supported by py7zr. Please consider to contribute to XZ/liblzma project and help Python core team implementing it. Or please use another tool to extract it.')), retrying with 7z…
[2026-03-18 09:41:20]  Extracted with 7z.
[2026-03-18 09:41:20]  FOMOD installer detected — opening wizard...
[2026-03-18 09:41:20]  Downloaded Light Placer-127557-4-2-0-1768828852.7z (8444492 bytes) → /home/luther/.config/AmethystModManager/download_cache/Light Placer-127557-4-2-0-1768828852.7z
[2026-03-18 09:41:24]  FOMOD complete — 2 file(s) to install.
[2026-03-18 09:41:24]  Copied 2 item(s) to staging area.
[2026-03-18 09:41:24]  Installed 'Light Placer' → /home/luther/.config/AmethystModManager/Profiles/Skyrim Special Edition/mods/Light Placer
[2026-03-18 09:41:24]  Added 'Light Placer' to modlist.
[2026-03-18 09:41:24]  Wrote meta.ini: /home/luther/.config/AmethystModManager/Profiles/Skyrim Special Edition/mods/Light Placer/meta.ini
[2026-03-18 09:41:24]  Nexus: Saved metadata (mod 127557, v4.2.0)
[2026-03-18 09:41:24]  Nexus: Removed archive Light Placer-127557-4-2-0-1768828852.7z
[2026-03-18 09:41:24]  Downloads: found 0 archive(s) in 1 location(s)
[2026-03-18 09:41:24]  Nexus: Detected mod ID 127557 from filename.
[2026-03-18 09:41:24]  Nexus API POST GraphQL NxmModAndFile → 200
[2026-03-18 09:41:24]    Response: {"data": {"legacyModsByDomain": {"nodes": [{"modId": 127557, "name": "Light Placer", "summary": "", "version": "4.2.0", "author": "powerofthree", "modCategory": {"categoryId": 39, "name": "Utilities"}, "game": {"domainName": "skyrimspecialedition"}}]}}}
[2026-03-18 09:41:25]  Nexus API GET /games/skyrimspecialedition/mods/127557/files → 200
[2026-03-18 09:41:25]    Response: {"file_updates": [{"old_file_id": 570205, "new_file_id": 570332, "old_file_name": "Light Placer-127557-1-0-0-1733628778.7z", "new_file_name": "Light Placer-127557-1-0-1-1733668056.7z", "uploaded_timestamp": 1733668056, "uploaded_time": "2024-12-08T14:27:36.000+00:00"}, {"old_file_id": 570332, "new_file_id": 570504, "old_file_name": "Light Placer-127557-1-0-1-1733668056.7z", "new_file_name": "Light Placer-127557-1-0-2-1733705524.7z", "uploaded_timestamp": 1733705524, "uploaded_time": "2024-12-09T00:52:04.000+00:00"}, {"old_file_id": 570504, "new_file_id": 572232, "old_file_name": "Light Placer-127557-1-0-2-1733705524.7z", "new_file_name": "Light Placer-127557-2-0-0-1734162030.7z", "uploaded_timestamp": 1734162030, "uploaded_time": "2024-12-14T07:40:30.000+00:00"}, {"old_file_id": 572232, "new_file_id": 572581, "old_file_name": "Light Placer-127557-2-0-0-1734162030.7z", "new_file_name": "Light Placer-127557-2-0-1-1734251231.7z", "uploaded_timestamp": 1734251231, "uploaded_time": "2024-12-15T08:27:11.000+00:00"}, {"old_file_id": 572581, "new_file_id": 573846, "old_file_name": "Light Placer-127557-2-0-1-1734251231.7z", "new_file_name": "Light Placer-127557-2-1-0-1734606759.7z", "upload...
[2026-03-18 09:41:25]  Wrote meta.ini: /home/luther/.config/AmethystModManager/Profiles/Skyrim Special Edition/mods/Light Placer/meta.ini
[2026-03-18 09:41:25]  Nexus: Identified as 'Light Placer' (mod 127557, file 711446).
[2026-03-18 09:41:25]  Nexus: Saved metadata for 'Light Placer' (mod 127557)
[2026-03-18 09:41:25]  Filemap updated: 34936 file(s).
[2026-03-18 09:41:46]  Nexus: Received link from browser.
[2026-03-18 09:41:46]  Nexus: Downloading mod 153425 file 705943 from skyrimspecialedition...
[2026-03-18 09:41:46]  Received NXM link from new instance: nxm://skyrimspecialedition/mods/153425/files/705943?key=HcnuwQyJCTYvELo_6zh7rw&expires=1774014104&user_id=71483453
[2026-03-18 09:41:46]  Nexus API POST GraphQL NxmModAndFile → 200
[2026-03-18 09:41:46]    Response: {"data": {"legacyModsByDomain": {"nodes": [{"modId": 153425, "name": "Ambient Templates for Lighting Mods", "summary": "", "version": "2.6", "author": "Dlizzio - isoprophlex - minizbot2012", "modCategory": {"categoryId": 62, "name": "Visuals and Graphics"}, "game": {"domainName": "skyrimspecialedition"}}]}}}
[2026-03-18 09:41:46]  Nexus API GET /games/skyrimspecialedition/mods/153425/files/705943/download_link → 200
[2026-03-18 09:41:46]    Response: [{"name": "Nexus Global Content Delivery Network", "short_name": "Nexus CDN", "URI": "https://supporter-files.nexus-cdn.com/1704/153425/Ambient Templates for Lighting Mods-153425-2-6-1767657394.zip?md5=fqRbXCWrS79QmmVkf_IwFw&expires=1773855706&user_id=71483453"}]
[2026-03-18 09:41:46]  Nexus API GET /games/skyrimspecialedition/mods/153425/files/705943 → 200
[2026-03-18 09:41:46]    Response: {"id": [705943, 1704], "uid": 7318624978327, "file_id": 705943, "name": "Ambient Templates for Lighting Mods", "version": "2.6", "category_id": 1, "category_name": "MAIN", "is_primary": true, "size": 25366, "file_name": "Ambient Templates for Lighting Mods-153425-2-6-1767657394.zip", "uploaded_timestamp": 1767657394, "uploaded_time": "2026-01-05T23:56:34.000+00:00", "mod_version": "2.6", "external_virus_scan_url": "https://www.virustotal.com/gui/file/985841aae8916ec3b2ac0f3490b7cc1b5fe58f7e623cbea00fe59e0e0e4239f0/detection/f-985841aae8916ec3b2ac0f3490b7cc1b5fe58f7e623cbea00fe59e0e0e4239f0-1767657403", "description": "New mod requirement: [url=https://www.nexusmods.com/skyrimspecialedition/mods/51073]powerofthree's Tweaks[/url]", "size_kb": 25366, "size_in_bytes": 25974446, "changelog_html": "Added powerofthree's tweaks as a dependency.", "content_preview_link": "https://file-metadata.nexusmods.com/file/nexus-files-s3-meta/1704/153425/Ambient Templates for Lighting Mods-153425-2-6-1767657394.zip.json"}
[2026-03-18 09:41:55]  Nexus: Received link from browser.
[2026-03-18 09:41:55]  Nexus: Downloading mod 159084 file 705258 from skyrimspecialedition...
[2026-03-18 09:41:55]  Received NXM link from new instance: nxm://skyrimspecialedition/mods/159084/files/705258?key=mEBluQNvrwZH4Tinp8fHIA&expires=1774014114&user_id=71483453
[2026-03-18 09:41:56]  Nexus API POST GraphQL NxmModAndFile → 200
[2026-03-18 09:41:56]    Response: {"data": {"legacyModsByDomain": {"nodes": [{"modId": 159084, "name": "XEMI Utility", "summary": "", "version": "1.3.0", "author": "Mini", "modCategory": {"categoryId": 39, "name": "Utilities"}, "game": {"domainName": "skyrimspecialedition"}}]}}}
[2026-03-18 09:41:56]  Nexus API GET /games/skyrimspecialedition/mods/159084/files/705258/download_link → 200
[2026-03-18 09:41:56]    Response: [{"name": "Nexus Global Content Delivery Network", "short_name": "Nexus CDN", "URI": "https://supporter-files.nexus-cdn.com/1704/159084/XEMI Util-159084-1-3-0-1767492629.7z?md5=_yw9MrJ_bSu_PD5Oj8GdcA&expires=1773855716&user_id=71483453"}]
[2026-03-18 09:41:56]  Nexus API GET /games/skyrimspecialedition/mods/159084/files/705258 → 200
[2026-03-18 09:41:56]    Response: {"id": [705258, 1704], "uid": 7318624977642, "file_id": 705258, "name": "XEMI Util", "version": "1.3.0", "category_id": 1, "category_name": "MAIN", "is_primary": true, "size": 9754, "file_name": "XEMI Util-159084-1-3-0-1767492629.7z", "uploaded_timestamp": 1767492629, "uploaded_time": "2026-01-04T02:10:29.000+00:00", "mod_version": "1.3.0", "external_virus_scan_url": "https://www.virustotal.com/gui/file/920d0020fd6dcd496524e2dcc644a2866337d1ce6855c0faa4114684fbb74de0/detection/f-920d0020fd6dcd496524e2dcc644a2866337d1ce6855c0faa4114684fbb74de0-1767492633", "description": "If you've not updated to the dyndolod alpha released today, hold off for now.", "size_kb": 9754, "size_in_bytes": 9988526, "changelog_html": null, "content_preview_link": "https://file-metadata.nexusmods.com/file/nexus-files-s3-meta/1704/159084/XEMI Util-159084-1-3-0-1767492629.7z.json"}
[2026-03-18 09:42:16]  Nexus: Installing XEMI Util-159084-1-3-0-1767492629.7z...
[2026-03-18 09:42:16]  Extracting with py7zr…
[2026-03-18 09:42:17]  FOMOD installer detected — opening wizard...
[2026-03-18 09:42:17]  Downloaded XEMI Util-159084-1-3-0-1767492629.7z (9988526 bytes) → /home/luther/.config/AmethystModManager/download_cache/XEMI Util-159084-1-3-0-1767492629.7z
[2026-03-18 09:42:20]  FOMOD complete — 1 file(s) to install.
[2026-03-18 09:42:20]  Mod structure unrecognised — installing as-is (no prefix applied).
[2026-03-18 09:42:20]  Copied 1 item(s) to staging area.
[2026-03-18 09:42:20]  Installed 'XEMI Utility' → /home/luther/.config/AmethystModManager/Profiles/Skyrim Special Edition/mods/XEMI Utility
[2026-03-18 09:42:20]  Added 'XEMI Utility' to modlist.
[2026-03-18 09:42:20]  Nexus: Removed archive XEMI Util-159084-1-3-0-1767492629.7z
[2026-03-18 09:42:20]  Downloads: found 0 archive(s) in 1 location(s)
[2026-03-18 09:42:20]  Nexus: Detected mod ID 159084 from filename.
[2026-03-18 09:42:21]  Nexus API POST GraphQL NxmModAndFile → 200
[2026-03-18 09:42:21]    Response: {"data": {"legacyModsByDomain": {"nodes": [{"modId": 159084, "name": "XEMI Utility", "summary": "", "version": "1.3.0", "author": "Mini", "modCategory": {"categoryId": 39, "name": "Utilities"}, "game": {"domainName": "skyrimspecialedition"}}]}}}
[2026-03-18 09:42:21]  Nexus API GET /games/skyrimspecialedition/mods/159084/files → 200
[2026-03-18 09:42:21]    Response: {"file_updates": [{"old_file_id": 665269, "new_file_id": 670033, "old_file_name": "XEMI Utility-159084-1-0-1757770196.zip", "new_file_name": "XEMI Utility-159084-1-1-1759016577.7z", "uploaded_timestamp": 1759016577, "uploaded_time": "2025-09-27T23:42:57.000+00:00"}, {"old_file_id": 670033, "new_file_id": 671115, "old_file_name": "XEMI Utility-159084-1-1-1759016577.7z", "new_file_name": "XEMI Utility-159084-1-1-1759326631.7z", "uploaded_timestamp": 1759326631, "uploaded_time": "2025-10-01T13:50:31.000+00:00"}, {"old_file_id": 671115, "new_file_id": 671148, "old_file_name": "XEMI Utility-159084-1-1-1759326631.7z", "new_file_name": "XEMI Utility-159084-1-1-1759337096.7z", "uploaded_timestamp": 1759337096, "uploaded_time": "2025-10-01T16:44:56.000+00:00"}, {"old_file_id": 671148, "new_file_id": 671149, "old_file_name": "XEMI Utility-159084-1-1-1759337096.7z", "new_file_name": "XEMI Utility-159084-1-1-1759337153.7z", "uploaded_timestamp": 1759337153, "uploaded_time": "2025-10-01T16:45:53.000+00:00"}, {"old_file_id": 671149, "new_file_id": 671150, "old_file_name": "XEMI Utility-159084-1-1-1759337153.7z", "new_file_name": "XEMI Utility-159084-1-1-1759337212.7z", "uploaded_timestamp": 1759...
[2026-03-18 09:42:21]  Wrote meta.ini: /home/luther/.config/AmethystModManager/Profiles/Skyrim Special Edition/mods/XEMI Utility/meta.ini
[2026-03-18 09:42:21]  Nexus: Identified as 'XEMI Utility' (mod 159084, file 705258).
[2026-03-18 09:42:21]  Nexus: Saved metadata for 'XEMI Utility' (mod 159084)
[2026-03-18 09:42:21]  Filemap updated: 34938 file(s).
[2026-03-18 09:42:42]  Nexus: Installing Ambient Templates for Lighting Mods-153425-2-6-1767657394.zip...
[2026-03-18 09:42:42]  Extracting with zipfile…
[2026-03-18 09:42:42]  FOMOD installer detected — opening wizard...
[2026-03-18 09:42:42]  Downloaded Ambient Templates for Lighting Mods-153425-2-6-1767657394.zip (25974446 bytes) → /home/luther/.config/AmethystModManager/download_cache/Ambient Templates for Lighting Mods-153425-2-6-1767657394.zip
[2026-03-18 09:42:42]  Received NXM link from new instance: nxm://skyrimspecialedition/mods/174091/files/732307?key=XR_EN0r7gQ0mteaMitJ01A&expires=1774014161&user_id=71483453
[2026-03-18 09:42:42]  Nexus: Received link from browser.
[2026-03-18 09:42:42]  Nexus: Downloading mod 174091 file 732307 from skyrimspecialedition...
[2026-03-18 09:42:43]  Nexus API POST GraphQL NxmModAndFile → 200
[2026-03-18 09:42:43]    Response: {"data": {"legacyModsByDomain": {"nodes": [{"modId": 174091, "name": "Vanilla PBR AIO", "summary": "", "version": "1.2", "author": "Addi", "modCategory": {"categoryId": 29, "name": "Models and Textures"}, "game": {"domainName": "skyrimspecialedition"}}]}}}
[2026-03-18 09:42:43]  Nexus API GET /games/skyrimspecialedition/mods/174091/files/732307/download_link → 200
[2026-03-18 09:42:43]    Response: [{"name": "Nexus Global Content Delivery Network", "short_name": "Nexus CDN", "URI": "https://supporter-files.nexus-cdn.com/1704/174091/Vanilla PBR-174091-1-2-1773751541.7z?md5=PHlhP1vYbqUS7TVndfUxPw&expires=1773855763&user_id=71483453"}]
[2026-03-18 09:42:43]  Nexus API GET /games/skyrimspecialedition/mods/174091/files/732307 → 200
[2026-03-18 09:42:43]    Response: {"id": [732307, 1704], "uid": 7318625004691, "file_id": 732307, "name": "Vanilla PBR", "version": "1.2", "category_id": 1, "category_name": "MAIN", "is_primary": false, "size": 12239689, "file_name": "Vanilla PBR-174091-1-2-1773751541.7z", "uploaded_timestamp": 1773751541, "uploaded_time": "2026-03-17T12:45:41.000+00:00", "mod_version": "1.2", "external_virus_scan_url": null, "description": "Lots of miscellaneous fixes and improvements to textures, fixed workbench seam thanks to a mesh from Tomato. Redid all of Sovngarde textures, and many more to improve on parallax/normal quality.\n<br />\n<br />Make sure to rerun PGPatcher", "size_kb": 12239689, "size_in_bytes": 12533441895, "changelog_html": null, "content_preview_link": "https://file-metadata.nexusmods.com/file/nexus-files-s3-meta/1704/174091/Vanilla PBR-174091-1-2-1773751541.7z.json"}
[2026-03-18 09:42:57]  FOMOD complete — 4 file(s) to install.
[2026-03-18 09:42:57]  Mod structure unrecognised — installing as-is (no prefix applied).
[2026-03-18 09:42:57]  Copied 4 item(s) to staging area.
[2026-03-18 09:42:57]  Installed 'Ambient Templates for Lighting Mods' → /home/luther/.config/AmethystModManager/Profiles/Skyrim Special Edition/mods/Ambient Templates for Lighting Mods
[2026-03-18 09:42:57]  plugins.txt / loadorder.txt: added 3 plugin(s) from 'Ambient Templates for Lighting Mods'.
[2026-03-18 09:42:57]  Added 'Ambient Templates for Lighting Mods' to modlist.
[2026-03-18 09:42:57]  Wrote meta.ini: /home/luther/.config/AmethystModManager/Profiles/Skyrim Special Edition/mods/Ambient Templates for Lighting Mods/meta.ini
[2026-03-18 09:42:57]  Nexus: Saved metadata (mod 153425, v2.6)
[2026-03-18 09:42:57]  Nexus: Removed archive Ambient Templates for Lighting Mods-153425-2-6-1767657394.zip
[2026-03-18 09:42:57]  Downloads: found 0 archive(s) in 1 location(s)
[2026-03-18 09:42:57]  Nexus: Detected mod ID 153425 from filename.
[2026-03-18 09:42:58]  Nexus API POST GraphQL NxmModAndFile → 200
[2026-03-18 09:42:58]    Response: {"data": {"legacyModsByDomain": {"nodes": [{"modId": 153425, "name": "Ambient Templates for Lighting Mods", "summary": "", "version": "2.6", "author": "Dlizzio - isoprophlex - minizbot2012", "modCategory": {"categoryId": 62, "name": "Visuals and Graphics"}, "game": {"domainName": "skyrimspecialedition"}}]}}}
[2026-03-18 09:42:58]  Nexus API GET /games/skyrimspecialedition/mods/153425/files → 200
[2026-03-18 09:42:58]    Response: {"file_updates": [{"old_file_id": 641019, "new_file_id": 646874, "old_file_name": "Ambient Templates for Lighting Mods-153425-1-0-1750686151.zip", "new_file_name": "Ambient Templates for Lighting Mods-153425-1-0-1752435628.zip", "uploaded_timestamp": 1752435628, "uploaded_time": "2025-07-13T19:40:28.000+00:00"}, {"old_file_id": 646874, "new_file_id": 656465, "old_file_name": "Ambient Templates for Lighting Mods-153425-1-0-1752435628.zip", "new_file_name": "Ambient Templates for Lighting Mods-153425-1-1-1755421615.zip", "uploaded_timestamp": 1755421615, "uploaded_time": "2025-08-17T09:06:55.000+00:00"}, {"old_file_id": 656465, "new_file_id": 657437, "old_file_name": "Ambient Templates for Lighting Mods-153425-1-1-1755421615.zip", "new_file_name": "Ambient Templates for Lighting Mods-153425-1-1-1-1755681060.zip", "uploaded_timestamp": 1755681060, "uploaded_time": "2025-08-20T09:11:00.000+00:00"}, {"old_file_id": 657437, "new_file_id": 661428, "old_file_name": "Ambient Templates for Lighting Mods-153425-1-1-1-1755681060.zip", "new_file_name": "Ambient Templates for Lighting Mods-153425-1-1-2-1756737247.zip", "uploaded_timestamp": 1756737247, "uploaded_time": "2025-09-01T14:34:07.000+0...
[2026-03-18 09:42:58]  Wrote meta.ini: /home/luther/.config/AmethystModManager/Profiles/Skyrim Special Edition/mods/Ambient Templates for Lighting Mods/meta.ini
[2026-03-18 09:42:58]  Nexus: Identified as 'Ambient Templates for Lighting Mods' (mod 153425, file 705943).
[2026-03-18 09:42:58]  Filemap updated: 34946 file(s).
[2026-03-18 09:42:59]  Nexus: Saved metadata for 'Ambient Templates for Lighting Mods' (mod 153425)
[2026-03-18 09:45:58]  Nexus: Received link from browser.
[2026-03-18 09:45:58]  Nexus: Downloading mod 124520 file 545385 from skyrimspecialedition...
[2026-03-18 09:45:58]  Received NXM link from new instance: nxm://skyrimspecialedition/mods/124520/files/545385?key=0fbnNPJSSY1dNN4ZXvCSjg&expires=1774014357&user_id=71483453
[2026-03-18 09:45:59]  Nexus API POST GraphQL NxmModAndFile → 200
[2026-03-18 09:45:59]    Response: {"data": {"legacyModsByDomain": {"nodes": [{"modId": 124520, "name": "Lightning VFX Edit", "summary": "", "version": "1.3", "author": "Kittytail", "modCategory": {"categoryId": 75, "name": "Magic - Spells & Enchantments"}, "game": {"domainName": "skyrimspecialedition"}}]}}}
[2026-03-18 09:45:59]  Nexus API GET /games/skyrimspecialedition/mods/124520/files/545385/download_link → 200
[2026-03-18 09:45:59]    Response: [{"name": "Nexus Global Content Delivery Network", "short_name": "Nexus CDN", "URI": "https://supporter-files.nexus-cdn.com/1704/124520/KittyVFX - Lightning-124520-1-3-1727105151.zip?md5=P_R58Dz-v2ILZikQKbqblQ&expires=1773855959&user_id=71483453"}]
[2026-03-18 09:45:59]  Nexus API GET /games/skyrimspecialedition/mods/124520/files/545385 → 200
[2026-03-18 09:45:59]    Response: {"id": [545385, 1704], "uid": 7318624817769, "file_id": 545385, "name": "KittyVFX - Lightning", "version": "1.3", "category_id": 1, "category_name": "MAIN", "is_primary": false, "size": 178, "file_name": "KittyVFX - Lightning-124520-1-3-1727105151.zip", "uploaded_timestamp": 1727105151, "uploaded_time": "2024-09-23T15:25:51.000+00:00", "mod_version": "1.3", "external_virus_scan_url": "https://www.virustotal.com/gui/file/9c933e420d1c82ebf2416b6764ffbfe1c5f1dad204fe22e6008965650d8f153a/detection/f-9c933e420d1c82ebf2416b6764ffbfe1c5f1dad204fe22e6008965650d8f153a-1727105192", "description": "Endorse if you like ~! Zap all things!", "size_kb": 178, "size_in_bytes": 182082, "changelog_html": "Tweaks the proportions of the explosion effect for better visual cohesion.", "content_preview_link": "https://file-metadata.nexusmods.com/file/nexus-files-s3-meta/1704/124520/KittyVFX - Lightning-124520-1-3-1727105151.zip.json"}
[2026-03-18 09:46:00]  Nexus: Installing KittyVFX - Lightning-124520-1-3-1727105151.zip...
[2026-03-18 09:46:00]  Extracting with zipfile…
[2026-03-18 09:46:00]  Direct install — 18 file(s) to install.
[2026-03-18 09:46:00]  Copied 18 item(s) to staging area.
[2026-03-18 09:46:00]  Installed 'KittyVFX - Lightning' → /home/luther/.config/AmethystModManager/Profiles/Skyrim Special Edition/mods/KittyVFX - Lightning
[2026-03-18 09:46:00]  Added 'KittyVFX - Lightning' to modlist.
[2026-03-18 09:46:00]  Wrote meta.ini: /home/luther/.config/AmethystModManager/Profiles/Skyrim Special Edition/mods/KittyVFX - Lightning/meta.ini
[2026-03-18 09:46:00]  Nexus: Saved metadata (mod 124520, v1.3)
[2026-03-18 09:46:00]  Nexus: Removed archive KittyVFX - Lightning-124520-1-3-1727105151.zip
[2026-03-18 09:46:00]  Downloads: found 0 archive(s) in 1 location(s)
[2026-03-18 09:46:00]  Downloaded KittyVFX - Lightning-124520-1-3-1727105151.zip (182082 bytes) → /home/luther/.config/AmethystModManager/download_cache/KittyVFX - Lightning-124520-1-3-1727105151.zip
[2026-03-18 09:46:00]  Nexus: Detected mod ID 124520 from filename.
[2026-03-18 09:46:00]  Nexus API POST GraphQL NxmModAndFile → 200
[2026-03-18 09:46:00]    Response: {"data": {"legacyModsByDomain": {"nodes": [{"modId": 124520, "name": "Lightning VFX Edit", "summary": "", "version": "1.3", "author": "Kittytail", "modCategory": {"categoryId": 75, "name": "Magic - Spells & Enchantments"}, "game": {"domainName": "skyrimspecialedition"}}]}}}
[2026-03-18 09:46:00]  Nexus API GET /games/skyrimspecialedition/mods/124520/files → 200
[2026-03-18 09:46:00]    Response: {"file_updates": [{"old_file_id": 522036, "new_file_id": 522039, "old_file_name": "KittyVFX - Lightning-124520-1-0-1721183620.zip", "new_file_name": "KittyVFX - Lightning-124520-1-02-1721184738.zip", "uploaded_timestamp": 1721184738, "uploaded_time": "2024-07-17T02:52:18.000+00:00"}, {"old_file_id": 522039, "new_file_id": 522162, "old_file_name": "KittyVFX - Lightning-124520-1-02-1721184738.zip", "new_file_name": "KittyVFX - Lightning-124520-1-03-1721227290.zip", "uploaded_timestamp": 1721227290, "uploaded_time": "2024-07-17T14:41:30.000+00:00"}, {"old_file_id": 522162, "new_file_id": 522487, "old_file_name": "KittyVFX - Lightning-124520-1-03-1721227290.zip", "new_file_name": "KittyVFX - Lightning-124520-1-1-1721319854.zip", "uploaded_timestamp": 1721319854, "uploaded_time": "2024-07-18T16:24:14.000+00:00"}, {"old_file_id": 522487, "new_file_id": 522509, "old_file_name": "KittyVFX - Lightning-124520-1-1-1721319854.zip", "new_file_name": "KittyVFX - Lightning-124520-1-12-1721326126.zip", "uploaded_timestamp": 1721326126, "uploaded_time": "2024-07-18T18:08:46.000+00:00"}, {"old_file_id": 522509, "new_file_id": 524277, "old_file_name": "KittyVFX - Lightning-124520-1-12-1721326126.zip"...
[2026-03-18 09:46:00]  Nexus: Identified as 'Lightning VFX Edit' (mod 124520, file 545385).
[2026-03-18 09:46:00]  Nexus: Saved metadata for 'KittyVFX - Lightning' (mod 124520)
[2026-03-18 09:46:00]  Wrote meta.ini: /home/luther/.config/AmethystModManager/Profiles/Skyrim Special Edition/mods/KittyVFX - Lightning/meta.ini
[2026-03-18 09:46:00]  Filemap updated: 34964 file(s).
[2026-03-18 09:46:06]  Nexus: Received link from browser.
[2026-03-18 09:46:06]  Nexus: Downloading mod 109414 file 462514 from skyrimspecialedition...
[2026-03-18 09:46:06]  Received NXM link from new instance: nxm://skyrimspecialedition/mods/109414/files/462514?key=HmCrz5AdoVRrqI6oVDm72A&expires=1774014364&user_id=71483453
[2026-03-18 09:46:06]  Nexus API POST GraphQL NxmModAndFile → 200
[2026-03-18 09:46:06]    Response: {"data": {"legacyModsByDomain": {"nodes": [{"modId": 109414, "name": "Flame VFX Edit", "summary": "", "version": "1.23", "author": "Kittytail", "modCategory": {"categoryId": 75, "name": "Magic - Spells & Enchantments"}, "game": {"domainName": "skyrimspecialedition"}}]}}}
[2026-03-18 09:46:06]  Nexus API GET /games/skyrimspecialedition/mods/109414/files/462514/download_link → 200
[2026-03-18 09:46:06]    Response: [{"name": "Nexus Global Content Delivery Network", "short_name": "Nexus CDN", "URI": "https://supporter-files.nexus-cdn.com/1704/109414/KittyVFX - Fire-109414-1-23-1705561113.zip?md5=7fYO9dBVxqhiWE2VvkdwgQ&expires=1773855966&user_id=71483453"}]
[2026-03-18 09:46:06]  Nexus API GET /games/skyrimspecialedition/mods/109414/files/462514 → 200
[2026-03-18 09:46:06]    Response: {"id": [462514, 1704], "uid": 7318624734898, "file_id": 462514, "name": "KittyVFX - Fire", "version": "1.23", "category_id": 1, "category_name": "MAIN", "is_primary": false, "size": 243, "file_name": "KittyVFX - Fire-109414-1-23-1705561113.zip", "uploaded_timestamp": 1705561113, "uploaded_time": "2024-01-18T06:58:33.000+00:00", "mod_version": "1.23", "external_virus_scan_url": "https://www.virustotal.com/gui/file/9621d78e5f70b7b7205ade3b89317ac47cf659e4519764966d182eb9bc3d5516/detection/f-9621d78e5f70b7b7205ade3b89317ac47cf659e4519764966d182eb9bc3d5516-1705561117", "description": "V1.2: Inventory effect added![img]https://i.imgur.com/S8T4SIIl.png[/img]\n<br />Don't forget to endorse if you like ~!", "size_kb": 243, "size_in_bytes": 249175, "changelog_html": null, "content_preview_link": "https://file-metadata.nexusmods.com/file/nexus-files-s3-meta/1704/109414/KittyVFX - Fire-109414-1-23-1705561113.zip.json"}
[2026-03-18 09:46:07]  Nexus: Installing KittyVFX - Fire-109414-1-23-1705561113.zip...
[2026-03-18 09:46:07]  Extracting with zipfile…
[2026-03-18 09:46:07]  Direct install — 12 file(s) to install.
[2026-03-18 09:46:07]  Copied 12 item(s) to staging area.
[2026-03-18 09:46:07]  Installed 'KittyVFX - Fire' → /home/luther/.config/AmethystModManager/Profiles/Skyrim Special Edition/mods/KittyVFX - Fire
[2026-03-18 09:46:07]  Added 'KittyVFX - Fire' to modlist.
[2026-03-18 09:46:07]  Wrote meta.ini: /home/luther/.config/AmethystModManager/Profiles/Skyrim Special Edition/mods/KittyVFX - Fire/meta.ini
[2026-03-18 09:46:07]  Nexus: Saved metadata (mod 109414, v1.23)
[2026-03-18 09:46:07]  Nexus: Removed archive KittyVFX - Fire-109414-1-23-1705561113.zip
[2026-03-18 09:46:07]  Downloads: found 0 archive(s) in 1 location(s)
[2026-03-18 09:46:07]  Downloaded KittyVFX - Fire-109414-1-23-1705561113.zip (249175 bytes) → /home/luther/.config/AmethystModManager/download_cache/KittyVFX - Fire-109414-1-23-1705561113.zip
[2026-03-18 09:46:07]  Nexus: Detected mod ID 109414 from filename.
[2026-03-18 09:46:07]  Nexus API POST GraphQL NxmModAndFile → 200
[2026-03-18 09:46:07]    Response: {"data": {"legacyModsByDomain": {"nodes": [{"modId": 109414, "name": "Flame VFX Edit", "summary": "", "version": "1.23", "author": "Kittytail", "modCategory": {"categoryId": 75, "name": "Magic - Spells & Enchantments"}, "game": {"domainName": "skyrimspecialedition"}}]}}}
[2026-03-18 09:46:07]  Nexus API GET /games/skyrimspecialedition/mods/109414/files → 200
[2026-03-18 09:46:07]    Response: {"file_updates": [{"old_file_id": 461845, "new_file_id": 461875, "old_file_name": "KittyVFX - Fire-109414-1-0-1705399785.zip", "new_file_name": "KittyVFX - Fire-109414-1-02-1705403928.zip", "uploaded_timestamp": 1705403928, "uploaded_time": "2024-01-16T11:18:48.000+00:00"}, {"old_file_id": 461875, "new_file_id": 461879, "old_file_name": "KittyVFX - Fire-109414-1-02-1705403928.zip", "new_file_name": "KittyVFX - Fire-109414-1-1-1705405348.zip", "uploaded_timestamp": 1705405348, "uploaded_time": "2024-01-16T11:42:28.000+00:00"}, {"old_file_id": 461879, "new_file_id": 462131, "old_file_name": "KittyVFX - Fire-109414-1-1-1705405348.zip", "new_file_name": "KittyVFX - Fire-109414-1-2-1705458782.zip", "uploaded_timestamp": 1705458782, "uploaded_time": "2024-01-17T02:33:02.000+00:00"}, {"old_file_id": 462131, "new_file_id": 462514, "old_file_name": "KittyVFX - Fire-109414-1-2-1705458782.zip", "new_file_name": "KittyVFX - Fire-109414-1-23-1705561113.zip", "uploaded_timestamp": 1705561113, "uploaded_time": "2024-01-18T06:58:33.000+00:00"}, {"old_file_id": 462108, "new_file_id": 462109, "old_file_name": "KittyVFX - Yellow Fire-109414-1-1-1705453521.zip", "new_file_name": "KittyVFX - Yellow Fir...
[2026-03-18 09:46:07]  Wrote meta.ini: /home/luther/.config/AmethystModManager/Profiles/Skyrim Special Edition/mods/KittyVFX - Fire/meta.ini
[2026-03-18 09:46:07]  Nexus: Identified as 'Flame VFX Edit' (mod 109414, file 462514).
[2026-03-18 09:46:07]  Nexus: Saved metadata for 'KittyVFX - Fire' (mod 109414)
[2026-03-18 09:46:07]  Filemap updated: 34976 file(s).
[2026-03-18 09:46:13]  Nexus: Received link from browser.
[2026-03-18 09:46:13]  Nexus: Downloading mod 118431 file 498825 from skyrimspecialedition...
[2026-03-18 09:46:13]  Received NXM link from new instance: nxm://skyrimspecialedition/mods/118431/files/498825?key=U1o23-oWSlGR5KYjbDGYYw&expires=1774014372&user_id=71483453
[2026-03-18 09:46:13]  Nexus API POST GraphQL NxmModAndFile → 200
[2026-03-18 09:46:13]    Response: {"data": {"legacyModsByDomain": {"nodes": [{"modId": 118431, "name": "Dragon Breath VFX Edit", "summary": "", "version": "1.32", "author": "Kittytail", "modCategory": {"categoryId": 75, "name": "Magic - Spells & Enchantments"}, "game": {"domainName": "skyrimspecialedition"}}]}}}
[2026-03-18 09:46:14]  Nexus API GET /games/skyrimspecialedition/mods/118431/files/498825/download_link → 200
[2026-03-18 09:46:14]    Response: [{"name": "Nexus Global Content Delivery Network", "short_name": "Nexus CDN", "URI": "https://supporter-files.nexus-cdn.com/1704/118431/KittyVFX - Dragon Breath-118431-1-32-1715102250.zip?md5=9IjLbGrjVpwcWjIKSgXMlA&expires=1773855974&user_id=71483453"}]
[2026-03-18 09:46:14]  Nexus API GET /games/skyrimspecialedition/mods/118431/files/498825 → 200
[2026-03-18 09:46:14]    Response: {"id": [498825, 1704], "uid": 7318624771209, "file_id": 498825, "name": "KittyVFX - Dragon Breath", "version": "1.32", "category_id": 1, "category_name": "MAIN", "is_primary": true, "size": 165, "file_name": "KittyVFX - Dragon Breath-118431-1-32-1715102250.zip", "uploaded_timestamp": 1715102250, "uploaded_time": "2024-05-07T17:17:30.000+00:00", "mod_version": "1.32", "external_virus_scan_url": "https://www.virustotal.com/gui/file/6440c946610126d1c1e35c4ef9e4b69c52ce210146647d800f4cfbd9587aee0a/detection/f-6440c946610126d1c1e35c4ef9e4b69c52ce210146647d800f4cfbd9587aee0a-1715102460", "description": "Don't forget to endorse if you like ~!", "size_kb": 165, "size_in_bytes": 169133, "changelog_html": "Increases refraction for fire breath and fixes the mesh UV mapping being half its normal size.", "content_preview_link": "https://file-metadata.nexusmods.com/file/nexus-files-s3-meta/1704/118431/KittyVFX - Dragon Breath-118431-1-32-1715102250.zip.json"}
[2026-03-18 09:46:14]  Downloaded KittyVFX - Dragon Breath-118431-1-32-1715102250.zip (169133 bytes) → /home/luther/.config/AmethystModManager/download_cache/KittyVFX - Dragon Breath-118431-1-32-1715102250.zip
[2026-03-18 09:46:14]  Nexus: Installing KittyVFX - Dragon Breath-118431-1-32-1715102250.zip...
[2026-03-18 09:46:14]  Extracting with zipfile…
[2026-03-18 09:46:14]  Direct install — 9 file(s) to install.
[2026-03-18 09:46:14]  Copied 9 item(s) to staging area.
[2026-03-18 09:46:14]  Installed 'KittyVFX - Dragon Breath' → /home/luther/.config/AmethystModManager/Profiles/Skyrim Special Edition/mods/KittyVFX - Dragon Breath
[2026-03-18 09:46:14]  Added 'KittyVFX - Dragon Breath' to modlist.
[2026-03-18 09:46:14]  Wrote meta.ini: /home/luther/.config/AmethystModManager/Profiles/Skyrim Special Edition/mods/KittyVFX - Dragon Breath/meta.ini
[2026-03-18 09:46:14]  Nexus: Saved metadata (mod 118431, v1.32)
[2026-03-18 09:46:14]  Nexus: Removed archive KittyVFX - Dragon Breath-118431-1-32-1715102250.zip
[2026-03-18 09:46:14]  Downloads: found 0 archive(s) in 1 location(s)
[2026-03-18 09:46:14]  Nexus: Detected mod ID 118431 from filename.
[2026-03-18 09:46:15]  Nexus API POST GraphQL NxmModAndFile → 200
[2026-03-18 09:46:15]    Response: {"data": {"legacyModsByDomain": {"nodes": [{"modId": 118431, "name": "Dragon Breath VFX Edit", "summary": "", "version": "1.32", "author": "Kittytail", "modCategory": {"categoryId": 75, "name": "Magic - Spells & Enchantments"}, "game": {"domainName": "skyrimspecialedition"}}]}}}
[2026-03-18 09:46:15]  Nexus API GET /games/skyrimspecialedition/mods/118431/files → 200
[2026-03-18 09:46:15]    Response: {"file_updates": [{"old_file_id": 497111, "new_file_id": 497282, "old_file_name": "KittyVFX - Dragon Breath-118431-1-0-1714664824.zip", "new_file_name": "KittyVFX - Dragon Breath-118431-1-1-1714707722.zip", "uploaded_timestamp": 1714707722, "uploaded_time": "2024-05-03T03:42:02.000+00:00"}, {"old_file_id": 497282, "new_file_id": 497348, "old_file_name": "KittyVFX - Dragon Breath-118431-1-1-1714707722.zip", "new_file_name": "KittyVFX - Dragon Breath-118431-1-2-1714733572.zip", "uploaded_timestamp": 1714733573, "uploaded_time": "2024-05-03T10:52:53.000+00:00"}, {"old_file_id": 497348, "new_file_id": 497644, "old_file_name": "KittyVFX - Dragon Breath-118431-1-2-1714733572.zip", "new_file_name": "KittyVFX - Dragon Breath-118431-1-21-1714802054.zip", "uploaded_timestamp": 1714802054, "uploaded_time": "2024-05-04T05:54:14.000+00:00"}, {"old_file_id": 497644, "new_file_id": 497859, "old_file_name": "KittyVFX - Dragon Breath-118431-1-21-1714802054.zip", "new_file_name": "KittyVFX - Dragon Breath-118431-1-3-1714854876.zip", "uploaded_timestamp": 1714854876, "uploaded_time": "2024-05-04T20:34:36.000+00:00"}, {"old_file_id": 497859, "new_file_id": 498825, "old_file_name": "KittyVFX - Dragon B...
[2026-03-18 09:46:15]  Wrote meta.ini: /home/luther/.config/AmethystModManager/Profiles/Skyrim Special Edition/mods/KittyVFX - Dragon Breath/meta.ini
[2026-03-18 09:46:15]  Nexus: Identified as 'Dragon Breath VFX Edit' (mod 118431, file 498825).
[2026-03-18 09:46:15]  Nexus: Saved metadata for 'KittyVFX - Dragon Breath' (mod 118431)
[2026-03-18 09:46:15]  Filemap updated: 34985 file(s).
[2026-03-18 09:46:19]  Nexus: Received link from browser.
[2026-03-18 09:46:19]  Nexus: Downloading mod 112509 file 633131 from skyrimspecialedition...
[2026-03-18 09:46:19]  Received NXM link from new instance: nxm://skyrimspecialedition/mods/112509/files/633131?key=CmWcCgYlW_Iu-IWqefrgeQ&expires=1774014377&user_id=71483453
[2026-03-18 09:46:19]  Nexus API POST GraphQL NxmModAndFile → 200
[2026-03-18 09:46:19]    Response: {"data": {"legacyModsByDomain": {"nodes": [{"modId": 112509, "name": "Frost VFX Edit", "summary": "", "version": "1.23", "author": "Kittytail", "modCategory": {"categoryId": 75, "name": "Magic - Spells & Enchantments"}, "game": {"domainName": "skyrimspecialedition"}}]}}}
[2026-03-18 09:46:19]  Nexus API GET /games/skyrimspecialedition/mods/112509/files/633131/download_link → 200
[2026-03-18 09:46:19]    Response: [{"name": "Nexus Global Content Delivery Network", "short_name": "Nexus CDN", "URI": "https://supporter-files.nexus-cdn.com/1704/112509/KittyVFX - Frost-112509-1-23-1748681544.zip?md5=81cCUJpVqKvRUkNPexbLwg&expires=1773855979&user_id=71483453"}]
[2026-03-18 09:46:19]  Nexus API GET /games/skyrimspecialedition/mods/112509/files/633131 → 200
[2026-03-18 09:46:19]    Response: {"id": [633131, 1704], "uid": 7318624905515, "file_id": 633131, "name": "KittyVFX - Frost", "version": "1.23", "category_id": 1, "category_name": "MAIN", "is_primary": false, "size": 279, "file_name": "KittyVFX - Frost-112509-1-23-1748681544.zip", "uploaded_timestamp": 1748681544, "uploaded_time": "2025-05-31T08:52:24.000+00:00", "mod_version": "1.23", "external_virus_scan_url": "https://www.virustotal.com/gui/file/973bd02729bca1174f38352bc4c64fa790b4258b381485668f4d39942a0ae0fd/detection/f-973bd02729bca1174f38352bc4c64fa790b4258b381485668f4d39942a0ae0fd-1748681548", "description": "Don't forget to endorse if you like ~!", "size_kb": 279, "size_in_bytes": 285879, "changelog_html": "Attempt #1 at fixing disappearing effects.", "content_preview_link": "https://file-metadata.nexusmods.com/file/nexus-files-s3-meta/1704/112509/KittyVFX - Frost-112509-1-23-1748681544.zip.json"}
[2026-03-18 09:46:20]  Nexus: Installing KittyVFX - Frost-112509-1-23-1748681544.zip...
[2026-03-18 09:46:20]  Extracting with zipfile…
[2026-03-18 09:46:20]  Direct install — 18 file(s) to install.
[2026-03-18 09:46:20]  Copied 18 item(s) to staging area.
[2026-03-18 09:46:20]  Installed 'KittyVFX - Frost' → /home/luther/.config/AmethystModManager/Profiles/Skyrim Special Edition/mods/KittyVFX - Frost
[2026-03-18 09:46:20]  Added 'KittyVFX - Frost' to modlist.
[2026-03-18 09:46:20]  Wrote meta.ini: /home/luther/.config/AmethystModManager/Profiles/Skyrim Special Edition/mods/KittyVFX - Frost/meta.ini
[2026-03-18 09:46:20]  Nexus: Saved metadata (mod 112509, v1.23)
[2026-03-18 09:46:20]  Nexus: Removed archive KittyVFX - Frost-112509-1-23-1748681544.zip
[2026-03-18 09:46:20]  Downloads: found 0 archive(s) in 1 location(s)
[2026-03-18 09:46:20]  Downloaded KittyVFX - Frost-112509-1-23-1748681544.zip (285879 bytes) → /home/luther/.config/AmethystModManager/download_cache/KittyVFX - Frost-112509-1-23-1748681544.zip
[2026-03-18 09:46:20]  Nexus: Detected mod ID 112509 from filename.
[2026-03-18 09:46:20]  Nexus API POST GraphQL NxmModAndFile → 200
[2026-03-18 09:46:20]    Response: {"data": {"legacyModsByDomain": {"nodes": [{"modId": 112509, "name": "Frost VFX Edit", "summary": "", "version": "1.23", "author": "Kittytail", "modCategory": {"categoryId": 75, "name": "Magic - Spells & Enchantments"}, "game": {"domainName": "skyrimspecialedition"}}]}}}
[2026-03-18 09:46:20]  Nexus: Identified as 'Frost VFX Edit' (mod 112509, file 633131).
[2026-03-18 09:46:20]  Nexus API GET /games/skyrimspecialedition/mods/112509/files → 200
[2026-03-18 09:46:21]    Response: {"file_updates": [{"old_file_id": 474227, "new_file_id": 474236, "old_file_name": "KittyVFX - Frost-112509-1-0-1708826103.zip", "new_file_name": "KittyVFX - Frost-112509-1-02-1708829361.zip", "uploaded_timestamp": 1708829361, "uploaded_time": "2024-02-25T02:49:21.000+00:00"}, {"old_file_id": 474236, "new_file_id": 474630, "old_file_name": "KittyVFX - Frost-112509-1-02-1708829361.zip", "new_file_name": "KittyVFX - Frost-112509-1-1-1708927098.zip", "uploaded_timestamp": 1708927098, "uploaded_time": "2024-02-26T05:58:18.000+00:00"}, {"old_file_id": 474630, "new_file_id": 474640, "old_file_name": "KittyVFX - Frost-112509-1-1-1708927098.zip", "new_file_name": "KittyVFX - Frost-112509-1-12-1708931526.zip", "uploaded_timestamp": 1708931526, "uploaded_time": "2024-02-26T07:12:06.000+00:00"}, {"old_file_id": 474640, "new_file_id": 474643, "old_file_name": "KittyVFX - Frost-112509-1-12-1708931526.zip", "new_file_name": "KittyVFX - Frost-112509-1-12-1708932317.zip", "uploaded_timestamp": 1708932317, "uploaded_time": "2024-02-26T07:25:17.000+00:00"}, {"old_file_id": 474643, "new_file_id": 476861, "old_file_name": "KittyVFX - Frost-112509-1-12-1708932317.zip", "new_file_name": "KittyVFX - Frost...
[2026-03-18 09:46:21]  Wrote meta.ini: /home/luther/.config/AmethystModManager/Profiles/Skyrim Special Edition/mods/KittyVFX - Frost/meta.ini
[2026-03-18 09:46:21]  Nexus: Saved metadata for 'KittyVFX - Frost' (mod 112509)
[2026-03-18 09:46:21]  Filemap updated: 35003 file(s).
[2026-03-18 09:46:53]  Nexus: Received link from browser.
[2026-03-18 09:46:53]  Nexus: Downloading mod 133774 file 562261 from skyrimspecialedition...
[2026-03-18 09:46:54]  Received NXM link from new instance: nxm://skyrimspecialedition/mods/133774/files/562261?key=V0t2HzV4ttaSZaLGcIu98Q&expires=1774014412&user_id=71483453
[2026-03-18 09:46:54]  Nexus API POST GraphQL NxmModAndFile → 200
[2026-03-18 09:46:54]    Response: {"data": {"legacyModsByDomain": {"nodes": [{"modId": 133774, "name": "Healing VFX Edit", "summary": "", "version": "1.3", "author": "Kittytail", "modCategory": {"categoryId": 75, "name": "Magic - Spells & Enchantments"}, "game": {"domainName": "skyrimspecialedition"}}]}}}
[2026-03-18 09:46:54]  Nexus API GET /games/skyrimspecialedition/mods/133774/files/562261/download_link → 200
[2026-03-18 09:46:54]    Response: [{"name": "Nexus Global Content Delivery Network", "short_name": "Nexus CDN", "URI": "https://supporter-files.nexus-cdn.com/1704/133774/KittyVFX - Healing-133774-1-3-1731613112.zip?md5=P0Oiwq_zLjTl36NOZBiJ_w&expires=1773856014&user_id=71483453"}]
[2026-03-18 09:46:54]  Nexus API GET /games/skyrimspecialedition/mods/133774/files/562261 → 200
[2026-03-18 09:46:54]    Response: {"id": [562261, 1704], "uid": 7318624834645, "file_id": 562261, "name": "KittyVFX - Healing", "version": "1.3", "category_id": 1, "category_name": "MAIN", "is_primary": false, "size": 114, "file_name": "KittyVFX - Healing-133774-1-3-1731613112.zip", "uploaded_timestamp": 1731613112, "uploaded_time": "2024-11-14T19:38:32.000+00:00", "mod_version": "1.3", "external_virus_scan_url": "https://www.virustotal.com/gui/file/1cae3155a5c63222292823f64663c47210d546e9f07d4a832f073fd12f147ee4/detection/f-1cae3155a5c63222292823f64663c47210d546e9f07d4a832f073fd12f147ee4-1731613115", "description": "Have fun and don't forget to endorse the mod~!", "size_kb": 114, "size_in_bytes": 116265, "changelog_html": "Improves UV of the inventory and hands effect.\nAdds another halo to the inventory visual efect.", "content_preview_link": "https://file-metadata.nexusmods.com/file/nexus-files-s3-meta/1704/133774/KittyVFX - Healing-133774-1-3-1731613112.zip.json"}
[2026-03-18 09:46:55]  Nexus: Installing KittyVFX - Healing-133774-1-3-1731613112.zip...
[2026-03-18 09:46:55]  Extracting with zipfile…
[2026-03-18 09:46:55]  Direct install — 8 file(s) to install.
[2026-03-18 09:46:55]  Copied 8 item(s) to staging area.
[2026-03-18 09:46:55]  Installed 'KittyVFX - Healing' → /home/luther/.config/AmethystModManager/Profiles/Skyrim Special Edition/mods/KittyVFX - Healing
[2026-03-18 09:46:55]  Added 'KittyVFX - Healing' to modlist.
[2026-03-18 09:46:55]  Wrote meta.ini: /home/luther/.config/AmethystModManager/Profiles/Skyrim Special Edition/mods/KittyVFX - Healing/meta.ini
[2026-03-18 09:46:55]  Nexus: Saved metadata (mod 133774, v1.3)
[2026-03-18 09:46:55]  Nexus: Removed archive KittyVFX - Healing-133774-1-3-1731613112.zip
[2026-03-18 09:46:55]  Downloads: found 0 archive(s) in 1 location(s)
[2026-03-18 09:46:55]  Downloaded KittyVFX - Healing-133774-1-3-1731613112.zip (116265 bytes) → /home/luther/.config/AmethystModManager/download_cache/KittyVFX - Healing-133774-1-3-1731613112.zip
[2026-03-18 09:46:55]  Nexus: Detected mod ID 133774 from filename.
[2026-03-18 09:46:55]  Nexus API POST GraphQL NxmModAndFile → 200
[2026-03-18 09:46:55]    Response: {"data": {"legacyModsByDomain": {"nodes": [{"modId": 133774, "name": "Healing VFX Edit", "summary": "", "version": "1.3", "author": "Kittytail", "modCategory": {"categoryId": 75, "name": "Magic - Spells & Enchantments"}, "game": {"domainName": "skyrimspecialedition"}}]}}}
[2026-03-18 09:46:55]  Nexus API GET /games/skyrimspecialedition/mods/133774/files → 200
[2026-03-18 09:46:55]    Response: {"file_updates": [{"old_file_id": 561648, "new_file_id": 561678, "old_file_name": "KittyVFX - Healing-133774-1-0-1731446027.zip", "new_file_name": "KittyVFX - Healing-133774-1-02-1731453475.zip", "uploaded_timestamp": 1731453475, "uploaded_time": "2024-11-12T23:17:55.000+00:00"}, {"old_file_id": 561678, "new_file_id": 561813, "old_file_name": "KittyVFX - Healing-133774-1-02-1731453475.zip", "new_file_name": "KittyVFX - Healing-133774-1-03-1731497798.zip", "uploaded_timestamp": 1731497798, "uploaded_time": "2024-11-13T11:36:38.000+00:00"}, {"old_file_id": 561813, "new_file_id": 561835, "old_file_name": "KittyVFX - Healing-133774-1-03-1731497798.zip", "new_file_name": "KittyVFX - Healing-133774-1-1-1731504175.zip", "uploaded_timestamp": 1731504175, "uploaded_time": "2024-11-13T13:22:55.000+00:00"}, {"old_file_id": 561835, "new_file_id": 562228, "old_file_name": "KittyVFX - Healing-133774-1-1-1731504175.zip", "new_file_name": "KittyVFX - Healing-133774-1-2-1731605887.zip", "uploaded_timestamp": 1731605887, "uploaded_time": "2024-11-14T17:38:07.000+00:00"}, {"old_file_id": 562228, "new_file_id": 562229, "old_file_name": "KittyVFX - Healing-133774-1-2-1731605887.zip", "new_file_name": "...
[2026-03-18 09:46:55]  Nexus: Identified as 'Healing VFX Edit' (mod 133774, file 562261).
[2026-03-18 09:46:55]  Wrote meta.ini: /home/luther/.config/AmethystModManager/Profiles/Skyrim Special Edition/mods/KittyVFX - Healing/meta.ini
[2026-03-18 09:46:55]  Nexus: Saved metadata for 'KittyVFX - Healing' (mod 133774)
[2026-03-18 09:46:55]  Filemap updated: 35011 file(s).
[2026-03-18 09:47:00]  Nexus: Received link from browser.
[2026-03-18 09:47:00]  Nexus: Downloading mod 135614 file 571316 from skyrimspecialedition...
[2026-03-18 09:47:00]  Received NXM link from new instance: nxm://skyrimspecialedition/mods/135614/files/571316?key=OY5Utr7v9BBJWjau-1ZbmQ&expires=1774014419&user_id=71483453
[2026-03-18 09:47:00]  Nexus API POST GraphQL NxmModAndFile → 200
[2026-03-18 09:47:00]    Response: {"data": {"legacyModsByDomain": {"nodes": [{"modId": 135614, "name": "Summoning Portals VFX Edit", "summary": "", "version": "1.03", "author": "Kittytail", "modCategory": {"categoryId": 75, "name": "Magic - Spells & Enchantments"}, "game": {"domainName": "skyrimspecialedition"}}]}}}
[2026-03-18 09:47:01]  Nexus API GET /games/skyrimspecialedition/mods/135614/files/571316/download_link → 200
[2026-03-18 09:47:01]    Response: [{"name": "Nexus Global Content Delivery Network", "short_name": "Nexus CDN", "URI": "https://supporter-files.nexus-cdn.com/1704/135614/KittyVFX - Portals-135614-1-03-1733917786.zip?md5=6x4StIpgMgUK0oQ0zDPpMA&expires=1773856021&user_id=71483453"}]
[2026-03-18 09:47:01]  Nexus API GET /games/skyrimspecialedition/mods/135614/files/571316 → 200
[2026-03-18 09:47:01]    Response: {"id": [571316, 1704], "uid": 7318624843700, "file_id": 571316, "name": "KittyVFX - Portals", "version": "1.03", "category_id": 1, "category_name": "MAIN", "is_primary": false, "size": 1290, "file_name": "KittyVFX - Portals-135614-1-03-1733917786.zip", "uploaded_timestamp": 1733917786, "uploaded_time": "2024-12-11T11:49:46.000+00:00", "mod_version": "1.03", "external_virus_scan_url": "https://www.virustotal.com/gui/file/a47eef98fb6d1595374691ac37c6b2cb7858c423047c66a80a8dd4851429af97/detection/f-a47eef98fb6d1595374691ac37c6b2cb7858c423047c66a80a8dd4851429af97-1733917790", "description": "Have fun and don't forget to endorse the mod~ &lt;3", "size_kb": 1290, "size_in_bytes": 1320849, "changelog_html": "Removes the black streaks and tweaks the size of particles of the Summon spells inventory visual for a more consistent visual style.", "content_preview_link": "https://file-metadata.nexusmods.com/file/nexus-files-s3-meta/1704/135614/KittyVFX - Portals-135614-1-03-1733917786.zip.json"}
[2026-03-18 09:47:03]  Nexus: Installing KittyVFX - Portals-135614-1-03-1733917786.zip...
[2026-03-18 09:47:03]  Extracting with zipfile…
[2026-03-18 09:47:03]  Direct install — 10 file(s) to install.
[2026-03-18 09:47:03]  Copied 10 item(s) to staging area.
[2026-03-18 09:47:03]  Installed 'KittyVFX - Portals' → /home/luther/.config/AmethystModManager/Profiles/Skyrim Special Edition/mods/KittyVFX - Portals
[2026-03-18 09:47:03]  Added 'KittyVFX - Portals' to modlist.
[2026-03-18 09:47:03]  Wrote meta.ini: /home/luther/.config/AmethystModManager/Profiles/Skyrim Special Edition/mods/KittyVFX - Portals/meta.ini
[2026-03-18 09:47:03]  Nexus: Saved metadata (mod 135614, v1.03)
[2026-03-18 09:47:03]  Nexus: Removed archive KittyVFX - Portals-135614-1-03-1733917786.zip
[2026-03-18 09:47:03]  Downloads: found 0 archive(s) in 1 location(s)
[2026-03-18 09:47:03]  Downloaded KittyVFX - Portals-135614-1-03-1733917786.zip (1320849 bytes) → /home/luther/.config/AmethystModManager/download_cache/KittyVFX - Portals-135614-1-03-1733917786.zip
[2026-03-18 09:47:03]  Nexus: Detected mod ID 135614 from filename.
[2026-03-18 09:47:03]  Nexus API POST GraphQL NxmModAndFile → 200
[2026-03-18 09:47:03]    Response: {"data": {"legacyModsByDomain": {"nodes": [{"modId": 135614, "name": "Summoning Portals VFX Edit", "summary": "", "version": "1.03", "author": "Kittytail", "modCategory": {"categoryId": 75, "name": "Magic - Spells & Enchantments"}, "game": {"domainName": "skyrimspecialedition"}}]}}}
[2026-03-18 09:47:03]  Nexus API GET /games/skyrimspecialedition/mods/135614/files → 200
[2026-03-18 09:47:03]    Response: {"file_updates": [{"old_file_id": 569231, "new_file_id": 569448, "old_file_name": "KittyVFX - Portals-135614-1-0-1733417468.zip", "new_file_name": "KittyVFX - Portals-135614-1-02-1733467880.zip", "uploaded_timestamp": 1733467880, "uploaded_time": "2024-12-06T06:51:20.000+00:00"}, {"old_file_id": 569448, "new_file_id": 571316, "old_file_name": "KittyVFX - Portals-135614-1-02-1733467880.zip", "new_file_name": "KittyVFX - Portals-135614-1-03-1733917786.zip", "uploaded_timestamp": 1733917786, "uploaded_time": "2024-12-11T11:49:46.000+00:00"}], "files": [{"id": [569231, 1704], "uid": 7318624841615, "file_id": 569231, "name": "KittyVFX - Portals", "version": "1.0", "category_id": 4, "category_name": "OLD_VERSION", "is_primary": false, "size": 1290, "file_name": "KittyVFX - Portals-135614-1-0-1733417468.zip", "uploaded_timestamp": 1733417468, "uploaded_time": "2024-12-05T16:51:08.000+00:00", "mod_version": "1.0", "external_virus_scan_url": "https://www.virustotal.com/gui/file/58b0d577860ded103a5f92b759299f1b330d3641f2d732961e2650eed649664f/detection/f-58b0d577860ded103a5f92b759299f1b330d3641f2d732961e2650eed649664f-1733417476", "description": "Have fun and don't forget to endorse the mod~...
[2026-03-18 09:47:03]  Wrote meta.ini: /home/luther/.config/AmethystModManager/Profiles/Skyrim Special Edition/mods/KittyVFX - Portals/meta.ini
[2026-03-18 09:47:03]  Nexus: Identified as 'Summoning Portals VFX Edit' (mod 135614, file 571316).
[2026-03-18 09:47:03]  Nexus: Saved metadata for 'KittyVFX - Portals' (mod 135614)
[2026-03-18 09:47:03]  Filemap updated: 35021 file(s).
[2026-03-18 09:47:04]  Nexus: Received link from browser.
[2026-03-18 09:47:04]  Nexus: Downloading mod 137381 file 576353 from skyrimspecialedition...
[2026-03-18 09:47:05]  Received NXM link from new instance: nxm://skyrimspecialedition/mods/137381/files/576353?key=SMuArtgypubzL8mNOoxZwg&expires=1774014423&user_id=71483453
[2026-03-18 09:47:05]  Nexus API POST GraphQL NxmModAndFile → 200
[2026-03-18 09:47:05]    Response: {"data": {"legacyModsByDomain": {"nodes": [{"modId": 137381, "name": "Candle Flame VFX Edit", "summary": "", "version": "1.0", "author": "Kittytail", "modCategory": {"categoryId": 29, "name": "Models and Textures"}, "game": {"domainName": "skyrimspecialedition"}}]}}}
[2026-03-18 09:47:05]  Nexus API GET /games/skyrimspecialedition/mods/137381/files/576353/download_link → 200
[2026-03-18 09:47:05]    Response: [{"name": "Nexus Global Content Delivery Network", "short_name": "Nexus CDN", "URI": "https://supporter-files.nexus-cdn.com/1704/137381/Candle Flame VFX Edit-137381-1-0-1735255444.zip?md5=PbDSNGm_V30TEZiXRD-NvA&expires=1773856025&user_id=71483453"}]
[2026-03-18 09:47:05]  Nexus API GET /games/skyrimspecialedition/mods/137381/files/576353 → 200
[2026-03-18 09:47:05]    Response: {"id": [576353, 1704], "uid": 7318624848737, "file_id": 576353, "name": "Candle Flame VFX Edit", "version": "1.0", "category_id": 1, "category_name": "MAIN", "is_primary": false, "size": 1, "file_name": "Candle Flame VFX Edit-137381-1-0-1735255444.zip", "uploaded_timestamp": 1735255444, "uploaded_time": "2024-12-26T23:24:04.000+00:00", "mod_version": "1.0", "external_virus_scan_url": "https://www.virustotal.com/gui/file/4195a1e6de1842021343c1a68d79ebaa3100b7b87cd6985c249bba5e37d55b5f/detection/f-4195a1e6de1842021343c1a68d79ebaa3100b7b87cd6985c249bba5e37d55b5f-1735255446", "description": "Don't forget to endorse if you like ~!", "size_kb": 1, "size_in_bytes": 1480, "changelog_html": "Initial release.", "content_preview_link": "https://file-metadata.nexusmods.com/file/nexus-files-s3-meta/1704/137381/Candle Flame VFX Edit-137381-1-0-1735255444.zip.json"}
[2026-03-18 09:47:05]  Nexus: Installing Candle Flame VFX Edit-137381-1-0-1735255444.zip...
[2026-03-18 09:47:05]  Extracting with zipfile…
[2026-03-18 09:47:05]  Direct install — 1 file(s) to install.
[2026-03-18 09:47:05]  Copied 1 item(s) to staging area.
[2026-03-18 09:47:05]  Installed 'Candle Flame VFX Edit' → /home/luther/.config/AmethystModManager/Profiles/Skyrim Special Edition/mods/Candle Flame VFX Edit
[2026-03-18 09:47:05]  Added 'Candle Flame VFX Edit' to modlist.
[2026-03-18 09:47:06]  Wrote meta.ini: /home/luther/.config/AmethystModManager/Profiles/Skyrim Special Edition/mods/Candle Flame VFX Edit/meta.ini
[2026-03-18 09:47:06]  Nexus: Saved metadata (mod 137381, v1.0)
[2026-03-18 09:47:06]  Nexus: Removed archive Candle Flame VFX Edit-137381-1-0-1735255444.zip
[2026-03-18 09:47:06]  Downloads: found 0 archive(s) in 1 location(s)
[2026-03-18 09:47:06]  Downloaded Candle Flame VFX Edit-137381-1-0-1735255444.zip (1480 bytes) → /home/luther/.config/AmethystModManager/download_cache/Candle Flame VFX Edit-137381-1-0-1735255444.zip
[2026-03-18 09:47:06]  Nexus: Detected mod ID 137381 from filename.
[2026-03-18 09:47:06]  Nexus API POST GraphQL NxmModAndFile → 200
[2026-03-18 09:47:06]    Response: {"data": {"legacyModsByDomain": {"nodes": [{"modId": 137381, "name": "Candle Flame VFX Edit", "summary": "", "version": "1.0", "author": "Kittytail", "modCategory": {"categoryId": 29, "name": "Models and Textures"}, "game": {"domainName": "skyrimspecialedition"}}]}}}
[2026-03-18 09:47:06]  Nexus API GET /games/skyrimspecialedition/mods/137381/files → 200
[2026-03-18 09:47:06]    Response: {"file_updates": [], "files": [{"id": [576353, 1704], "uid": 7318624848737, "file_id": 576353, "name": "Candle Flame VFX Edit", "version": "1.0", "category_id": 1, "category_name": "MAIN", "is_primary": false, "size": 1, "file_name": "Candle Flame VFX Edit-137381-1-0-1735255444.zip", "uploaded_timestamp": 1735255444, "uploaded_time": "2024-12-26T23:24:04.000+00:00", "mod_version": "1.0", "external_virus_scan_url": "https://www.virustotal.com/gui/file/4195a1e6de1842021343c1a68d79ebaa3100b7b87cd6985c249bba5e37d55b5f/detection/f-4195a1e6de1842021343c1a68d79ebaa3100b7b87cd6985c249bba5e37d55b5f-1735255446", "description": "Don't forget to endorse if you like ~!", "size_kb": 1, "size_in_bytes": 1480, "changelog_html": "Initial release.", "content_preview_link": "https://file-metadata.nexusmods.com/file/nexus-files-s3-meta/1704/137381/Candle Flame VFX Edit-137381-1-0-1735255444.zip.json"}, {"id": [596592, 1704], "uid": 7318624868976, "file_id": 596592, "name": "Candle Flame VFX Edit - No Glow", "version": "1.0", "category_id": 3, "category_name": "OPTIONAL", "is_primary": false, "size": 1, "file_name": "Candle Flame VFX Edit - No Glow-137381-1-0-1739974004.zip", "uploaded_timestamp": 1739...
[2026-03-18 09:47:06]  Nexus: Identified as 'Candle Flame VFX Edit' (mod 137381, file 576353).
[2026-03-18 09:47:06]  Nexus: Saved metadata for 'Candle Flame VFX Edit' (mod 137381)
[2026-03-18 09:47:06]  Wrote meta.ini: /home/luther/.config/AmethystModManager/Profiles/Skyrim Special Edition/mods/Candle Flame VFX Edit/meta.ini
[2026-03-18 09:47:06]  Filemap updated: 35022 file(s).
[2026-03-18 09:47:08]  Nexus: Received link from browser.
[2026-03-18 09:47:08]  Nexus: Downloading mod 151787 file 634631 from skyrimspecialedition...
[2026-03-18 09:47:08]  Received NXM link from new instance: nxm://skyrimspecialedition/mods/151787/files/634631?key=ICcdk4_e3ne4ndv7jXMYkA&expires=1774014426&user_id=71483453
[2026-03-18 09:47:08]  Nexus API POST GraphQL NxmModAndFile → 200
[2026-03-18 09:47:08]    Response: {"data": {"legacyModsByDomain": {"nodes": [{"modId": 151787, "name": "Light Magic VFX Edit", "summary": "", "version": "1.2", "author": "Kittytail", "modCategory": {"categoryId": 75, "name": "Magic - Spells & Enchantments"}, "game": {"domainName": "skyrimspecialedition"}}]}}}
[2026-03-18 09:47:08]  Nexus API GET /games/skyrimspecialedition/mods/151787/files/634631/download_link → 200
[2026-03-18 09:47:08]    Response: [{"name": "Nexus Global Content Delivery Network", "short_name": "Nexus CDN", "URI": "https://supporter-files.nexus-cdn.com/1704/151787/Light Magic VFX Edit-151787-1-2-1749074436.zip?md5=UhpMbwVt2Qx4Bn4V46VlnA&expires=1773856028&user_id=71483453"}]
[2026-03-18 09:47:08]  Nexus API GET /games/skyrimspecialedition/mods/151787/files/634631 → 200
[2026-03-18 09:47:08]    Response: {"id": [634631, 1704], "uid": 7318624907015, "file_id": 634631, "name": "Light Magic VFX Edit", "version": "1.2", "category_id": 1, "category_name": "MAIN", "is_primary": false, "size": 28, "file_name": "Light Magic VFX Edit-151787-1-2-1749074436.zip", "uploaded_timestamp": 1749074436, "uploaded_time": "2025-06-04T22:00:36.000+00:00", "mod_version": "1.2", "external_virus_scan_url": "https://www.virustotal.com/gui/file/9003576fac1b31c7ec44858d38fc2728538ce6fa746bfa6f4109a540f0e3abd4/detection/f-9003576fac1b31c7ec44858d38fc2728538ce6fa746bfa6f4109a540f0e3abd4-1749026997", "description": "Have fun and don't forget to endorse the mod~!", "size_kb": 28, "size_in_bytes": 28741, "changelog_html": "Improves the visual effects.", "content_preview_link": "https://file-metadata.nexusmods.com/file/nexus-files-s3-meta/1704/151787/Light Magic VFX Edit-151787-1-2-1749074436.zip.json"}
[2026-03-18 09:47:09]  Nexus: Installing Light Magic VFX Edit-151787-1-2-1749074436.zip...
[2026-03-18 09:47:09]  Extracting with zipfile…
[2026-03-18 09:47:09]  Direct install — 5 file(s) to install.
[2026-03-18 09:47:09]  Copied 5 item(s) to staging area.
[2026-03-18 09:47:09]  Installed 'Light Magic VFX Edit' → /home/luther/.config/AmethystModManager/Profiles/Skyrim Special Edition/mods/Light Magic VFX Edit
[2026-03-18 09:47:09]  Added 'Light Magic VFX Edit' to modlist.
[2026-03-18 09:47:09]  Wrote meta.ini: /home/luther/.config/AmethystModManager/Profiles/Skyrim Special Edition/mods/Light Magic VFX Edit/meta.ini
[2026-03-18 09:47:09]  Nexus: Saved metadata (mod 151787, v1.2)
[2026-03-18 09:47:09]  Nexus: Removed archive Light Magic VFX Edit-151787-1-2-1749074436.zip
[2026-03-18 09:47:09]  Downloads: found 0 archive(s) in 1 location(s)
[2026-03-18 09:47:09]  Downloaded Light Magic VFX Edit-151787-1-2-1749074436.zip (28741 bytes) → /home/luther/.config/AmethystModManager/download_cache/Light Magic VFX Edit-151787-1-2-1749074436.zip
[2026-03-18 09:47:09]  Nexus: Detected mod ID 151787 from filename.
[2026-03-18 09:47:09]  Nexus API POST GraphQL NxmModAndFile → 200
[2026-03-18 09:47:09]    Response: {"data": {"legacyModsByDomain": {"nodes": [{"modId": 151787, "name": "Light Magic VFX Edit", "summary": "", "version": "1.2", "author": "Kittytail", "modCategory": {"categoryId": 75, "name": "Magic - Spells & Enchantments"}, "game": {"domainName": "skyrimspecialedition"}}]}}}
[2026-03-18 09:47:09]  Nexus: Identified as 'Light Magic VFX Edit' (mod 151787, file 634631).
[2026-03-18 09:47:09]  Nexus API GET /games/skyrimspecialedition/mods/151787/files → 200
[2026-03-18 09:47:09]    Response: {"file_updates": [{"old_file_id": 634375, "new_file_id": 634389, "old_file_name": "Lioght Magic VFX Edit-151787-1-0-1749005207.zip", "new_file_name": "Light Magic VFX Edit-151787-1-1-1749014525.zip", "uploaded_timestamp": 1749014525, "uploaded_time": "2025-06-04T05:22:05.000+00:00"}, {"old_file_id": 634389, "new_file_id": 634390, "old_file_name": "Light Magic VFX Edit-151787-1-1-1749014525.zip", "new_file_name": "Light Magic VFX Edit-151787-1-12-1749016074.zip", "uploaded_timestamp": 1749016074, "uploaded_time": "2025-06-04T05:47:54.000+00:00"}, {"old_file_id": 634390, "new_file_id": 634435, "old_file_name": "Light Magic VFX Edit-151787-1-12-1749016074.zip", "new_file_name": "Light Magic VFX Edit-151787-1-13-1749026994.zip", "uploaded_timestamp": 1749026994, "uploaded_time": "2025-06-04T08:49:54.000+00:00"}, {"old_file_id": 634435, "new_file_id": 634631, "old_file_name": "Light Magic VFX Edit-151787-1-13-1749026994.zip", "new_file_name": "Light Magic VFX Edit-151787-1-2-1749074436.zip", "uploaded_timestamp": 1749074436, "uploaded_time": "2025-06-04T22:00:36.000+00:00"}], "files": [{"id": [634375, 1704], "uid": 7318624906759, "file_id": 634375, "name": "Lioght Magic VFX Edit", "vers...
[2026-03-18 09:47:09]  Wrote meta.ini: /home/luther/.config/AmethystModManager/Profiles/Skyrim Special Edition/mods/Light Magic VFX Edit/meta.ini
[2026-03-18 09:47:09]  Nexus: Saved metadata for 'Light Magic VFX Edit' (mod 151787)
[2026-03-18 09:47:09]  Filemap updated: 35027 file(s).
[2026-03-18 09:47:12]  Nexus: Received link from browser.
[2026-03-18 09:47:12]  Nexus: Downloading mod 164598 file 687990 from skyrimspecialedition...
[2026-03-18 09:47:12]  Received NXM link from new instance: nxm://skyrimspecialedition/mods/164598/files/687990?key=4ACN0SaoV9jLSjbESbnAgQ&expires=1774014431&user_id=71483453
[2026-03-18 09:47:12]  Nexus API POST GraphQL NxmModAndFile → 200
[2026-03-18 09:47:12]    Response: {"data": {"legacyModsByDomain": {"nodes": [{"modId": 164598, "name": "Drain Magic VFX Edit", "summary": "", "version": "1.03", "author": "Kittytail", "modCategory": {"categoryId": 75, "name": "Magic - Spells & Enchantments"}, "game": {"domainName": "skyrimspecialedition"}}]}}}
[2026-03-18 09:47:12]  Nexus API GET /games/skyrimspecialedition/mods/164598/files/687990/download_link → 200
[2026-03-18 09:47:12]    Response: [{"name": "Nexus Global Content Delivery Network", "short_name": "Nexus CDN", "URI": "https://supporter-files.nexus-cdn.com/1704/164598/Drain Magic VFX Edit-164598-1-03-1763260572.zip?md5=aDlz04sQQK94k7W62UpgPg&expires=1773856032&user_id=71483453"}]
[2026-03-18 09:47:13]  Nexus API GET /games/skyrimspecialedition/mods/164598/files/687990 → 200
[2026-03-18 09:47:13]    Response: {"id": [687990, 1704], "uid": 7318624960374, "file_id": 687990, "name": "Drain Magic VFX Edit", "version": "1.03", "category_id": 1, "category_name": "MAIN", "is_primary": false, "size": 95, "file_name": "Drain Magic VFX Edit-164598-1-03-1763260572.zip", "uploaded_timestamp": 1763260572, "uploaded_time": "2025-11-16T02:36:12.000+00:00", "mod_version": "1.03", "external_virus_scan_url": "https://www.virustotal.com/gui/file/b0fa1cdc37667e8455e049423e5a4bed17ef6a48ea8d1d5c13120eee7dcfa961/detection/f-b0fa1cdc37667e8455e049423e5a4bed17ef6a48ea8d1d5c13120eee7dcfa961-1763260576", "description": "Have fun and don't forget to endorse the mod~!", "size_kb": 95, "size_in_bytes": 96985, "changelog_html": "Fixes flickering\nMinor tweaks", "content_preview_link": "https://file-metadata.nexusmods.com/file/nexus-files-s3-meta/1704/164598/Drain Magic VFX Edit-164598-1-03-1763260572.zip.json"}
[2026-03-18 09:47:13]  Nexus: Installing Drain Magic VFX Edit-164598-1-03-1763260572.zip...
[2026-03-18 09:47:13]  Extracting with zipfile…
[2026-03-18 09:47:13]  Direct install — 12 file(s) to install.
[2026-03-18 09:47:13]  Copied 12 item(s) to staging area.
[2026-03-18 09:47:13]  Installed 'Drain Magic VFX Edit' → /home/luther/.config/AmethystModManager/Profiles/Skyrim Special Edition/mods/Drain Magic VFX Edit
[2026-03-18 09:47:13]  Added 'Drain Magic VFX Edit' to modlist.
[2026-03-18 09:47:13]  Wrote meta.ini: /home/luther/.config/AmethystModManager/Profiles/Skyrim Special Edition/mods/Drain Magic VFX Edit/meta.ini
[2026-03-18 09:47:13]  Nexus: Saved metadata (mod 164598, v1.03)
[2026-03-18 09:47:13]  Nexus: Removed archive Drain Magic VFX Edit-164598-1-03-1763260572.zip
[2026-03-18 09:47:13]  Downloads: found 0 archive(s) in 1 location(s)
[2026-03-18 09:47:13]  Downloaded Drain Magic VFX Edit-164598-1-03-1763260572.zip (96985 bytes) → /home/luther/.config/AmethystModManager/download_cache/Drain Magic VFX Edit-164598-1-03-1763260572.zip
[2026-03-18 09:47:13]  Nexus: Detected mod ID 164598 from filename.
[2026-03-18 09:47:13]  Nexus API POST GraphQL NxmModAndFile → 200
[2026-03-18 09:47:13]    Response: {"data": {"legacyModsByDomain": {"nodes": [{"modId": 164598, "name": "Drain Magic VFX Edit", "summary": "", "version": "1.03", "author": "Kittytail", "modCategory": {"categoryId": 75, "name": "Magic - Spells & Enchantments"}, "game": {"domainName": "skyrimspecialedition"}}]}}}
[2026-03-18 09:47:13]  Nexus: Identified as 'Drain Magic VFX Edit' (mod 164598, file 687990).
[2026-03-18 09:47:13]  Nexus: Saved metadata for 'Drain Magic VFX Edit' (mod 164598)
[2026-03-18 09:47:14]  Nexus API GET /games/skyrimspecialedition/mods/164598/files → 200
[2026-03-18 09:47:14]    Response: {"file_updates": [{"old_file_id": 687914, "new_file_id": 687990, "old_file_name": "Drain Magic VFX Edit-164598-1-0-1763243231.zip", "new_file_name": "Drain Magic VFX Edit-164598-1-03-1763260572.zip", "uploaded_timestamp": 1763260572, "uploaded_time": "2025-11-16T02:36:12.000+00:00"}], "files": [{"id": [687914, 1704], "uid": 7318624960298, "file_id": 687914, "name": "Drain Magic VFX Edit", "version": "1.0", "category_id": 4, "category_name": "OLD_VERSION", "is_primary": false, "size": 95, "file_name": "Drain Magic VFX Edit-164598-1-0-1763243231.zip", "uploaded_timestamp": 1763243231, "uploaded_time": "2025-11-15T21:47:11.000+00:00", "mod_version": "1.0", "external_virus_scan_url": "https://www.virustotal.com/gui/file/4f771f5d4dcf83f01252edfeea7817f1f55bdb6b69973ef695d6fb6456a94780/detection/f-4f771f5d4dcf83f01252edfeea7817f1f55bdb6b69973ef695d6fb6456a94780-1763243235", "description": "Have fun and don't forget to endorse the mod~!", "size_kb": 95, "size_in_bytes": 97062, "changelog_html": "Initial release.", "content_preview_link": "https://file-metadata.nexusmods.com/file/nexus-files-s3-meta/1704/164598/Drain Magic VFX Edit-164598-1-0-1763243231.zip.json"}, {"id": [687990, 1704], "...
[2026-03-18 09:47:14]  Wrote meta.ini: /home/luther/.config/AmethystModManager/Profiles/Skyrim Special Edition/mods/Drain Magic VFX Edit/meta.ini
[2026-03-18 09:47:14]  Filemap updated: 35039 file(s).
[2026-03-18 09:47:16]  Nexus: Installing Window Shadows Ultimate-150494-1-4-4-1770114337.zip...
[2026-03-18 09:47:16]  Extracting with zipfile…
[2026-03-18 09:47:17]  FOMOD installer detected — opening wizard...
[2026-03-18 09:47:17]  Downloaded Window Shadows Ultimate-150494-1-4-4-1770114337.zip (171905449 bytes) → /home/luther/.config/AmethystModManager/download_cache/Window Shadows Ultimate-150494-1-4-4-1770114337.zip
[2026-03-18 09:47:37]  FOMOD complete — 3 file(s) to install.
[2026-03-18 09:47:37]  Mod structure unrecognised — installing as-is (no prefix applied).
[2026-03-18 09:47:37]  Copied 3 item(s) to staging area.
[2026-03-18 09:47:37]  Installed 'Window Shadows Ultimate' → /home/luther/.config/AmethystModManager/Profiles/Skyrim Special Edition/mods/Window Shadows Ultimate
[2026-03-18 09:47:37]  plugins.txt / loadorder.txt: added 2 plugin(s) from 'Window Shadows Ultimate'.
[2026-03-18 09:47:37]  Added 'Window Shadows Ultimate' to modlist.
[2026-03-18 09:47:38]  Wrote meta.ini: /home/luther/.config/AmethystModManager/Profiles/Skyrim Special Edition/mods/Window Shadows Ultimate/meta.ini
[2026-03-18 09:47:38]  Nexus: Saved metadata (mod 150494, v1.4.4)
[2026-03-18 09:47:38]  Nexus: Removed archive Window Shadows Ultimate-150494-1-4-4-1770114337.zip
[2026-03-18 09:47:38]  Downloads: found 0 archive(s) in 1 location(s)
[2026-03-18 09:47:38]  Nexus: Detected mod ID 150494 from filename.
[2026-03-18 09:47:38]  Nexus API POST GraphQL NxmModAndFile → 200
[2026-03-18 09:47:38]    Response: {"data": {"legacyModsByDomain": {"nodes": [{"modId": 150494, "name": "Window Shadows Ultimate", "summary": "", "version": "1.4.4", "author": "CarbonDice - Dlizzio", "modCategory": {"categoryId": 62, "name": "Visuals and Graphics"}, "game": {"domainName": "skyrimspecialedition"}}]}}}
[2026-03-18 09:47:38]  Nexus API GET /games/skyrimspecialedition/mods/150494/files → 200
[2026-03-18 09:47:38]    Response: {"file_updates": [{"old_file_id": 631967, "new_file_id": 632032, "old_file_name": "Window Shadows Ultimate-150494-1-07-1748389044.zip", "new_file_name": "Window Shadows Ultimate-150494-1-07-1748410034.zip", "uploaded_timestamp": 1748410034, "uploaded_time": "2025-05-28T05:27:14.000+00:00"}, {"old_file_id": 632032, "new_file_id": 633755, "old_file_name": "Window Shadows Ultimate-150494-1-07-1748410034.zip", "new_file_name": "Window Shadows Ultimate-150494-1-08-1748825118.zip", "uploaded_timestamp": 1748825118, "uploaded_time": "2025-06-02T00:45:18.000+00:00"}, {"old_file_id": 633755, "new_file_id": 634358, "old_file_name": "Window Shadows Ultimate-150494-1-08-1748825118.zip", "new_file_name": "Window Shadows Ultimate-150494-1-09-1749000769.zip", "uploaded_timestamp": 1749000769, "uploaded_time": "2025-06-04T01:32:49.000+00:00"}, {"old_file_id": 634358, "new_file_id": 647273, "old_file_name": "Window Shadows Ultimate-150494-1-09-1749000769.zip", "new_file_name": "Window Shadows Ultimate-150494-1-1-1752538399.zip", "uploaded_timestamp": 1752538399, "uploaded_time": "2025-07-15T00:13:19.000+00:00"}, {"old_file_id": 647273, "new_file_id": 653187, "old_file_name": "Window Shadows Ultimat...
[2026-03-18 09:47:38]  Wrote meta.ini: /home/luther/.config/AmethystModManager/Profiles/Skyrim Special Edition/mods/Window Shadows Ultimate/meta.ini
[2026-03-18 09:47:38]  Nexus: Identified as 'Window Shadows Ultimate' (mod 150494, file 716782).
[2026-03-18 09:47:38]  Filemap updated: 35307 file(s).
[2026-03-18 09:47:39]  Nexus: Saved metadata for 'Window Shadows Ultimate' (mod 150494)
[2026-03-18 09:47:54]  Nexus: Download failed — Download cancelled
